[0.027s] Invoking command in '/home/siddhant/mrt_ws/build/custommsgsrv': CMAKE_PREFIX_PATH=${CMAKE_PREFIX_PATH}:/home/siddhant/mrt_ws/install/sauron:/home/siddhant/mrt_ws/install/arucoasmt:/opt/ros/humble /usr/bin/cmake --build /home/siddhant/mrt_ws/build/custommsgsrv -- -j4 -l4
[0.069s] -- Found ament_cmake: 1.3.10 (/opt/ros/humble/share/ament_cmake/cmake)
[0.263s] -- Found geometry_msgs: 4.2.4 (/opt/ros/humble/share/geometry_msgs/cmake)
[0.324s] -- Found rosidl_generator_c: 3.1.5 (/opt/ros/humble/share/rosidl_generator_c/cmake)
[0.326s] -- Found rosidl_adapter: 3.1.5 (/opt/ros/humble/share/rosidl_adapter/cmake)
[0.339s] -- Found rosidl_generator_cpp: 3.1.5 (/opt/ros/humble/share/rosidl_generator_cpp/cmake)
[0.357s] -- Using all available rosidl_typesupport_c: rosidl_typesupport_fastrtps_c;rosidl_typesupport_introspection_c
[0.375s] -- Using all available rosidl_typesupport_cpp: rosidl_typesupport_fastrtps_cpp;rosidl_typesupport_introspection_cpp
[0.425s] -- Found rosidl_default_generators: 1.2.0 (/opt/ros/humble/share/rosidl_default_generators/cmake)
[0.434s] -- Found sensor_msgs: 4.2.4 (/opt/ros/humble/share/sensor_msgs/cmake)
[0.772s] [31mCMake Error at /opt/ros/humble/share/rosidl_adapter/cmake/rosidl_adapt_interfaces.cmake:59 (message):
[0.772s]   execute_process(/usr/bin/python3 -m rosidl_adapter --package-name
[0.773s]   custommsgsrv --arguments-file
[0.773s]   /home/siddhant/mrt_ws/build/custommsgsrv/rosidl_adapter__arguments__custommsgsrv.json
[0.773s]   --output-dir
[0.773s]   /home/siddhant/mrt_ws/build/custommsgsrv/rosidl_adapter/custommsgsrv
[0.773s]   --output-file
[0.773s]   /home/siddhant/mrt_ws/build/custommsgsrv/rosidl_adapter/custommsgsrv.idls)
[0.773s]   returned error code 1:
[0.774s] 
[0.774s]   Error processing 'float32[] Polygon' of 'custommsgsrv/List': ''Polygon' is
[0.774s]   an invalid field name.  It should have the pattern
[0.774s]   '^(?!.*__)(?!.*_$)[a-z][a-z0-9_]*$''
[0.774s] 
[0.774s]   Traceback (most recent call last):
[0.774s] 
[0.774s]     File "/usr/lib/python3.10/runpy.py", line 196, in _run_module_as_main
[0.775s]       return _run_code(code, main_globals, None,
[0.775s]     File "/usr/lib/python3.10/runpy.py", line 86, in _run_code
[0.775s]       exec(code, run_globals)
[0.775s]     File "/opt/ros/humble/local/lib/python3.10/dist-packages/rosidl_adapter/__main__.py", line 19, in <module>
[0.775s]       sys.exit(main())
[0.775s]     File "/opt/ros/humble/local/lib/python3.10/dist-packages/rosidl_adapter/main.py", line 53, in main
[0.776s]       abs_idl_file = convert_to_idl(
[0.776s]     File "/opt/ros/humble/local/lib/python3.10/dist-packages/rosidl_adapter/__init__.py", line 19, in convert_to_idl
[0.776s]       return convert_msg_to_idl(
[0.776s]     File "/opt/ros/humble/local/lib/python3.10/dist-packages/rosidl_adapter/msg/__init__.py", line 28, in convert_msg_to_idl
[0.776s]       msg = parse_message_string(package_name, input_file.stem, content)
[0.776s]     File "/opt/ros/humble/local/lib/python3.10/dist-packages/rosidl_adapter/parser.py", line 519, in parse_message_string
[0.776s]       fields.append(Field(
[0.776s]     File "/opt/ros/humble/local/lib/python3.10/dist-packages/rosidl_adapter/parser.py", line 354, in __init__
[0.777s]       raise NameError(
[0.777s] 
[0.777s]   NameError: 'Polygon' is an invalid field name.  It should have the pattern
[0.777s]   '^(?!.*__)(?!.*_$)[a-z][a-z0-9_]*$'
[0.777s] 
[0.777s] Call Stack (most recent call first):
[0.777s]   /opt/ros/humble/share/rosidl_cmake/cmake/rosidl_generate_interfaces.cmake:130 (rosidl_adapt_interfaces)
[0.778s]   CMakeLists.txt:13 (rosidl_generate_interfaces)
[0.778s] 
[0.778s] [0m
[0.778s] -- Configuring incomplete, errors occurred!
[0.778s] See also "/home/siddhant/mrt_ws/build/custommsgsrv/CMakeFiles/CMakeOutput.log".
[0.784s] gmake: *** [Makefile:1611: cmake_check_build_system] Error 1
[0.789s] Invoked command in '/home/siddhant/mrt_ws/build/custommsgsrv' returned '2': CMAKE_PREFIX_PATH=${CMAKE_PREFIX_PATH}:/home/siddhant/mrt_ws/install/sauron:/home/siddhant/mrt_ws/install/arucoasmt:/opt/ros/humble /usr/bin/cmake --build /home/siddhant/mrt_ws/build/custommsgsrv -- -j4 -l4
