[3.068s] Invoking command in '/home/siddhant/mrt_ws/src/sauron': PYTHONPATH=/home/siddhant/mrt_ws/build/sauron/prefix_override:/usr/lib/python3/dist-packages/colcon_core/task/python/colcon_distutils_commands:/home/siddhant/mrt_ws/install/sauron/lib/python3.10/site-packages:${PYTHONPATH} /usr/bin/python3 -W ignore:setup.py install is deprecated setup.py egg_info --egg-base ../../build/sauron build --build-base /home/siddhant/mrt_ws/build/sauron/build install --record /home/siddhant/mrt_ws/build/sauron/install.log --single-version-externally-managed install_data
[3.984s] running egg_info
[3.987s] writing ../../build/sauron/sauron.egg-info/PKG-INFO
[3.990s] writing dependency_links to ../../build/sauron/sauron.egg-info/dependency_links.txt
[3.990s] writing entry points to ../../build/sauron/sauron.egg-info/entry_points.txt
[3.990s] writing requirements to ../../build/sauron/sauron.egg-info/requires.txt
[3.994s] writing top-level names to ../../build/sauron/sauron.egg-info/top_level.txt
[3.997s] reading manifest file '../../build/sauron/sauron.egg-info/SOURCES.txt'
[4.003s] writing manifest file '../../build/sauron/sauron.egg-info/SOURCES.txt'
[4.003s] running build
[4.004s] running build_py
[4.004s] running install
[4.004s] running install_lib
[4.011s] running install_data
[4.011s] running install_egg_info
[4.015s] removing '/home/siddhant/mrt_ws/install/sauron/lib/python3.10/site-packages/sauron-0.0.0-py3.10.egg-info' (and everything under it)
[4.016s] Copying ../../build/sauron/sauron.egg-info to /home/siddhant/mrt_ws/install/sauron/lib/python3.10/site-packages/sauron-0.0.0-py3.10.egg-info
[4.027s] running install_scripts
[4.101s] Installing listener script to /home/siddhant/mrt_ws/install/sauron/lib/sauron
[4.101s] Installing talker1 script to /home/siddhant/mrt_ws/install/sauron/lib/sauron
[4.102s] Installing talker2 script to /home/siddhant/mrt_ws/install/sauron/lib/sauron
[4.102s] writing list of installed files to '/home/siddhant/mrt_ws/build/sauron/install.log'
[4.305s] Invoked command in '/home/siddhant/mrt_ws/src/sauron' returned '0': PYTHONPATH=/home/siddhant/mrt_ws/build/sauron/prefix_override:/usr/lib/python3/dist-packages/colcon_core/task/python/colcon_distutils_commands:/home/siddhant/mrt_ws/install/sauron/lib/python3.10/site-packages:${PYTHONPATH} /usr/bin/python3 -W ignore:setup.py install is deprecated setup.py egg_info --egg-base ../../build/sauron build --build-base /home/siddhant/mrt_ws/build/sauron/build install --record /home/siddhant/mrt_ws/build/sauron/install.log --single-version-externally-managed install_data
