[1.787s] Invoking command in '/home/siddhant/mrt_ws/src/sauron': PYTHONPATH=/home/siddhant/mrt_ws/build/sauron/prefix_override:/usr/lib/python3/dist-packages/colcon_core/task/python/colcon_distutils_commands:/home/siddhant/mrt_ws/install/sauron/lib/python3.10/site-packages:${PYTHONPATH} /usr/bin/python3 -W ignore:setup.py install is deprecated setup.py egg_info --egg-base ../../build/sauron build --build-base /home/siddhant/mrt_ws/build/sauron/build install --record /home/siddhant/mrt_ws/build/sauron/install.log --single-version-externally-managed install_data
[2.384s] running egg_info
[2.386s] writing ../../build/sauron/sauron.egg-info/PKG-INFO
[2.387s] writing dependency_links to ../../build/sauron/sauron.egg-info/dependency_links.txt
[2.387s] writing entry points to ../../build/sauron/sauron.egg-info/entry_points.txt
[2.388s] writing requirements to ../../build/sauron/sauron.egg-info/requires.txt
[2.388s] writing top-level names to ../../build/sauron/sauron.egg-info/top_level.txt
[2.395s] reading manifest file '../../build/sauron/sauron.egg-info/SOURCES.txt'
[2.397s] writing manifest file '../../build/sauron/sauron.egg-info/SOURCES.txt'
[2.397s] running build
[2.397s] running build_py
[2.399s] running install
[2.400s] running install_lib
[2.405s] running install_data
[2.405s] running install_egg_info
[2.415s] removing '/home/siddhant/mrt_ws/install/sauron/lib/python3.10/site-packages/sauron-0.0.0-py3.10.egg-info' (and everything under it)
[2.416s] Copying ../../build/sauron/sauron.egg-info to /home/siddhant/mrt_ws/install/sauron/lib/python3.10/site-packages/sauron-0.0.0-py3.10.egg-info
[2.420s] running install_scripts
[2.468s] Installing listener script to /home/siddhant/mrt_ws/install/sauron/lib/sauron
[2.469s] Installing talker1 script to /home/siddhant/mrt_ws/install/sauron/lib/sauron
[2.469s] Installing talker2 script to /home/siddhant/mrt_ws/install/sauron/lib/sauron
[2.470s] writing list of installed files to '/home/siddhant/mrt_ws/build/sauron/install.log'
[3.068s] Invoked command in '/home/siddhant/mrt_ws/src/sauron' returned '0': PYTHONPATH=/home/siddhant/mrt_ws/build/sauron/prefix_override:/usr/lib/python3/dist-packages/colcon_core/task/python/colcon_distutils_commands:/home/siddhant/mrt_ws/install/sauron/lib/python3.10/site-packages:${PYTHONPATH} /usr/bin/python3 -W ignore:setup.py install is deprecated setup.py egg_info --egg-base ../../build/sauron build --build-base /home/siddhant/mrt_ws/build/sauron/build install --record /home/siddhant/mrt_ws/build/sauron/install.log --single-version-externally-managed install_data
