-- Found ament_cmake: 1.3.10 (/opt/ros/humble/share/ament_cmake/cmake)
-- Found geometry_msgs: 4.2.4 (/opt/ros/humble/share/geometry_msgs/cmake)
-- Found rosidl_generator_c: 3.1.5 (/opt/ros/humble/share/rosidl_generator_c/cmake)
-- Found rosidl_adapter: 3.1.5 (/opt/ros/humble/share/rosidl_adapter/cmake)
-- Found rosidl_generator_cpp: 3.1.5 (/opt/ros/humble/share/rosidl_generator_cpp/cmake)
-- Using all available rosidl_typesupport_c: rosidl_typesupport_fastrtps_c;rosidl_typesupport_introspection_c
-- Using all available rosidl_typesupport_cpp: rosidl_typesupport_fastrtps_cpp;rosidl_typesupport_introspection_cpp
-- Found rosidl_default_generators: 1.2.0 (/opt/ros/humble/share/rosidl_default_generators/cmake)
-- Found sensor_msgs: 4.2.4 (/opt/ros/humble/share/sensor_msgs/cmake)
-- Found ament_cmake_ros: 0.10.0 (/opt/ros/humble/share/ament_cmake_ros/cmake)
-- Using all available rosidl_typesupport_c: rosidl_typesupport_fastrtps_c;rosidl_typesupport_introspection_c
-- Using all available rosidl_typesupport_cpp: rosidl_typesupport_fastrtps_cpp;rosidl_typesupport_introspection_cpp
-- Found python_cmake_module: 0.10.0 (/opt/ros/humble/share/python_cmake_module/cmake)
-- Using PYTHON_EXECUTABLE: /usr/bin/python3
-- Using PYTHON_INCLUDE_DIRS: /usr/include/python3.10
-- Using PYTHON_LIBRARIES: /usr/lib/x86_64-linux-gnu/libpython3.10.so
-- Found ament_lint_auto: 0.12.11 (/opt/ros/humble/share/ament_lint_auto/cmake)
-- Added test 'lint_cmake' to check CMake code style
-- Added test 'xmllint' to check XML markup files
-- Configuring done
-- Generating done
-- Build files have been written to: /home/siddhant/mrt_ws/build/custommsgsrv
[  1%] [34m[1mGenerating C code for ROS interfaces[0m
[  2%] [34m[1mGenerating C++ code for ROS interfaces[0m
[  2%] Built target ament_cmake_python_copy_custommsgsrv
running egg_info
writing custommsgsrv.egg-info/PKG-INFO
writing dependency_links to custommsgsrv.egg-info/dependency_links.txt
writing top-level names to custommsgsrv.egg-info/top_level.txt
reading manifest file 'custommsgsrv.egg-info/SOURCES.txt'
writing manifest file 'custommsgsrv.egg-info/SOURCES.txt'
[  2%] Built target ament_cmake_python_build_custommsgsrv_egg
[  2%] Built target custommsgsrv__cpp
[  4%] [34m[1mGenerating C++ type support dispatch for ROS interfaces[0m
[  5%] [34m[1mGenerating C++ type support for eProsima Fast-RTPS[0m
[  7%] [34m[1mGenerating C++ introspection for ROS interfaces[0m
[35m[1mConsolidate compiler generated dependencies of target custommsgsrv__rosidl_generator_c[0m
[  8%] [32mBuilding C object CMakeFiles/custommsgsrv__rosidl_generator_c.dir/rosidl_generator_c/custommsgsrv/msg/detail/num__functions.c.o[0m
[  9%] [32mBuilding C object CMakeFiles/custommsgsrv__rosidl_generator_c.dir/rosidl_generator_c/custommsgsrv/msg/detail/sphere__functions.c.o[0m
[ 11%] [32mBuilding C object CMakeFiles/custommsgsrv__rosidl_generator_c.dir/rosidl_generator_c/custommsgsrv/srv/detail/hypo__functions.c.o[0m
[ 12%] [32mBuilding C object CMakeFiles/custommsgsrv__rosidl_generator_c.dir/rosidl_generator_c/custommsgsrv/srv/detail/dimensions__functions.c.o[0m
[ 14%] [32mBuilding C object CMakeFiles/custommsgsrv__rosidl_generator_c.dir/rosidl_generator_c/custommsgsrv/srv/detail/imgservice__functions.c.o[0m
In file included from [01m[K/home/siddhant/mrt_ws/build/custommsgsrv/rosidl_generator_c/custommsgsrv/srv/detail/imgservice__functions.h:19[m[K,
                 from [01m[K/home/siddhant/mrt_ws/build/custommsgsrv/rosidl_generator_c/custommsgsrv/srv/detail/imgservice__functions.c:4[m[K:
[01m[K/home/siddhant/mrt_ws/build/custommsgsrv/rosidl_generator_c/custommsgsrv/srv/detail/imgservice__struct.h:45:10:[m[K [01;31m[Kfatal error: [m[Kcustommsgsrv/msg/detail/polygon__struct.h: No such file or directory
   45 | #include [01;31m[K"custommsgsrv/msg/detail/polygon__struct.h"[m[K
      |          [01;31m[K^~~~~~~~~~~~~~~~~~~~~~~~~~~~~~~~~~~~~~~~~~~[m[K
compilation terminated.
gmake[2]: *** [CMakeFiles/custommsgsrv__rosidl_generator_c.dir/build.make:331: CMakeFiles/custommsgsrv__rosidl_generator_c.dir/rosidl_generator_c/custommsgsrv/srv/detail/imgservice__functions.c.o] Error 1
gmake[1]: *** [CMakeFiles/Makefile2:213: CMakeFiles/custommsgsrv__rosidl_generator_c.dir/all] Error 2
gmake[1]: *** Waiting for unfinished jobs....
[35m[1mConsolidate compiler generated dependencies of target custommsgsrv__rosidl_typesupport_cpp[0m
[ 15%] [32mBuilding CXX object CMakeFiles/custommsgsrv__rosidl_typesupport_cpp.dir/rosidl_typesupport_cpp/custommsgsrv/msg/sphere__type_support.cpp.o[0m
[ 16%] [32mBuilding CXX object CMakeFiles/custommsgsrv__rosidl_typesupport_cpp.dir/rosidl_typesupport_cpp/custommsgsrv/msg/num__type_support.cpp.o[0m
[35m[1mConsolidate compiler generated dependencies of target custommsgsrv__rosidl_typesupport_introspection_cpp[0m
[35m[1mConsolidate compiler generated dependencies of target custommsgsrv__rosidl_typesupport_fastrtps_cpp[0m
[ 18%] [32mBuilding CXX object CMakeFiles/custommsgsrv__rosidl_typesupport_introspection_cpp.dir/rosidl_typesupport_introspection_cpp/custommsgsrv/msg/detail/num__type_support.cpp.o[0m
[ 19%] [32mBuilding CXX object CMakeFiles/custommsgsrv__rosidl_typesupport_fastrtps_cpp.dir/rosidl_typesupport_fastrtps_cpp/custommsgsrv/msg/detail/dds_fastrtps/num__type_support.cpp.o[0m
[ 21%] [32mBuilding CXX object CMakeFiles/custommsgsrv__rosidl_typesupport_fastrtps_cpp.dir/rosidl_typesupport_fastrtps_cpp/custommsgsrv/msg/detail/dds_fastrtps/sphere__type_support.cpp.o[0m
[ 22%] [32mBuilding CXX object CMakeFiles/custommsgsrv__rosidl_typesupport_cpp.dir/rosidl_typesupport_cpp/custommsgsrv/srv/hypo__type_support.cpp.o[0m
[ 23%] [32mBuilding CXX object CMakeFiles/custommsgsrv__rosidl_typesupport_cpp.dir/rosidl_typesupport_cpp/custommsgsrv/srv/dimensions__type_support.cpp.o[0m
[ 25%] [32mBuilding CXX object CMakeFiles/custommsgsrv__rosidl_typesupport_introspection_cpp.dir/rosidl_typesupport_introspection_cpp/custommsgsrv/msg/detail/sphere__type_support.cpp.o[0m
[ 26%] [32mBuilding CXX object CMakeFiles/custommsgsrv__rosidl_typesupport_cpp.dir/rosidl_typesupport_cpp/custommsgsrv/srv/imgservice__type_support.cpp.o[0m
[ 28%] [32mBuilding CXX object CMakeFiles/custommsgsrv__rosidl_typesupport_fastrtps_cpp.dir/rosidl_typesupport_fastrtps_cpp/custommsgsrv/srv/detail/dds_fastrtps/hypo__type_support.cpp.o[0m
In file included from [01m[K/home/siddhant/mrt_ws/build/custommsgsrv/rosidl_typesupport_cpp/custommsgsrv/srv/imgservice__type_support.cpp:7[m[K:
[01m[K/home/siddhant/mrt_ws/build/custommsgsrv/rosidl_generator_cpp/custommsgsrv/srv/detail/imgservice__struct.hpp:131:10:[m[K [01;31m[Kfatal error: [m[Kcustommsgsrv/msg/detail/polygon__struct.hpp: No such file or directory
  131 | #include [01;31m[K"custommsgsrv/msg/detail/polygon__struct.hpp"[m[K
      |          [01;31m[K^~~~~~~~~~~~~~~~~~~~~~~~~~~~~~~~~~~~~~~~~~~~~[m[K
compilation terminated.
gmake[2]: *** [CMakeFiles/custommsgsrv__rosidl_typesupport_cpp.dir/build.make:252: CMakeFiles/custommsgsrv__rosidl_typesupport_cpp.dir/rosidl_typesupport_cpp/custommsgsrv/srv/imgservice__type_support.cpp.o] Error 1
gmake[2]: *** Waiting for unfinished jobs....
[ 29%] [32mBuilding CXX object CMakeFiles/custommsgsrv__rosidl_typesupport_fastrtps_cpp.dir/rosidl_typesupport_fastrtps_cpp/custommsgsrv/srv/detail/dds_fastrtps/dimensions__type_support.cpp.o[0m
gmake[1]: *** [CMakeFiles/Makefile2:395: CMakeFiles/custommsgsrv__rosidl_typesupport_cpp.dir/all] Error 2
[ 30%] [32mBuilding CXX object CMakeFiles/custommsgsrv__rosidl_typesupport_introspection_cpp.dir/rosidl_typesupport_introspection_cpp/custommsgsrv/srv/detail/hypo__type_support.cpp.o[0m
[ 32%] [32mBuilding CXX object CMakeFiles/custommsgsrv__rosidl_typesupport_fastrtps_cpp.dir/rosidl_typesupport_fastrtps_cpp/custommsgsrv/srv/detail/dds_fastrtps/imgservice__type_support.cpp.o[0m
In file included from [01m[K/home/siddhant/mrt_ws/build/custommsgsrv/rosidl_typesupport_fastrtps_cpp/custommsgsrv/srv/detail/imgservice__rosidl_typesupport_fastrtps_cpp.hpp:11[m[K,
                 from [01m[K/home/siddhant/mrt_ws/build/custommsgsrv/rosidl_typesupport_fastrtps_cpp/custommsgsrv/srv/detail/dds_fastrtps/imgservice__type_support.cpp:4[m[K:
[01m[K/home/siddhant/mrt_ws/build/custommsgsrv/rosidl_generator_cpp/custommsgsrv/srv/detail/imgservice__struct.hpp:131:10:[m[K [01;31m[Kfatal error: [m[Kcustommsgsrv/msg/detail/polygon__struct.hpp: No such file or directory
  131 | #include [01;31m[K"custommsgsrv/msg/detail/polygon__struct.hpp"[m[K
      |          [01;31m[K^~~~~~~~~~~~~~~~~~~~~~~~~~~~~~~~~~~~~~~~~~~~~[m[K
compilation terminated.
gmake[2]: *** [CMakeFiles/custommsgsrv__rosidl_typesupport_fastrtps_cpp.dir/build.make:272: CMakeFiles/custommsgsrv__rosidl_typesupport_fastrtps_cpp.dir/rosidl_typesupport_fastrtps_cpp/custommsgsrv/srv/detail/dds_fastrtps/imgservice__type_support.cpp.o] Error 1
gmake[2]: *** Waiting for unfinished jobs....
[ 33%] [32mBuilding CXX object CMakeFiles/custommsgsrv__rosidl_typesupport_introspection_cpp.dir/rosidl_typesupport_introspection_cpp/custommsgsrv/srv/detail/dimensions__type_support.cpp.o[0m
[ 35%] [32mBuilding CXX object CMakeFiles/custommsgsrv__rosidl_typesupport_introspection_cpp.dir/rosidl_typesupport_introspection_cpp/custommsgsrv/srv/detail/imgservice__type_support.cpp.o[0m
gmake[1]: *** [CMakeFiles/Makefile2:291: CMakeFiles/custommsgsrv__rosidl_typesupport_fastrtps_cpp.dir/all] Error 2
[ 36%] [32mBuilding CXX object CMakeFiles/custommsgsrv__rosidl_typesupport_introspection_cpp.dir/rosidl_typesupport_introspection_cpp/custommsgsrv/msg/detail/list__type_support.cpp.o[0m
In file included from [01m[K/home/siddhant/mrt_ws/build/custommsgsrv/rosidl_typesupport_introspection_cpp/custommsgsrv/srv/detail/imgservice__type_support.cpp:12[m[K:
[01m[K/home/siddhant/mrt_ws/build/custommsgsrv/rosidl_generator_cpp/custommsgsrv/srv/detail/imgservice__struct.hpp:131:10:[m[K [01;31m[Kfatal error: [m[Kcustommsgsrv/msg/detail/polygon__struct.hpp: No such file or directory
  131 | #include [01;31m[K"custommsgsrv/msg/detail/polygon__struct.hpp"[m[K
      |          [01;31m[K^~~~~~~~~~~~~~~~~~~~~~~~~~~~~~~~~~~~~~~~~~~~~[m[K
compilation terminated.
gmake[2]: *** [CMakeFiles/custommsgsrv__rosidl_typesupport_introspection_cpp.dir/build.make:272: CMakeFiles/custommsgsrv__rosidl_typesupport_introspection_cpp.dir/rosidl_typesupport_introspection_cpp/custommsgsrv/srv/detail/imgservice__type_support.cpp.o] Error 1
gmake[2]: *** Waiting for unfinished jobs....
gmake[1]: *** [CMakeFiles/Makefile2:369: CMakeFiles/custommsgsrv__rosidl_typesupport_introspection_cpp.dir/all] Error 2
gmake: *** [Makefile:146: all] Error 2
