[0.026s] Invoking command in '/home/siddhant/mrt_ws/build/custommsgsrv': CMAKE_PREFIX_PATH=${CMAKE_PREFIX_PATH}:/home/siddhant/mrt_ws/install/sauron:/home/siddhant/mrt_ws/install/arucoasmt:/opt/ros/humble /usr/bin/cmake --build /home/siddhant/mrt_ws/build/custommsgsrv -- -j4 -l4
[0.071s] -- Found ament_cmake: 1.3.10 (/opt/ros/humble/share/ament_cmake/cmake)
[0.297s] -- Found geometry_msgs: 4.2.4 (/opt/ros/humble/share/geometry_msgs/cmake)
[0.346s] -- Found rosidl_generator_c: 3.1.5 (/opt/ros/humble/share/rosidl_generator_c/cmake)
[0.351s] -- Found rosidl_adapter: 3.1.5 (/opt/ros/humble/share/rosidl_adapter/cmake)
[0.361s] -- Found rosidl_generator_cpp: 3.1.5 (/opt/ros/humble/share/rosidl_generator_cpp/cmake)
[0.377s] -- Using all available rosidl_typesupport_c: rosidl_typesupport_fastrtps_c;rosidl_typesupport_introspection_c
[0.397s] -- Using all available rosidl_typesupport_cpp: rosidl_typesupport_fastrtps_cpp;rosidl_typesupport_introspection_cpp
[0.453s] -- Found rosidl_default_generators: 1.2.0 (/opt/ros/humble/share/rosidl_default_generators/cmake)
[0.461s] -- Found sensor_msgs: 4.2.4 (/opt/ros/humble/share/sensor_msgs/cmake)
[1.023s] -- Found ament_cmake_ros: 0.10.0 (/opt/ros/humble/share/ament_cmake_ros/cmake)
[1.785s] -- Using all available rosidl_typesupport_c: rosidl_typesupport_fastrtps_c;rosidl_typesupport_introspection_c
[2.057s] -- Using all available rosidl_typesupport_cpp: rosidl_typesupport_fastrtps_cpp;rosidl_typesupport_introspection_cpp
[2.092s] -- Found python_cmake_module: 0.10.0 (/opt/ros/humble/share/python_cmake_module/cmake)
[2.129s] -- Using PYTHON_EXECUTABLE: /usr/bin/python3
[2.129s] -- Using PYTHON_INCLUDE_DIRS: /usr/include/python3.10
[2.130s] -- Using PYTHON_LIBRARIES: /usr/lib/x86_64-linux-gnu/libpython3.10.so
[2.215s] -- Found ament_lint_auto: 0.12.11 (/opt/ros/humble/share/ament_lint_auto/cmake)
[2.236s] -- Added test 'lint_cmake' to check CMake code style
[2.239s] -- Added test 'xmllint' to check XML markup files
[2.244s] -- Configuring done
[2.310s] -- Generating done
[2.315s] -- Build files have been written to: /home/siddhant/mrt_ws/build/custommsgsrv
[2.365s] [  1%] [34m[1mGenerating C code for ROS interfaces[0m
[2.381s] [  2%] [34m[1mGenerating C++ code for ROS interfaces[0m
[2.401s] [  2%] Built target ament_cmake_python_copy_custommsgsrv
[2.868s] running egg_info
[2.868s] writing custommsgsrv.egg-info/PKG-INFO
[2.871s] writing dependency_links to custommsgsrv.egg-info/dependency_links.txt
[2.873s] writing top-level names to custommsgsrv.egg-info/top_level.txt
[2.878s] reading manifest file 'custommsgsrv.egg-info/SOURCES.txt'
[2.879s] writing manifest file 'custommsgsrv.egg-info/SOURCES.txt'
[2.939s] [  2%] Built target ament_cmake_python_build_custommsgsrv_egg
[3.616s] [  2%] Built target custommsgsrv__cpp
[3.636s] [  4%] [34m[1mGenerating C++ type support dispatch for ROS interfaces[0m
[3.642s] [  5%] [34m[1mGenerating C++ type support for eProsima Fast-RTPS[0m
[3.657s] [  7%] [34m[1mGenerating C++ introspection for ROS interfaces[0m
[3.673s] [35m[1mConsolidate compiler generated dependencies of target custommsgsrv__rosidl_generator_c[0m
[3.702s] [  8%] [32mBuilding C object CMakeFiles/custommsgsrv__rosidl_generator_c.dir/rosidl_generator_c/custommsgsrv/msg/detail/num__functions.c.o[0m
[3.888s] [  9%] [32mBuilding C object CMakeFiles/custommsgsrv__rosidl_generator_c.dir/rosidl_generator_c/custommsgsrv/msg/detail/sphere__functions.c.o[0m
[4.092s] [ 11%] [32mBuilding C object CMakeFiles/custommsgsrv__rosidl_generator_c.dir/rosidl_generator_c/custommsgsrv/srv/detail/hypo__functions.c.o[0m
[4.225s] [ 12%] [32mBuilding C object CMakeFiles/custommsgsrv__rosidl_generator_c.dir/rosidl_generator_c/custommsgsrv/srv/detail/dimensions__functions.c.o[0m
[4.363s] [ 14%] [32mBuilding C object CMakeFiles/custommsgsrv__rosidl_generator_c.dir/rosidl_generator_c/custommsgsrv/srv/detail/imgservice__functions.c.o[0m
[4.405s] In file included from [01m[K/home/siddhant/mrt_ws/build/custommsgsrv/rosidl_generator_c/custommsgsrv/srv/detail/imgservice__functions.h:19[m[K,
[4.405s]                  from [01m[K/home/siddhant/mrt_ws/build/custommsgsrv/rosidl_generator_c/custommsgsrv/srv/detail/imgservice__functions.c:4[m[K:
[4.405s] [01m[K/home/siddhant/mrt_ws/build/custommsgsrv/rosidl_generator_c/custommsgsrv/srv/detail/imgservice__struct.h:45:10:[m[K [01;31m[Kfatal error: [m[Kcustommsgsrv/msg/detail/polygon__struct.h: No such file or directory
[4.405s]    45 | #include [01;31m[K"custommsgsrv/msg/detail/polygon__struct.h"[m[K
[4.405s]       |          [01;31m[K^~~~~~~~~~~~~~~~~~~~~~~~~~~~~~~~~~~~~~~~~~~[m[K
[4.405s] compilation terminated.
[4.411s] gmake[2]: *** [CMakeFiles/custommsgsrv__rosidl_generator_c.dir/build.make:331: CMakeFiles/custommsgsrv__rosidl_generator_c.dir/rosidl_generator_c/custommsgsrv/srv/detail/imgservice__functions.c.o] Error 1
[4.412s] gmake[1]: *** [CMakeFiles/Makefile2:213: CMakeFiles/custommsgsrv__rosidl_generator_c.dir/all] Error 2
[4.412s] gmake[1]: *** Waiting for unfinished jobs....
[4.618s] [35m[1mConsolidate compiler generated dependencies of target custommsgsrv__rosidl_typesupport_cpp[0m
[4.650s] [ 15%] [32mBuilding CXX object CMakeFiles/custommsgsrv__rosidl_typesupport_cpp.dir/rosidl_typesupport_cpp/custommsgsrv/msg/sphere__type_support.cpp.o[0m
[4.651s] [ 16%] [32mBuilding CXX object CMakeFiles/custommsgsrv__rosidl_typesupport_cpp.dir/rosidl_typesupport_cpp/custommsgsrv/msg/num__type_support.cpp.o[0m
[4.955s] [35m[1mConsolidate compiler generated dependencies of target custommsgsrv__rosidl_typesupport_introspection_cpp[0m
[4.965s] [35m[1mConsolidate compiler generated dependencies of target custommsgsrv__rosidl_typesupport_fastrtps_cpp[0m
[5.001s] [ 18%] [32mBuilding CXX object CMakeFiles/custommsgsrv__rosidl_typesupport_introspection_cpp.dir/rosidl_typesupport_introspection_cpp/custommsgsrv/msg/detail/num__type_support.cpp.o[0m
[5.023s] [ 19%] [32mBuilding CXX object CMakeFiles/custommsgsrv__rosidl_typesupport_fastrtps_cpp.dir/rosidl_typesupport_fastrtps_cpp/custommsgsrv/msg/detail/dds_fastrtps/num__type_support.cpp.o[0m
[5.188s] [ 21%] [32mBuilding CXX object CMakeFiles/custommsgsrv__rosidl_typesupport_fastrtps_cpp.dir/rosidl_typesupport_fastrtps_cpp/custommsgsrv/msg/detail/dds_fastrtps/sphere__type_support.cpp.o[0m
[5.206s] [ 22%] [32mBuilding CXX object CMakeFiles/custommsgsrv__rosidl_typesupport_cpp.dir/rosidl_typesupport_cpp/custommsgsrv/srv/hypo__type_support.cpp.o[0m
[5.871s] [ 23%] [32mBuilding CXX object CMakeFiles/custommsgsrv__rosidl_typesupport_cpp.dir/rosidl_typesupport_cpp/custommsgsrv/srv/dimensions__type_support.cpp.o[0m
[5.876s] [ 25%] [32mBuilding CXX object CMakeFiles/custommsgsrv__rosidl_typesupport_introspection_cpp.dir/rosidl_typesupport_introspection_cpp/custommsgsrv/msg/detail/sphere__type_support.cpp.o[0m
[6.059s] [ 26%] [32mBuilding CXX object CMakeFiles/custommsgsrv__rosidl_typesupport_cpp.dir/rosidl_typesupport_cpp/custommsgsrv/srv/imgservice__type_support.cpp.o[0m
[6.131s] [ 28%] [32mBuilding CXX object CMakeFiles/custommsgsrv__rosidl_typesupport_fastrtps_cpp.dir/rosidl_typesupport_fastrtps_cpp/custommsgsrv/srv/detail/dds_fastrtps/hypo__type_support.cpp.o[0m
[6.180s] In file included from [01m[K/home/siddhant/mrt_ws/build/custommsgsrv/rosidl_typesupport_cpp/custommsgsrv/srv/imgservice__type_support.cpp:7[m[K:
[6.182s] [01m[K/home/siddhant/mrt_ws/build/custommsgsrv/rosidl_generator_cpp/custommsgsrv/srv/detail/imgservice__struct.hpp:131:10:[m[K [01;31m[Kfatal error: [m[Kcustommsgsrv/msg/detail/polygon__struct.hpp: No such file or directory
[6.183s]   131 | #include [01;31m[K"custommsgsrv/msg/detail/polygon__struct.hpp"[m[K
[6.184s]       |          [01;31m[K^~~~~~~~~~~~~~~~~~~~~~~~~~~~~~~~~~~~~~~~~~~~~[m[K
[6.186s] compilation terminated.
[6.187s] gmake[2]: *** [CMakeFiles/custommsgsrv__rosidl_typesupport_cpp.dir/build.make:252: CMakeFiles/custommsgsrv__rosidl_typesupport_cpp.dir/rosidl_typesupport_cpp/custommsgsrv/srv/imgservice__type_support.cpp.o] Error 1
[6.189s] gmake[2]: *** Waiting for unfinished jobs....
[6.198s] [ 29%] [32mBuilding CXX object CMakeFiles/custommsgsrv__rosidl_typesupport_fastrtps_cpp.dir/rosidl_typesupport_fastrtps_cpp/custommsgsrv/srv/detail/dds_fastrtps/dimensions__type_support.cpp.o[0m
[6.457s] gmake[1]: *** [CMakeFiles/Makefile2:395: CMakeFiles/custommsgsrv__rosidl_typesupport_cpp.dir/all] Error 2
[6.477s] [ 30%] [32mBuilding CXX object CMakeFiles/custommsgsrv__rosidl_typesupport_introspection_cpp.dir/rosidl_typesupport_introspection_cpp/custommsgsrv/srv/detail/hypo__type_support.cpp.o[0m
[6.590s] [ 32%] [32mBuilding CXX object CMakeFiles/custommsgsrv__rosidl_typesupport_fastrtps_cpp.dir/rosidl_typesupport_fastrtps_cpp/custommsgsrv/srv/detail/dds_fastrtps/imgservice__type_support.cpp.o[0m
[6.729s] In file included from [01m[K/home/siddhant/mrt_ws/build/custommsgsrv/rosidl_typesupport_fastrtps_cpp/custommsgsrv/srv/detail/imgservice__rosidl_typesupport_fastrtps_cpp.hpp:11[m[K,
[6.730s]                  from [01m[K/home/siddhant/mrt_ws/build/custommsgsrv/rosidl_typesupport_fastrtps_cpp/custommsgsrv/srv/detail/dds_fastrtps/imgservice__type_support.cpp:4[m[K:
[6.731s] [01m[K/home/siddhant/mrt_ws/build/custommsgsrv/rosidl_generator_cpp/custommsgsrv/srv/detail/imgservice__struct.hpp:131:10:[m[K [01;31m[Kfatal error: [m[Kcustommsgsrv/msg/detail/polygon__struct.hpp: No such file or directory
[6.732s]   131 | #include [01;31m[K"custommsgsrv/msg/detail/polygon__struct.hpp"[m[K
[6.733s]       |          [01;31m[K^~~~~~~~~~~~~~~~~~~~~~~~~~~~~~~~~~~~~~~~~~~~~[m[K
[6.737s] compilation terminated.
[6.738s] gmake[2]: *** [CMakeFiles/custommsgsrv__rosidl_typesupport_fastrtps_cpp.dir/build.make:272: CMakeFiles/custommsgsrv__rosidl_typesupport_fastrtps_cpp.dir/rosidl_typesupport_fastrtps_cpp/custommsgsrv/srv/detail/dds_fastrtps/imgservice__type_support.cpp.o] Error 1
[6.739s] gmake[2]: *** Waiting for unfinished jobs....
[6.762s] [ 33%] [32mBuilding CXX object CMakeFiles/custommsgsrv__rosidl_typesupport_introspection_cpp.dir/rosidl_typesupport_introspection_cpp/custommsgsrv/srv/detail/dimensions__type_support.cpp.o[0m
[6.970s] [ 35%] [32mBuilding CXX object CMakeFiles/custommsgsrv__rosidl_typesupport_introspection_cpp.dir/rosidl_typesupport_introspection_cpp/custommsgsrv/srv/detail/imgservice__type_support.cpp.o[0m
[7.125s] gmake[1]: *** [CMakeFiles/Makefile2:291: CMakeFiles/custommsgsrv__rosidl_typesupport_fastrtps_cpp.dir/all] Error 2
[7.148s] [ 36%] [32mBuilding CXX object CMakeFiles/custommsgsrv__rosidl_typesupport_introspection_cpp.dir/rosidl_typesupport_introspection_cpp/custommsgsrv/msg/detail/list__type_support.cpp.o[0m
[7.216s] In file included from [01m[K/home/siddhant/mrt_ws/build/custommsgsrv/rosidl_typesupport_introspection_cpp/custommsgsrv/srv/detail/imgservice__type_support.cpp:12[m[K:
[7.216s] [01m[K/home/siddhant/mrt_ws/build/custommsgsrv/rosidl_generator_cpp/custommsgsrv/srv/detail/imgservice__struct.hpp:131:10:[m[K [01;31m[Kfatal error: [m[Kcustommsgsrv/msg/detail/polygon__struct.hpp: No such file or directory
[7.217s]   131 | #include [01;31m[K"custommsgsrv/msg/detail/polygon__struct.hpp"[m[K
[7.217s]       |          [01;31m[K^~~~~~~~~~~~~~~~~~~~~~~~~~~~~~~~~~~~~~~~~~~~~[m[K
[7.217s] compilation terminated.
[7.220s] gmake[2]: *** [CMakeFiles/custommsgsrv__rosidl_typesupport_introspection_cpp.dir/build.make:272: CMakeFiles/custommsgsrv__rosidl_typesupport_introspection_cpp.dir/rosidl_typesupport_introspection_cpp/custommsgsrv/srv/detail/imgservice__type_support.cpp.o] Error 1
[7.220s] gmake[2]: *** Waiting for unfinished jobs....
[7.905s] gmake[1]: *** [CMakeFiles/Makefile2:369: CMakeFiles/custommsgsrv__rosidl_typesupport_introspection_cpp.dir/all] Error 2
[7.905s] gmake: *** [Makefile:146: all] Error 2
[7.909s] Invoked command in '/home/siddhant/mrt_ws/build/custommsgsrv' returned '2': CMAKE_PREFIX_PATH=${CMAKE_PREFIX_PATH}:/home/siddhant/mrt_ws/install/sauron:/home/siddhant/mrt_ws/install/arucoasmt:/opt/ros/humble /usr/bin/cmake --build /home/siddhant/mrt_ws/build/custommsgsrv -- -j4 -l4
