running egg_info
writing ../../build/arucoasmt/arucoasmt.egg-info/PKG-INFO
writing dependency_links to ../../build/arucoasmt/arucoasmt.egg-info/dependency_links.txt
writing entry points to ../../build/arucoasmt/arucoasmt.egg-info/entry_points.txt
writing requirements to ../../build/arucoasmt/arucoasmt.egg-info/requires.txt
writing top-level names to ../../build/arucoasmt/arucoasmt.egg-info/top_level.txt
reading manifest file '../../build/arucoasmt/arucoasmt.egg-info/SOURCES.txt'
writing manifest file '../../build/arucoasmt/arucoasmt.egg-info/SOURCES.txt'
running build
running build_py
copying arucoasmt/imgclient.py -> /home/siddhant/mrt_ws/build/arucoasmt/build/lib/arucoasmt
running install
running install_lib
copying /home/siddhant/mrt_ws/build/arucoasmt/build/lib/arucoasmt/imgclient.py -> /home/siddhant/mrt_ws/install/arucoasmt/lib/python3.10/site-packages/arucoasmt
byte-compiling /home/siddhant/mrt_ws/install/arucoasmt/lib/python3.10/site-packages/arucoasmt/imgclient.py to imgclient.cpython-310.pyc
running install_data
running install_egg_info
removing '/home/siddhant/mrt_ws/install/arucoasmt/lib/python3.10/site-packages/arucoasmt-0.0.0-py3.10.egg-info' (and everything under it)
Copying ../../build/arucoasmt/arucoasmt.egg-info to /home/siddhant/mrt_ws/install/arucoasmt/lib/python3.10/site-packages/arucoasmt-0.0.0-py3.10.egg-info
running install_scripts
Installing clitest script to /home/siddhant/mrt_ws/install/arucoasmt/lib/arucoasmt
Installing imgclient script to /home/siddhant/mrt_ws/install/arucoasmt/lib/arucoasmt
Installing processor script to /home/siddhant/mrt_ws/install/arucoasmt/lib/arucoasmt
Installing pubtest script to /home/siddhant/mrt_ws/install/arucoasmt/lib/arucoasmt
Installing srvtest script to /home/siddhant/mrt_ws/install/arucoasmt/lib/arucoasmt
Installing subtest script to /home/siddhant/mrt_ws/install/arucoasmt/lib/arucoasmt
writing list of installed files to '/home/siddhant/mrt_ws/build/arucoasmt/install.log'
