[1.492s] Invoking command in '/home/siddhant/mrt_ws/src/arucoasmt': PYTHONPATH=/home/siddhant/mrt_ws/build/arucoasmt/prefix_override:/usr/lib/python3/dist-packages/colcon_core/task/python/colcon_distutils_commands:/home/siddhant/mrt_ws/install/arucoasmt/lib/python3.10/site-packages:${PYTHONPATH} /usr/bin/python3 -W ignore:setup.py install is deprecated setup.py egg_info --egg-base ../../build/arucoasmt build --build-base /home/siddhant/mrt_ws/build/arucoasmt/build install --record /home/siddhant/mrt_ws/build/arucoasmt/install.log --single-version-externally-managed install_data
[1.949s] running egg_info
[1.950s] writing ../../build/arucoasmt/arucoasmt.egg-info/PKG-INFO
[1.951s] writing dependency_links to ../../build/arucoasmt/arucoasmt.egg-info/dependency_links.txt
[1.952s] writing entry points to ../../build/arucoasmt/arucoasmt.egg-info/entry_points.txt
[1.952s] writing requirements to ../../build/arucoasmt/arucoasmt.egg-info/requires.txt
[1.953s] writing top-level names to ../../build/arucoasmt/arucoasmt.egg-info/top_level.txt
[1.958s] reading manifest file '../../build/arucoasmt/arucoasmt.egg-info/SOURCES.txt'
[1.959s] writing manifest file '../../build/arucoasmt/arucoasmt.egg-info/SOURCES.txt'
[1.960s] running build
[1.960s] running build_py
[1.961s] copying arucoasmt/imgclient.py -> /home/siddhant/mrt_ws/build/arucoasmt/build/lib/arucoasmt
[1.961s] running install
[1.964s] running install_lib
[1.965s] copying /home/siddhant/mrt_ws/build/arucoasmt/build/lib/arucoasmt/imgclient.py -> /home/siddhant/mrt_ws/install/arucoasmt/lib/python3.10/site-packages/arucoasmt
[1.970s] byte-compiling /home/siddhant/mrt_ws/install/arucoasmt/lib/python3.10/site-packages/arucoasmt/imgclient.py to imgclient.cpython-310.pyc
[1.971s] running install_data
[1.971s] running install_egg_info
[1.978s] removing '/home/siddhant/mrt_ws/install/arucoasmt/lib/python3.10/site-packages/arucoasmt-0.0.0-py3.10.egg-info' (and everything under it)
[1.979s] Copying ../../build/arucoasmt/arucoasmt.egg-info to /home/siddhant/mrt_ws/install/arucoasmt/lib/python3.10/site-packages/arucoasmt-0.0.0-py3.10.egg-info
[1.980s] running install_scripts
[2.042s] Installing clitest script to /home/siddhant/mrt_ws/install/arucoasmt/lib/arucoasmt
[2.043s] Installing imgclient script to /home/siddhant/mrt_ws/install/arucoasmt/lib/arucoasmt
[2.045s] Installing processor script to /home/siddhant/mrt_ws/install/arucoasmt/lib/arucoasmt
[2.051s] Installing pubtest script to /home/siddhant/mrt_ws/install/arucoasmt/lib/arucoasmt
[2.052s] Installing srvtest script to /home/siddhant/mrt_ws/install/arucoasmt/lib/arucoasmt
[2.052s] Installing subtest script to /home/siddhant/mrt_ws/install/arucoasmt/lib/arucoasmt
[2.052s] writing list of installed files to '/home/siddhant/mrt_ws/build/arucoasmt/install.log'
[2.122s] Invoked command in '/home/siddhant/mrt_ws/src/arucoasmt' returned '0': PYTHONPATH=/home/siddhant/mrt_ws/build/arucoasmt/prefix_override:/usr/lib/python3/dist-packages/colcon_core/task/python/colcon_distutils_commands:/home/siddhant/mrt_ws/install/arucoasmt/lib/python3.10/site-packages:${PYTHONPATH} /usr/bin/python3 -W ignore:setup.py install is deprecated setup.py egg_info --egg-base ../../build/arucoasmt build --build-base /home/siddhant/mrt_ws/build/arucoasmt/build install --record /home/siddhant/mrt_ws/build/arucoasmt/install.log --single-version-externally-managed install_data
