[0.041s] Invoking command in '/home/siddhant/mrt_ws/build/custommsgsrv': CMAKE_PREFIX_PATH=${CMAKE_PREFIX_PATH}:/home/siddhant/mrt_ws/install/sauron:/home/siddhant/mrt_ws/install/arucoasmt:/opt/ros/humble /usr/bin/cmake --build /home/siddhant/mrt_ws/build/custommsgsrv -- -j4 -l4
[0.245s] [ 11%] Built target custommsgsrv__rosidl_generator_c
[0.259s] [ 12%] Built target custommsgsrv__cpp
[0.309s] [ 12%] Built target ament_cmake_python_copy_custommsgsrv
[0.364s] [ 23%] Built target custommsgsrv__rosidl_typesupport_fastrtps_c
[0.366s] [ 35%] Built target custommsgsrv__rosidl_typesupport_c
[0.384s] [ 46%] Built target custommsgsrv__rosidl_typesupport_introspection_c
[0.410s] [ 57%] Built target custommsgsrv__rosidl_typesupport_introspection_cpp
[0.467s] [ 69%] Built target custommsgsrv__rosidl_typesupport_cpp
[0.493s] [ 80%] Built target custommsgsrv__rosidl_typesupport_fastrtps_cpp
[0.563s] [ 80%] Built target custommsgsrv
[0.677s] [ 81%] Built target custommsgsrv__py
[0.881s] [ 91%] Built target custommsgsrv__rosidl_generator_py
[1.055s] [ 94%] Built target custommsgsrv__rosidl_typesupport_fastrtps_c__pyext
[1.056s] [ 97%] Built target custommsgsrv__rosidl_typesupport_c__pyext
[1.061s] [100%] Built target custommsgsrv__rosidl_typesupport_introspection_c__pyext
[1.326s] running egg_info
[1.328s] writing custommsgsrv.egg-info/PKG-INFO
[1.328s] writing dependency_links to custommsgsrv.egg-info/dependency_links.txt
[1.328s] writing top-level names to custommsgsrv.egg-info/top_level.txt
[1.335s] reading manifest file 'custommsgsrv.egg-info/SOURCES.txt'
[1.336s] writing manifest file 'custommsgsrv.egg-info/SOURCES.txt'
[1.421s] [100%] Built target ament_cmake_python_build_custommsgsrv_egg
[1.453s] Invoked command in '/home/siddhant/mrt_ws/build/custommsgsrv' returned '0': CMAKE_PREFIX_PATH=${CMAKE_PREFIX_PATH}:/home/siddhant/mrt_ws/install/sauron:/home/siddhant/mrt_ws/install/arucoasmt:/opt/ros/humble /usr/bin/cmake --build /home/siddhant/mrt_ws/build/custommsgsrv -- -j4 -l4
[1.815s] Invoking command in '/home/siddhant/mrt_ws/build/custommsgsrv': CMAKE_PREFIX_PATH=${CMAKE_PREFIX_PATH}:/home/siddhant/mrt_ws/install/sauron:/home/siddhant/mrt_ws/install/arucoasmt:/opt/ros/humble /usr/bin/cmake --install /home/siddhant/mrt_ws/build/custommsgsrv
[1.832s] -- Install configuration: ""
[1.833s] -- Up-to-date: /home/siddhant/mrt_ws/install/custommsgsrv/share/ament_index/resource_index/rosidl_interfaces/custommsgsrv
[1.834s] -- Up-to-date: /home/siddhant/mrt_ws/install/custommsgsrv/include/custommsgsrv/custommsgsrv
[1.834s] -- Up-to-date: /home/siddhant/mrt_ws/install/custommsgsrv/include/custommsgsrv/custommsgsrv/srv
[1.834s] -- Up-to-date: /home/siddhant/mrt_ws/install/custommsgsrv/include/custommsgsrv/custommsgsrv/srv/imgservice.h
[1.834s] -- Up-to-date: /home/siddhant/mrt_ws/install/custommsgsrv/include/custommsgsrv/custommsgsrv/srv/detail
[1.834s] -- Up-to-date: /home/siddhant/mrt_ws/install/custommsgsrv/include/custommsgsrv/custommsgsrv/srv/detail/dimensions__functions.h
[1.835s] -- Up-to-date: /home/siddhant/mrt_ws/install/custommsgsrv/include/custommsgsrv/custommsgsrv/srv/detail/imgservice__functions.h
[1.835s] -- Up-to-date: /home/siddhant/mrt_ws/install/custommsgsrv/include/custommsgsrv/custommsgsrv/srv/detail/imgservice__struct.h
[1.835s] -- Up-to-date: /home/siddhant/mrt_ws/install/custommsgsrv/include/custommsgsrv/custommsgsrv/srv/detail/dimensions__functions.c
[1.835s] -- Up-to-date: /home/siddhant/mrt_ws/install/custommsgsrv/include/custommsgsrv/custommsgsrv/srv/detail/dimensions__struct.h
[1.835s] -- Up-to-date: /home/siddhant/mrt_ws/install/custommsgsrv/include/custommsgsrv/custommsgsrv/srv/detail/dimensions__type_support.h
[1.836s] -- Up-to-date: /home/siddhant/mrt_ws/install/custommsgsrv/include/custommsgsrv/custommsgsrv/srv/detail/imgservice__type_support.h
[1.836s] -- Up-to-date: /home/siddhant/mrt_ws/install/custommsgsrv/include/custommsgsrv/custommsgsrv/srv/detail/imgservice__functions.c
[1.838s] -- Up-to-date: /home/siddhant/mrt_ws/install/custommsgsrv/include/custommsgsrv/custommsgsrv/srv/detail/hypo__functions.c
[1.842s] -- Up-to-date: /home/siddhant/mrt_ws/install/custommsgsrv/include/custommsgsrv/custommsgsrv/srv/detail/hypo__struct.h
[1.844s] -- Up-to-date: /home/siddhant/mrt_ws/install/custommsgsrv/include/custommsgsrv/custommsgsrv/srv/detail/hypo__type_support.h
[1.845s] -- Up-to-date: /home/siddhant/mrt_ws/install/custommsgsrv/include/custommsgsrv/custommsgsrv/srv/detail/hypo__functions.h
[1.845s] -- Up-to-date: /home/siddhant/mrt_ws/install/custommsgsrv/include/custommsgsrv/custommsgsrv/srv/hypo.h
[1.847s] -- Up-to-date: /home/siddhant/mrt_ws/install/custommsgsrv/include/custommsgsrv/custommsgsrv/srv/dimensions.h
[1.847s] -- Up-to-date: /home/siddhant/mrt_ws/install/custommsgsrv/include/custommsgsrv/custommsgsrv/msg
[1.847s] -- Up-to-date: /home/siddhant/mrt_ws/install/custommsgsrv/include/custommsgsrv/custommsgsrv/msg/rosidl_generator_c__visibility_control.h
[1.848s] -- Up-to-date: /home/siddhant/mrt_ws/install/custommsgsrv/include/custommsgsrv/custommsgsrv/msg/list.h
[1.848s] -- Up-to-date: /home/siddhant/mrt_ws/install/custommsgsrv/include/custommsgsrv/custommsgsrv/msg/num.h
[1.848s] -- Up-to-date: /home/siddhant/mrt_ws/install/custommsgsrv/include/custommsgsrv/custommsgsrv/msg/detail
[1.848s] -- Up-to-date: /home/siddhant/mrt_ws/install/custommsgsrv/include/custommsgsrv/custommsgsrv/msg/detail/list__type_support.h
[1.849s] -- Up-to-date: /home/siddhant/mrt_ws/install/custommsgsrv/include/custommsgsrv/custommsgsrv/msg/detail/sphere__type_support.h
[1.849s] -- Up-to-date: /home/siddhant/mrt_ws/install/custommsgsrv/include/custommsgsrv/custommsgsrv/msg/detail/num__type_support.h
[1.849s] -- Up-to-date: /home/siddhant/mrt_ws/install/custommsgsrv/include/custommsgsrv/custommsgsrv/msg/detail/num__struct.h
[1.850s] -- Up-to-date: /home/siddhant/mrt_ws/install/custommsgsrv/include/custommsgsrv/custommsgsrv/msg/detail/list__functions.h
[1.850s] -- Up-to-date: /home/siddhant/mrt_ws/install/custommsgsrv/include/custommsgsrv/custommsgsrv/msg/detail/list__struct.h
[1.850s] -- Up-to-date: /home/siddhant/mrt_ws/install/custommsgsrv/include/custommsgsrv/custommsgsrv/msg/detail/num__functions.h
[1.850s] -- Up-to-date: /home/siddhant/mrt_ws/install/custommsgsrv/include/custommsgsrv/custommsgsrv/msg/detail/sphere__struct.h
[1.850s] -- Up-to-date: /home/siddhant/mrt_ws/install/custommsgsrv/include/custommsgsrv/custommsgsrv/msg/detail/sphere__functions.h
[1.851s] -- Up-to-date: /home/siddhant/mrt_ws/install/custommsgsrv/include/custommsgsrv/custommsgsrv/msg/detail/num__functions.c
[1.851s] -- Up-to-date: /home/siddhant/mrt_ws/install/custommsgsrv/include/custommsgsrv/custommsgsrv/msg/detail/list__functions.c
[1.851s] -- Up-to-date: /home/siddhant/mrt_ws/install/custommsgsrv/include/custommsgsrv/custommsgsrv/msg/detail/sphere__functions.c
[1.852s] -- Up-to-date: /home/siddhant/mrt_ws/install/custommsgsrv/include/custommsgsrv/custommsgsrv/msg/sphere.h
[1.852s] -- Up-to-date: /home/siddhant/mrt_ws/install/custommsgsrv/share/custommsgsrv/environment/library_path.sh
[1.853s] -- Up-to-date: /home/siddhant/mrt_ws/install/custommsgsrv/share/custommsgsrv/environment/library_path.dsv
[1.853s] -- Up-to-date: /home/siddhant/mrt_ws/install/custommsgsrv/lib/libcustommsgsrv__rosidl_generator_c.so
[1.853s] -- Up-to-date: /home/siddhant/mrt_ws/install/custommsgsrv/include/custommsgsrv/custommsgsrv
[1.853s] -- Up-to-date: /home/siddhant/mrt_ws/install/custommsgsrv/include/custommsgsrv/custommsgsrv/srv
[1.854s] -- Up-to-date: /home/siddhant/mrt_ws/install/custommsgsrv/include/custommsgsrv/custommsgsrv/srv/detail
[1.854s] -- Up-to-date: /home/siddhant/mrt_ws/install/custommsgsrv/include/custommsgsrv/custommsgsrv/srv/detail/imgservice__rosidl_typesupport_fastrtps_c.h
[1.854s] -- Up-to-date: /home/siddhant/mrt_ws/install/custommsgsrv/include/custommsgsrv/custommsgsrv/srv/detail/hypo__rosidl_typesupport_fastrtps_c.h
[1.854s] -- Up-to-date: /home/siddhant/mrt_ws/install/custommsgsrv/include/custommsgsrv/custommsgsrv/srv/detail/dimensions__rosidl_typesupport_fastrtps_c.h
[1.854s] -- Up-to-date: /home/siddhant/mrt_ws/install/custommsgsrv/include/custommsgsrv/custommsgsrv/msg
[1.855s] -- Up-to-date: /home/siddhant/mrt_ws/install/custommsgsrv/include/custommsgsrv/custommsgsrv/msg/detail
[1.855s] -- Up-to-date: /home/siddhant/mrt_ws/install/custommsgsrv/include/custommsgsrv/custommsgsrv/msg/detail/sphere__rosidl_typesupport_fastrtps_c.h
[1.855s] -- Up-to-date: /home/siddhant/mrt_ws/install/custommsgsrv/include/custommsgsrv/custommsgsrv/msg/detail/num__rosidl_typesupport_fastrtps_c.h
[1.855s] -- Up-to-date: /home/siddhant/mrt_ws/install/custommsgsrv/include/custommsgsrv/custommsgsrv/msg/detail/list__rosidl_typesupport_fastrtps_c.h
[1.855s] -- Up-to-date: /home/siddhant/mrt_ws/install/custommsgsrv/include/custommsgsrv/custommsgsrv/msg/rosidl_typesupport_fastrtps_c__visibility_control.h
[1.856s] -- Up-to-date: /home/siddhant/mrt_ws/install/custommsgsrv/lib/libcustommsgsrv__rosidl_typesupport_fastrtps_c.so
[1.856s] -- Up-to-date: /home/siddhant/mrt_ws/install/custommsgsrv/include/custommsgsrv/custommsgsrv
[1.856s] -- Up-to-date: /home/siddhant/mrt_ws/install/custommsgsrv/include/custommsgsrv/custommsgsrv/srv
[1.856s] -- Up-to-date: /home/siddhant/mrt_ws/install/custommsgsrv/include/custommsgsrv/custommsgsrv/srv/hypo.hpp
[1.857s] -- Up-to-date: /home/siddhant/mrt_ws/install/custommsgsrv/include/custommsgsrv/custommsgsrv/srv/dimensions.hpp
[1.857s] -- Up-to-date: /home/siddhant/mrt_ws/install/custommsgsrv/include/custommsgsrv/custommsgsrv/srv/detail
[1.857s] -- Up-to-date: /home/siddhant/mrt_ws/install/custommsgsrv/include/custommsgsrv/custommsgsrv/srv/detail/hypo__traits.hpp
[1.857s] -- Up-to-date: /home/siddhant/mrt_ws/install/custommsgsrv/include/custommsgsrv/custommsgsrv/srv/detail/hypo__struct.hpp
[1.857s] -- Up-to-date: /home/siddhant/mrt_ws/install/custommsgsrv/include/custommsgsrv/custommsgsrv/srv/detail/dimensions__struct.hpp
[1.858s] -- Up-to-date: /home/siddhant/mrt_ws/install/custommsgsrv/include/custommsgsrv/custommsgsrv/srv/detail/dimensions__traits.hpp
[1.858s] -- Up-to-date: /home/siddhant/mrt_ws/install/custommsgsrv/include/custommsgsrv/custommsgsrv/srv/detail/imgservice__struct.hpp
[1.858s] -- Up-to-date: /home/siddhant/mrt_ws/install/custommsgsrv/include/custommsgsrv/custommsgsrv/srv/detail/imgservice__traits.hpp
[1.858s] -- Up-to-date: /home/siddhant/mrt_ws/install/custommsgsrv/include/custommsgsrv/custommsgsrv/srv/detail/dimensions__builder.hpp
[1.858s] -- Up-to-date: /home/siddhant/mrt_ws/install/custommsgsrv/include/custommsgsrv/custommsgsrv/srv/detail/hypo__builder.hpp
[1.858s] -- Up-to-date: /home/siddhant/mrt_ws/install/custommsgsrv/include/custommsgsrv/custommsgsrv/srv/detail/imgservice__builder.hpp
[1.859s] -- Up-to-date: /home/siddhant/mrt_ws/install/custommsgsrv/include/custommsgsrv/custommsgsrv/srv/imgservice.hpp
[1.859s] -- Up-to-date: /home/siddhant/mrt_ws/install/custommsgsrv/include/custommsgsrv/custommsgsrv/msg
[1.859s] -- Up-to-date: /home/siddhant/mrt_ws/install/custommsgsrv/include/custommsgsrv/custommsgsrv/msg/list.hpp
[1.859s] -- Up-to-date: /home/siddhant/mrt_ws/install/custommsgsrv/include/custommsgsrv/custommsgsrv/msg/sphere.hpp
[1.859s] -- Up-to-date: /home/siddhant/mrt_ws/install/custommsgsrv/include/custommsgsrv/custommsgsrv/msg/detail
[1.860s] -- Up-to-date: /home/siddhant/mrt_ws/install/custommsgsrv/include/custommsgsrv/custommsgsrv/msg/detail/num__struct.hpp
[1.860s] -- Up-to-date: /home/siddhant/mrt_ws/install/custommsgsrv/include/custommsgsrv/custommsgsrv/msg/detail/sphere__builder.hpp
[1.860s] -- Up-to-date: /home/siddhant/mrt_ws/install/custommsgsrv/include/custommsgsrv/custommsgsrv/msg/detail/list__traits.hpp
[1.860s] -- Up-to-date: /home/siddhant/mrt_ws/install/custommsgsrv/include/custommsgsrv/custommsgsrv/msg/detail/num__traits.hpp
[1.860s] -- Up-to-date: /home/siddhant/mrt_ws/install/custommsgsrv/include/custommsgsrv/custommsgsrv/msg/detail/sphere__traits.hpp
[1.860s] -- Up-to-date: /home/siddhant/mrt_ws/install/custommsgsrv/include/custommsgsrv/custommsgsrv/msg/detail/list__struct.hpp
[1.861s] -- Up-to-date: /home/siddhant/mrt_ws/install/custommsgsrv/include/custommsgsrv/custommsgsrv/msg/detail/num__builder.hpp
[1.861s] -- Up-to-date: /home/siddhant/mrt_ws/install/custommsgsrv/include/custommsgsrv/custommsgsrv/msg/detail/list__builder.hpp
[1.861s] -- Up-to-date: /home/siddhant/mrt_ws/install/custommsgsrv/include/custommsgsrv/custommsgsrv/msg/detail/sphere__struct.hpp
[1.861s] -- Up-to-date: /home/siddhant/mrt_ws/install/custommsgsrv/include/custommsgsrv/custommsgsrv/msg/num.hpp
[1.861s] -- Up-to-date: /home/siddhant/mrt_ws/install/custommsgsrv/include/custommsgsrv/custommsgsrv
[1.862s] -- Up-to-date: /home/siddhant/mrt_ws/install/custommsgsrv/include/custommsgsrv/custommsgsrv/srv
[1.862s] -- Up-to-date: /home/siddhant/mrt_ws/install/custommsgsrv/include/custommsgsrv/custommsgsrv/srv/detail
[1.862s] -- Up-to-date: /home/siddhant/mrt_ws/install/custommsgsrv/include/custommsgsrv/custommsgsrv/srv/detail/dimensions__rosidl_typesupport_fastrtps_cpp.hpp
[1.862s] -- Up-to-date: /home/siddhant/mrt_ws/install/custommsgsrv/include/custommsgsrv/custommsgsrv/srv/detail/hypo__rosidl_typesupport_fastrtps_cpp.hpp
[1.862s] -- Up-to-date: /home/siddhant/mrt_ws/install/custommsgsrv/include/custommsgsrv/custommsgsrv/srv/detail/dds_fastrtps
[1.862s] -- Up-to-date: /home/siddhant/mrt_ws/install/custommsgsrv/include/custommsgsrv/custommsgsrv/srv/detail/imgservice__rosidl_typesupport_fastrtps_cpp.hpp
[1.863s] -- Up-to-date: /home/siddhant/mrt_ws/install/custommsgsrv/include/custommsgsrv/custommsgsrv/msg
[1.863s] -- Up-to-date: /home/siddhant/mrt_ws/install/custommsgsrv/include/custommsgsrv/custommsgsrv/msg/detail
[1.863s] -- Up-to-date: /home/siddhant/mrt_ws/install/custommsgsrv/include/custommsgsrv/custommsgsrv/msg/detail/num__rosidl_typesupport_fastrtps_cpp.hpp
[1.863s] -- Up-to-date: /home/siddhant/mrt_ws/install/custommsgsrv/include/custommsgsrv/custommsgsrv/msg/detail/dds_fastrtps
[1.863s] -- Up-to-date: /home/siddhant/mrt_ws/install/custommsgsrv/include/custommsgsrv/custommsgsrv/msg/detail/list__rosidl_typesupport_fastrtps_cpp.hpp
[1.864s] -- Up-to-date: /home/siddhant/mrt_ws/install/custommsgsrv/include/custommsgsrv/custommsgsrv/msg/detail/sphere__rosidl_typesupport_fastrtps_cpp.hpp
[1.864s] -- Up-to-date: /home/siddhant/mrt_ws/install/custommsgsrv/include/custommsgsrv/custommsgsrv/msg/rosidl_typesupport_fastrtps_cpp__visibility_control.h
[1.864s] -- Up-to-date: /home/siddhant/mrt_ws/install/custommsgsrv/lib/libcustommsgsrv__rosidl_typesupport_fastrtps_cpp.so
[1.864s] -- Up-to-date: /home/siddhant/mrt_ws/install/custommsgsrv/include/custommsgsrv/custommsgsrv
[1.864s] -- Up-to-date: /home/siddhant/mrt_ws/install/custommsgsrv/include/custommsgsrv/custommsgsrv/srv
[1.864s] -- Up-to-date: /home/siddhant/mrt_ws/install/custommsgsrv/include/custommsgsrv/custommsgsrv/srv/detail
[1.865s] -- Up-to-date: /home/siddhant/mrt_ws/install/custommsgsrv/include/custommsgsrv/custommsgsrv/srv/detail/dimensions__rosidl_typesupport_introspection_c.h
[1.865s] -- Up-to-date: /home/siddhant/mrt_ws/install/custommsgsrv/include/custommsgsrv/custommsgsrv/srv/detail/imgservice__rosidl_typesupport_introspection_c.h
[1.865s] -- Up-to-date: /home/siddhant/mrt_ws/install/custommsgsrv/include/custommsgsrv/custommsgsrv/srv/detail/hypo__rosidl_typesupport_introspection_c.h
[1.865s] -- Up-to-date: /home/siddhant/mrt_ws/install/custommsgsrv/include/custommsgsrv/custommsgsrv/srv/detail/hypo__type_support.c
[1.865s] -- Up-to-date: /home/siddhant/mrt_ws/install/custommsgsrv/include/custommsgsrv/custommsgsrv/srv/detail/dimensions__type_support.c
[1.866s] -- Up-to-date: /home/siddhant/mrt_ws/install/custommsgsrv/include/custommsgsrv/custommsgsrv/srv/detail/imgservice__type_support.c
[1.866s] -- Up-to-date: /home/siddhant/mrt_ws/install/custommsgsrv/include/custommsgsrv/custommsgsrv/msg
[1.866s] -- Up-to-date: /home/siddhant/mrt_ws/install/custommsgsrv/include/custommsgsrv/custommsgsrv/msg/detail
[1.866s] -- Up-to-date: /home/siddhant/mrt_ws/install/custommsgsrv/include/custommsgsrv/custommsgsrv/msg/detail/num__rosidl_typesupport_introspection_c.h
[1.866s] -- Up-to-date: /home/siddhant/mrt_ws/install/custommsgsrv/include/custommsgsrv/custommsgsrv/msg/detail/sphere__rosidl_typesupport_introspection_c.h
[1.866s] -- Up-to-date: /home/siddhant/mrt_ws/install/custommsgsrv/include/custommsgsrv/custommsgsrv/msg/detail/num__type_support.c
[1.868s] -- Up-to-date: /home/siddhant/mrt_ws/install/custommsgsrv/include/custommsgsrv/custommsgsrv/msg/detail/list__rosidl_typesupport_introspection_c.h
[1.868s] -- Up-to-date: /home/siddhant/mrt_ws/install/custommsgsrv/include/custommsgsrv/custommsgsrv/msg/detail/list__type_support.c
[1.868s] -- Up-to-date: /home/siddhant/mrt_ws/install/custommsgsrv/include/custommsgsrv/custommsgsrv/msg/detail/sphere__type_support.c
[1.869s] -- Up-to-date: /home/siddhant/mrt_ws/install/custommsgsrv/include/custommsgsrv/custommsgsrv/msg/rosidl_typesupport_introspection_c__visibility_control.h
[1.869s] -- Up-to-date: /home/siddhant/mrt_ws/install/custommsgsrv/lib/libcustommsgsrv__rosidl_typesupport_introspection_c.so
[1.869s] -- Up-to-date: /home/siddhant/mrt_ws/install/custommsgsrv/lib/libcustommsgsrv__rosidl_typesupport_c.so
[1.869s] -- Up-to-date: /home/siddhant/mrt_ws/install/custommsgsrv/include/custommsgsrv/custommsgsrv
[1.869s] -- Up-to-date: /home/siddhant/mrt_ws/install/custommsgsrv/include/custommsgsrv/custommsgsrv/srv
[1.870s] -- Up-to-date: /home/siddhant/mrt_ws/install/custommsgsrv/include/custommsgsrv/custommsgsrv/srv/detail
[1.870s] -- Up-to-date: /home/siddhant/mrt_ws/install/custommsgsrv/include/custommsgsrv/custommsgsrv/srv/detail/imgservice__type_support.cpp
[1.870s] -- Up-to-date: /home/siddhant/mrt_ws/install/custommsgsrv/include/custommsgsrv/custommsgsrv/srv/detail/imgservice__rosidl_typesupport_introspection_cpp.hpp
[1.870s] -- Up-to-date: /home/siddhant/mrt_ws/install/custommsgsrv/include/custommsgsrv/custommsgsrv/srv/detail/hypo__rosidl_typesupport_introspection_cpp.hpp
[1.870s] -- Up-to-date: /home/siddhant/mrt_ws/install/custommsgsrv/include/custommsgsrv/custommsgsrv/srv/detail/hypo__type_support.cpp
[1.871s] -- Up-to-date: /home/siddhant/mrt_ws/install/custommsgsrv/include/custommsgsrv/custommsgsrv/srv/detail/dimensions__rosidl_typesupport_introspection_cpp.hpp
[1.871s] -- Up-to-date: /home/siddhant/mrt_ws/install/custommsgsrv/include/custommsgsrv/custommsgsrv/srv/detail/dimensions__type_support.cpp
[1.871s] -- Up-to-date: /home/siddhant/mrt_ws/install/custommsgsrv/include/custommsgsrv/custommsgsrv/msg
[1.871s] -- Up-to-date: /home/siddhant/mrt_ws/install/custommsgsrv/include/custommsgsrv/custommsgsrv/msg/detail
[1.872s] -- Up-to-date: /home/siddhant/mrt_ws/install/custommsgsrv/include/custommsgsrv/custommsgsrv/msg/detail/sphere__rosidl_typesupport_introspection_cpp.hpp
[1.872s] -- Up-to-date: /home/siddhant/mrt_ws/install/custommsgsrv/include/custommsgsrv/custommsgsrv/msg/detail/num__rosidl_typesupport_introspection_cpp.hpp
[1.872s] -- Up-to-date: /home/siddhant/mrt_ws/install/custommsgsrv/include/custommsgsrv/custommsgsrv/msg/detail/num__type_support.cpp
[1.872s] -- Up-to-date: /home/siddhant/mrt_ws/install/custommsgsrv/include/custommsgsrv/custommsgsrv/msg/detail/sphere__type_support.cpp
[1.872s] -- Up-to-date: /home/siddhant/mrt_ws/install/custommsgsrv/include/custommsgsrv/custommsgsrv/msg/detail/list__rosidl_typesupport_introspection_cpp.hpp
[1.873s] -- Up-to-date: /home/siddhant/mrt_ws/install/custommsgsrv/include/custommsgsrv/custommsgsrv/msg/detail/list__type_support.cpp
[1.873s] -- Up-to-date: /home/siddhant/mrt_ws/install/custommsgsrv/lib/libcustommsgsrv__rosidl_typesupport_introspection_cpp.so
[1.873s] -- Up-to-date: /home/siddhant/mrt_ws/install/custommsgsrv/lib/libcustommsgsrv__rosidl_typesupport_cpp.so
[1.873s] -- Up-to-date: /home/siddhant/mrt_ws/install/custommsgsrv/share/custommsgsrv/environment/pythonpath.sh
[1.873s] -- Up-to-date: /home/siddhant/mrt_ws/install/custommsgsrv/share/custommsgsrv/environment/pythonpath.dsv
[1.874s] -- Up-to-date: /home/siddhant/mrt_ws/install/custommsgsrv/local/lib/python3.10/dist-packages/custommsgsrv-0.0.0-py3.10.egg-info
[1.874s] -- Installing: /home/siddhant/mrt_ws/install/custommsgsrv/local/lib/python3.10/dist-packages/custommsgsrv-0.0.0-py3.10.egg-info/SOURCES.txt
[1.874s] -- Installing: /home/siddhant/mrt_ws/install/custommsgsrv/local/lib/python3.10/dist-packages/custommsgsrv-0.0.0-py3.10.egg-info/PKG-INFO
[1.874s] -- Installing: /home/siddhant/mrt_ws/install/custommsgsrv/local/lib/python3.10/dist-packages/custommsgsrv-0.0.0-py3.10.egg-info/dependency_links.txt
[1.876s] -- Installing: /home/siddhant/mrt_ws/install/custommsgsrv/local/lib/python3.10/dist-packages/custommsgsrv-0.0.0-py3.10.egg-info/top_level.txt
[1.878s] -- Up-to-date: /home/siddhant/mrt_ws/install/custommsgsrv/local/lib/python3.10/dist-packages/custommsgsrv
[1.878s] -- Up-to-date: /home/siddhant/mrt_ws/install/custommsgsrv/local/lib/python3.10/dist-packages/custommsgsrv/srv
[1.878s] -- Up-to-date: /home/siddhant/mrt_ws/install/custommsgsrv/local/lib/python3.10/dist-packages/custommsgsrv/srv/_hypo.py
[1.878s] -- Up-to-date: /home/siddhant/mrt_ws/install/custommsgsrv/local/lib/python3.10/dist-packages/custommsgsrv/srv/_imgservice.py
[1.879s] -- Up-to-date: /home/siddhant/mrt_ws/install/custommsgsrv/local/lib/python3.10/dist-packages/custommsgsrv/srv/__init__.py
[1.879s] -- Up-to-date: /home/siddhant/mrt_ws/install/custommsgsrv/local/lib/python3.10/dist-packages/custommsgsrv/srv/_dimensions_s.c
[1.879s] -- Up-to-date: /home/siddhant/mrt_ws/install/custommsgsrv/local/lib/python3.10/dist-packages/custommsgsrv/srv/_hypo_s.c
[1.879s] -- Up-to-date: /home/siddhant/mrt_ws/install/custommsgsrv/local/lib/python3.10/dist-packages/custommsgsrv/srv/_dimensions.py
[1.880s] -- Up-to-date: /home/siddhant/mrt_ws/install/custommsgsrv/local/lib/python3.10/dist-packages/custommsgsrv/srv/_imgservice_s.c
[1.880s] -- Up-to-date: /home/siddhant/mrt_ws/install/custommsgsrv/local/lib/python3.10/dist-packages/custommsgsrv/custommsgsrv_s__rosidl_typesupport_fastrtps_c.cpython-310-x86_64-linux-gnu.so
[1.880s] -- Up-to-date: /home/siddhant/mrt_ws/install/custommsgsrv/local/lib/python3.10/dist-packages/custommsgsrv/__init__.py
[1.880s] -- Up-to-date: /home/siddhant/mrt_ws/install/custommsgsrv/local/lib/python3.10/dist-packages/custommsgsrv/custommsgsrv_s__rosidl_typesupport_c.cpython-310-x86_64-linux-gnu.so
[1.881s] -- Up-to-date: /home/siddhant/mrt_ws/install/custommsgsrv/local/lib/python3.10/dist-packages/custommsgsrv/_custommsgsrv_s.ep.rosidl_typesupport_introspection_c.c
[1.881s] -- Up-to-date: /home/siddhant/mrt_ws/install/custommsgsrv/local/lib/python3.10/dist-packages/custommsgsrv/custommsgsrv_s__rosidl_typesupport_introspection_c.cpython-310-x86_64-linux-gnu.so
[1.881s] -- Up-to-date: /home/siddhant/mrt_ws/install/custommsgsrv/local/lib/python3.10/dist-packages/custommsgsrv/_custommsgsrv_s.ep.rosidl_typesupport_c.c
[1.881s] -- Up-to-date: /home/siddhant/mrt_ws/install/custommsgsrv/local/lib/python3.10/dist-packages/custommsgsrv/libcustommsgsrv__rosidl_generator_py.so
[1.882s] -- Up-to-date: /home/siddhant/mrt_ws/install/custommsgsrv/local/lib/python3.10/dist-packages/custommsgsrv/_custommsgsrv_s.ep.rosidl_typesupport_fastrtps_c.c
[1.882s] -- Up-to-date: /home/siddhant/mrt_ws/install/custommsgsrv/local/lib/python3.10/dist-packages/custommsgsrv/msg
[1.882s] -- Up-to-date: /home/siddhant/mrt_ws/install/custommsgsrv/local/lib/python3.10/dist-packages/custommsgsrv/msg/_num.py
[1.882s] -- Up-to-date: /home/siddhant/mrt_ws/install/custommsgsrv/local/lib/python3.10/dist-packages/custommsgsrv/msg/_sphere_s.c
[1.883s] -- Up-to-date: /home/siddhant/mrt_ws/install/custommsgsrv/local/lib/python3.10/dist-packages/custommsgsrv/msg/__init__.py
[1.883s] -- Up-to-date: /home/siddhant/mrt_ws/install/custommsgsrv/local/lib/python3.10/dist-packages/custommsgsrv/msg/_list.py
[1.883s] -- Up-to-date: /home/siddhant/mrt_ws/install/custommsgsrv/local/lib/python3.10/dist-packages/custommsgsrv/msg/_list_s.c
[1.883s] -- Up-to-date: /home/siddhant/mrt_ws/install/custommsgsrv/local/lib/python3.10/dist-packages/custommsgsrv/msg/_num_s.c
[1.884s] -- Up-to-date: /home/siddhant/mrt_ws/install/custommsgsrv/local/lib/python3.10/dist-packages/custommsgsrv/msg/_sphere.py
[1.938s] Listing '/home/siddhant/mrt_ws/install/custommsgsrv/local/lib/python3.10/dist-packages/custommsgsrv'...
[1.938s] Listing '/home/siddhant/mrt_ws/install/custommsgsrv/local/lib/python3.10/dist-packages/custommsgsrv/msg'...
[1.938s] Listing '/home/siddhant/mrt_ws/install/custommsgsrv/local/lib/python3.10/dist-packages/custommsgsrv/srv'...
[1.954s] -- Up-to-date: /home/siddhant/mrt_ws/install/custommsgsrv/local/lib/python3.10/dist-packages/custommsgsrv/custommsgsrv_s__rosidl_typesupport_fastrtps_c.cpython-310-x86_64-linux-gnu.so
[1.954s] -- Up-to-date: /home/siddhant/mrt_ws/install/custommsgsrv/local/lib/python3.10/dist-packages/custommsgsrv/custommsgsrv_s__rosidl_typesupport_introspection_c.cpython-310-x86_64-linux-gnu.so
[1.959s] -- Up-to-date: /home/siddhant/mrt_ws/install/custommsgsrv/local/lib/python3.10/dist-packages/custommsgsrv/custommsgsrv_s__rosidl_typesupport_c.cpython-310-x86_64-linux-gnu.so
[1.959s] -- Up-to-date: /home/siddhant/mrt_ws/install/custommsgsrv/lib/libcustommsgsrv__rosidl_generator_py.so
[1.959s] -- Up-to-date: /home/siddhant/mrt_ws/install/custommsgsrv/share/custommsgsrv/msg/Num.idl
[1.960s] -- Up-to-date: /home/siddhant/mrt_ws/install/custommsgsrv/share/custommsgsrv/msg/Sphere.idl
[1.960s] -- Up-to-date: /home/siddhant/mrt_ws/install/custommsgsrv/share/custommsgsrv/msg/List.idl
[1.960s] -- Up-to-date: /home/siddhant/mrt_ws/install/custommsgsrv/share/custommsgsrv/srv/Hypo.idl
[1.961s] -- Up-to-date: /home/siddhant/mrt_ws/install/custommsgsrv/share/custommsgsrv/srv/Dimensions.idl
[1.961s] -- Up-to-date: /home/siddhant/mrt_ws/install/custommsgsrv/share/custommsgsrv/srv/Imgservice.idl
[1.961s] -- Up-to-date: /home/siddhant/mrt_ws/install/custommsgsrv/share/custommsgsrv/msg/Num.msg
[1.961s] -- Up-to-date: /home/siddhant/mrt_ws/install/custommsgsrv/share/custommsgsrv/msg/Sphere.msg
[1.961s] -- Up-to-date: /home/siddhant/mrt_ws/install/custommsgsrv/share/custommsgsrv/msg/List.msg
[1.962s] -- Up-to-date: /home/siddhant/mrt_ws/install/custommsgsrv/share/custommsgsrv/srv/Hypo.srv
[1.962s] -- Up-to-date: /home/siddhant/mrt_ws/install/custommsgsrv/share/custommsgsrv/srv/Hypo_Request.msg
[1.962s] -- Up-to-date: /home/siddhant/mrt_ws/install/custommsgsrv/share/custommsgsrv/srv/Hypo_Response.msg
[1.962s] -- Up-to-date: /home/siddhant/mrt_ws/install/custommsgsrv/share/custommsgsrv/srv/Dimensions.srv
[1.970s] -- Up-to-date: /home/siddhant/mrt_ws/install/custommsgsrv/share/custommsgsrv/srv/Dimensions_Request.msg
[1.970s] -- Up-to-date: /home/siddhant/mrt_ws/install/custommsgsrv/share/custommsgsrv/srv/Dimensions_Response.msg
[1.971s] -- Up-to-date: /home/siddhant/mrt_ws/install/custommsgsrv/share/custommsgsrv/srv/Imgservice.srv
[1.971s] -- Up-to-date: /home/siddhant/mrt_ws/install/custommsgsrv/share/custommsgsrv/srv/Imgservice_Request.msg
[1.971s] -- Up-to-date: /home/siddhant/mrt_ws/install/custommsgsrv/share/custommsgsrv/srv/Imgservice_Response.msg
[1.971s] -- Up-to-date: /home/siddhant/mrt_ws/install/custommsgsrv/share/ament_index/resource_index/package_run_dependencies/custommsgsrv
[1.972s] -- Up-to-date: /home/siddhant/mrt_ws/install/custommsgsrv/share/ament_index/resource_index/parent_prefix_path/custommsgsrv
[1.972s] -- Up-to-date: /home/siddhant/mrt_ws/install/custommsgsrv/share/custommsgsrv/environment/ament_prefix_path.sh
[1.972s] -- Up-to-date: /home/siddhant/mrt_ws/install/custommsgsrv/share/custommsgsrv/environment/ament_prefix_path.dsv
[1.972s] -- Up-to-date: /home/siddhant/mrt_ws/install/custommsgsrv/share/custommsgsrv/environment/path.sh
[1.973s] -- Up-to-date: /home/siddhant/mrt_ws/install/custommsgsrv/share/custommsgsrv/environment/path.dsv
[1.973s] -- Up-to-date: /home/siddhant/mrt_ws/install/custommsgsrv/share/custommsgsrv/local_setup.bash
[1.973s] -- Up-to-date: /home/siddhant/mrt_ws/install/custommsgsrv/share/custommsgsrv/local_setup.sh
[1.973s] -- Up-to-date: /home/siddhant/mrt_ws/install/custommsgsrv/share/custommsgsrv/local_setup.zsh
[1.983s] -- Up-to-date: /home/siddhant/mrt_ws/install/custommsgsrv/share/custommsgsrv/local_setup.dsv
[1.983s] -- Installing: /home/siddhant/mrt_ws/install/custommsgsrv/share/custommsgsrv/package.dsv
[1.983s] -- Up-to-date: /home/siddhant/mrt_ws/install/custommsgsrv/share/ament_index/resource_index/packages/custommsgsrv
[1.984s] -- Up-to-date: /home/siddhant/mrt_ws/install/custommsgsrv/share/custommsgsrv/cmake/export_custommsgsrv__rosidl_generator_cExport.cmake
[1.985s] -- Up-to-date: /home/siddhant/mrt_ws/install/custommsgsrv/share/custommsgsrv/cmake/export_custommsgsrv__rosidl_generator_cExport-noconfig.cmake
[1.985s] -- Up-to-date: /home/siddhant/mrt_ws/install/custommsgsrv/share/custommsgsrv/cmake/export_custommsgsrv__rosidl_typesupport_fastrtps_cExport.cmake
[1.985s] -- Up-to-date: /home/siddhant/mrt_ws/install/custommsgsrv/share/custommsgsrv/cmake/export_custommsgsrv__rosidl_typesupport_fastrtps_cExport-noconfig.cmake
[1.985s] -- Up-to-date: /home/siddhant/mrt_ws/install/custommsgsrv/share/custommsgsrv/cmake/export_custommsgsrv__rosidl_generator_cppExport.cmake
[1.986s] -- Up-to-date: /home/siddhant/mrt_ws/install/custommsgsrv/share/custommsgsrv/cmake/export_custommsgsrv__rosidl_typesupport_fastrtps_cppExport.cmake
[1.986s] -- Up-to-date: /home/siddhant/mrt_ws/install/custommsgsrv/share/custommsgsrv/cmake/export_custommsgsrv__rosidl_typesupport_fastrtps_cppExport-noconfig.cmake
[1.986s] -- Up-to-date: /home/siddhant/mrt_ws/install/custommsgsrv/share/custommsgsrv/cmake/custommsgsrv__rosidl_typesupport_introspection_cExport.cmake
[1.986s] -- Up-to-date: /home/siddhant/mrt_ws/install/custommsgsrv/share/custommsgsrv/cmake/custommsgsrv__rosidl_typesupport_introspection_cExport-noconfig.cmake
[1.986s] -- Up-to-date: /home/siddhant/mrt_ws/install/custommsgsrv/share/custommsgsrv/cmake/custommsgsrv__rosidl_typesupport_cExport.cmake
[1.987s] -- Up-to-date: /home/siddhant/mrt_ws/install/custommsgsrv/share/custommsgsrv/cmake/custommsgsrv__rosidl_typesupport_cExport-noconfig.cmake
[1.987s] -- Up-to-date: /home/siddhant/mrt_ws/install/custommsgsrv/share/custommsgsrv/cmake/custommsgsrv__rosidl_typesupport_introspection_cppExport.cmake
[1.987s] -- Up-to-date: /home/siddhant/mrt_ws/install/custommsgsrv/share/custommsgsrv/cmake/custommsgsrv__rosidl_typesupport_introspection_cppExport-noconfig.cmake
[1.987s] -- Up-to-date: /home/siddhant/mrt_ws/install/custommsgsrv/share/custommsgsrv/cmake/custommsgsrv__rosidl_typesupport_cppExport.cmake
[1.987s] -- Up-to-date: /home/siddhant/mrt_ws/install/custommsgsrv/share/custommsgsrv/cmake/custommsgsrv__rosidl_typesupport_cppExport-noconfig.cmake
[1.988s] -- Up-to-date: /home/siddhant/mrt_ws/install/custommsgsrv/share/custommsgsrv/cmake/export_custommsgsrv__rosidl_generator_pyExport.cmake
[1.988s] -- Up-to-date: /home/siddhant/mrt_ws/install/custommsgsrv/share/custommsgsrv/cmake/export_custommsgsrv__rosidl_generator_pyExport-noconfig.cmake
[1.988s] -- Up-to-date: /home/siddhant/mrt_ws/install/custommsgsrv/share/custommsgsrv/cmake/rosidl_cmake-extras.cmake
[1.988s] -- Up-to-date: /home/siddhant/mrt_ws/install/custommsgsrv/share/custommsgsrv/cmake/ament_cmake_export_dependencies-extras.cmake
[1.989s] -- Up-to-date: /home/siddhant/mrt_ws/install/custommsgsrv/share/custommsgsrv/cmake/ament_cmake_export_include_directories-extras.cmake
[1.990s] -- Up-to-date: /home/siddhant/mrt_ws/install/custommsgsrv/share/custommsgsrv/cmake/ament_cmake_export_libraries-extras.cmake
[1.990s] -- Up-to-date: /home/siddhant/mrt_ws/install/custommsgsrv/share/custommsgsrv/cmake/ament_cmake_export_targets-extras.cmake
[1.990s] -- Up-to-date: /home/siddhant/mrt_ws/install/custommsgsrv/share/custommsgsrv/cmake/rosidl_cmake_export_typesupport_targets-extras.cmake
[1.990s] -- Up-to-date: /home/siddhant/mrt_ws/install/custommsgsrv/share/custommsgsrv/cmake/rosidl_cmake_export_typesupport_libraries-extras.cmake
[1.990s] -- Up-to-date: /home/siddhant/mrt_ws/install/custommsgsrv/share/custommsgsrv/cmake/custommsgsrvConfig.cmake
[1.991s] -- Up-to-date: /home/siddhant/mrt_ws/install/custommsgsrv/share/custommsgsrv/cmake/custommsgsrvConfig-version.cmake
[1.991s] -- Up-to-date: /home/siddhant/mrt_ws/install/custommsgsrv/share/custommsgsrv/package.xml
[1.991s] Invoked command in '/home/siddhant/mrt_ws/build/custommsgsrv' returned '0': CMAKE_PREFIX_PATH=${CMAKE_PREFIX_PATH}:/home/siddhant/mrt_ws/install/sauron:/home/siddhant/mrt_ws/install/arucoasmt:/opt/ros/humble /usr/bin/cmake --install /home/siddhant/mrt_ws/build/custommsgsrv
