[0.023s] Invoking command in '/home/siddhant/mrt_ws/build/custommsgsrv': CMAKE_PREFIX_PATH=${CMAKE_PREFIX_PATH}:/home/siddhant/mrt_ws/install/sauron:/home/siddhant/mrt_ws/install/arucoasmt:/opt/ros/humble /usr/bin/cmake --build /home/siddhant/mrt_ws/build/custommsgsrv -- -j4 -l4
[0.070s] -- Found ament_cmake: 1.3.10 (/opt/ros/humble/share/ament_cmake/cmake)
[0.304s] -- Found geometry_msgs: 4.2.4 (/opt/ros/humble/share/geometry_msgs/cmake)
[0.373s] -- Found rosidl_generator_c: 3.1.5 (/opt/ros/humble/share/rosidl_generator_c/cmake)
[0.379s] -- Found rosidl_adapter: 3.1.5 (/opt/ros/humble/share/rosidl_adapter/cmake)
[0.393s] -- Found rosidl_generator_cpp: 3.1.5 (/opt/ros/humble/share/rosidl_generator_cpp/cmake)
[0.414s] -- Using all available rosidl_typesupport_c: rosidl_typesupport_fastrtps_c;rosidl_typesupport_introspection_c
[0.442s] -- Using all available rosidl_typesupport_cpp: rosidl_typesupport_fastrtps_cpp;rosidl_typesupport_introspection_cpp
[0.510s] -- Found rosidl_default_generators: 1.2.0 (/opt/ros/humble/share/rosidl_default_generators/cmake)
[1.078s] -- Found ament_cmake_ros: 0.10.0 (/opt/ros/humble/share/ament_cmake_ros/cmake)
[1.730s] -- Using all available rosidl_typesupport_c: rosidl_typesupport_fastrtps_c;rosidl_typesupport_introspection_c
[1.997s] -- Using all available rosidl_typesupport_cpp: rosidl_typesupport_fastrtps_cpp;rosidl_typesupport_introspection_cpp
[2.029s] -- Found python_cmake_module: 0.10.0 (/opt/ros/humble/share/python_cmake_module/cmake)
[2.070s] -- Using PYTHON_EXECUTABLE: /usr/bin/python3
[2.070s] -- Using PYTHON_INCLUDE_DIRS: /usr/include/python3.10
[2.070s] -- Using PYTHON_LIBRARIES: /usr/lib/x86_64-linux-gnu/libpython3.10.so
[2.131s] -- Found ament_lint_auto: 0.12.11 (/opt/ros/humble/share/ament_lint_auto/cmake)
[2.156s] -- Added test 'lint_cmake' to check CMake code style
[2.158s] -- Added test 'xmllint' to check XML markup files
[2.162s] -- Configuring done
[2.225s] -- Generating done
[2.231s] -- Build files have been written to: /home/siddhant/mrt_ws/build/custommsgsrv
[2.275s] [  1%] [34m[1mGenerating C code for ROS interfaces[0m
[2.291s] [  3%] [34m[1mGenerating C++ code for ROS interfaces[0m
[2.312s] [  3%] Built target ament_cmake_python_copy_custommsgsrv
[2.811s] running egg_info
[2.815s] writing custommsgsrv.egg-info/PKG-INFO
[2.817s] writing dependency_links to custommsgsrv.egg-info/dependency_links.txt
[2.819s] writing top-level names to custommsgsrv.egg-info/top_level.txt
[2.825s] reading manifest file 'custommsgsrv.egg-info/SOURCES.txt'
[2.825s] writing manifest file 'custommsgsrv.egg-info/SOURCES.txt'
[2.887s] [  3%] Built target ament_cmake_python_build_custommsgsrv_egg
[3.149s] [  3%] Built target custommsgsrv__cpp
[3.169s] [  5%] [34m[1mGenerating C++ type support dispatch for ROS interfaces[0m
[3.177s] [  7%] [34m[1mGenerating C++ type support for eProsima Fast-RTPS[0m
[3.183s] [  9%] [34m[1mGenerating C++ introspection for ROS interfaces[0m
[3.399s] [35m[1mConsolidate compiler generated dependencies of target custommsgsrv__rosidl_generator_c[0m
[3.447s] [ 10%] [32mBuilding C object CMakeFiles/custommsgsrv__rosidl_generator_c.dir/rosidl_generator_c/custommsgsrv/msg/detail/num__functions.c.o[0m
[3.660s] [ 12%] [32mBuilding C object CMakeFiles/custommsgsrv__rosidl_generator_c.dir/rosidl_generator_c/custommsgsrv/msg/detail/sphere__functions.c.o[0m
[3.765s] [ 14%] [32mBuilding C object CMakeFiles/custommsgsrv__rosidl_generator_c.dir/rosidl_generator_c/custommsgsrv/srv/detail/hypo__functions.c.o[0m
[3.813s] [35m[1mConsolidate compiler generated dependencies of target custommsgsrv__rosidl_typesupport_cpp[0m
[3.848s] [ 16%] [32mBuilding CXX object CMakeFiles/custommsgsrv__rosidl_typesupport_cpp.dir/rosidl_typesupport_cpp/custommsgsrv/msg/num__type_support.cpp.o[0m
[3.881s] [ 18%] [32mBuilding C object CMakeFiles/custommsgsrv__rosidl_generator_c.dir/rosidl_generator_c/custommsgsrv/srv/detail/dimensions__functions.c.o[0m
[3.917s] In file included from [01m[K/home/siddhant/mrt_ws/build/custommsgsrv/rosidl_generator_c/custommsgsrv/srv/detail/dimensions__functions.h:19[m[K,
[3.918s]                  from [01m[K/home/siddhant/mrt_ws/build/custommsgsrv/rosidl_generator_c/custommsgsrv/srv/detail/dimensions__functions.c:4[m[K:
[3.918s] [01m[K/home/siddhant/mrt_ws/build/custommsgsrv/rosidl_generator_c/custommsgsrv/srv/detail/dimensions__struct.h:22:10:[m[K [01;31m[Kfatal error: [m[Ksensor_msgs/msg/detail/image__struct.h: No such file or directory
[3.918s]    22 | #include [01;31m[K"sensor_msgs/msg/detail/image__struct.h"[m[K
[3.918s]       |          [01;31m[K^~~~~~~~~~~~~~~~~~~~~~~~~~~~~~~~~~~~~~~~[m[K
[3.918s] compilation terminated.
[3.922s] gmake[2]: *** [CMakeFiles/custommsgsrv__rosidl_generator_c.dir/build.make:255: CMakeFiles/custommsgsrv__rosidl_generator_c.dir/rosidl_generator_c/custommsgsrv/srv/detail/dimensions__functions.c.o] Error 1
[3.922s] gmake[1]: *** [CMakeFiles/Makefile2:213: CMakeFiles/custommsgsrv__rosidl_generator_c.dir/all] Error 2
[3.923s] gmake[1]: *** Waiting for unfinished jobs....
[3.939s] [ 20%] [32mBuilding CXX object CMakeFiles/custommsgsrv__rosidl_typesupport_cpp.dir/rosidl_typesupport_cpp/custommsgsrv/msg/sphere__type_support.cpp.o[0m
[4.054s] [35m[1mConsolidate compiler generated dependencies of target custommsgsrv__rosidl_typesupport_introspection_cpp[0m
[4.088s] [ 21%] [32mBuilding CXX object CMakeFiles/custommsgsrv__rosidl_typesupport_introspection_cpp.dir/rosidl_typesupport_introspection_cpp/custommsgsrv/msg/detail/num__type_support.cpp.o[0m
[4.170s] [35m[1mConsolidate compiler generated dependencies of target custommsgsrv__rosidl_typesupport_fastrtps_cpp[0m
[4.202s] [ 23%] [32mBuilding CXX object CMakeFiles/custommsgsrv__rosidl_typesupport_fastrtps_cpp.dir/rosidl_typesupport_fastrtps_cpp/custommsgsrv/msg/detail/dds_fastrtps/num__type_support.cpp.o[0m
[4.498s] [ 25%] [32mBuilding CXX object CMakeFiles/custommsgsrv__rosidl_typesupport_fastrtps_cpp.dir/rosidl_typesupport_fastrtps_cpp/custommsgsrv/msg/detail/dds_fastrtps/sphere__type_support.cpp.o[0m
[4.509s] [ 27%] [32mBuilding CXX object CMakeFiles/custommsgsrv__rosidl_typesupport_cpp.dir/rosidl_typesupport_cpp/custommsgsrv/srv/hypo__type_support.cpp.o[0m
[4.837s] [ 29%] [32mBuilding CXX object CMakeFiles/custommsgsrv__rosidl_typesupport_introspection_cpp.dir/rosidl_typesupport_introspection_cpp/custommsgsrv/msg/detail/sphere__type_support.cpp.o[0m
[5.018s] [ 30%] [32mBuilding CXX object CMakeFiles/custommsgsrv__rosidl_typesupport_cpp.dir/rosidl_typesupport_cpp/custommsgsrv/srv/dimensions__type_support.cpp.o[0m
[5.110s] [ 32%] [32mBuilding CXX object CMakeFiles/custommsgsrv__rosidl_typesupport_introspection_cpp.dir/rosidl_typesupport_introspection_cpp/custommsgsrv/srv/detail/hypo__type_support.cpp.o[0m
[5.154s] In file included from [01m[K/home/siddhant/mrt_ws/build/custommsgsrv/rosidl_typesupport_cpp/custommsgsrv/srv/dimensions__type_support.cpp:7[m[K:
[5.154s] [01m[K/home/siddhant/mrt_ws/build/custommsgsrv/rosidl_generator_cpp/custommsgsrv/srv/detail/dimensions__struct.hpp:20:10:[m[K [01;31m[Kfatal error: [m[Ksensor_msgs/msg/detail/image__struct.hpp: No such file or directory
[5.154s]    20 | #include [01;31m[K"sensor_msgs/msg/detail/image__struct.hpp"[m[K
[5.154s]       |          [01;31m[K^~~~~~~~~~~~~~~~~~~~~~~~~~~~~~~~~~~~~~~~~~[m[K
[5.154s] compilation terminated.
[5.157s] gmake[2]: *** [CMakeFiles/custommsgsrv__rosidl_typesupport_cpp.dir/build.make:200: CMakeFiles/custommsgsrv__rosidl_typesupport_cpp.dir/rosidl_typesupport_cpp/custommsgsrv/srv/dimensions__type_support.cpp.o] Error 1
[5.158s] gmake[1]: *** [CMakeFiles/Makefile2:395: CMakeFiles/custommsgsrv__rosidl_typesupport_cpp.dir/all] Error 2
[5.176s] [ 34%] [32mBuilding CXX object CMakeFiles/custommsgsrv__rosidl_typesupport_introspection_cpp.dir/rosidl_typesupport_introspection_cpp/custommsgsrv/srv/detail/dimensions__type_support.cpp.o[0m
[5.262s] [ 36%] [32mBuilding CXX object CMakeFiles/custommsgsrv__rosidl_typesupport_fastrtps_cpp.dir/rosidl_typesupport_fastrtps_cpp/custommsgsrv/srv/detail/dds_fastrtps/hypo__type_support.cpp.o[0m
[5.303s] In file included from [01m[K/home/siddhant/mrt_ws/build/custommsgsrv/rosidl_typesupport_introspection_cpp/custommsgsrv/srv/detail/dimensions__type_support.cpp:12[m[K:
[5.303s] [01m[K/home/siddhant/mrt_ws/build/custommsgsrv/rosidl_generator_cpp/custommsgsrv/srv/detail/dimensions__struct.hpp:20:10:[m[K [01;31m[Kfatal error: [m[Ksensor_msgs/msg/detail/image__struct.hpp: No such file or directory
[5.303s]    20 | #include [01;31m[K"sensor_msgs/msg/detail/image__struct.hpp"[m[K
[5.304s]       |          [01;31m[K^~~~~~~~~~~~~~~~~~~~~~~~~~~~~~~~~~~~~~~~~~[m[K
[5.304s] compilation terminated.
[5.308s] gmake[2]: *** [CMakeFiles/custommsgsrv__rosidl_typesupport_introspection_cpp.dir/build.make:214: CMakeFiles/custommsgsrv__rosidl_typesupport_introspection_cpp.dir/rosidl_typesupport_introspection_cpp/custommsgsrv/srv/detail/dimensions__type_support.cpp.o] Error 1
[5.310s] gmake[2]: *** Waiting for unfinished jobs....
[5.325s] [ 38%] [32mBuilding CXX object CMakeFiles/custommsgsrv__rosidl_typesupport_fastrtps_cpp.dir/rosidl_typesupport_fastrtps_cpp/custommsgsrv/srv/detail/dds_fastrtps/dimensions__type_support.cpp.o[0m
[5.435s] In file included from [01m[K/home/siddhant/mrt_ws/build/custommsgsrv/rosidl_typesupport_fastrtps_cpp/custommsgsrv/srv/detail/dimensions__rosidl_typesupport_fastrtps_cpp.hpp:11[m[K,
[5.436s]                  from [01m[K/home/siddhant/mrt_ws/build/custommsgsrv/rosidl_typesupport_fastrtps_cpp/custommsgsrv/srv/detail/dds_fastrtps/dimensions__type_support.cpp:4[m[K:
[5.437s] [01m[K/home/siddhant/mrt_ws/build/custommsgsrv/rosidl_generator_cpp/custommsgsrv/srv/detail/dimensions__struct.hpp:20:10:[m[K [01;31m[Kfatal error: [m[Ksensor_msgs/msg/detail/image__struct.hpp: No such file or directory
[5.437s]    20 | #include [01;31m[K"sensor_msgs/msg/detail/image__struct.hpp"[m[K
[5.439s]       |          [01;31m[K^~~~~~~~~~~~~~~~~~~~~~~~~~~~~~~~~~~~~~~~~~[m[K
[5.440s] compilation terminated.
[5.441s] gmake[2]: *** [CMakeFiles/custommsgsrv__rosidl_typesupport_fastrtps_cpp.dir/build.make:214: CMakeFiles/custommsgsrv__rosidl_typesupport_fastrtps_cpp.dir/rosidl_typesupport_fastrtps_cpp/custommsgsrv/srv/detail/dds_fastrtps/dimensions__type_support.cpp.o] Error 1
[5.442s] gmake[2]: *** Waiting for unfinished jobs....
[5.773s] gmake[1]: *** [CMakeFiles/Makefile2:369: CMakeFiles/custommsgsrv__rosidl_typesupport_introspection_cpp.dir/all] Error 2
[5.832s] gmake[1]: *** [CMakeFiles/Makefile2:291: CMakeFiles/custommsgsrv__rosidl_typesupport_fastrtps_cpp.dir/all] Error 2
[5.832s] gmake: *** [Makefile:146: all] Error 2
[5.839s] Invoked command in '/home/siddhant/mrt_ws/build/custommsgsrv' returned '2': CMAKE_PREFIX_PATH=${CMAKE_PREFIX_PATH}:/home/siddhant/mrt_ws/install/sauron:/home/siddhant/mrt_ws/install/arucoasmt:/opt/ros/humble /usr/bin/cmake --build /home/siddhant/mrt_ws/build/custommsgsrv -- -j4 -l4
