[1.896s] Invoking command in '/home/siddhant/mrt_ws/src/sauron': PYTHONPATH=/home/siddhant/mrt_ws/build/sauron/prefix_override:/usr/lib/python3/dist-packages/colcon_core/task/python/colcon_distutils_commands:/home/siddhant/mrt_ws/install/sauron/lib/python3.10/site-packages:${PYTHONPATH} /usr/bin/python3 -W ignore:setup.py install is deprecated setup.py egg_info --egg-base ../../build/sauron build --build-base /home/siddhant/mrt_ws/build/sauron/build install --record /home/siddhant/mrt_ws/build/sauron/install.log --single-version-externally-managed install_data
[2.511s] running egg_info
[2.512s] writing ../../build/sauron/sauron.egg-info/PKG-INFO
[2.513s] writing dependency_links to ../../build/sauron/sauron.egg-info/dependency_links.txt
[2.514s] writing entry points to ../../build/sauron/sauron.egg-info/entry_points.txt
[2.515s] writing requirements to ../../build/sauron/sauron.egg-info/requires.txt
[2.515s] writing top-level names to ../../build/sauron/sauron.egg-info/top_level.txt
[2.524s] reading manifest file '../../build/sauron/sauron.egg-info/SOURCES.txt'
[2.526s] writing manifest file '../../build/sauron/sauron.egg-info/SOURCES.txt'
[2.526s] running build
[2.526s] running build_py
[2.528s] running install
[2.531s] running install_lib
[2.534s] running install_data
[2.536s] running install_egg_info
[2.544s] removing '/home/siddhant/mrt_ws/install/sauron/lib/python3.10/site-packages/sauron-0.0.0-py3.10.egg-info' (and everything under it)
[2.545s] Copying ../../build/sauron/sauron.egg-info to /home/siddhant/mrt_ws/install/sauron/lib/python3.10/site-packages/sauron-0.0.0-py3.10.egg-info
[2.554s] running install_scripts
[2.596s] Installing listener script to /home/siddhant/mrt_ws/install/sauron/lib/sauron
[2.596s] Installing talker1 script to /home/siddhant/mrt_ws/install/sauron/lib/sauron
[2.597s] Installing talker2 script to /home/siddhant/mrt_ws/install/sauron/lib/sauron
[2.598s] writing list of installed files to '/home/siddhant/mrt_ws/build/sauron/install.log'
[2.678s] Invoked command in '/home/siddhant/mrt_ws/src/sauron' returned '0': PYTHONPATH=/home/siddhant/mrt_ws/build/sauron/prefix_override:/usr/lib/python3/dist-packages/colcon_core/task/python/colcon_distutils_commands:/home/siddhant/mrt_ws/install/sauron/lib/python3.10/site-packages:${PYTHONPATH} /usr/bin/python3 -W ignore:setup.py install is deprecated setup.py egg_info --egg-base ../../build/sauron build --build-base /home/siddhant/mrt_ws/build/sauron/build install --record /home/siddhant/mrt_ws/build/sauron/install.log --single-version-externally-managed install_data
