[1.044s] Invoking command in '/home/siddhant/mrt_ws/src/sauron': PYTHONPATH=/home/siddhant/mrt_ws/build/sauron/prefix_override:/usr/lib/python3/dist-packages/colcon_core/task/python/colcon_distutils_commands:/home/siddhant/mrt_ws/install/sauron/lib/python3.10/site-packages:${PYTHONPATH} /usr/bin/python3 -W ignore:setup.py install is deprecated setup.py egg_info --egg-base ../../build/sauron build --build-base /home/siddhant/mrt_ws/build/sauron/build install --record /home/siddhant/mrt_ws/build/sauron/install.log --single-version-externally-managed install_data
[1.438s] running egg_info
[1.439s] writing ../../build/sauron/sauron.egg-info/PKG-INFO
[1.440s] writing dependency_links to ../../build/sauron/sauron.egg-info/dependency_links.txt
[1.440s] writing entry points to ../../build/sauron/sauron.egg-info/entry_points.txt
[1.440s] writing requirements to ../../build/sauron/sauron.egg-info/requires.txt
[1.440s] writing top-level names to ../../build/sauron/sauron.egg-info/top_level.txt
[1.443s] reading manifest file '../../build/sauron/sauron.egg-info/SOURCES.txt'
[1.444s] writing manifest file '../../build/sauron/sauron.egg-info/SOURCES.txt'
[1.445s] running build
[1.445s] running build_py
[1.445s] running install
[1.446s] running install_lib
[1.448s] running install_data
[1.449s] running install_egg_info
[1.451s] removing '/home/siddhant/mrt_ws/install/sauron/lib/python3.10/site-packages/sauron-0.0.0-py3.10.egg-info' (and everything under it)
[1.452s] Copying ../../build/sauron/sauron.egg-info to /home/siddhant/mrt_ws/install/sauron/lib/python3.10/site-packages/sauron-0.0.0-py3.10.egg-info
[1.454s] running install_scripts
[1.488s] Installing listener script to /home/siddhant/mrt_ws/install/sauron/lib/sauron
[1.488s] Installing talker1 script to /home/siddhant/mrt_ws/install/sauron/lib/sauron
[1.488s] Installing talker2 script to /home/siddhant/mrt_ws/install/sauron/lib/sauron
[1.488s] writing list of installed files to '/home/siddhant/mrt_ws/build/sauron/install.log'
[1.871s] Invoked command in '/home/siddhant/mrt_ws/src/sauron' returned '0': PYTHONPATH=/home/siddhant/mrt_ws/build/sauron/prefix_override:/usr/lib/python3/dist-packages/colcon_core/task/python/colcon_distutils_commands:/home/siddhant/mrt_ws/install/sauron/lib/python3.10/site-packages:${PYTHONPATH} /usr/bin/python3 -W ignore:setup.py install is deprecated setup.py egg_info --egg-base ../../build/sauron build --build-base /home/siddhant/mrt_ws/build/sauron/build install --record /home/siddhant/mrt_ws/build/sauron/install.log --single-version-externally-managed install_data
