[1.150s] Invoking command in '/home/siddhant/mrt_ws/src/sauron': PYTHONPATH=/home/siddhant/mrt_ws/build/sauron/prefix_override:/usr/lib/python3/dist-packages/colcon_core/task/python/colcon_distutils_commands:/home/siddhant/mrt_ws/install/sauron/lib/python3.10/site-packages:${PYTHONPATH} /usr/bin/python3 -W ignore:setup.py install is deprecated setup.py egg_info --egg-base ../../build/sauron build --build-base /home/siddhant/mrt_ws/build/sauron/build install --record /home/siddhant/mrt_ws/build/sauron/install.log --single-version-externally-managed install_data
[1.588s] running egg_info
[1.589s] creating ../../build/sauron/sauron.egg-info
[1.590s] writing ../../build/sauron/sauron.egg-info/PKG-INFO
[1.590s] writing dependency_links to ../../build/sauron/sauron.egg-info/dependency_links.txt
[1.591s] writing entry points to ../../build/sauron/sauron.egg-info/entry_points.txt
[1.591s] writing requirements to ../../build/sauron/sauron.egg-info/requires.txt
[1.591s] writing top-level names to ../../build/sauron/sauron.egg-info/top_level.txt
[1.592s] writing manifest file '../../build/sauron/sauron.egg-info/SOURCES.txt'
[1.595s] reading manifest file '../../build/sauron/sauron.egg-info/SOURCES.txt'
[1.597s] writing manifest file '../../build/sauron/sauron.egg-info/SOURCES.txt'
[1.597s] running build
[1.597s] running build_py
[1.598s] creating /home/siddhant/mrt_ws/build/sauron/build
[1.598s] creating /home/siddhant/mrt_ws/build/sauron/build/lib
[1.598s] creating /home/siddhant/mrt_ws/build/sauron/build/lib/sauron
[1.599s] copying sauron/talker2.py -> /home/siddhant/mrt_ws/build/sauron/build/lib/sauron
[1.599s] copying sauron/talker1.py -> /home/siddhant/mrt_ws/build/sauron/build/lib/sauron
[1.599s] copying sauron/__init__.py -> /home/siddhant/mrt_ws/build/sauron/build/lib/sauron
[1.599s] copying sauron/listener.py -> /home/siddhant/mrt_ws/build/sauron/build/lib/sauron
[1.600s] running install
[1.600s] running install_lib
[1.602s] creating /home/siddhant/mrt_ws/install/sauron/lib/python3.10/site-packages/sauron
[1.603s] copying /home/siddhant/mrt_ws/build/sauron/build/lib/sauron/talker2.py -> /home/siddhant/mrt_ws/install/sauron/lib/python3.10/site-packages/sauron
[1.603s] copying /home/siddhant/mrt_ws/build/sauron/build/lib/sauron/talker1.py -> /home/siddhant/mrt_ws/install/sauron/lib/python3.10/site-packages/sauron
[1.603s] copying /home/siddhant/mrt_ws/build/sauron/build/lib/sauron/__init__.py -> /home/siddhant/mrt_ws/install/sauron/lib/python3.10/site-packages/sauron
[1.603s] copying /home/siddhant/mrt_ws/build/sauron/build/lib/sauron/listener.py -> /home/siddhant/mrt_ws/install/sauron/lib/python3.10/site-packages/sauron
[1.605s] byte-compiling /home/siddhant/mrt_ws/install/sauron/lib/python3.10/site-packages/sauron/talker2.py to talker2.cpython-310.pyc
[1.606s] byte-compiling /home/siddhant/mrt_ws/install/sauron/lib/python3.10/site-packages/sauron/talker1.py to talker1.cpython-310.pyc
[1.607s] byte-compiling /home/siddhant/mrt_ws/install/sauron/lib/python3.10/site-packages/sauron/__init__.py to __init__.cpython-310.pyc
[1.608s] byte-compiling /home/siddhant/mrt_ws/install/sauron/lib/python3.10/site-packages/sauron/listener.py to listener.cpython-310.pyc
[1.608s] running install_data
[1.608s] creating /home/siddhant/mrt_ws/install/sauron/share/ament_index
[1.608s] creating /home/siddhant/mrt_ws/install/sauron/share/ament_index/resource_index
[1.609s] creating /home/siddhant/mrt_ws/install/sauron/share/ament_index/resource_index/packages
[1.609s] copying resource/sauron -> /home/siddhant/mrt_ws/install/sauron/share/ament_index/resource_index/packages
[1.609s] copying package.xml -> /home/siddhant/mrt_ws/install/sauron/share/sauron
[1.610s] creating /home/siddhant/mrt_ws/install/sauron/share/sauron/launch
[1.610s] copying launch/launcher.py -> /home/siddhant/mrt_ws/install/sauron/share/sauron/launch
[1.610s] running install_egg_info
[1.614s] Copying ../../build/sauron/sauron.egg-info to /home/siddhant/mrt_ws/install/sauron/lib/python3.10/site-packages/sauron-0.0.0-py3.10.egg-info
[1.616s] running install_scripts
[1.663s] Installing listener script to /home/siddhant/mrt_ws/install/sauron/lib/sauron
[1.664s] Installing talker1 script to /home/siddhant/mrt_ws/install/sauron/lib/sauron
[1.664s] Installing talker2 script to /home/siddhant/mrt_ws/install/sauron/lib/sauron
[1.665s] writing list of installed files to '/home/siddhant/mrt_ws/build/sauron/install.log'
[1.727s] Invoked command in '/home/siddhant/mrt_ws/src/sauron' returned '0': PYTHONPATH=/home/siddhant/mrt_ws/build/sauron/prefix_override:/usr/lib/python3/dist-packages/colcon_core/task/python/colcon_distutils_commands:/home/siddhant/mrt_ws/install/sauron/lib/python3.10/site-packages:${PYTHONPATH} /usr/bin/python3 -W ignore:setup.py install is deprecated setup.py egg_info --egg-base ../../build/sauron build --build-base /home/siddhant/mrt_ws/build/sauron/build install --record /home/siddhant/mrt_ws/build/sauron/install.log --single-version-externally-managed install_data
