running egg_info
creating ../../build/arucoasmt/arucoasmt.egg-info
writing ../../build/arucoasmt/arucoasmt.egg-info/PKG-INFO
writing dependency_links to ../../build/arucoasmt/arucoasmt.egg-info/dependency_links.txt
writing entry points to ../../build/arucoasmt/arucoasmt.egg-info/entry_points.txt
writing requirements to ../../build/arucoasmt/arucoasmt.egg-info/requires.txt
writing top-level names to ../../build/arucoasmt/arucoasmt.egg-info/top_level.txt
writing manifest file '../../build/arucoasmt/arucoasmt.egg-info/SOURCES.txt'
reading manifest file '../../build/arucoasmt/arucoasmt.egg-info/SOURCES.txt'
writing manifest file '../../build/arucoasmt/arucoasmt.egg-info/SOURCES.txt'
running build
running build_py
creating /home/siddhant/mrt_ws/build/arucoasmt/build
creating /home/siddhant/mrt_ws/build/arucoasmt/build/lib
creating /home/siddhant/mrt_ws/build/arucoasmt/build/lib/arucoasmt
copying arucoasmt/__init__.py -> /home/siddhant/mrt_ws/build/arucoasmt/build/lib/arucoasmt
running install
running install_lib
creating /home/siddhant/mrt_ws/install/arucoasmt/lib/python3.10/site-packages/arucoasmt
copying /home/siddhant/mrt_ws/build/arucoasmt/build/lib/arucoasmt/__init__.py -> /home/siddhant/mrt_ws/install/arucoasmt/lib/python3.10/site-packages/arucoasmt
byte-compiling /home/siddhant/mrt_ws/install/arucoasmt/lib/python3.10/site-packages/arucoasmt/__init__.py to __init__.cpython-310.pyc
running install_data
creating /home/siddhant/mrt_ws/install/arucoasmt/share/ament_index
creating /home/siddhant/mrt_ws/install/arucoasmt/share/ament_index/resource_index
creating /home/siddhant/mrt_ws/install/arucoasmt/share/ament_index/resource_index/packages
copying resource/arucoasmt -> /home/siddhant/mrt_ws/install/arucoasmt/share/ament_index/resource_index/packages
copying package.xml -> /home/siddhant/mrt_ws/install/arucoasmt/share/arucoasmt
running install_egg_info
Copying ../../build/arucoasmt/arucoasmt.egg-info to /home/siddhant/mrt_ws/install/arucoasmt/lib/python3.10/site-packages/arucoasmt-0.0.0-py3.10.egg-info
running install_scripts
writing list of installed files to '/home/siddhant/mrt_ws/build/arucoasmt/install.log'
