[1.896s] Invoking command in '/home/siddhant/mrt_ws/src/arucoasmt': PYTHONPATH=/home/siddhant/mrt_ws/build/arucoasmt/prefix_override:/usr/lib/python3/dist-packages/colcon_core/task/python/colcon_distutils_commands:/home/siddhant/mrt_ws/install/arucoasmt/lib/python3.10/site-packages:${PYTHONPATH} /usr/bin/python3 -W ignore:setup.py install is deprecated setup.py egg_info --egg-base ../../build/arucoasmt build --build-base /home/siddhant/mrt_ws/build/arucoasmt/build install --record /home/siddhant/mrt_ws/build/arucoasmt/install.log --single-version-externally-managed install_data
[2.398s] running egg_info
[2.400s] creating ../../build/arucoasmt/arucoasmt.egg-info
[2.400s] writing ../../build/arucoasmt/arucoasmt.egg-info/PKG-INFO
[2.401s] writing dependency_links to ../../build/arucoasmt/arucoasmt.egg-info/dependency_links.txt
[2.402s] writing entry points to ../../build/arucoasmt/arucoasmt.egg-info/entry_points.txt
[2.402s] writing requirements to ../../build/arucoasmt/arucoasmt.egg-info/requires.txt
[2.402s] writing top-level names to ../../build/arucoasmt/arucoasmt.egg-info/top_level.txt
[2.403s] writing manifest file '../../build/arucoasmt/arucoasmt.egg-info/SOURCES.txt'
[2.406s] reading manifest file '../../build/arucoasmt/arucoasmt.egg-info/SOURCES.txt'
[2.408s] writing manifest file '../../build/arucoasmt/arucoasmt.egg-info/SOURCES.txt'
[2.408s] running build
[2.409s] running build_py
[2.409s] creating /home/siddhant/mrt_ws/build/arucoasmt/build
[2.409s] creating /home/siddhant/mrt_ws/build/arucoasmt/build/lib
[2.409s] creating /home/siddhant/mrt_ws/build/arucoasmt/build/lib/arucoasmt
[2.410s] copying arucoasmt/__init__.py -> /home/siddhant/mrt_ws/build/arucoasmt/build/lib/arucoasmt
[2.410s] running install
[2.411s] running install_lib
[2.413s] creating /home/siddhant/mrt_ws/install/arucoasmt/lib/python3.10/site-packages/arucoasmt
[2.413s] copying /home/siddhant/mrt_ws/build/arucoasmt/build/lib/arucoasmt/__init__.py -> /home/siddhant/mrt_ws/install/arucoasmt/lib/python3.10/site-packages/arucoasmt
[2.415s] byte-compiling /home/siddhant/mrt_ws/install/arucoasmt/lib/python3.10/site-packages/arucoasmt/__init__.py to __init__.cpython-310.pyc
[2.415s] running install_data
[2.416s] creating /home/siddhant/mrt_ws/install/arucoasmt/share/ament_index
[2.416s] creating /home/siddhant/mrt_ws/install/arucoasmt/share/ament_index/resource_index
[2.416s] creating /home/siddhant/mrt_ws/install/arucoasmt/share/ament_index/resource_index/packages
[2.416s] copying resource/arucoasmt -> /home/siddhant/mrt_ws/install/arucoasmt/share/ament_index/resource_index/packages
[2.417s] copying package.xml -> /home/siddhant/mrt_ws/install/arucoasmt/share/arucoasmt
[2.417s] running install_egg_info
[2.421s] Copying ../../build/arucoasmt/arucoasmt.egg-info to /home/siddhant/mrt_ws/install/arucoasmt/lib/python3.10/site-packages/arucoasmt-0.0.0-py3.10.egg-info
[2.423s] running install_scripts
[2.476s] writing list of installed files to '/home/siddhant/mrt_ws/build/arucoasmt/install.log'
[2.580s] Invoked command in '/home/siddhant/mrt_ws/src/arucoasmt' returned '0': PYTHONPATH=/home/siddhant/mrt_ws/build/arucoasmt/prefix_override:/usr/lib/python3/dist-packages/colcon_core/task/python/colcon_distutils_commands:/home/siddhant/mrt_ws/install/arucoasmt/lib/python3.10/site-packages:${PYTHONPATH} /usr/bin/python3 -W ignore:setup.py install is deprecated setup.py egg_info --egg-base ../../build/arucoasmt build --build-base /home/siddhant/mrt_ws/build/arucoasmt/build install --record /home/siddhant/mrt_ws/build/arucoasmt/install.log --single-version-externally-managed install_data
