[0.025s] Invoking command in '/home/siddhant/mrt_ws/build/custommsgsrv': CMAKE_PREFIX_PATH=${CMAKE_PREFIX_PATH}:/home/siddhant/mrt_ws/install/sauron:/home/siddhant/mrt_ws/install/arucoasmt:/opt/ros/humble /usr/bin/cmake --build /home/siddhant/mrt_ws/build/custommsgsrv -- -j4 -l4
[0.197s] [  2%] Built target custommsgsrv__cpp
[0.214s] [ 12%] Built target custommsgsrv__rosidl_generator_c
[0.230s] [ 12%] Built target ament_cmake_python_copy_custommsgsrv
[0.290s] [ 23%] Built target custommsgsrv__rosidl_typesupport_introspection_cpp
[0.294s] [ 34%] Built target custommsgsrv__rosidl_typesupport_fastrtps_cpp
[0.302s] [ 44%] Built target custommsgsrv__rosidl_typesupport_cpp
[0.333s] [ 55%] Built target custommsgsrv__rosidl_typesupport_fastrtps_c
[0.365s] [ 76%] Built target custommsgsrv__rosidl_typesupport_introspection_c
[0.365s] [ 76%] Built target custommsgsrv__rosidl_typesupport_c
[0.407s] [ 76%] Built target custommsgsrv
[0.463s] [ 78%] Built target custommsgsrv__py
[0.539s] [ 87%] Built target custommsgsrv__rosidl_generator_py
[0.607s] [ 91%] Built target custommsgsrv__rosidl_typesupport_introspection_c__pyext
[0.625s] [ 95%] Built target custommsgsrv__rosidl_typesupport_c__pyext
[0.629s] [100%] Built target custommsgsrv__rosidl_typesupport_fastrtps_c__pyext
[0.962s] running egg_info
[0.963s] writing custommsgsrv.egg-info/PKG-INFO
[0.963s] writing dependency_links to custommsgsrv.egg-info/dependency_links.txt
[0.964s] writing top-level names to custommsgsrv.egg-info/top_level.txt
[0.971s] reading manifest file 'custommsgsrv.egg-info/SOURCES.txt'
[0.973s] writing manifest file 'custommsgsrv.egg-info/SOURCES.txt'
[1.032s] [100%] Built target ament_cmake_python_build_custommsgsrv_egg
[1.058s] Invoked command in '/home/siddhant/mrt_ws/build/custommsgsrv' returned '0': CMAKE_PREFIX_PATH=${CMAKE_PREFIX_PATH}:/home/siddhant/mrt_ws/install/sauron:/home/siddhant/mrt_ws/install/arucoasmt:/opt/ros/humble /usr/bin/cmake --build /home/siddhant/mrt_ws/build/custommsgsrv -- -j4 -l4
[1.252s] Invoking command in '/home/siddhant/mrt_ws/build/custommsgsrv': CMAKE_PREFIX_PATH=${CMAKE_PREFIX_PATH}:/home/siddhant/mrt_ws/install/sauron:/home/siddhant/mrt_ws/install/arucoasmt:/opt/ros/humble /usr/bin/cmake --install /home/siddhant/mrt_ws/build/custommsgsrv
[1.262s] -- Install configuration: ""
[1.263s] -- Up-to-date: /home/siddhant/mrt_ws/install/custommsgsrv/share/ament_index/resource_index/rosidl_interfaces/custommsgsrv
[1.263s] -- Up-to-date: /home/siddhant/mrt_ws/install/custommsgsrv/include/custommsgsrv/custommsgsrv
[1.263s] -- Up-to-date: /home/siddhant/mrt_ws/install/custommsgsrv/include/custommsgsrv/custommsgsrv/srv
[1.263s] -- Up-to-date: /home/siddhant/mrt_ws/install/custommsgsrv/include/custommsgsrv/custommsgsrv/srv/detail
[1.264s] -- Up-to-date: /home/siddhant/mrt_ws/install/custommsgsrv/include/custommsgsrv/custommsgsrv/srv/detail/hypo__functions.c
[1.264s] -- Up-to-date: /home/siddhant/mrt_ws/install/custommsgsrv/include/custommsgsrv/custommsgsrv/srv/detail/hypo__struct.h
[1.264s] -- Up-to-date: /home/siddhant/mrt_ws/install/custommsgsrv/include/custommsgsrv/custommsgsrv/srv/detail/hypo__type_support.h
[1.264s] -- Up-to-date: /home/siddhant/mrt_ws/install/custommsgsrv/include/custommsgsrv/custommsgsrv/srv/detail/hypo__functions.h
[1.264s] -- Up-to-date: /home/siddhant/mrt_ws/install/custommsgsrv/include/custommsgsrv/custommsgsrv/srv/hypo.h
[1.265s] -- Up-to-date: /home/siddhant/mrt_ws/install/custommsgsrv/include/custommsgsrv/custommsgsrv/msg
[1.265s] -- Up-to-date: /home/siddhant/mrt_ws/install/custommsgsrv/include/custommsgsrv/custommsgsrv/msg/rosidl_generator_c__visibility_control.h
[1.265s] -- Up-to-date: /home/siddhant/mrt_ws/install/custommsgsrv/include/custommsgsrv/custommsgsrv/msg/num.h
[1.265s] -- Up-to-date: /home/siddhant/mrt_ws/install/custommsgsrv/include/custommsgsrv/custommsgsrv/msg/detail
[1.266s] -- Up-to-date: /home/siddhant/mrt_ws/install/custommsgsrv/include/custommsgsrv/custommsgsrv/msg/detail/sphere__type_support.h
[1.266s] -- Up-to-date: /home/siddhant/mrt_ws/install/custommsgsrv/include/custommsgsrv/custommsgsrv/msg/detail/num__type_support.h
[1.266s] -- Up-to-date: /home/siddhant/mrt_ws/install/custommsgsrv/include/custommsgsrv/custommsgsrv/msg/detail/num__struct.h
[1.266s] -- Up-to-date: /home/siddhant/mrt_ws/install/custommsgsrv/include/custommsgsrv/custommsgsrv/msg/detail/num__functions.h
[1.266s] -- Up-to-date: /home/siddhant/mrt_ws/install/custommsgsrv/include/custommsgsrv/custommsgsrv/msg/detail/sphere__struct.h
[1.266s] -- Up-to-date: /home/siddhant/mrt_ws/install/custommsgsrv/include/custommsgsrv/custommsgsrv/msg/detail/sphere__functions.h
[1.266s] -- Up-to-date: /home/siddhant/mrt_ws/install/custommsgsrv/include/custommsgsrv/custommsgsrv/msg/detail/num__functions.c
[1.266s] -- Up-to-date: /home/siddhant/mrt_ws/install/custommsgsrv/include/custommsgsrv/custommsgsrv/msg/detail/sphere__functions.c
[1.267s] -- Up-to-date: /home/siddhant/mrt_ws/install/custommsgsrv/include/custommsgsrv/custommsgsrv/msg/sphere.h
[1.267s] -- Up-to-date: /home/siddhant/mrt_ws/install/custommsgsrv/share/custommsgsrv/environment/library_path.sh
[1.267s] -- Up-to-date: /home/siddhant/mrt_ws/install/custommsgsrv/share/custommsgsrv/environment/library_path.dsv
[1.267s] -- Up-to-date: /home/siddhant/mrt_ws/install/custommsgsrv/lib/libcustommsgsrv__rosidl_generator_c.so
[1.267s] -- Up-to-date: /home/siddhant/mrt_ws/install/custommsgsrv/include/custommsgsrv/custommsgsrv
[1.268s] -- Up-to-date: /home/siddhant/mrt_ws/install/custommsgsrv/include/custommsgsrv/custommsgsrv/srv
[1.268s] -- Up-to-date: /home/siddhant/mrt_ws/install/custommsgsrv/include/custommsgsrv/custommsgsrv/srv/detail
[1.268s] -- Up-to-date: /home/siddhant/mrt_ws/install/custommsgsrv/include/custommsgsrv/custommsgsrv/srv/detail/hypo__rosidl_typesupport_fastrtps_c.h
[1.268s] -- Up-to-date: /home/siddhant/mrt_ws/install/custommsgsrv/include/custommsgsrv/custommsgsrv/msg
[1.269s] -- Up-to-date: /home/siddhant/mrt_ws/install/custommsgsrv/include/custommsgsrv/custommsgsrv/msg/detail
[1.269s] -- Up-to-date: /home/siddhant/mrt_ws/install/custommsgsrv/include/custommsgsrv/custommsgsrv/msg/detail/sphere__rosidl_typesupport_fastrtps_c.h
[1.269s] -- Up-to-date: /home/siddhant/mrt_ws/install/custommsgsrv/include/custommsgsrv/custommsgsrv/msg/detail/num__rosidl_typesupport_fastrtps_c.h
[1.269s] -- Up-to-date: /home/siddhant/mrt_ws/install/custommsgsrv/include/custommsgsrv/custommsgsrv/msg/rosidl_typesupport_fastrtps_c__visibility_control.h
[1.269s] -- Up-to-date: /home/siddhant/mrt_ws/install/custommsgsrv/lib/libcustommsgsrv__rosidl_typesupport_fastrtps_c.so
[1.269s] -- Up-to-date: /home/siddhant/mrt_ws/install/custommsgsrv/include/custommsgsrv/custommsgsrv
[1.269s] -- Up-to-date: /home/siddhant/mrt_ws/install/custommsgsrv/include/custommsgsrv/custommsgsrv/srv
[1.269s] -- Up-to-date: /home/siddhant/mrt_ws/install/custommsgsrv/include/custommsgsrv/custommsgsrv/srv/hypo.hpp
[1.269s] -- Up-to-date: /home/siddhant/mrt_ws/install/custommsgsrv/include/custommsgsrv/custommsgsrv/srv/detail
[1.270s] -- Up-to-date: /home/siddhant/mrt_ws/install/custommsgsrv/include/custommsgsrv/custommsgsrv/srv/detail/hypo__traits.hpp
[1.270s] -- Up-to-date: /home/siddhant/mrt_ws/install/custommsgsrv/include/custommsgsrv/custommsgsrv/srv/detail/hypo__struct.hpp
[1.270s] -- Up-to-date: /home/siddhant/mrt_ws/install/custommsgsrv/include/custommsgsrv/custommsgsrv/srv/detail/hypo__builder.hpp
[1.270s] -- Up-to-date: /home/siddhant/mrt_ws/install/custommsgsrv/include/custommsgsrv/custommsgsrv/msg
[1.270s] -- Up-to-date: /home/siddhant/mrt_ws/install/custommsgsrv/include/custommsgsrv/custommsgsrv/msg/sphere.hpp
[1.270s] -- Up-to-date: /home/siddhant/mrt_ws/install/custommsgsrv/include/custommsgsrv/custommsgsrv/msg/detail
[1.270s] -- Up-to-date: /home/siddhant/mrt_ws/install/custommsgsrv/include/custommsgsrv/custommsgsrv/msg/detail/num__struct.hpp
[1.270s] -- Up-to-date: /home/siddhant/mrt_ws/install/custommsgsrv/include/custommsgsrv/custommsgsrv/msg/detail/sphere__builder.hpp
[1.271s] -- Up-to-date: /home/siddhant/mrt_ws/install/custommsgsrv/include/custommsgsrv/custommsgsrv/msg/detail/num__traits.hpp
[1.271s] -- Up-to-date: /home/siddhant/mrt_ws/install/custommsgsrv/include/custommsgsrv/custommsgsrv/msg/detail/sphere__traits.hpp
[1.271s] -- Up-to-date: /home/siddhant/mrt_ws/install/custommsgsrv/include/custommsgsrv/custommsgsrv/msg/detail/num__builder.hpp
[1.271s] -- Up-to-date: /home/siddhant/mrt_ws/install/custommsgsrv/include/custommsgsrv/custommsgsrv/msg/detail/sphere__struct.hpp
[1.271s] -- Up-to-date: /home/siddhant/mrt_ws/install/custommsgsrv/include/custommsgsrv/custommsgsrv/msg/num.hpp
[1.271s] -- Up-to-date: /home/siddhant/mrt_ws/install/custommsgsrv/include/custommsgsrv/custommsgsrv
[1.272s] -- Up-to-date: /home/siddhant/mrt_ws/install/custommsgsrv/include/custommsgsrv/custommsgsrv/srv
[1.272s] -- Up-to-date: /home/siddhant/mrt_ws/install/custommsgsrv/include/custommsgsrv/custommsgsrv/srv/detail
[1.272s] -- Up-to-date: /home/siddhant/mrt_ws/install/custommsgsrv/include/custommsgsrv/custommsgsrv/srv/detail/hypo__rosidl_typesupport_fastrtps_cpp.hpp
[1.272s] -- Up-to-date: /home/siddhant/mrt_ws/install/custommsgsrv/include/custommsgsrv/custommsgsrv/srv/detail/dds_fastrtps
[1.272s] -- Up-to-date: /home/siddhant/mrt_ws/install/custommsgsrv/include/custommsgsrv/custommsgsrv/msg
[1.272s] -- Up-to-date: /home/siddhant/mrt_ws/install/custommsgsrv/include/custommsgsrv/custommsgsrv/msg/detail
[1.272s] -- Up-to-date: /home/siddhant/mrt_ws/install/custommsgsrv/include/custommsgsrv/custommsgsrv/msg/detail/num__rosidl_typesupport_fastrtps_cpp.hpp
[1.273s] -- Up-to-date: /home/siddhant/mrt_ws/install/custommsgsrv/include/custommsgsrv/custommsgsrv/msg/detail/dds_fastrtps
[1.273s] -- Up-to-date: /home/siddhant/mrt_ws/install/custommsgsrv/include/custommsgsrv/custommsgsrv/msg/detail/sphere__rosidl_typesupport_fastrtps_cpp.hpp
[1.273s] -- Up-to-date: /home/siddhant/mrt_ws/install/custommsgsrv/include/custommsgsrv/custommsgsrv/msg/rosidl_typesupport_fastrtps_cpp__visibility_control.h
[1.273s] -- Up-to-date: /home/siddhant/mrt_ws/install/custommsgsrv/lib/libcustommsgsrv__rosidl_typesupport_fastrtps_cpp.so
[1.273s] -- Up-to-date: /home/siddhant/mrt_ws/install/custommsgsrv/include/custommsgsrv/custommsgsrv
[1.274s] -- Up-to-date: /home/siddhant/mrt_ws/install/custommsgsrv/include/custommsgsrv/custommsgsrv/srv
[1.274s] -- Up-to-date: /home/siddhant/mrt_ws/install/custommsgsrv/include/custommsgsrv/custommsgsrv/srv/detail
[1.274s] -- Up-to-date: /home/siddhant/mrt_ws/install/custommsgsrv/include/custommsgsrv/custommsgsrv/srv/detail/hypo__rosidl_typesupport_introspection_c.h
[1.274s] -- Up-to-date: /home/siddhant/mrt_ws/install/custommsgsrv/include/custommsgsrv/custommsgsrv/srv/detail/hypo__type_support.c
[1.274s] -- Up-to-date: /home/siddhant/mrt_ws/install/custommsgsrv/include/custommsgsrv/custommsgsrv/msg
[1.274s] -- Up-to-date: /home/siddhant/mrt_ws/install/custommsgsrv/include/custommsgsrv/custommsgsrv/msg/detail
[1.275s] -- Up-to-date: /home/siddhant/mrt_ws/install/custommsgsrv/include/custommsgsrv/custommsgsrv/msg/detail/num__rosidl_typesupport_introspection_c.h
[1.275s] -- Up-to-date: /home/siddhant/mrt_ws/install/custommsgsrv/include/custommsgsrv/custommsgsrv/msg/detail/sphere__rosidl_typesupport_introspection_c.h
[1.275s] -- Up-to-date: /home/siddhant/mrt_ws/install/custommsgsrv/include/custommsgsrv/custommsgsrv/msg/detail/num__type_support.c
[1.275s] -- Up-to-date: /home/siddhant/mrt_ws/install/custommsgsrv/include/custommsgsrv/custommsgsrv/msg/detail/sphere__type_support.c
[1.275s] -- Up-to-date: /home/siddhant/mrt_ws/install/custommsgsrv/include/custommsgsrv/custommsgsrv/msg/rosidl_typesupport_introspection_c__visibility_control.h
[1.275s] -- Up-to-date: /home/siddhant/mrt_ws/install/custommsgsrv/lib/libcustommsgsrv__rosidl_typesupport_introspection_c.so
[1.275s] -- Up-to-date: /home/siddhant/mrt_ws/install/custommsgsrv/lib/libcustommsgsrv__rosidl_typesupport_c.so
[1.275s] -- Up-to-date: /home/siddhant/mrt_ws/install/custommsgsrv/include/custommsgsrv/custommsgsrv
[1.276s] -- Up-to-date: /home/siddhant/mrt_ws/install/custommsgsrv/include/custommsgsrv/custommsgsrv/srv
[1.276s] -- Up-to-date: /home/siddhant/mrt_ws/install/custommsgsrv/include/custommsgsrv/custommsgsrv/srv/detail
[1.276s] -- Up-to-date: /home/siddhant/mrt_ws/install/custommsgsrv/include/custommsgsrv/custommsgsrv/srv/detail/hypo__rosidl_typesupport_introspection_cpp.hpp
[1.276s] -- Up-to-date: /home/siddhant/mrt_ws/install/custommsgsrv/include/custommsgsrv/custommsgsrv/srv/detail/hypo__type_support.cpp
[1.276s] -- Up-to-date: /home/siddhant/mrt_ws/install/custommsgsrv/include/custommsgsrv/custommsgsrv/msg
[1.276s] -- Up-to-date: /home/siddhant/mrt_ws/install/custommsgsrv/include/custommsgsrv/custommsgsrv/msg/detail
[1.277s] -- Up-to-date: /home/siddhant/mrt_ws/install/custommsgsrv/include/custommsgsrv/custommsgsrv/msg/detail/sphere__rosidl_typesupport_introspection_cpp.hpp
[1.277s] -- Up-to-date: /home/siddhant/mrt_ws/install/custommsgsrv/include/custommsgsrv/custommsgsrv/msg/detail/num__rosidl_typesupport_introspection_cpp.hpp
[1.277s] -- Up-to-date: /home/siddhant/mrt_ws/install/custommsgsrv/include/custommsgsrv/custommsgsrv/msg/detail/num__type_support.cpp
[1.277s] -- Up-to-date: /home/siddhant/mrt_ws/install/custommsgsrv/include/custommsgsrv/custommsgsrv/msg/detail/sphere__type_support.cpp
[1.277s] -- Up-to-date: /home/siddhant/mrt_ws/install/custommsgsrv/lib/libcustommsgsrv__rosidl_typesupport_introspection_cpp.so
[1.277s] -- Up-to-date: /home/siddhant/mrt_ws/install/custommsgsrv/lib/libcustommsgsrv__rosidl_typesupport_cpp.so
[1.278s] -- Up-to-date: /home/siddhant/mrt_ws/install/custommsgsrv/share/custommsgsrv/environment/pythonpath.sh
[1.278s] -- Up-to-date: /home/siddhant/mrt_ws/install/custommsgsrv/share/custommsgsrv/environment/pythonpath.dsv
[1.278s] -- Up-to-date: /home/siddhant/mrt_ws/install/custommsgsrv/local/lib/python3.10/dist-packages/custommsgsrv-0.0.0-py3.10.egg-info
[1.278s] -- Installing: /home/siddhant/mrt_ws/install/custommsgsrv/local/lib/python3.10/dist-packages/custommsgsrv-0.0.0-py3.10.egg-info/SOURCES.txt
[1.278s] -- Installing: /home/siddhant/mrt_ws/install/custommsgsrv/local/lib/python3.10/dist-packages/custommsgsrv-0.0.0-py3.10.egg-info/PKG-INFO
[1.279s] -- Installing: /home/siddhant/mrt_ws/install/custommsgsrv/local/lib/python3.10/dist-packages/custommsgsrv-0.0.0-py3.10.egg-info/dependency_links.txt
[1.279s] -- Installing: /home/siddhant/mrt_ws/install/custommsgsrv/local/lib/python3.10/dist-packages/custommsgsrv-0.0.0-py3.10.egg-info/top_level.txt
[1.279s] -- Up-to-date: /home/siddhant/mrt_ws/install/custommsgsrv/local/lib/python3.10/dist-packages/custommsgsrv
[1.279s] -- Up-to-date: /home/siddhant/mrt_ws/install/custommsgsrv/local/lib/python3.10/dist-packages/custommsgsrv/srv
[1.279s] -- Up-to-date: /home/siddhant/mrt_ws/install/custommsgsrv/local/lib/python3.10/dist-packages/custommsgsrv/srv/_hypo.py
[1.280s] -- Up-to-date: /home/siddhant/mrt_ws/install/custommsgsrv/local/lib/python3.10/dist-packages/custommsgsrv/srv/__init__.py
[1.280s] -- Up-to-date: /home/siddhant/mrt_ws/install/custommsgsrv/local/lib/python3.10/dist-packages/custommsgsrv/srv/_hypo_s.c
[1.280s] -- Up-to-date: /home/siddhant/mrt_ws/install/custommsgsrv/local/lib/python3.10/dist-packages/custommsgsrv/custommsgsrv_s__rosidl_typesupport_fastrtps_c.cpython-310-x86_64-linux-gnu.so
[1.280s] -- Up-to-date: /home/siddhant/mrt_ws/install/custommsgsrv/local/lib/python3.10/dist-packages/custommsgsrv/__init__.py
[1.280s] -- Up-to-date: /home/siddhant/mrt_ws/install/custommsgsrv/local/lib/python3.10/dist-packages/custommsgsrv/custommsgsrv_s__rosidl_typesupport_c.cpython-310-x86_64-linux-gnu.so
[1.280s] -- Up-to-date: /home/siddhant/mrt_ws/install/custommsgsrv/local/lib/python3.10/dist-packages/custommsgsrv/_custommsgsrv_s.ep.rosidl_typesupport_introspection_c.c
[1.280s] -- Up-to-date: /home/siddhant/mrt_ws/install/custommsgsrv/local/lib/python3.10/dist-packages/custommsgsrv/custommsgsrv_s__rosidl_typesupport_introspection_c.cpython-310-x86_64-linux-gnu.so
[1.280s] -- Up-to-date: /home/siddhant/mrt_ws/install/custommsgsrv/local/lib/python3.10/dist-packages/custommsgsrv/_custommsgsrv_s.ep.rosidl_typesupport_c.c
[1.281s] -- Up-to-date: /home/siddhant/mrt_ws/install/custommsgsrv/local/lib/python3.10/dist-packages/custommsgsrv/libcustommsgsrv__rosidl_generator_py.so
[1.281s] -- Up-to-date: /home/siddhant/mrt_ws/install/custommsgsrv/local/lib/python3.10/dist-packages/custommsgsrv/_custommsgsrv_s.ep.rosidl_typesupport_fastrtps_c.c
[1.281s] -- Up-to-date: /home/siddhant/mrt_ws/install/custommsgsrv/local/lib/python3.10/dist-packages/custommsgsrv/msg
[1.281s] -- Up-to-date: /home/siddhant/mrt_ws/install/custommsgsrv/local/lib/python3.10/dist-packages/custommsgsrv/msg/_num.py
[1.281s] -- Up-to-date: /home/siddhant/mrt_ws/install/custommsgsrv/local/lib/python3.10/dist-packages/custommsgsrv/msg/_sphere_s.c
[1.281s] -- Up-to-date: /home/siddhant/mrt_ws/install/custommsgsrv/local/lib/python3.10/dist-packages/custommsgsrv/msg/__init__.py
[1.281s] -- Up-to-date: /home/siddhant/mrt_ws/install/custommsgsrv/local/lib/python3.10/dist-packages/custommsgsrv/msg/_num_s.c
[1.282s] -- Up-to-date: /home/siddhant/mrt_ws/install/custommsgsrv/local/lib/python3.10/dist-packages/custommsgsrv/msg/_sphere.py
[1.339s] Listing '/home/siddhant/mrt_ws/install/custommsgsrv/local/lib/python3.10/dist-packages/custommsgsrv'...
[1.340s] Listing '/home/siddhant/mrt_ws/install/custommsgsrv/local/lib/python3.10/dist-packages/custommsgsrv/msg'...
[1.340s] Listing '/home/siddhant/mrt_ws/install/custommsgsrv/local/lib/python3.10/dist-packages/custommsgsrv/srv'...
[1.348s] -- Up-to-date: /home/siddhant/mrt_ws/install/custommsgsrv/local/lib/python3.10/dist-packages/custommsgsrv/custommsgsrv_s__rosidl_typesupport_fastrtps_c.cpython-310-x86_64-linux-gnu.so
[1.349s] -- Up-to-date: /home/siddhant/mrt_ws/install/custommsgsrv/local/lib/python3.10/dist-packages/custommsgsrv/custommsgsrv_s__rosidl_typesupport_introspection_c.cpython-310-x86_64-linux-gnu.so
[1.350s] -- Up-to-date: /home/siddhant/mrt_ws/install/custommsgsrv/local/lib/python3.10/dist-packages/custommsgsrv/custommsgsrv_s__rosidl_typesupport_c.cpython-310-x86_64-linux-gnu.so
[1.351s] -- Up-to-date: /home/siddhant/mrt_ws/install/custommsgsrv/lib/libcustommsgsrv__rosidl_generator_py.so
[1.351s] -- Up-to-date: /home/siddhant/mrt_ws/install/custommsgsrv/share/custommsgsrv/msg/Num.idl
[1.352s] -- Up-to-date: /home/siddhant/mrt_ws/install/custommsgsrv/share/custommsgsrv/msg/Sphere.idl
[1.352s] -- Up-to-date: /home/siddhant/mrt_ws/install/custommsgsrv/share/custommsgsrv/srv/Hypo.idl
[1.352s] -- Up-to-date: /home/siddhant/mrt_ws/install/custommsgsrv/share/custommsgsrv/msg/Num.msg
[1.352s] -- Up-to-date: /home/siddhant/mrt_ws/install/custommsgsrv/share/custommsgsrv/msg/Sphere.msg
[1.352s] -- Up-to-date: /home/siddhant/mrt_ws/install/custommsgsrv/share/custommsgsrv/srv/Hypo.srv
[1.353s] -- Up-to-date: /home/siddhant/mrt_ws/install/custommsgsrv/share/custommsgsrv/srv/Hypo_Request.msg
[1.353s] -- Up-to-date: /home/siddhant/mrt_ws/install/custommsgsrv/share/custommsgsrv/srv/Hypo_Response.msg
[1.353s] -- Up-to-date: /home/siddhant/mrt_ws/install/custommsgsrv/share/ament_index/resource_index/package_run_dependencies/custommsgsrv
[1.353s] -- Up-to-date: /home/siddhant/mrt_ws/install/custommsgsrv/share/ament_index/resource_index/parent_prefix_path/custommsgsrv
[1.353s] -- Up-to-date: /home/siddhant/mrt_ws/install/custommsgsrv/share/custommsgsrv/environment/ament_prefix_path.sh
[1.353s] -- Up-to-date: /home/siddhant/mrt_ws/install/custommsgsrv/share/custommsgsrv/environment/ament_prefix_path.dsv
[1.354s] -- Up-to-date: /home/siddhant/mrt_ws/install/custommsgsrv/share/custommsgsrv/environment/path.sh
[1.354s] -- Up-to-date: /home/siddhant/mrt_ws/install/custommsgsrv/share/custommsgsrv/environment/path.dsv
[1.354s] -- Up-to-date: /home/siddhant/mrt_ws/install/custommsgsrv/share/custommsgsrv/local_setup.bash
[1.354s] -- Up-to-date: /home/siddhant/mrt_ws/install/custommsgsrv/share/custommsgsrv/local_setup.sh
[1.354s] -- Up-to-date: /home/siddhant/mrt_ws/install/custommsgsrv/share/custommsgsrv/local_setup.zsh
[1.354s] -- Up-to-date: /home/siddhant/mrt_ws/install/custommsgsrv/share/custommsgsrv/local_setup.dsv
[1.354s] -- Installing: /home/siddhant/mrt_ws/install/custommsgsrv/share/custommsgsrv/package.dsv
[1.355s] -- Up-to-date: /home/siddhant/mrt_ws/install/custommsgsrv/share/ament_index/resource_index/packages/custommsgsrv
[1.355s] -- Up-to-date: /home/siddhant/mrt_ws/install/custommsgsrv/share/custommsgsrv/cmake/export_custommsgsrv__rosidl_generator_cExport.cmake
[1.355s] -- Up-to-date: /home/siddhant/mrt_ws/install/custommsgsrv/share/custommsgsrv/cmake/export_custommsgsrv__rosidl_generator_cExport-noconfig.cmake
[1.356s] -- Up-to-date: /home/siddhant/mrt_ws/install/custommsgsrv/share/custommsgsrv/cmake/export_custommsgsrv__rosidl_typesupport_fastrtps_cExport.cmake
[1.356s] -- Up-to-date: /home/siddhant/mrt_ws/install/custommsgsrv/share/custommsgsrv/cmake/export_custommsgsrv__rosidl_typesupport_fastrtps_cExport-noconfig.cmake
[1.356s] -- Up-to-date: /home/siddhant/mrt_ws/install/custommsgsrv/share/custommsgsrv/cmake/export_custommsgsrv__rosidl_generator_cppExport.cmake
[1.357s] -- Up-to-date: /home/siddhant/mrt_ws/install/custommsgsrv/share/custommsgsrv/cmake/export_custommsgsrv__rosidl_typesupport_fastrtps_cppExport.cmake
[1.357s] -- Up-to-date: /home/siddhant/mrt_ws/install/custommsgsrv/share/custommsgsrv/cmake/export_custommsgsrv__rosidl_typesupport_fastrtps_cppExport-noconfig.cmake
[1.357s] -- Up-to-date: /home/siddhant/mrt_ws/install/custommsgsrv/share/custommsgsrv/cmake/custommsgsrv__rosidl_typesupport_introspection_cExport.cmake
[1.358s] -- Up-to-date: /home/siddhant/mrt_ws/install/custommsgsrv/share/custommsgsrv/cmake/custommsgsrv__rosidl_typesupport_introspection_cExport-noconfig.cmake
[1.358s] -- Up-to-date: /home/siddhant/mrt_ws/install/custommsgsrv/share/custommsgsrv/cmake/custommsgsrv__rosidl_typesupport_cExport.cmake
[1.358s] -- Up-to-date: /home/siddhant/mrt_ws/install/custommsgsrv/share/custommsgsrv/cmake/custommsgsrv__rosidl_typesupport_cExport-noconfig.cmake
[1.359s] -- Up-to-date: /home/siddhant/mrt_ws/install/custommsgsrv/share/custommsgsrv/cmake/custommsgsrv__rosidl_typesupport_introspection_cppExport.cmake
[1.359s] -- Up-to-date: /home/siddhant/mrt_ws/install/custommsgsrv/share/custommsgsrv/cmake/custommsgsrv__rosidl_typesupport_introspection_cppExport-noconfig.cmake
[1.359s] -- Up-to-date: /home/siddhant/mrt_ws/install/custommsgsrv/share/custommsgsrv/cmake/custommsgsrv__rosidl_typesupport_cppExport.cmake
[1.359s] -- Up-to-date: /home/siddhant/mrt_ws/install/custommsgsrv/share/custommsgsrv/cmake/custommsgsrv__rosidl_typesupport_cppExport-noconfig.cmake
[1.360s] -- Up-to-date: /home/siddhant/mrt_ws/install/custommsgsrv/share/custommsgsrv/cmake/export_custommsgsrv__rosidl_generator_pyExport.cmake
[1.360s] -- Up-to-date: /home/siddhant/mrt_ws/install/custommsgsrv/share/custommsgsrv/cmake/export_custommsgsrv__rosidl_generator_pyExport-noconfig.cmake
[1.360s] -- Up-to-date: /home/siddhant/mrt_ws/install/custommsgsrv/share/custommsgsrv/cmake/rosidl_cmake-extras.cmake
[1.361s] -- Up-to-date: /home/siddhant/mrt_ws/install/custommsgsrv/share/custommsgsrv/cmake/ament_cmake_export_dependencies-extras.cmake
[1.361s] -- Up-to-date: /home/siddhant/mrt_ws/install/custommsgsrv/share/custommsgsrv/cmake/ament_cmake_export_include_directories-extras.cmake
[1.363s] -- Up-to-date: /home/siddhant/mrt_ws/install/custommsgsrv/share/custommsgsrv/cmake/ament_cmake_export_libraries-extras.cmake
[1.364s] -- Up-to-date: /home/siddhant/mrt_ws/install/custommsgsrv/share/custommsgsrv/cmake/ament_cmake_export_targets-extras.cmake
[1.364s] -- Up-to-date: /home/siddhant/mrt_ws/install/custommsgsrv/share/custommsgsrv/cmake/rosidl_cmake_export_typesupport_targets-extras.cmake
[1.364s] -- Up-to-date: /home/siddhant/mrt_ws/install/custommsgsrv/share/custommsgsrv/cmake/rosidl_cmake_export_typesupport_libraries-extras.cmake
[1.364s] -- Up-to-date: /home/siddhant/mrt_ws/install/custommsgsrv/share/custommsgsrv/cmake/custommsgsrvConfig.cmake
[1.364s] -- Up-to-date: /home/siddhant/mrt_ws/install/custommsgsrv/share/custommsgsrv/cmake/custommsgsrvConfig-version.cmake
[1.364s] -- Up-to-date: /home/siddhant/mrt_ws/install/custommsgsrv/share/custommsgsrv/package.xml
[1.368s] Invoked command in '/home/siddhant/mrt_ws/build/custommsgsrv' returned '0': CMAKE_PREFIX_PATH=${CMAKE_PREFIX_PATH}:/home/siddhant/mrt_ws/install/sauron:/home/siddhant/mrt_ws/install/arucoasmt:/opt/ros/humble /usr/bin/cmake --install /home/siddhant/mrt_ws/build/custommsgsrv
