[0.996s] Invoking command in '/home/siddhant/mrt_ws/src/sauron': PYTHONPATH=/home/siddhant/mrt_ws/build/sauron/prefix_override:/usr/lib/python3/dist-packages/colcon_core/task/python/colcon_distutils_commands:/home/siddhant/mrt_ws/install/sauron/lib/python3.10/site-packages:${PYTHONPATH} /usr/bin/python3 -W ignore:setup.py install is deprecated setup.py egg_info --egg-base ../../build/sauron build --build-base /home/siddhant/mrt_ws/build/sauron/build install --record /home/siddhant/mrt_ws/build/sauron/install.log --single-version-externally-managed install_data
[1.370s] running egg_info
[1.371s] writing ../../build/sauron/sauron.egg-info/PKG-INFO
[1.372s] writing dependency_links to ../../build/sauron/sauron.egg-info/dependency_links.txt
[1.372s] writing entry points to ../../build/sauron/sauron.egg-info/entry_points.txt
[1.372s] writing requirements to ../../build/sauron/sauron.egg-info/requires.txt
[1.372s] writing top-level names to ../../build/sauron/sauron.egg-info/top_level.txt
[1.375s] reading manifest file '../../build/sauron/sauron.egg-info/SOURCES.txt'
[1.376s] writing manifest file '../../build/sauron/sauron.egg-info/SOURCES.txt'
[1.376s] running build
[1.376s] running build_py
[1.377s] running install
[1.377s] running install_lib
[1.379s] running install_data
[1.380s] running install_egg_info
[1.382s] removing '/home/siddhant/mrt_ws/install/sauron/lib/python3.10/site-packages/sauron-0.0.0-py3.10.egg-info' (and everything under it)
[1.383s] Copying ../../build/sauron/sauron.egg-info to /home/siddhant/mrt_ws/install/sauron/lib/python3.10/site-packages/sauron-0.0.0-py3.10.egg-info
[1.384s] running install_scripts
[1.412s] Installing listener script to /home/siddhant/mrt_ws/install/sauron/lib/sauron
[1.413s] Installing talker1 script to /home/siddhant/mrt_ws/install/sauron/lib/sauron
[1.413s] Installing talker2 script to /home/siddhant/mrt_ws/install/sauron/lib/sauron
[1.413s] writing list of installed files to '/home/siddhant/mrt_ws/build/sauron/install.log'
[1.465s] Invoked command in '/home/siddhant/mrt_ws/src/sauron' returned '0': PYTHONPATH=/home/siddhant/mrt_ws/build/sauron/prefix_override:/usr/lib/python3/dist-packages/colcon_core/task/python/colcon_distutils_commands:/home/siddhant/mrt_ws/install/sauron/lib/python3.10/site-packages:${PYTHONPATH} /usr/bin/python3 -W ignore:setup.py install is deprecated setup.py egg_info --egg-base ../../build/sauron build --build-base /home/siddhant/mrt_ws/build/sauron/build install --record /home/siddhant/mrt_ws/build/sauron/install.log --single-version-externally-managed install_data
