[0.185s] DEBUG:colcon:Command line arguments: ['/usr/bin/colcon', 'build']
[0.186s] DEBUG:colcon:Parsed command line arguments: Namespace(log_base=None, log_level=None, verb_name='build', build_base='build', install_base='install', merge_install=False, symlink_install=False, test_result_base=None, continue_on_error=False, executor='parallel', parallel_workers=4, event_handlers=None, ignore_user_meta=False, metas=['./colcon.meta'], base_paths=['.'], packages_ignore=None, packages_ignore_regex=None, paths=None, packages_up_to=None, packages_up_to_regex=None, packages_above=None, packages_above_and_dependencies=None, packages_above_depth=None, packages_select_by_dep=None, packages_skip_by_dep=None, packages_skip_up_to=None, packages_select_build_failed=False, packages_skip_build_finished=False, packages_select_test_failures=False, packages_skip_test_passed=False, packages_select=None, packages_skip=None, packages_select_regex=None, packages_skip_regex=None, packages_start=None, packages_end=None, allow_overriding=[], cmake_args=None, cmake_target=None, cmake_target_skip_unavailable=False, cmake_clean_cache=False, cmake_clean_first=False, cmake_force_configure=False, ament_cmake_args=None, catkin_cmake_args=None, catkin_skip_building_tests=False, mixin_files=None, mixin=None, verb_parser=<colcon_mixin.mixin.mixin_argument.MixinArgumentDecorator object at 0x751d9a939c60>, verb_extension=<colcon_core.verb.build.BuildVerb object at 0x751d9aaaf100>, main=<bound method BuildVerb.main of <colcon_core.verb.build.BuildVerb object at 0x751d9aaaf100>>, mixin_verb=('build',))
[0.437s] Level 1:colcon.colcon_core.package_discovery:discover_packages(colcon_meta) check parameters
[0.437s] Level 1:colcon.colcon_core.package_discovery:discover_packages(recursive) check parameters
[0.437s] Level 1:colcon.colcon_core.package_discovery:discover_packages(ignore) check parameters
[0.437s] Level 1:colcon.colcon_core.package_discovery:discover_packages(path) check parameters
[0.437s] Level 1:colcon.colcon_core.package_discovery:discover_packages(colcon_meta) discover
[0.437s] Level 1:colcon.colcon_core.package_discovery:discover_packages(recursive) discover
[0.437s] INFO:colcon.colcon_core.package_discovery:Crawling recursively for packages in '/home/siddhant/mrt_ws'
[0.437s] Level 1:colcon.colcon_core.package_identification:_identify(.) by extensions ['ignore', 'ignore_ament_install']
[0.437s] Level 1:colcon.colcon_core.package_identification:_identify(.) by extension 'ignore'
[0.437s] Level 1:colcon.colcon_core.package_identification:_identify(.) by extension 'ignore_ament_install'
[0.437s] Level 1:colcon.colcon_core.package_identification:_identify(.) by extensions ['colcon_pkg']
[0.437s] Level 1:colcon.colcon_core.package_identification:_identify(.) by extension 'colcon_pkg'
[0.438s] Level 1:colcon.colcon_core.package_identification:_identify(.) by extensions ['colcon_meta']
[0.438s] Level 1:colcon.colcon_core.package_identification:_identify(.) by extension 'colcon_meta'
[0.438s] Level 1:colcon.colcon_core.package_identification:_identify(.) by extensions ['ros']
[0.438s] Level 1:colcon.colcon_core.package_identification:_identify(.) by extension 'ros'
[0.453s] Level 1:colcon.colcon_core.package_identification:_identify(.) by extensions ['cmake', 'python']
[0.453s] Level 1:colcon.colcon_core.package_identification:_identify(.) by extension 'cmake'
[0.453s] Level 1:colcon.colcon_core.package_identification:_identify(.) by extension 'python'
[0.453s] Level 1:colcon.colcon_core.package_identification:_identify(.) by extensions ['python_setup_py']
[0.453s] Level 1:colcon.colcon_core.package_identification:_identify(.) by extension 'python_setup_py'
[0.453s] Level 1:colcon.colcon_core.package_identification:_identify(Templates) by extensions ['ignore', 'ignore_ament_install']
[0.454s] Level 1:colcon.colcon_core.package_identification:_identify(Templates) by extension 'ignore'
[0.454s] Level 1:colcon.colcon_core.package_identification:_identify(Templates) by extension 'ignore_ament_install'
[0.454s] Level 1:colcon.colcon_core.package_identification:_identify(Templates) by extensions ['colcon_pkg']
[0.454s] Level 1:colcon.colcon_core.package_identification:_identify(Templates) by extension 'colcon_pkg'
[0.454s] Level 1:colcon.colcon_core.package_identification:_identify(Templates) by extensions ['colcon_meta']
[0.454s] Level 1:colcon.colcon_core.package_identification:_identify(Templates) by extension 'colcon_meta'
[0.454s] Level 1:colcon.colcon_core.package_identification:_identify(Templates) by extensions ['ros']
[0.454s] Level 1:colcon.colcon_core.package_identification:_identify(Templates) by extension 'ros'
[0.454s] Level 1:colcon.colcon_core.package_identification:_identify(Templates) by extensions ['cmake', 'python']
[0.454s] Level 1:colcon.colcon_core.package_identification:_identify(Templates) by extension 'cmake'
[0.454s] Level 1:colcon.colcon_core.package_identification:_identify(Templates) by extension 'python'
[0.454s] Level 1:colcon.colcon_core.package_identification:_identify(Templates) by extensions ['python_setup_py']
[0.454s] Level 1:colcon.colcon_core.package_identification:_identify(Templates) by extension 'python_setup_py'
[0.454s] Level 1:colcon.colcon_core.package_identification:_identify(build) by extensions ['ignore', 'ignore_ament_install']
[0.454s] Level 1:colcon.colcon_core.package_identification:_identify(build) by extension 'ignore'
[0.454s] Level 1:colcon.colcon_core.package_identification:_identify(build) ignored
[0.455s] Level 1:colcon.colcon_core.package_identification:_identify(install) by extensions ['ignore', 'ignore_ament_install']
[0.455s] Level 1:colcon.colcon_core.package_identification:_identify(install) by extension 'ignore'
[0.455s] Level 1:colcon.colcon_core.package_identification:_identify(install) ignored
[0.455s] Level 1:colcon.colcon_core.package_identification:_identify(log) by extensions ['ignore', 'ignore_ament_install']
[0.455s] Level 1:colcon.colcon_core.package_identification:_identify(log) by extension 'ignore'
[0.455s] Level 1:colcon.colcon_core.package_identification:_identify(log) ignored
[0.455s] Level 1:colcon.colcon_core.package_identification:_identify(src) by extensions ['ignore', 'ignore_ament_install']
[0.455s] Level 1:colcon.colcon_core.package_identification:_identify(src) by extension 'ignore'
[0.455s] Level 1:colcon.colcon_core.package_identification:_identify(src) by extension 'ignore_ament_install'
[0.455s] Level 1:colcon.colcon_core.package_identification:_identify(src) by extensions ['colcon_pkg']
[0.456s] Level 1:colcon.colcon_core.package_identification:_identify(src) by extension 'colcon_pkg'
[0.456s] Level 1:colcon.colcon_core.package_identification:_identify(src) by extensions ['colcon_meta']
[0.456s] Level 1:colcon.colcon_core.package_identification:_identify(src) by extension 'colcon_meta'
[0.456s] Level 1:colcon.colcon_core.package_identification:_identify(src) by extensions ['ros']
[0.456s] Level 1:colcon.colcon_core.package_identification:_identify(src) by extension 'ros'
[0.456s] Level 1:colcon.colcon_core.package_identification:_identify(src) by extensions ['cmake', 'python']
[0.456s] Level 1:colcon.colcon_core.package_identification:_identify(src) by extension 'cmake'
[0.456s] Level 1:colcon.colcon_core.package_identification:_identify(src) by extension 'python'
[0.456s] Level 1:colcon.colcon_core.package_identification:_identify(src) by extensions ['python_setup_py']
[0.456s] Level 1:colcon.colcon_core.package_identification:_identify(src) by extension 'python_setup_py'
[0.456s] Level 1:colcon.colcon_core.package_identification:_identify(src/arucoasmt) by extensions ['ignore', 'ignore_ament_install']
[0.456s] Level 1:colcon.colcon_core.package_identification:_identify(src/arucoasmt) by extension 'ignore'
[0.456s] Level 1:colcon.colcon_core.package_identification:_identify(src/arucoasmt) by extension 'ignore_ament_install'
[0.456s] Level 1:colcon.colcon_core.package_identification:_identify(src/arucoasmt) by extensions ['colcon_pkg']
[0.456s] Level 1:colcon.colcon_core.package_identification:_identify(src/arucoasmt) by extension 'colcon_pkg'
[0.456s] Level 1:colcon.colcon_core.package_identification:_identify(src/arucoasmt) by extensions ['colcon_meta']
[0.456s] Level 1:colcon.colcon_core.package_identification:_identify(src/arucoasmt) by extension 'colcon_meta'
[0.457s] Level 1:colcon.colcon_core.package_identification:_identify(src/arucoasmt) by extensions ['ros']
[0.457s] Level 1:colcon.colcon_core.package_identification:_identify(src/arucoasmt) by extension 'ros'
[0.460s] DEBUG:colcon.colcon_core.package_identification:Package 'src/arucoasmt' with type 'ros.ament_python' and name 'arucoasmt'
[0.460s] Level 1:colcon.colcon_core.package_identification:_identify(src/custommsgsrv) by extensions ['ignore', 'ignore_ament_install']
[0.460s] Level 1:colcon.colcon_core.package_identification:_identify(src/custommsgsrv) by extension 'ignore'
[0.461s] Level 1:colcon.colcon_core.package_identification:_identify(src/custommsgsrv) by extension 'ignore_ament_install'
[0.461s] Level 1:colcon.colcon_core.package_identification:_identify(src/custommsgsrv) by extensions ['colcon_pkg']
[0.461s] Level 1:colcon.colcon_core.package_identification:_identify(src/custommsgsrv) by extension 'colcon_pkg'
[0.461s] Level 1:colcon.colcon_core.package_identification:_identify(src/custommsgsrv) by extensions ['colcon_meta']
[0.461s] Level 1:colcon.colcon_core.package_identification:_identify(src/custommsgsrv) by extension 'colcon_meta'
[0.461s] Level 1:colcon.colcon_core.package_identification:_identify(src/custommsgsrv) by extensions ['ros']
[0.461s] Level 1:colcon.colcon_core.package_identification:_identify(src/custommsgsrv) by extension 'ros'
[0.462s] DEBUG:colcon.colcon_core.package_identification:Package 'src/custommsgsrv' with type 'ros.ament_cmake' and name 'custommsgsrv'
[0.462s] Level 1:colcon.colcon_core.package_identification:_identify(src/sauron) by extensions ['ignore', 'ignore_ament_install']
[0.462s] Level 1:colcon.colcon_core.package_identification:_identify(src/sauron) by extension 'ignore'
[0.462s] Level 1:colcon.colcon_core.package_identification:_identify(src/sauron) by extension 'ignore_ament_install'
[0.462s] Level 1:colcon.colcon_core.package_identification:_identify(src/sauron) by extensions ['colcon_pkg']
[0.462s] Level 1:colcon.colcon_core.package_identification:_identify(src/sauron) by extension 'colcon_pkg'
[0.462s] Level 1:colcon.colcon_core.package_identification:_identify(src/sauron) by extensions ['colcon_meta']
[0.462s] Level 1:colcon.colcon_core.package_identification:_identify(src/sauron) by extension 'colcon_meta'
[0.462s] Level 1:colcon.colcon_core.package_identification:_identify(src/sauron) by extensions ['ros']
[0.462s] Level 1:colcon.colcon_core.package_identification:_identify(src/sauron) by extension 'ros'
[0.463s] DEBUG:colcon.colcon_core.package_identification:Package 'src/sauron' with type 'ros.ament_python' and name 'sauron'
[0.463s] Level 1:colcon.colcon_core.package_discovery:discover_packages(recursive) using defaults
[0.463s] Level 1:colcon.colcon_core.package_discovery:discover_packages(ignore) discover
[0.464s] Level 1:colcon.colcon_core.package_discovery:discover_packages(ignore) using defaults
[0.464s] Level 1:colcon.colcon_core.package_discovery:discover_packages(path) discover
[0.464s] Level 1:colcon.colcon_core.package_discovery:discover_packages(path) using defaults
[0.510s] Level 1:colcon.colcon_core.package_discovery:discover_packages(prefix_path) check parameters
[0.510s] Level 1:colcon.colcon_core.package_discovery:discover_packages(prefix_path) discover
[0.513s] DEBUG:colcon.colcon_installed_package_information.package_discovery:Found 3 installed packages in /home/siddhant/mrt_ws/install
[0.515s] DEBUG:colcon.colcon_installed_package_information.package_discovery:Found 270 installed packages in /opt/ros/humble
[0.516s] Level 1:colcon.colcon_core.package_discovery:discover_packages(prefix_path) using defaults
[0.589s] Level 5:colcon.colcon_core.verb:set package 'custommsgsrv' build argument 'cmake_args' from command line to 'None'
[0.589s] Level 5:colcon.colcon_core.verb:set package 'custommsgsrv' build argument 'cmake_target' from command line to 'None'
[0.589s] Level 5:colcon.colcon_core.verb:set package 'custommsgsrv' build argument 'cmake_target_skip_unavailable' from command line to 'False'
[0.589s] Level 5:colcon.colcon_core.verb:set package 'custommsgsrv' build argument 'cmake_clean_cache' from command line to 'False'
[0.590s] Level 5:colcon.colcon_core.verb:set package 'custommsgsrv' build argument 'cmake_clean_first' from command line to 'False'
[0.590s] Level 5:colcon.colcon_core.verb:set package 'custommsgsrv' build argument 'cmake_force_configure' from command line to 'False'
[0.590s] Level 5:colcon.colcon_core.verb:set package 'custommsgsrv' build argument 'ament_cmake_args' from command line to 'None'
[0.590s] Level 5:colcon.colcon_core.verb:set package 'custommsgsrv' build argument 'catkin_cmake_args' from command line to 'None'
[0.590s] Level 5:colcon.colcon_core.verb:set package 'custommsgsrv' build argument 'catkin_skip_building_tests' from command line to 'False'
[0.590s] DEBUG:colcon.colcon_core.verb:Building package 'custommsgsrv' with the following arguments: {'ament_cmake_args': None, 'build_base': '/home/siddhant/mrt_ws/build/custommsgsrv', 'catkin_cmake_args': None, 'catkin_skip_building_tests': False, 'cmake_args': None, 'cmake_clean_cache': False, 'cmake_clean_first': False, 'cmake_force_configure': False, 'cmake_target': None, 'cmake_target_skip_unavailable': False, 'install_base': '/home/siddhant/mrt_ws/install/custommsgsrv', 'merge_install': False, 'path': '/home/siddhant/mrt_ws/src/custommsgsrv', 'symlink_install': False, 'test_result_base': None}
[0.590s] Level 5:colcon.colcon_core.verb:set package 'sauron' build argument 'cmake_args' from command line to 'None'
[0.590s] Level 5:colcon.colcon_core.verb:set package 'sauron' build argument 'cmake_target' from command line to 'None'
[0.590s] Level 5:colcon.colcon_core.verb:set package 'sauron' build argument 'cmake_target_skip_unavailable' from command line to 'False'
[0.590s] Level 5:colcon.colcon_core.verb:set package 'sauron' build argument 'cmake_clean_cache' from command line to 'False'
[0.590s] Level 5:colcon.colcon_core.verb:set package 'sauron' build argument 'cmake_clean_first' from command line to 'False'
[0.590s] Level 5:colcon.colcon_core.verb:set package 'sauron' build argument 'cmake_force_configure' from command line to 'False'
[0.590s] Level 5:colcon.colcon_core.verb:set package 'sauron' build argument 'ament_cmake_args' from command line to 'None'
[0.590s] Level 5:colcon.colcon_core.verb:set package 'sauron' build argument 'catkin_cmake_args' from command line to 'None'
[0.590s] Level 5:colcon.colcon_core.verb:set package 'sauron' build argument 'catkin_skip_building_tests' from command line to 'False'
[0.590s] DEBUG:colcon.colcon_core.verb:Building package 'sauron' with the following arguments: {'ament_cmake_args': None, 'build_base': '/home/siddhant/mrt_ws/build/sauron', 'catkin_cmake_args': None, 'catkin_skip_building_tests': False, 'cmake_args': None, 'cmake_clean_cache': False, 'cmake_clean_first': False, 'cmake_force_configure': False, 'cmake_target': None, 'cmake_target_skip_unavailable': False, 'install_base': '/home/siddhant/mrt_ws/install/sauron', 'merge_install': False, 'path': '/home/siddhant/mrt_ws/src/sauron', 'symlink_install': False, 'test_result_base': None}
[0.591s] Level 5:colcon.colcon_core.verb:set package 'arucoasmt' build argument 'cmake_args' from command line to 'None'
[0.591s] Level 5:colcon.colcon_core.verb:set package 'arucoasmt' build argument 'cmake_target' from command line to 'None'
[0.591s] Level 5:colcon.colcon_core.verb:set package 'arucoasmt' build argument 'cmake_target_skip_unavailable' from command line to 'False'
[0.591s] Level 5:colcon.colcon_core.verb:set package 'arucoasmt' build argument 'cmake_clean_cache' from command line to 'False'
[0.591s] Level 5:colcon.colcon_core.verb:set package 'arucoasmt' build argument 'cmake_clean_first' from command line to 'False'
[0.591s] Level 5:colcon.colcon_core.verb:set package 'arucoasmt' build argument 'cmake_force_configure' from command line to 'False'
[0.591s] Level 5:colcon.colcon_core.verb:set package 'arucoasmt' build argument 'ament_cmake_args' from command line to 'None'
[0.591s] Level 5:colcon.colcon_core.verb:set package 'arucoasmt' build argument 'catkin_cmake_args' from command line to 'None'
[0.591s] Level 5:colcon.colcon_core.verb:set package 'arucoasmt' build argument 'catkin_skip_building_tests' from command line to 'False'
[0.591s] DEBUG:colcon.colcon_core.verb:Building package 'arucoasmt' with the following arguments: {'ament_cmake_args': None, 'build_base': '/home/siddhant/mrt_ws/build/arucoasmt', 'catkin_cmake_args': None, 'catkin_skip_building_tests': False, 'cmake_args': None, 'cmake_clean_cache': False, 'cmake_clean_first': False, 'cmake_force_configure': False, 'cmake_target': None, 'cmake_target_skip_unavailable': False, 'install_base': '/home/siddhant/mrt_ws/install/arucoasmt', 'merge_install': False, 'path': '/home/siddhant/mrt_ws/src/arucoasmt', 'symlink_install': False, 'test_result_base': None}
[0.591s] INFO:colcon.colcon_core.executor:Executing jobs using 'parallel' executor
[0.593s] DEBUG:colcon.colcon_parallel_executor.executor.parallel:run_until_complete
[0.593s] INFO:colcon.colcon_ros.task.ament_cmake.build:Building ROS package in '/home/siddhant/mrt_ws/src/custommsgsrv' with build type 'ament_cmake'
[0.593s] INFO:colcon.colcon_cmake.task.cmake.build:Building CMake package in '/home/siddhant/mrt_ws/src/custommsgsrv'
[0.598s] INFO:colcon.colcon_core.plugin_system:Skipping extension 'colcon_core.shell.bat': Not used on non-Windows systems
[0.598s] INFO:colcon.colcon_core.shell:Skip shell extension 'powershell' for command environment: Not usable outside of PowerShell
[0.598s] DEBUG:colcon.colcon_core.shell:Skip shell extension 'dsv' for command environment
[0.602s] INFO:colcon.colcon_ros.task.ament_python.build:Building ROS package in '/home/siddhant/mrt_ws/src/sauron' with build type 'ament_python'
[0.603s] Level 1:colcon.colcon_core.shell:create_environment_hook('sauron', 'ament_prefix_path')
[0.603s] INFO:colcon.colcon_core.shell:Creating environment hook '/home/siddhant/mrt_ws/install/sauron/share/sauron/hook/ament_prefix_path.ps1'
[0.605s] INFO:colcon.colcon_core.shell:Creating environment descriptor '/home/siddhant/mrt_ws/install/sauron/share/sauron/hook/ament_prefix_path.dsv'
[0.606s] INFO:colcon.colcon_core.shell:Creating environment hook '/home/siddhant/mrt_ws/install/sauron/share/sauron/hook/ament_prefix_path.sh'
[0.608s] INFO:colcon.colcon_core.shell:Skip shell extension 'powershell' for command environment: Not usable outside of PowerShell
[0.608s] DEBUG:colcon.colcon_core.shell:Skip shell extension 'dsv' for command environment
[0.623s] DEBUG:colcon.colcon_core.event_handler.log_command:Invoking command in '/home/siddhant/mrt_ws/build/custommsgsrv': CMAKE_PREFIX_PATH=${CMAKE_PREFIX_PATH}:/home/siddhant/mrt_ws/install/sauron:/home/siddhant/mrt_ws/install/arucoasmt:/opt/ros/humble /usr/bin/cmake --build /home/siddhant/mrt_ws/build/custommsgsrv -- -j4 -l4
[1.349s] INFO:colcon.colcon_core.task.python.build:Building Python package in '/home/siddhant/mrt_ws/src/sauron'
[1.350s] INFO:colcon.colcon_core.shell:Skip shell extension 'powershell' for command environment: Not usable outside of PowerShell
[1.351s] DEBUG:colcon.colcon_core.shell:Skip shell extension 'dsv' for command environment
[1.641s] DEBUG:colcon.colcon_core.event_handler.log_command:Invoked command in '/home/siddhant/mrt_ws/build/custommsgsrv' returned '0': CMAKE_PREFIX_PATH=${CMAKE_PREFIX_PATH}:/home/siddhant/mrt_ws/install/sauron:/home/siddhant/mrt_ws/install/arucoasmt:/opt/ros/humble /usr/bin/cmake --build /home/siddhant/mrt_ws/build/custommsgsrv -- -j4 -l4
[1.926s] DEBUG:colcon.colcon_core.event_handler.log_command:Invoking command in '/home/siddhant/mrt_ws/build/custommsgsrv': CMAKE_PREFIX_PATH=${CMAKE_PREFIX_PATH}:/home/siddhant/mrt_ws/install/sauron:/home/siddhant/mrt_ws/install/arucoasmt:/opt/ros/humble /usr/bin/cmake --install /home/siddhant/mrt_ws/build/custommsgsrv
[1.936s] DEBUG:colcon.colcon_core.event_handler.log_command:Invoking command in '/home/siddhant/mrt_ws/src/sauron': PYTHONPATH=/home/siddhant/mrt_ws/build/sauron/prefix_override:/usr/lib/python3/dist-packages/colcon_core/task/python/colcon_distutils_commands:/home/siddhant/mrt_ws/install/sauron/lib/python3.10/site-packages:${PYTHONPATH} /usr/bin/python3 -W ignore:setup.py install is deprecated setup.py egg_info --egg-base ../../build/sauron build --build-base /home/siddhant/mrt_ws/build/sauron/build install --record /home/siddhant/mrt_ws/build/sauron/install.log --single-version-externally-managed install_data
[2.059s] Level 1:colcon.colcon_core.environment:create_environment_scripts_only(custommsgsrv)
[2.061s] DEBUG:colcon.colcon_core.event_handler.log_command:Invoked command in '/home/siddhant/mrt_ws/build/custommsgsrv' returned '0': CMAKE_PREFIX_PATH=${CMAKE_PREFIX_PATH}:/home/siddhant/mrt_ws/install/sauron:/home/siddhant/mrt_ws/install/arucoasmt:/opt/ros/humble /usr/bin/cmake --install /home/siddhant/mrt_ws/build/custommsgsrv
[2.068s] Level 1:colcon.colcon_core.environment:checking '/home/siddhant/mrt_ws/install/custommsgsrv' for CMake module files
[2.069s] Level 1:colcon.colcon_core.environment:checking '/home/siddhant/mrt_ws/install/custommsgsrv' for CMake config files
[2.071s] Level 1:colcon.colcon_core.shell:create_environment_hook('custommsgsrv', 'cmake_prefix_path')
[2.072s] INFO:colcon.colcon_core.shell:Creating environment hook '/home/siddhant/mrt_ws/install/custommsgsrv/share/custommsgsrv/hook/cmake_prefix_path.ps1'
[2.072s] INFO:colcon.colcon_core.shell:Creating environment descriptor '/home/siddhant/mrt_ws/install/custommsgsrv/share/custommsgsrv/hook/cmake_prefix_path.dsv'
[2.073s] INFO:colcon.colcon_core.shell:Creating environment hook '/home/siddhant/mrt_ws/install/custommsgsrv/share/custommsgsrv/hook/cmake_prefix_path.sh'
[2.075s] Level 1:colcon.colcon_core.environment:checking '/home/siddhant/mrt_ws/install/custommsgsrv/lib'
[2.075s] Level 1:colcon.colcon_core.shell:create_environment_hook('custommsgsrv', 'ld_library_path_lib')
[2.076s] INFO:colcon.colcon_core.shell:Creating environment hook '/home/siddhant/mrt_ws/install/custommsgsrv/share/custommsgsrv/hook/ld_library_path_lib.ps1'
[2.077s] INFO:colcon.colcon_core.shell:Creating environment descriptor '/home/siddhant/mrt_ws/install/custommsgsrv/share/custommsgsrv/hook/ld_library_path_lib.dsv'
[2.078s] INFO:colcon.colcon_core.shell:Creating environment hook '/home/siddhant/mrt_ws/install/custommsgsrv/share/custommsgsrv/hook/ld_library_path_lib.sh'
[2.079s] Level 1:colcon.colcon_core.environment:checking '/home/siddhant/mrt_ws/install/custommsgsrv/bin'
[2.079s] Level 1:colcon.colcon_core.environment:checking '/home/siddhant/mrt_ws/install/custommsgsrv/lib/pkgconfig/custommsgsrv.pc'
[2.079s] Level 1:colcon.colcon_core.environment:checking '/home/siddhant/mrt_ws/install/custommsgsrv/lib/python3.10/site-packages'
[2.079s] Level 1:colcon.colcon_core.environment:checking '/home/siddhant/mrt_ws/install/custommsgsrv/bin'
[2.080s] INFO:colcon.colcon_core.shell:Creating package script '/home/siddhant/mrt_ws/install/custommsgsrv/share/custommsgsrv/package.ps1'
[2.082s] INFO:colcon.colcon_core.shell:Creating package descriptor '/home/siddhant/mrt_ws/install/custommsgsrv/share/custommsgsrv/package.dsv'
[2.083s] INFO:colcon.colcon_core.shell:Creating package script '/home/siddhant/mrt_ws/install/custommsgsrv/share/custommsgsrv/package.sh'
[2.085s] INFO:colcon.colcon_core.shell:Creating package script '/home/siddhant/mrt_ws/install/custommsgsrv/share/custommsgsrv/package.bash'
[2.086s] INFO:colcon.colcon_core.shell:Creating package script '/home/siddhant/mrt_ws/install/custommsgsrv/share/custommsgsrv/package.zsh'
[2.087s] Level 1:colcon.colcon_core.environment:create_file_with_runtime_dependencies(/home/siddhant/mrt_ws/install/custommsgsrv/share/colcon-core/packages/custommsgsrv)
[2.364s] Level 1:colcon.colcon_core.environment:create_environment_scripts_only(custommsgsrv)
[2.364s] Level 1:colcon.colcon_core.environment:checking '/home/siddhant/mrt_ws/install/custommsgsrv' for CMake module files
[2.365s] Level 1:colcon.colcon_core.environment:checking '/home/siddhant/mrt_ws/install/custommsgsrv' for CMake config files
[2.367s] Level 1:colcon.colcon_core.shell:create_environment_hook('custommsgsrv', 'cmake_prefix_path')
[2.367s] INFO:colcon.colcon_core.shell:Creating environment hook '/home/siddhant/mrt_ws/install/custommsgsrv/share/custommsgsrv/hook/cmake_prefix_path.ps1'
[2.368s] INFO:colcon.colcon_core.shell:Creating environment descriptor '/home/siddhant/mrt_ws/install/custommsgsrv/share/custommsgsrv/hook/cmake_prefix_path.dsv'
[2.369s] INFO:colcon.colcon_core.shell:Creating environment hook '/home/siddhant/mrt_ws/install/custommsgsrv/share/custommsgsrv/hook/cmake_prefix_path.sh'
[2.370s] Level 1:colcon.colcon_core.environment:checking '/home/siddhant/mrt_ws/install/custommsgsrv/lib'
[2.370s] Level 1:colcon.colcon_core.shell:create_environment_hook('custommsgsrv', 'ld_library_path_lib')
[2.371s] INFO:colcon.colcon_core.shell:Creating environment hook '/home/siddhant/mrt_ws/install/custommsgsrv/share/custommsgsrv/hook/ld_library_path_lib.ps1'
[2.371s] INFO:colcon.colcon_core.shell:Creating environment descriptor '/home/siddhant/mrt_ws/install/custommsgsrv/share/custommsgsrv/hook/ld_library_path_lib.dsv'
[2.372s] INFO:colcon.colcon_core.shell:Creating environment hook '/home/siddhant/mrt_ws/install/custommsgsrv/share/custommsgsrv/hook/ld_library_path_lib.sh'
[2.373s] Level 1:colcon.colcon_core.environment:checking '/home/siddhant/mrt_ws/install/custommsgsrv/bin'
[2.373s] Level 1:colcon.colcon_core.environment:checking '/home/siddhant/mrt_ws/install/custommsgsrv/lib/pkgconfig/custommsgsrv.pc'
[2.373s] Level 1:colcon.colcon_core.environment:checking '/home/siddhant/mrt_ws/install/custommsgsrv/lib/python3.10/site-packages'
[2.373s] Level 1:colcon.colcon_core.environment:checking '/home/siddhant/mrt_ws/install/custommsgsrv/bin'
[2.374s] INFO:colcon.colcon_core.shell:Creating package script '/home/siddhant/mrt_ws/install/custommsgsrv/share/custommsgsrv/package.ps1'
[2.375s] INFO:colcon.colcon_core.shell:Creating package descriptor '/home/siddhant/mrt_ws/install/custommsgsrv/share/custommsgsrv/package.dsv'
[2.376s] INFO:colcon.colcon_core.shell:Creating package script '/home/siddhant/mrt_ws/install/custommsgsrv/share/custommsgsrv/package.sh'
[2.377s] INFO:colcon.colcon_core.shell:Creating package script '/home/siddhant/mrt_ws/install/custommsgsrv/share/custommsgsrv/package.bash'
[2.377s] INFO:colcon.colcon_core.shell:Creating package script '/home/siddhant/mrt_ws/install/custommsgsrv/share/custommsgsrv/package.zsh'
[2.378s] Level 1:colcon.colcon_core.environment:create_file_with_runtime_dependencies(/home/siddhant/mrt_ws/install/custommsgsrv/share/colcon-core/packages/custommsgsrv)
[2.379s] INFO:colcon.colcon_ros.task.ament_python.build:Building ROS package in '/home/siddhant/mrt_ws/src/arucoasmt' with build type 'ament_python'
[2.379s] Level 1:colcon.colcon_core.shell:create_environment_hook('arucoasmt', 'ament_prefix_path')
[2.380s] INFO:colcon.colcon_core.shell:Creating environment hook '/home/siddhant/mrt_ws/install/arucoasmt/share/arucoasmt/hook/ament_prefix_path.ps1'
[2.381s] INFO:colcon.colcon_core.shell:Creating environment descriptor '/home/siddhant/mrt_ws/install/arucoasmt/share/arucoasmt/hook/ament_prefix_path.dsv'
[2.382s] INFO:colcon.colcon_core.shell:Creating environment hook '/home/siddhant/mrt_ws/install/arucoasmt/share/arucoasmt/hook/ament_prefix_path.sh'
[2.384s] INFO:colcon.colcon_core.shell:Skip shell extension 'powershell' for command environment: Not usable outside of PowerShell
[2.384s] DEBUG:colcon.colcon_core.shell:Skip shell extension 'dsv' for command environment
[2.728s] INFO:colcon.colcon_core.task.python.build:Building Python package in '/home/siddhant/mrt_ws/src/arucoasmt'
[2.729s] INFO:colcon.colcon_core.shell:Skip shell extension 'powershell' for command environment: Not usable outside of PowerShell
[2.729s] DEBUG:colcon.colcon_core.shell:Skip shell extension 'dsv' for command environment
[2.740s] Level 1:colcon.colcon_core.environment:checking '/home/siddhant/mrt_ws/install/sauron' for CMake module files
[2.742s] DEBUG:colcon.colcon_core.event_handler.log_command:Invoked command in '/home/siddhant/mrt_ws/src/sauron' returned '0': PYTHONPATH=/home/siddhant/mrt_ws/build/sauron/prefix_override:/usr/lib/python3/dist-packages/colcon_core/task/python/colcon_distutils_commands:/home/siddhant/mrt_ws/install/sauron/lib/python3.10/site-packages:${PYTHONPATH} /usr/bin/python3 -W ignore:setup.py install is deprecated setup.py egg_info --egg-base ../../build/sauron build --build-base /home/siddhant/mrt_ws/build/sauron/build install --record /home/siddhant/mrt_ws/build/sauron/install.log --single-version-externally-managed install_data
[2.742s] Level 1:colcon.colcon_core.environment:checking '/home/siddhant/mrt_ws/install/sauron' for CMake config files
[2.743s] Level 1:colcon.colcon_core.environment:checking '/home/siddhant/mrt_ws/install/sauron/lib'
[2.743s] Level 1:colcon.colcon_core.environment:checking '/home/siddhant/mrt_ws/install/sauron/bin'
[2.743s] Level 1:colcon.colcon_core.environment:checking '/home/siddhant/mrt_ws/install/sauron/lib/pkgconfig/sauron.pc'
[2.744s] Level 1:colcon.colcon_core.environment:checking '/home/siddhant/mrt_ws/install/sauron/lib/python3.10/site-packages'
[2.744s] Level 1:colcon.colcon_core.shell:create_environment_hook('sauron', 'pythonpath')
[2.744s] INFO:colcon.colcon_core.shell:Creating environment hook '/home/siddhant/mrt_ws/install/sauron/share/sauron/hook/pythonpath.ps1'
[2.745s] INFO:colcon.colcon_core.shell:Creating environment descriptor '/home/siddhant/mrt_ws/install/sauron/share/sauron/hook/pythonpath.dsv'
[2.745s] INFO:colcon.colcon_core.shell:Creating environment hook '/home/siddhant/mrt_ws/install/sauron/share/sauron/hook/pythonpath.sh'
[2.746s] Level 1:colcon.colcon_core.environment:checking '/home/siddhant/mrt_ws/install/sauron/bin'
[2.746s] Level 1:colcon.colcon_core.environment:create_environment_scripts_only(sauron)
[2.747s] INFO:colcon.colcon_core.shell:Creating package script '/home/siddhant/mrt_ws/install/sauron/share/sauron/package.ps1'
[2.748s] INFO:colcon.colcon_core.shell:Creating package descriptor '/home/siddhant/mrt_ws/install/sauron/share/sauron/package.dsv'
[2.749s] INFO:colcon.colcon_core.shell:Creating package script '/home/siddhant/mrt_ws/install/sauron/share/sauron/package.sh'
[2.750s] INFO:colcon.colcon_core.shell:Creating package script '/home/siddhant/mrt_ws/install/sauron/share/sauron/package.bash'
[2.751s] INFO:colcon.colcon_core.shell:Creating package script '/home/siddhant/mrt_ws/install/sauron/share/sauron/package.zsh'
[2.753s] Level 1:colcon.colcon_core.environment:create_file_with_runtime_dependencies(/home/siddhant/mrt_ws/install/sauron/share/colcon-core/packages/sauron)
[3.177s] DEBUG:colcon.colcon_core.event_handler.log_command:Invoking command in '/home/siddhant/mrt_ws/src/arucoasmt': PYTHONPATH=/home/siddhant/mrt_ws/build/arucoasmt/prefix_override:/usr/lib/python3/dist-packages/colcon_core/task/python/colcon_distutils_commands:/home/siddhant/mrt_ws/install/arucoasmt/lib/python3.10/site-packages:${PYTHONPATH} /usr/bin/python3 -W ignore:setup.py install is deprecated setup.py egg_info --egg-base ../../build/arucoasmt build --build-base /home/siddhant/mrt_ws/build/arucoasmt/build install --record /home/siddhant/mrt_ws/build/arucoasmt/install.log --single-version-externally-managed install_data
[3.535s] Level 1:colcon.colcon_core.environment:checking '/home/siddhant/mrt_ws/install/arucoasmt' for CMake module files
[3.535s] DEBUG:colcon.colcon_core.event_handler.log_command:Invoked command in '/home/siddhant/mrt_ws/src/arucoasmt' returned '0': PYTHONPATH=/home/siddhant/mrt_ws/build/arucoasmt/prefix_override:/usr/lib/python3/dist-packages/colcon_core/task/python/colcon_distutils_commands:/home/siddhant/mrt_ws/install/arucoasmt/lib/python3.10/site-packages:${PYTHONPATH} /usr/bin/python3 -W ignore:setup.py install is deprecated setup.py egg_info --egg-base ../../build/arucoasmt build --build-base /home/siddhant/mrt_ws/build/arucoasmt/build install --record /home/siddhant/mrt_ws/build/arucoasmt/install.log --single-version-externally-managed install_data
[3.536s] Level 1:colcon.colcon_core.environment:checking '/home/siddhant/mrt_ws/install/arucoasmt' for CMake config files
[3.537s] Level 1:colcon.colcon_core.environment:checking '/home/siddhant/mrt_ws/install/arucoasmt/lib'
[3.537s] Level 1:colcon.colcon_core.environment:checking '/home/siddhant/mrt_ws/install/arucoasmt/bin'
[3.537s] Level 1:colcon.colcon_core.environment:checking '/home/siddhant/mrt_ws/install/arucoasmt/lib/pkgconfig/arucoasmt.pc'
[3.537s] Level 1:colcon.colcon_core.environment:checking '/home/siddhant/mrt_ws/install/arucoasmt/lib/python3.10/site-packages'
[3.537s] Level 1:colcon.colcon_core.shell:create_environment_hook('arucoasmt', 'pythonpath')
[3.537s] INFO:colcon.colcon_core.shell:Creating environment hook '/home/siddhant/mrt_ws/install/arucoasmt/share/arucoasmt/hook/pythonpath.ps1'
[3.538s] INFO:colcon.colcon_core.shell:Creating environment descriptor '/home/siddhant/mrt_ws/install/arucoasmt/share/arucoasmt/hook/pythonpath.dsv'
[3.539s] INFO:colcon.colcon_core.shell:Creating environment hook '/home/siddhant/mrt_ws/install/arucoasmt/share/arucoasmt/hook/pythonpath.sh'
[3.539s] Level 1:colcon.colcon_core.environment:checking '/home/siddhant/mrt_ws/install/arucoasmt/bin'
[3.539s] Level 1:colcon.colcon_core.environment:create_environment_scripts_only(arucoasmt)
[3.540s] INFO:colcon.colcon_core.shell:Creating package script '/home/siddhant/mrt_ws/install/arucoasmt/share/arucoasmt/package.ps1'
[3.541s] INFO:colcon.colcon_core.shell:Creating package descriptor '/home/siddhant/mrt_ws/install/arucoasmt/share/arucoasmt/package.dsv'
[3.541s] INFO:colcon.colcon_core.shell:Creating package script '/home/siddhant/mrt_ws/install/arucoasmt/share/arucoasmt/package.sh'
[3.542s] INFO:colcon.colcon_core.shell:Creating package script '/home/siddhant/mrt_ws/install/arucoasmt/share/arucoasmt/package.bash'
[3.542s] INFO:colcon.colcon_core.shell:Creating package script '/home/siddhant/mrt_ws/install/arucoasmt/share/arucoasmt/package.zsh'
[3.543s] Level 1:colcon.colcon_core.environment:create_file_with_runtime_dependencies(/home/siddhant/mrt_ws/install/arucoasmt/share/colcon-core/packages/arucoasmt)
[3.543s] DEBUG:colcon.colcon_parallel_executor.executor.parallel:closing loop
[3.543s] DEBUG:colcon.colcon_parallel_executor.executor.parallel:loop closed
[3.544s] DEBUG:colcon.colcon_parallel_executor.executor.parallel:run_until_complete finished with '0'
[3.544s] DEBUG:colcon.colcon_core.event_reactor:joining thread
[3.554s] INFO:colcon.colcon_core.plugin_system:Skipping extension 'colcon_notification.desktop_notification.terminal_notifier': Not used on non-Darwin systems
[3.554s] INFO:colcon.colcon_core.plugin_system:Skipping extension 'colcon_notification.desktop_notification.win32': Not used on non-Windows systems
[3.554s] INFO:colcon.colcon_notification.desktop_notification:Sending desktop notification using 'notify2'
[3.585s] DEBUG:colcon.colcon_core.event_reactor:joined thread
[3.586s] INFO:colcon.colcon_core.shell:Creating prefix script '/home/siddhant/mrt_ws/install/local_setup.ps1'
[3.589s] INFO:colcon.colcon_core.shell:Creating prefix util module '/home/siddhant/mrt_ws/install/_local_setup_util_ps1.py'
[3.594s] INFO:colcon.colcon_core.shell:Creating prefix chain script '/home/siddhant/mrt_ws/install/setup.ps1'
[3.598s] INFO:colcon.colcon_core.shell:Creating prefix script '/home/siddhant/mrt_ws/install/local_setup.sh'
[3.600s] INFO:colcon.colcon_core.shell:Creating prefix util module '/home/siddhant/mrt_ws/install/_local_setup_util_sh.py'
[3.601s] INFO:colcon.colcon_core.shell:Creating prefix chain script '/home/siddhant/mrt_ws/install/setup.sh'
[3.605s] INFO:colcon.colcon_core.shell:Creating prefix script '/home/siddhant/mrt_ws/install/local_setup.bash'
[3.607s] INFO:colcon.colcon_core.shell:Creating prefix chain script '/home/siddhant/mrt_ws/install/setup.bash'
[3.610s] INFO:colcon.colcon_core.shell:Creating prefix script '/home/siddhant/mrt_ws/install/local_setup.zsh'
[3.612s] INFO:colcon.colcon_core.shell:Creating prefix chain script '/home/siddhant/mrt_ws/install/setup.zsh'
