-- Found ament_cmake: 1.3.10 (/opt/ros/humble/share/ament_cmake/cmake)
-- Found geometry_msgs: 4.2.4 (/opt/ros/humble/share/geometry_msgs/cmake)
-- Found rosidl_generator_c: 3.1.5 (/opt/ros/humble/share/rosidl_generator_c/cmake)
-- Found rosidl_adapter: 3.1.5 (/opt/ros/humble/share/rosidl_adapter/cmake)
-- Found rosidl_generator_cpp: 3.1.5 (/opt/ros/humble/share/rosidl_generator_cpp/cmake)
-- Using all available rosidl_typesupport_c: rosidl_typesupport_fastrtps_c;rosidl_typesupport_introspection_c
-- Using all available rosidl_typesupport_cpp: rosidl_typesupport_fastrtps_cpp;rosidl_typesupport_introspection_cpp
-- Found rosidl_default_generators: 1.2.0 (/opt/ros/humble/share/rosidl_default_generators/cmake)
-- Found sensor_msgs: 4.2.4 (/opt/ros/humble/share/sensor_msgs/cmake)
-- Found ament_cmake_ros: 0.10.0 (/opt/ros/humble/share/ament_cmake_ros/cmake)
-- Using all available rosidl_typesupport_c: rosidl_typesupport_fastrtps_c;rosidl_typesupport_introspection_c
-- Using all available rosidl_typesupport_cpp: rosidl_typesupport_fastrtps_cpp;rosidl_typesupport_introspection_cpp
-- Found python_cmake_module: 0.10.0 (/opt/ros/humble/share/python_cmake_module/cmake)
-- Using PYTHON_EXECUTABLE: /usr/bin/python3
-- Using PYTHON_INCLUDE_DIRS: /usr/include/python3.10
-- Using PYTHON_LIBRARIES: /usr/lib/x86_64-linux-gnu/libpython3.10.so
-- Found ament_lint_auto: 0.12.11 (/opt/ros/humble/share/ament_lint_auto/cmake)
-- Added test 'lint_cmake' to check CMake code style
-- Added test 'xmllint' to check XML markup files
-- Configuring done
-- Generating done
-- Build files have been written to: /home/siddhant/mrt_ws/build/custommsgsrv
[35m[1mConsolidate compiler generated dependencies of target custommsgsrv__rosidl_generator_c[0m
[  1%] Built target custommsgsrv__cpp
[  2%] [32mBuilding C object CMakeFiles/custommsgsrv__rosidl_generator_c.dir/rosidl_generator_c/custommsgsrv/srv/detail/imgservice__functions.c.o[0m
[35m[1mConsolidate compiler generated dependencies of target custommsgsrv__rosidl_typesupport_fastrtps_cpp[0m
[35m[1mConsolidate compiler generated dependencies of target custommsgsrv__rosidl_typesupport_cpp[0m
[  2%] Built target ament_cmake_python_copy_custommsgsrv
In file included from [01m[K/home/siddhant/mrt_ws/build/custommsgsrv/rosidl_generator_c/custommsgsrv/srv/detail/imgservice__functions.h:19[m[K,
                 from [01m[K/home/siddhant/mrt_ws/build/custommsgsrv/rosidl_generator_c/custommsgsrv/srv/detail/imgservice__functions.c:4[m[K:
[01m[K/home/siddhant/mrt_ws/build/custommsgsrv/rosidl_generator_c/custommsgsrv/srv/detail/imgservice__struct.h:45:10:[m[K [01;31m[Kfatal error: [m[Kcustommsgsrv/msg/detail/polygon__struct.h: No such file or directory
   45 | #include [01;31m[K"custommsgsrv/msg/detail/polygon__struct.h"[m[K
      |          [01;31m[K^~~~~~~~~~~~~~~~~~~~~~~~~~~~~~~~~~~~~~~~~~~[m[K
compilation terminated.
gmake[2]: *** [CMakeFiles/custommsgsrv__rosidl_generator_c.dir/build.make:345: CMakeFiles/custommsgsrv__rosidl_generator_c.dir/rosidl_generator_c/custommsgsrv/srv/detail/imgservice__functions.c.o] Error 1
gmake[1]: *** [CMakeFiles/Makefile2:213: CMakeFiles/custommsgsrv__rosidl_generator_c.dir/all] Error 2
gmake[1]: *** Waiting for unfinished jobs....
[35m[1mConsolidate compiler generated dependencies of target custommsgsrv__rosidl_typesupport_introspection_cpp[0m
[  4%] [32mBuilding CXX object CMakeFiles/custommsgsrv__rosidl_typesupport_fastrtps_cpp.dir/rosidl_typesupport_fastrtps_cpp/custommsgsrv/srv/detail/dds_fastrtps/imgservice__type_support.cpp.o[0m
[  5%] [32mBuilding CXX object CMakeFiles/custommsgsrv__rosidl_typesupport_cpp.dir/rosidl_typesupport_cpp/custommsgsrv/srv/imgservice__type_support.cpp.o[0m
[  7%] [32mBuilding CXX object CMakeFiles/custommsgsrv__rosidl_typesupport_introspection_cpp.dir/rosidl_typesupport_introspection_cpp/custommsgsrv/srv/detail/imgservice__type_support.cpp.o[0m
In file included from [01m[K/home/siddhant/mrt_ws/build/custommsgsrv/rosidl_typesupport_cpp/custommsgsrv/srv/imgservice__type_support.cpp:7[m[K:
[01m[K/home/siddhant/mrt_ws/build/custommsgsrv/rosidl_generator_cpp/custommsgsrv/srv/detail/imgservice__struct.hpp:131:10:[m[K [01;31m[Kfatal error: [m[Kcustommsgsrv/msg/detail/polygon__struct.hpp: No such file or directory
  131 | #include [01;31m[K"custommsgsrv/msg/detail/polygon__struct.hpp"[m[K
      |          [01;31m[K^~~~~~~~~~~~~~~~~~~~~~~~~~~~~~~~~~~~~~~~~~~~~[m[K
compilation terminated.
In file included from [01m[K/home/siddhant/mrt_ws/build/custommsgsrv/rosidl_typesupport_fastrtps_cpp/custommsgsrv/srv/detail/imgservice__rosidl_typesupport_fastrtps_cpp.hpp:11[m[K,
                 from [01m[K/home/siddhant/mrt_ws/build/custommsgsrv/rosidl_typesupport_fastrtps_cpp/custommsgsrv/srv/detail/dds_fastrtps/imgservice__type_support.cpp:4[m[K:
[01m[K/home/siddhant/mrt_ws/build/custommsgsrv/rosidl_generator_cpp/custommsgsrv/srv/detail/imgservice__struct.hpp:131:10:[m[K [01;31m[Kfatal error: [m[Kcustommsgsrv/msg/detail/polygon__struct.hpp: No such file or directory
  131 | #include [01;31m[K"custommsgsrv/msg/detail/polygon__struct.hpp"[m[K
      |          [01;31m[K^~~~~~~~~~~~~~~~~~~~~~~~~~~~~~~~~~~~~~~~~~~~~[m[K
compilation terminated.
gmake[2]: *** [CMakeFiles/custommsgsrv__rosidl_typesupport_fastrtps_cpp.dir/build.make:286: CMakeFiles/custommsgsrv__rosidl_typesupport_fastrtps_cpp.dir/rosidl_typesupport_fastrtps_cpp/custommsgsrv/srv/detail/dds_fastrtps/imgservice__type_support.cpp.o] Error 1
gmake[1]: *** [CMakeFiles/Makefile2:291: CMakeFiles/custommsgsrv__rosidl_typesupport_fastrtps_cpp.dir/all] Error 2
gmake[2]: *** [CMakeFiles/custommsgsrv__rosidl_typesupport_cpp.dir/build.make:266: CMakeFiles/custommsgsrv__rosidl_typesupport_cpp.dir/rosidl_typesupport_cpp/custommsgsrv/srv/imgservice__type_support.cpp.o] Error 1
gmake[1]: *** [CMakeFiles/Makefile2:395: CMakeFiles/custommsgsrv__rosidl_typesupport_cpp.dir/all] Error 2
In file included from [01m[K/home/siddhant/mrt_ws/build/custommsgsrv/rosidl_typesupport_introspection_cpp/custommsgsrv/srv/detail/imgservice__type_support.cpp:12[m[K:
[01m[K/home/siddhant/mrt_ws/build/custommsgsrv/rosidl_generator_cpp/custommsgsrv/srv/detail/imgservice__struct.hpp:131:10:[m[K [01;31m[Kfatal error: [m[Kcustommsgsrv/msg/detail/polygon__struct.hpp: No such file or directory
  131 | #include [01;31m[K"custommsgsrv/msg/detail/polygon__struct.hpp"[m[K
      |          [01;31m[K^~~~~~~~~~~~~~~~~~~~~~~~~~~~~~~~~~~~~~~~~~~~~[m[K
compilation terminated.
gmake[2]: *** [CMakeFiles/custommsgsrv__rosidl_typesupport_introspection_cpp.dir/build.make:286: CMakeFiles/custommsgsrv__rosidl_typesupport_introspection_cpp.dir/rosidl_typesupport_introspection_cpp/custommsgsrv/srv/detail/imgservice__type_support.cpp.o] Error 1
gmake[1]: *** [CMakeFiles/Makefile2:369: CMakeFiles/custommsgsrv__rosidl_typesupport_introspection_cpp.dir/all] Error 2
gmake: *** [Makefile:146: all] Error 2
