[0.188s] DEBUG:colcon:Command line arguments: ['/usr/bin/colcon', 'build']
[0.189s] DEBUG:colcon:Parsed command line arguments: Namespace(log_base=None, log_level=None, verb_name='build', build_base='build', install_base='install', merge_install=False, symlink_install=False, test_result_base=None, continue_on_error=False, executor='parallel', parallel_workers=4, event_handlers=None, ignore_user_meta=False, metas=['./colcon.meta'], base_paths=['.'], packages_ignore=None, packages_ignore_regex=None, paths=None, packages_up_to=None, packages_up_to_regex=None, packages_above=None, packages_above_and_dependencies=None, packages_above_depth=None, packages_select_by_dep=None, packages_skip_by_dep=None, packages_skip_up_to=None, packages_select_build_failed=False, packages_skip_build_finished=False, packages_select_test_failures=False, packages_skip_test_passed=False, packages_select=None, packages_skip=None, packages_select_regex=None, packages_skip_regex=None, packages_start=None, packages_end=None, allow_overriding=[], cmake_args=None, cmake_target=None, cmake_target_skip_unavailable=False, cmake_clean_cache=False, cmake_clean_first=False, cmake_force_configure=False, ament_cmake_args=None, catkin_cmake_args=None, catkin_skip_building_tests=False, mixin_files=None, mixin=None, verb_parser=<colcon_mixin.mixin.mixin_argument.MixinArgumentDecorator object at 0x71f38983ded0>, verb_extension=<colcon_core.verb.build.BuildVerb object at 0x71f3899b3370>, main=<bound method BuildVerb.main of <colcon_core.verb.build.BuildVerb object at 0x71f3899b3370>>, mixin_verb=('build',))
[0.476s] Level 1:colcon.colcon_core.package_discovery:discover_packages(colcon_meta) check parameters
[0.476s] Level 1:colcon.colcon_core.package_discovery:discover_packages(recursive) check parameters
[0.476s] Level 1:colcon.colcon_core.package_discovery:discover_packages(ignore) check parameters
[0.476s] Level 1:colcon.colcon_core.package_discovery:discover_packages(path) check parameters
[0.476s] Level 1:colcon.colcon_core.package_discovery:discover_packages(colcon_meta) discover
[0.476s] Level 1:colcon.colcon_core.package_discovery:discover_packages(recursive) discover
[0.476s] INFO:colcon.colcon_core.package_discovery:Crawling recursively for packages in '/home/siddhant/mrt_ws'
[0.477s] Level 1:colcon.colcon_core.package_identification:_identify(.) by extensions ['ignore', 'ignore_ament_install']
[0.477s] Level 1:colcon.colcon_core.package_identification:_identify(.) by extension 'ignore'
[0.477s] Level 1:colcon.colcon_core.package_identification:_identify(.) by extension 'ignore_ament_install'
[0.477s] Level 1:colcon.colcon_core.package_identification:_identify(.) by extensions ['colcon_pkg']
[0.477s] Level 1:colcon.colcon_core.package_identification:_identify(.) by extension 'colcon_pkg'
[0.477s] Level 1:colcon.colcon_core.package_identification:_identify(.) by extensions ['colcon_meta']
[0.477s] Level 1:colcon.colcon_core.package_identification:_identify(.) by extension 'colcon_meta'
[0.478s] Level 1:colcon.colcon_core.package_identification:_identify(.) by extensions ['ros']
[0.478s] Level 1:colcon.colcon_core.package_identification:_identify(.) by extension 'ros'
[0.499s] Level 1:colcon.colcon_core.package_identification:_identify(.) by extensions ['cmake', 'python']
[0.500s] Level 1:colcon.colcon_core.package_identification:_identify(.) by extension 'cmake'
[0.500s] Level 1:colcon.colcon_core.package_identification:_identify(.) by extension 'python'
[0.500s] Level 1:colcon.colcon_core.package_identification:_identify(.) by extensions ['python_setup_py']
[0.500s] Level 1:colcon.colcon_core.package_identification:_identify(.) by extension 'python_setup_py'
[0.500s] Level 1:colcon.colcon_core.package_identification:_identify(Templates) by extensions ['ignore', 'ignore_ament_install']
[0.501s] Level 1:colcon.colcon_core.package_identification:_identify(Templates) by extension 'ignore'
[0.501s] Level 1:colcon.colcon_core.package_identification:_identify(Templates) by extension 'ignore_ament_install'
[0.501s] Level 1:colcon.colcon_core.package_identification:_identify(Templates) by extensions ['colcon_pkg']
[0.501s] Level 1:colcon.colcon_core.package_identification:_identify(Templates) by extension 'colcon_pkg'
[0.501s] Level 1:colcon.colcon_core.package_identification:_identify(Templates) by extensions ['colcon_meta']
[0.501s] Level 1:colcon.colcon_core.package_identification:_identify(Templates) by extension 'colcon_meta'
[0.501s] Level 1:colcon.colcon_core.package_identification:_identify(Templates) by extensions ['ros']
[0.501s] Level 1:colcon.colcon_core.package_identification:_identify(Templates) by extension 'ros'
[0.502s] Level 1:colcon.colcon_core.package_identification:_identify(Templates) by extensions ['cmake', 'python']
[0.502s] Level 1:colcon.colcon_core.package_identification:_identify(Templates) by extension 'cmake'
[0.502s] Level 1:colcon.colcon_core.package_identification:_identify(Templates) by extension 'python'
[0.502s] Level 1:colcon.colcon_core.package_identification:_identify(Templates) by extensions ['python_setup_py']
[0.502s] Level 1:colcon.colcon_core.package_identification:_identify(Templates) by extension 'python_setup_py'
[0.502s] Level 1:colcon.colcon_core.package_identification:_identify(build) by extensions ['ignore', 'ignore_ament_install']
[0.502s] Level 1:colcon.colcon_core.package_identification:_identify(build) by extension 'ignore'
[0.503s] Level 1:colcon.colcon_core.package_identification:_identify(build) ignored
[0.503s] Level 1:colcon.colcon_core.package_identification:_identify(install) by extensions ['ignore', 'ignore_ament_install']
[0.503s] Level 1:colcon.colcon_core.package_identification:_identify(install) by extension 'ignore'
[0.503s] Level 1:colcon.colcon_core.package_identification:_identify(install) ignored
[0.503s] Level 1:colcon.colcon_core.package_identification:_identify(log) by extensions ['ignore', 'ignore_ament_install']
[0.504s] Level 1:colcon.colcon_core.package_identification:_identify(log) by extension 'ignore'
[0.504s] Level 1:colcon.colcon_core.package_identification:_identify(log) ignored
[0.504s] Level 1:colcon.colcon_core.package_identification:_identify(src) by extensions ['ignore', 'ignore_ament_install']
[0.504s] Level 1:colcon.colcon_core.package_identification:_identify(src) by extension 'ignore'
[0.504s] Level 1:colcon.colcon_core.package_identification:_identify(src) by extension 'ignore_ament_install'
[0.504s] Level 1:colcon.colcon_core.package_identification:_identify(src) by extensions ['colcon_pkg']
[0.504s] Level 1:colcon.colcon_core.package_identification:_identify(src) by extension 'colcon_pkg'
[0.504s] Level 1:colcon.colcon_core.package_identification:_identify(src) by extensions ['colcon_meta']
[0.505s] Level 1:colcon.colcon_core.package_identification:_identify(src) by extension 'colcon_meta'
[0.505s] Level 1:colcon.colcon_core.package_identification:_identify(src) by extensions ['ros']
[0.505s] Level 1:colcon.colcon_core.package_identification:_identify(src) by extension 'ros'
[0.505s] Level 1:colcon.colcon_core.package_identification:_identify(src) by extensions ['cmake', 'python']
[0.505s] Level 1:colcon.colcon_core.package_identification:_identify(src) by extension 'cmake'
[0.505s] Level 1:colcon.colcon_core.package_identification:_identify(src) by extension 'python'
[0.505s] Level 1:colcon.colcon_core.package_identification:_identify(src) by extensions ['python_setup_py']
[0.505s] Level 1:colcon.colcon_core.package_identification:_identify(src) by extension 'python_setup_py'
[0.505s] Level 1:colcon.colcon_core.package_identification:_identify(src/arucoasmt) by extensions ['ignore', 'ignore_ament_install']
[0.506s] Level 1:colcon.colcon_core.package_identification:_identify(src/arucoasmt) by extension 'ignore'
[0.506s] Level 1:colcon.colcon_core.package_identification:_identify(src/arucoasmt) by extension 'ignore_ament_install'
[0.506s] Level 1:colcon.colcon_core.package_identification:_identify(src/arucoasmt) by extensions ['colcon_pkg']
[0.506s] Level 1:colcon.colcon_core.package_identification:_identify(src/arucoasmt) by extension 'colcon_pkg'
[0.506s] Level 1:colcon.colcon_core.package_identification:_identify(src/arucoasmt) by extensions ['colcon_meta']
[0.506s] Level 1:colcon.colcon_core.package_identification:_identify(src/arucoasmt) by extension 'colcon_meta'
[0.506s] Level 1:colcon.colcon_core.package_identification:_identify(src/arucoasmt) by extensions ['ros']
[0.506s] Level 1:colcon.colcon_core.package_identification:_identify(src/arucoasmt) by extension 'ros'
[0.511s] DEBUG:colcon.colcon_core.package_identification:Package 'src/arucoasmt' with type 'ros.ament_python' and name 'arucoasmt'
[0.511s] Level 1:colcon.colcon_core.package_identification:_identify(src/custommsgsrv) by extensions ['ignore', 'ignore_ament_install']
[0.511s] Level 1:colcon.colcon_core.package_identification:_identify(src/custommsgsrv) by extension 'ignore'
[0.512s] Level 1:colcon.colcon_core.package_identification:_identify(src/custommsgsrv) by extension 'ignore_ament_install'
[0.512s] Level 1:colcon.colcon_core.package_identification:_identify(src/custommsgsrv) by extensions ['colcon_pkg']
[0.512s] Level 1:colcon.colcon_core.package_identification:_identify(src/custommsgsrv) by extension 'colcon_pkg'
[0.512s] Level 1:colcon.colcon_core.package_identification:_identify(src/custommsgsrv) by extensions ['colcon_meta']
[0.512s] Level 1:colcon.colcon_core.package_identification:_identify(src/custommsgsrv) by extension 'colcon_meta'
[0.512s] Level 1:colcon.colcon_core.package_identification:_identify(src/custommsgsrv) by extensions ['ros']
[0.512s] Level 1:colcon.colcon_core.package_identification:_identify(src/custommsgsrv) by extension 'ros'
[0.513s] DEBUG:colcon.colcon_core.package_identification:Package 'src/custommsgsrv' with type 'ros.ament_cmake' and name 'custommsgsrv'
[0.514s] Level 1:colcon.colcon_core.package_identification:_identify(src/sauron) by extensions ['ignore', 'ignore_ament_install']
[0.514s] Level 1:colcon.colcon_core.package_identification:_identify(src/sauron) by extension 'ignore'
[0.514s] Level 1:colcon.colcon_core.package_identification:_identify(src/sauron) by extension 'ignore_ament_install'
[0.514s] Level 1:colcon.colcon_core.package_identification:_identify(src/sauron) by extensions ['colcon_pkg']
[0.514s] Level 1:colcon.colcon_core.package_identification:_identify(src/sauron) by extension 'colcon_pkg'
[0.514s] Level 1:colcon.colcon_core.package_identification:_identify(src/sauron) by extensions ['colcon_meta']
[0.514s] Level 1:colcon.colcon_core.package_identification:_identify(src/sauron) by extension 'colcon_meta'
[0.515s] Level 1:colcon.colcon_core.package_identification:_identify(src/sauron) by extensions ['ros']
[0.515s] Level 1:colcon.colcon_core.package_identification:_identify(src/sauron) by extension 'ros'
[0.516s] DEBUG:colcon.colcon_core.package_identification:Package 'src/sauron' with type 'ros.ament_python' and name 'sauron'
[0.516s] Level 1:colcon.colcon_core.package_discovery:discover_packages(recursive) using defaults
[0.516s] Level 1:colcon.colcon_core.package_discovery:discover_packages(ignore) discover
[0.516s] Level 1:colcon.colcon_core.package_discovery:discover_packages(ignore) using defaults
[0.516s] Level 1:colcon.colcon_core.package_discovery:discover_packages(path) discover
[0.516s] Level 1:colcon.colcon_core.package_discovery:discover_packages(path) using defaults
[0.580s] Level 1:colcon.colcon_core.package_discovery:discover_packages(prefix_path) check parameters
[0.580s] Level 1:colcon.colcon_core.package_discovery:discover_packages(prefix_path) discover
[0.583s] DEBUG:colcon.colcon_installed_package_information.package_discovery:Found 3 installed packages in /home/siddhant/mrt_ws/install
[0.586s] DEBUG:colcon.colcon_installed_package_information.package_discovery:Found 270 installed packages in /opt/ros/humble
[0.589s] Level 1:colcon.colcon_core.package_discovery:discover_packages(prefix_path) using defaults
[0.655s] Level 5:colcon.colcon_core.verb:set package 'arucoasmt' build argument 'cmake_args' from command line to 'None'
[0.655s] Level 5:colcon.colcon_core.verb:set package 'arucoasmt' build argument 'cmake_target' from command line to 'None'
[0.655s] Level 5:colcon.colcon_core.verb:set package 'arucoasmt' build argument 'cmake_target_skip_unavailable' from command line to 'False'
[0.656s] Level 5:colcon.colcon_core.verb:set package 'arucoasmt' build argument 'cmake_clean_cache' from command line to 'False'
[0.656s] Level 5:colcon.colcon_core.verb:set package 'arucoasmt' build argument 'cmake_clean_first' from command line to 'False'
[0.656s] Level 5:colcon.colcon_core.verb:set package 'arucoasmt' build argument 'cmake_force_configure' from command line to 'False'
[0.656s] Level 5:colcon.colcon_core.verb:set package 'arucoasmt' build argument 'ament_cmake_args' from command line to 'None'
[0.656s] Level 5:colcon.colcon_core.verb:set package 'arucoasmt' build argument 'catkin_cmake_args' from command line to 'None'
[0.656s] Level 5:colcon.colcon_core.verb:set package 'arucoasmt' build argument 'catkin_skip_building_tests' from command line to 'False'
[0.656s] DEBUG:colcon.colcon_core.verb:Building package 'arucoasmt' with the following arguments: {'ament_cmake_args': None, 'build_base': '/home/siddhant/mrt_ws/build/arucoasmt', 'catkin_cmake_args': None, 'catkin_skip_building_tests': False, 'cmake_args': None, 'cmake_clean_cache': False, 'cmake_clean_first': False, 'cmake_force_configure': False, 'cmake_target': None, 'cmake_target_skip_unavailable': False, 'install_base': '/home/siddhant/mrt_ws/install/arucoasmt', 'merge_install': False, 'path': '/home/siddhant/mrt_ws/src/arucoasmt', 'symlink_install': False, 'test_result_base': None}
[0.657s] Level 5:colcon.colcon_core.verb:set package 'custommsgsrv' build argument 'cmake_args' from command line to 'None'
[0.657s] Level 5:colcon.colcon_core.verb:set package 'custommsgsrv' build argument 'cmake_target' from command line to 'None'
[0.657s] Level 5:colcon.colcon_core.verb:set package 'custommsgsrv' build argument 'cmake_target_skip_unavailable' from command line to 'False'
[0.657s] Level 5:colcon.colcon_core.verb:set package 'custommsgsrv' build argument 'cmake_clean_cache' from command line to 'False'
[0.657s] Level 5:colcon.colcon_core.verb:set package 'custommsgsrv' build argument 'cmake_clean_first' from command line to 'False'
[0.657s] Level 5:colcon.colcon_core.verb:set package 'custommsgsrv' build argument 'cmake_force_configure' from command line to 'False'
[0.657s] Level 5:colcon.colcon_core.verb:set package 'custommsgsrv' build argument 'ament_cmake_args' from command line to 'None'
[0.657s] Level 5:colcon.colcon_core.verb:set package 'custommsgsrv' build argument 'catkin_cmake_args' from command line to 'None'
[0.657s] Level 5:colcon.colcon_core.verb:set package 'custommsgsrv' build argument 'catkin_skip_building_tests' from command line to 'False'
[0.657s] DEBUG:colcon.colcon_core.verb:Building package 'custommsgsrv' with the following arguments: {'ament_cmake_args': None, 'build_base': '/home/siddhant/mrt_ws/build/custommsgsrv', 'catkin_cmake_args': None, 'catkin_skip_building_tests': False, 'cmake_args': None, 'cmake_clean_cache': False, 'cmake_clean_first': False, 'cmake_force_configure': False, 'cmake_target': None, 'cmake_target_skip_unavailable': False, 'install_base': '/home/siddhant/mrt_ws/install/custommsgsrv', 'merge_install': False, 'path': '/home/siddhant/mrt_ws/src/custommsgsrv', 'symlink_install': False, 'test_result_base': None}
[0.658s] Level 5:colcon.colcon_core.verb:set package 'sauron' build argument 'cmake_args' from command line to 'None'
[0.658s] Level 5:colcon.colcon_core.verb:set package 'sauron' build argument 'cmake_target' from command line to 'None'
[0.658s] Level 5:colcon.colcon_core.verb:set package 'sauron' build argument 'cmake_target_skip_unavailable' from command line to 'False'
[0.658s] Level 5:colcon.colcon_core.verb:set package 'sauron' build argument 'cmake_clean_cache' from command line to 'False'
[0.658s] Level 5:colcon.colcon_core.verb:set package 'sauron' build argument 'cmake_clean_first' from command line to 'False'
[0.658s] Level 5:colcon.colcon_core.verb:set package 'sauron' build argument 'cmake_force_configure' from command line to 'False'
[0.658s] Level 5:colcon.colcon_core.verb:set package 'sauron' build argument 'ament_cmake_args' from command line to 'None'
[0.658s] Level 5:colcon.colcon_core.verb:set package 'sauron' build argument 'catkin_cmake_args' from command line to 'None'
[0.658s] Level 5:colcon.colcon_core.verb:set package 'sauron' build argument 'catkin_skip_building_tests' from command line to 'False'
[0.658s] DEBUG:colcon.colcon_core.verb:Building package 'sauron' with the following arguments: {'ament_cmake_args': None, 'build_base': '/home/siddhant/mrt_ws/build/sauron', 'catkin_cmake_args': None, 'catkin_skip_building_tests': False, 'cmake_args': None, 'cmake_clean_cache': False, 'cmake_clean_first': False, 'cmake_force_configure': False, 'cmake_target': None, 'cmake_target_skip_unavailable': False, 'install_base': '/home/siddhant/mrt_ws/install/sauron', 'merge_install': False, 'path': '/home/siddhant/mrt_ws/src/sauron', 'symlink_install': False, 'test_result_base': None}
[0.658s] INFO:colcon.colcon_core.executor:Executing jobs using 'parallel' executor
[0.661s] DEBUG:colcon.colcon_parallel_executor.executor.parallel:run_until_complete
[0.661s] INFO:colcon.colcon_ros.task.ament_python.build:Building ROS package in '/home/siddhant/mrt_ws/src/arucoasmt' with build type 'ament_python'
[0.661s] Level 1:colcon.colcon_core.shell:create_environment_hook('arucoasmt', 'ament_prefix_path')
[0.665s] INFO:colcon.colcon_core.plugin_system:Skipping extension 'colcon_core.shell.bat': Not used on non-Windows systems
[0.666s] INFO:colcon.colcon_core.shell:Creating environment hook '/home/siddhant/mrt_ws/install/arucoasmt/share/arucoasmt/hook/ament_prefix_path.ps1'
[0.667s] INFO:colcon.colcon_core.shell:Creating environment descriptor '/home/siddhant/mrt_ws/install/arucoasmt/share/arucoasmt/hook/ament_prefix_path.dsv'
[0.668s] INFO:colcon.colcon_core.shell:Creating environment hook '/home/siddhant/mrt_ws/install/arucoasmt/share/arucoasmt/hook/ament_prefix_path.sh'
[0.670s] INFO:colcon.colcon_core.shell:Skip shell extension 'powershell' for command environment: Not usable outside of PowerShell
[0.670s] DEBUG:colcon.colcon_core.shell:Skip shell extension 'dsv' for command environment
[0.680s] INFO:colcon.colcon_ros.task.ament_cmake.build:Building ROS package in '/home/siddhant/mrt_ws/src/custommsgsrv' with build type 'ament_cmake'
[0.681s] INFO:colcon.colcon_cmake.task.cmake.build:Building CMake package in '/home/siddhant/mrt_ws/src/custommsgsrv'
[0.683s] INFO:colcon.colcon_core.shell:Skip shell extension 'powershell' for command environment: Not usable outside of PowerShell
[0.683s] DEBUG:colcon.colcon_core.shell:Skip shell extension 'dsv' for command environment
[0.691s] INFO:colcon.colcon_ros.task.ament_python.build:Building ROS package in '/home/siddhant/mrt_ws/src/sauron' with build type 'ament_python'
[0.692s] Level 1:colcon.colcon_core.shell:create_environment_hook('sauron', 'ament_prefix_path')
[0.692s] INFO:colcon.colcon_core.shell:Creating environment hook '/home/siddhant/mrt_ws/install/sauron/share/sauron/hook/ament_prefix_path.ps1'
[0.694s] INFO:colcon.colcon_core.shell:Creating environment descriptor '/home/siddhant/mrt_ws/install/sauron/share/sauron/hook/ament_prefix_path.dsv'
[0.695s] INFO:colcon.colcon_core.shell:Creating environment hook '/home/siddhant/mrt_ws/install/sauron/share/sauron/hook/ament_prefix_path.sh'
[0.696s] INFO:colcon.colcon_core.shell:Skip shell extension 'powershell' for command environment: Not usable outside of PowerShell
[0.696s] DEBUG:colcon.colcon_core.shell:Skip shell extension 'dsv' for command environment
[1.259s] INFO:colcon.colcon_core.task.python.build:Building Python package in '/home/siddhant/mrt_ws/src/arucoasmt'
[1.259s] INFO:colcon.colcon_core.shell:Skip shell extension 'powershell' for command environment: Not usable outside of PowerShell
[1.260s] DEBUG:colcon.colcon_core.shell:Skip shell extension 'dsv' for command environment
[1.275s] DEBUG:colcon.colcon_core.event_handler.log_command:Invoking command in '/home/siddhant/mrt_ws/build/custommsgsrv': CMAKE_PREFIX_PATH=${CMAKE_PREFIX_PATH}:/home/siddhant/mrt_ws/install/sauron:/home/siddhant/mrt_ws/install/arucoasmt:/opt/ros/humble /usr/bin/cmake --build /home/siddhant/mrt_ws/build/custommsgsrv -- -j4 -l4
[1.917s] INFO:colcon.colcon_core.task.python.build:Building Python package in '/home/siddhant/mrt_ws/src/sauron'
[1.918s] INFO:colcon.colcon_core.shell:Skip shell extension 'powershell' for command environment: Not usable outside of PowerShell
[1.919s] DEBUG:colcon.colcon_core.shell:Skip shell extension 'dsv' for command environment
[2.046s] DEBUG:colcon.colcon_core.event_handler.log_command:Invoked command in '/home/siddhant/mrt_ws/build/custommsgsrv' returned '2': CMAKE_PREFIX_PATH=${CMAKE_PREFIX_PATH}:/home/siddhant/mrt_ws/install/sauron:/home/siddhant/mrt_ws/install/arucoasmt:/opt/ros/humble /usr/bin/cmake --build /home/siddhant/mrt_ws/build/custommsgsrv -- -j4 -l4
[2.096s] Level 1:colcon.colcon_core.environment:create_environment_scripts_only(custommsgsrv)
[2.104s] Level 1:colcon.colcon_core.environment:checking '/home/siddhant/mrt_ws/install/custommsgsrv' for CMake module files
[2.106s] Level 1:colcon.colcon_core.environment:checking '/home/siddhant/mrt_ws/install/custommsgsrv' for CMake config files
[2.107s] Level 1:colcon.colcon_core.shell:create_environment_hook('custommsgsrv', 'cmake_prefix_path')
[2.108s] INFO:colcon.colcon_core.shell:Creating environment hook '/home/siddhant/mrt_ws/install/custommsgsrv/share/custommsgsrv/hook/cmake_prefix_path.ps1'
[2.113s] INFO:colcon.colcon_core.shell:Creating environment descriptor '/home/siddhant/mrt_ws/install/custommsgsrv/share/custommsgsrv/hook/cmake_prefix_path.dsv'
[2.116s] INFO:colcon.colcon_core.shell:Creating environment hook '/home/siddhant/mrt_ws/install/custommsgsrv/share/custommsgsrv/hook/cmake_prefix_path.sh'
[2.118s] Level 1:colcon.colcon_core.environment:checking '/home/siddhant/mrt_ws/install/custommsgsrv/bin'
[2.118s] Level 1:colcon.colcon_core.environment:checking '/home/siddhant/mrt_ws/install/custommsgsrv/lib/pkgconfig/custommsgsrv.pc'
[2.119s] Level 1:colcon.colcon_core.environment:checking '/home/siddhant/mrt_ws/install/custommsgsrv/lib/python3.10/site-packages'
[2.119s] Level 1:colcon.colcon_core.environment:checking '/home/siddhant/mrt_ws/install/custommsgsrv/bin'
[2.120s] INFO:colcon.colcon_core.shell:Creating package script '/home/siddhant/mrt_ws/install/custommsgsrv/share/custommsgsrv/package.ps1'
[2.122s] INFO:colcon.colcon_core.shell:Creating package descriptor '/home/siddhant/mrt_ws/install/custommsgsrv/share/custommsgsrv/package.dsv'
[2.124s] INFO:colcon.colcon_core.shell:Creating package script '/home/siddhant/mrt_ws/install/custommsgsrv/share/custommsgsrv/package.sh'
[2.126s] INFO:colcon.colcon_core.shell:Creating package script '/home/siddhant/mrt_ws/install/custommsgsrv/share/custommsgsrv/package.bash'
[2.129s] INFO:colcon.colcon_core.shell:Creating package script '/home/siddhant/mrt_ws/install/custommsgsrv/share/custommsgsrv/package.zsh'
[2.131s] Level 1:colcon.colcon_core.environment:create_file_with_runtime_dependencies(/home/siddhant/mrt_ws/install/custommsgsrv/share/colcon-core/packages/custommsgsrv)
[2.736s] DEBUG:colcon.colcon_parallel_executor.executor.parallel:closing loop
[2.737s] DEBUG:colcon.colcon_parallel_executor.executor.parallel:loop closed
[2.737s] DEBUG:colcon.colcon_parallel_executor.executor.parallel:run_until_complete finished with '2'
[2.737s] DEBUG:colcon.colcon_core.event_reactor:joining thread
[2.751s] INFO:colcon.colcon_core.plugin_system:Skipping extension 'colcon_notification.desktop_notification.terminal_notifier': Not used on non-Darwin systems
[2.751s] INFO:colcon.colcon_core.plugin_system:Skipping extension 'colcon_notification.desktop_notification.win32': Not used on non-Windows systems
[2.752s] INFO:colcon.colcon_notification.desktop_notification:Sending desktop notification using 'notify2'
[2.793s] DEBUG:colcon.colcon_core.event_reactor:joined thread
[2.795s] INFO:colcon.colcon_core.shell:Creating prefix script '/home/siddhant/mrt_ws/install/local_setup.ps1'
[2.799s] INFO:colcon.colcon_core.shell:Creating prefix util module '/home/siddhant/mrt_ws/install/_local_setup_util_ps1.py'
[2.803s] INFO:colcon.colcon_core.shell:Creating prefix chain script '/home/siddhant/mrt_ws/install/setup.ps1'
[2.807s] INFO:colcon.colcon_core.shell:Creating prefix script '/home/siddhant/mrt_ws/install/local_setup.sh'
[2.810s] INFO:colcon.colcon_core.shell:Creating prefix util module '/home/siddhant/mrt_ws/install/_local_setup_util_sh.py'
[2.812s] INFO:colcon.colcon_core.shell:Creating prefix chain script '/home/siddhant/mrt_ws/install/setup.sh'
[2.816s] INFO:colcon.colcon_core.shell:Creating prefix script '/home/siddhant/mrt_ws/install/local_setup.bash'
[2.817s] INFO:colcon.colcon_core.shell:Creating prefix chain script '/home/siddhant/mrt_ws/install/setup.bash'
[2.820s] INFO:colcon.colcon_core.shell:Creating prefix script '/home/siddhant/mrt_ws/install/local_setup.zsh'
[2.822s] INFO:colcon.colcon_core.shell:Creating prefix chain script '/home/siddhant/mrt_ws/install/setup.zsh'
