[0.814s] Invoking command in '/home/siddhant/mrt_ws/src/arucoasmt': PYTHONPATH=/home/siddhant/mrt_ws/build/arucoasmt/prefix_override:/usr/lib/python3/dist-packages/colcon_core/task/python/colcon_distutils_commands:/home/siddhant/mrt_ws/install/arucoasmt/lib/python3.10/site-packages:${PYTHONPATH} /usr/bin/python3 -W ignore:setup.py install is deprecated setup.py egg_info --egg-base ../../build/arucoasmt build --build-base /home/siddhant/mrt_ws/build/arucoasmt/build install --record /home/siddhant/mrt_ws/build/arucoasmt/install.log --single-version-externally-managed install_data
[1.105s] running egg_info
[1.106s] writing ../../build/arucoasmt/arucoasmt.egg-info/PKG-INFO
[1.107s] writing dependency_links to ../../build/arucoasmt/arucoasmt.egg-info/dependency_links.txt
[1.107s] writing entry points to ../../build/arucoasmt/arucoasmt.egg-info/entry_points.txt
[1.108s] writing requirements to ../../build/arucoasmt/arucoasmt.egg-info/requires.txt
[1.108s] writing top-level names to ../../build/arucoasmt/arucoasmt.egg-info/top_level.txt
[1.110s] reading manifest file '../../build/arucoasmt/arucoasmt.egg-info/SOURCES.txt'
[1.111s] writing manifest file '../../build/arucoasmt/arucoasmt.egg-info/SOURCES.txt'
[1.112s] running build
[1.112s] running build_py
[1.112s] copying arucoasmt/imgclient.py -> /home/siddhant/mrt_ws/build/arucoasmt/build/lib/arucoasmt
[1.112s] copying arucoasmt/processor.py -> /home/siddhant/mrt_ws/build/arucoasmt/build/lib/arucoasmt
[1.113s] running install
[1.113s] running install_lib
[1.114s] copying /home/siddhant/mrt_ws/build/arucoasmt/build/lib/arucoasmt/imgclient.py -> /home/siddhant/mrt_ws/install/arucoasmt/lib/python3.10/site-packages/arucoasmt
[1.115s] copying /home/siddhant/mrt_ws/build/arucoasmt/build/lib/arucoasmt/processor.py -> /home/siddhant/mrt_ws/install/arucoasmt/lib/python3.10/site-packages/arucoasmt
[1.116s] byte-compiling /home/siddhant/mrt_ws/install/arucoasmt/lib/python3.10/site-packages/arucoasmt/imgclient.py to imgclient.cpython-310.pyc
[1.117s] byte-compiling /home/siddhant/mrt_ws/install/arucoasmt/lib/python3.10/site-packages/arucoasmt/processor.py to processor.cpython-310.pyc
[1.118s] running install_data
[1.119s] running install_egg_info
[1.121s] removing '/home/siddhant/mrt_ws/install/arucoasmt/lib/python3.10/site-packages/arucoasmt-0.0.0-py3.10.egg-info' (and everything under it)
[1.121s] Copying ../../build/arucoasmt/arucoasmt.egg-info to /home/siddhant/mrt_ws/install/arucoasmt/lib/python3.10/site-packages/arucoasmt-0.0.0-py3.10.egg-info
[1.123s] running install_scripts
[1.158s] Installing clitest script to /home/siddhant/mrt_ws/install/arucoasmt/lib/arucoasmt
[1.158s] Installing imgclient script to /home/siddhant/mrt_ws/install/arucoasmt/lib/arucoasmt
[1.158s] Installing processor script to /home/siddhant/mrt_ws/install/arucoasmt/lib/arucoasmt
[1.159s] Installing pubtest script to /home/siddhant/mrt_ws/install/arucoasmt/lib/arucoasmt
[1.159s] Installing srvtest script to /home/siddhant/mrt_ws/install/arucoasmt/lib/arucoasmt
[1.159s] Installing subtest script to /home/siddhant/mrt_ws/install/arucoasmt/lib/arucoasmt
[1.160s] writing list of installed files to '/home/siddhant/mrt_ws/build/arucoasmt/install.log'
[1.197s] Invoked command in '/home/siddhant/mrt_ws/src/arucoasmt' returned '0': PYTHONPATH=/home/siddhant/mrt_ws/build/arucoasmt/prefix_override:/usr/lib/python3/dist-packages/colcon_core/task/python/colcon_distutils_commands:/home/siddhant/mrt_ws/install/arucoasmt/lib/python3.10/site-packages:${PYTHONPATH} /usr/bin/python3 -W ignore:setup.py install is deprecated setup.py egg_info --egg-base ../../build/arucoasmt build --build-base /home/siddhant/mrt_ws/build/arucoasmt/build install --record /home/siddhant/mrt_ws/build/arucoasmt/install.log --single-version-externally-managed install_data
