[1.333s] Invoking command in '/home/siddhant/mrt_ws/src/sauron': PYTHONPATH=/home/siddhant/mrt_ws/build/sauron/prefix_override:/usr/lib/python3/dist-packages/colcon_core/task/python/colcon_distutils_commands:/home/siddhant/mrt_ws/install/sauron/lib/python3.10/site-packages:${PYTHONPATH} /usr/bin/python3 -W ignore:setup.py install is deprecated setup.py egg_info --egg-base ../../build/sauron build --build-base /home/siddhant/mrt_ws/build/sauron/build install --record /home/siddhant/mrt_ws/build/sauron/install.log --single-version-externally-managed install_data
[1.727s] running egg_info
[1.729s] writing ../../build/sauron/sauron.egg-info/PKG-INFO
[1.730s] writing dependency_links to ../../build/sauron/sauron.egg-info/dependency_links.txt
[1.730s] writing entry points to ../../build/sauron/sauron.egg-info/entry_points.txt
[1.730s] writing requirements to ../../build/sauron/sauron.egg-info/requires.txt
[1.730s] writing top-level names to ../../build/sauron/sauron.egg-info/top_level.txt
[1.733s] reading manifest file '../../build/sauron/sauron.egg-info/SOURCES.txt'
[1.734s] writing manifest file '../../build/sauron/sauron.egg-info/SOURCES.txt'
[1.735s] running build
[1.735s] running build_py
[1.735s] running install
[1.736s] running install_lib
[1.738s] running install_data
[1.739s] running install_egg_info
[1.741s] removing '/home/siddhant/mrt_ws/install/sauron/lib/python3.10/site-packages/sauron-0.0.0-py3.10.egg-info' (and everything under it)
[1.743s] Copying ../../build/sauron/sauron.egg-info to /home/siddhant/mrt_ws/install/sauron/lib/python3.10/site-packages/sauron-0.0.0-py3.10.egg-info
[1.743s] running install_scripts
[1.783s] Installing listener script to /home/siddhant/mrt_ws/install/sauron/lib/sauron
[1.783s] Installing talker1 script to /home/siddhant/mrt_ws/install/sauron/lib/sauron
[1.784s] Installing talker2 script to /home/siddhant/mrt_ws/install/sauron/lib/sauron
[1.784s] writing list of installed files to '/home/siddhant/mrt_ws/build/sauron/install.log'
[2.139s] Invoked command in '/home/siddhant/mrt_ws/src/sauron' returned '0': PYTHONPATH=/home/siddhant/mrt_ws/build/sauron/prefix_override:/usr/lib/python3/dist-packages/colcon_core/task/python/colcon_distutils_commands:/home/siddhant/mrt_ws/install/sauron/lib/python3.10/site-packages:${PYTHONPATH} /usr/bin/python3 -W ignore:setup.py install is deprecated setup.py egg_info --egg-base ../../build/sauron build --build-base /home/siddhant/mrt_ws/build/sauron/build install --record /home/siddhant/mrt_ws/build/sauron/install.log --single-version-externally-managed install_data
