[1.235s] Invoking command in '/home/siddhant/mrt_ws/src/arucoasmt': PYTHONPATH=/home/siddhant/mrt_ws/build/arucoasmt/prefix_override:/usr/lib/python3/dist-packages/colcon_core/task/python/colcon_distutils_commands:/home/siddhant/mrt_ws/install/arucoasmt/lib/python3.10/site-packages:${PYTHONPATH} /usr/bin/python3 -W ignore:setup.py install is deprecated setup.py egg_info --egg-base ../../build/arucoasmt build --build-base /home/siddhant/mrt_ws/build/arucoasmt/build install --record /home/siddhant/mrt_ws/build/arucoasmt/install.log --single-version-externally-managed install_data
[1.705s] running egg_info
[1.707s] writing ../../build/arucoasmt/arucoasmt.egg-info/PKG-INFO
[1.708s] writing dependency_links to ../../build/arucoasmt/arucoasmt.egg-info/dependency_links.txt
[1.709s] writing entry points to ../../build/arucoasmt/arucoasmt.egg-info/entry_points.txt
[1.709s] writing requirements to ../../build/arucoasmt/arucoasmt.egg-info/requires.txt
[1.709s] writing top-level names to ../../build/arucoasmt/arucoasmt.egg-info/top_level.txt
[1.715s] reading manifest file '../../build/arucoasmt/arucoasmt.egg-info/SOURCES.txt'
[1.717s] writing manifest file '../../build/arucoasmt/arucoasmt.egg-info/SOURCES.txt'
[1.718s] running build
[1.718s] running build_py
[1.719s] copying arucoasmt/subtest.py -> /home/siddhant/mrt_ws/build/arucoasmt/build/lib/arucoasmt
[1.719s] copying arucoasmt/pubtest.py -> /home/siddhant/mrt_ws/build/arucoasmt/build/lib/arucoasmt
[1.720s] running install
[1.720s] running install_lib
[1.721s] copying /home/siddhant/mrt_ws/build/arucoasmt/build/lib/arucoasmt/subtest.py -> /home/siddhant/mrt_ws/install/arucoasmt/lib/python3.10/site-packages/arucoasmt
[1.721s] copying /home/siddhant/mrt_ws/build/arucoasmt/build/lib/arucoasmt/pubtest.py -> /home/siddhant/mrt_ws/install/arucoasmt/lib/python3.10/site-packages/arucoasmt
[1.723s] byte-compiling /home/siddhant/mrt_ws/install/arucoasmt/lib/python3.10/site-packages/arucoasmt/subtest.py to subtest.cpython-310.pyc
[1.724s] byte-compiling /home/siddhant/mrt_ws/install/arucoasmt/lib/python3.10/site-packages/arucoasmt/pubtest.py to pubtest.cpython-310.pyc
[1.724s] running install_data
[1.725s] copying package.xml -> /home/siddhant/mrt_ws/install/arucoasmt/share/arucoasmt
[1.725s] running install_egg_info
[1.728s] removing '/home/siddhant/mrt_ws/install/arucoasmt/lib/python3.10/site-packages/arucoasmt-0.0.0-py3.10.egg-info' (and everything under it)
[1.729s] Copying ../../build/arucoasmt/arucoasmt.egg-info to /home/siddhant/mrt_ws/install/arucoasmt/lib/python3.10/site-packages/arucoasmt-0.0.0-py3.10.egg-info
[1.730s] running install_scripts
[1.769s] writing list of installed files to '/home/siddhant/mrt_ws/build/arucoasmt/install.log'
[1.840s] Invoked command in '/home/siddhant/mrt_ws/src/arucoasmt' returned '0': PYTHONPATH=/home/siddhant/mrt_ws/build/arucoasmt/prefix_override:/usr/lib/python3/dist-packages/colcon_core/task/python/colcon_distutils_commands:/home/siddhant/mrt_ws/install/arucoasmt/lib/python3.10/site-packages:${PYTHONPATH} /usr/bin/python3 -W ignore:setup.py install is deprecated setup.py egg_info --egg-base ../../build/arucoasmt build --build-base /home/siddhant/mrt_ws/build/arucoasmt/build install --record /home/siddhant/mrt_ws/build/arucoasmt/install.log --single-version-externally-managed install_data
