[0.027s] Invoking command in '/home/siddhant/mrt_ws/build/custommsgsrv': CMAKE_PREFIX_PATH=${CMAKE_PREFIX_PATH}:/home/siddhant/mrt_ws/install/sauron:/home/siddhant/mrt_ws/install/arucoasmt:/opt/ros/humble /usr/bin/cmake --build /home/siddhant/mrt_ws/build/custommsgsrv -- -j4 -l4
[0.075s] -- Found ament_cmake: 1.3.10 (/opt/ros/humble/share/ament_cmake/cmake)
[0.373s] -- Found geometry_msgs: 4.2.4 (/opt/ros/humble/share/geometry_msgs/cmake)
[0.424s] -- Found rosidl_generator_c: 3.1.5 (/opt/ros/humble/share/rosidl_generator_c/cmake)
[0.431s] -- Found rosidl_adapter: 3.1.5 (/opt/ros/humble/share/rosidl_adapter/cmake)
[0.444s] -- Found rosidl_generator_cpp: 3.1.5 (/opt/ros/humble/share/rosidl_generator_cpp/cmake)
[0.462s] -- Using all available rosidl_typesupport_c: rosidl_typesupport_fastrtps_c;rosidl_typesupport_introspection_c
[0.484s] -- Using all available rosidl_typesupport_cpp: rosidl_typesupport_fastrtps_cpp;rosidl_typesupport_introspection_cpp
[0.551s] -- Found rosidl_default_generators: 1.2.0 (/opt/ros/humble/share/rosidl_default_generators/cmake)
[0.910s] [31mCMake Error at /opt/ros/humble/share/rosidl_adapter/cmake/rosidl_adapt_interfaces.cmake:59 (message):
[0.911s]   execute_process(/usr/bin/python3 -m rosidl_adapter --package-name
[0.911s]   custommsgsrv --arguments-file
[0.911s]   /home/siddhant/mrt_ws/build/custommsgsrv/rosidl_adapter__arguments__custommsgsrv.json
[0.911s]   --output-dir
[0.912s]   /home/siddhant/mrt_ws/build/custommsgsrv/rosidl_adapter/custommsgsrv
[0.912s]   --output-file
[0.912s]   /home/siddhant/mrt_ws/build/custommsgsrv/rosidl_adapter/custommsgsrv.idls)
[0.913s]   returned error code 1:
[0.913s] 
[0.913s]   Traceback (most recent call last):
[0.914s] 
[0.914s]     File "/usr/lib/python3.10/runpy.py", line 196, in _run_module_as_main
[0.914s]       return _run_code(code, main_globals, None,
[0.914s]     File "/usr/lib/python3.10/runpy.py", line 86, in _run_code
[0.915s]       exec(code, run_globals)
[0.915s]     File "/opt/ros/humble/local/lib/python3.10/dist-packages/rosidl_adapter/__main__.py", line 19, in <module>
[0.915s]       sys.exit(main())
[0.915s]     File "/opt/ros/humble/local/lib/python3.10/dist-packages/rosidl_adapter/main.py", line 53, in main
[0.916s]       abs_idl_file = convert_to_idl(
[0.916s]     File "/opt/ros/humble/local/lib/python3.10/dist-packages/rosidl_adapter/__init__.py", line 24, in convert_to_idl
[0.916s]       return convert_srv_to_idl(
[0.916s]     File "/opt/ros/humble/local/lib/python3.10/dist-packages/rosidl_adapter/srv/__init__.py", line 28, in convert_srv_to_idl
[0.916s]       srv = parse_service_string(package_name, input_file.stem, content)
[0.917s]     File "/opt/ros/humble/local/lib/python3.10/dist-packages/rosidl_adapter/parser.py", line 859, in parse_service_string
[0.917s]       request_message = parse_message_string(
[0.917s]     File "/opt/ros/humble/local/lib/python3.10/dist-packages/rosidl_adapter/parser.py", line 544, in parse_message_string
[0.917s]       msg = MessageSpecification(pkg_name, msg_name, fields, constants)
[0.917s]     File "/opt/ros/humble/local/lib/python3.10/dist-packages/rosidl_adapter/parser.py", line 388, in __init__
[0.918s]       self.base_type = BaseType(
[0.918s]     File "/opt/ros/humble/local/lib/python3.10/dist-packages/rosidl_adapter/parser.py", line 205, in __init__
[0.918s]       raise InvalidResourceName(
[0.918s] 
[0.919s]   rosidl_adapter.parser.InvalidResourceName: 'hypo_Request' is an invalid
[0.919s]   message name.  It should have the pattern '^[A-Z][A-Za-z0-9]*$'
[0.919s] 
[0.919s] Call Stack (most recent call first):
[0.919s]   /opt/ros/humble/share/rosidl_cmake/cmake/rosidl_generate_interfaces.cmake:130 (rosidl_adapt_interfaces)
[0.920s]   CMakeLists.txt:13 (rosidl_generate_interfaces)
[0.920s] 
[0.920s] [0m
[0.920s] -- Configuring incomplete, errors occurred!
[0.920s] See also "/home/siddhant/mrt_ws/build/custommsgsrv/CMakeFiles/CMakeOutput.log".
[0.924s] gmake: *** [Makefile:226: cmake_check_build_system] Error 1
[0.934s] Invoked command in '/home/siddhant/mrt_ws/build/custommsgsrv' returned '2': CMAKE_PREFIX_PATH=${CMAKE_PREFIX_PATH}:/home/siddhant/mrt_ws/install/sauron:/home/siddhant/mrt_ws/install/arucoasmt:/opt/ros/humble /usr/bin/cmake --build /home/siddhant/mrt_ws/build/custommsgsrv -- -j4 -l4
