[0.027s] Invoking command in '/home/siddhant/mrt_ws/build/custommsgsrv': CMAKE_PREFIX_PATH=${CMAKE_PREFIX_PATH}:/home/siddhant/mrt_ws/install/sauron:/home/siddhant/mrt_ws/install/arucoasmt:/opt/ros/humble /usr/bin/cmake --build /home/siddhant/mrt_ws/build/custommsgsrv -- -j4 -l4
[0.074s] -- Found ament_cmake: 1.3.10 (/opt/ros/humble/share/ament_cmake/cmake)
[0.256s] -- Found geometry_msgs: 4.2.4 (/opt/ros/humble/share/geometry_msgs/cmake)
[0.317s] -- Found rosidl_generator_c: 3.1.5 (/opt/ros/humble/share/rosidl_generator_c/cmake)
[0.321s] -- Found rosidl_adapter: 3.1.5 (/opt/ros/humble/share/rosidl_adapter/cmake)
[0.334s] -- Found rosidl_generator_cpp: 3.1.5 (/opt/ros/humble/share/rosidl_generator_cpp/cmake)
[0.351s] -- Using all available rosidl_typesupport_c: rosidl_typesupport_fastrtps_c;rosidl_typesupport_introspection_c
[0.371s] -- Using all available rosidl_typesupport_cpp: rosidl_typesupport_fastrtps_cpp;rosidl_typesupport_introspection_cpp
[0.420s] -- Found rosidl_default_generators: 1.2.0 (/opt/ros/humble/share/rosidl_default_generators/cmake)
[0.431s] -- Found sensor_msgs: 4.2.4 (/opt/ros/humble/share/sensor_msgs/cmake)
[1.000s] -- Found ament_cmake_ros: 0.10.0 (/opt/ros/humble/share/ament_cmake_ros/cmake)
[1.698s] -- Using all available rosidl_typesupport_c: rosidl_typesupport_fastrtps_c;rosidl_typesupport_introspection_c
[2.058s] -- Using all available rosidl_typesupport_cpp: rosidl_typesupport_fastrtps_cpp;rosidl_typesupport_introspection_cpp
[2.091s] -- Found python_cmake_module: 0.10.0 (/opt/ros/humble/share/python_cmake_module/cmake)
[2.123s] -- Using PYTHON_EXECUTABLE: /usr/bin/python3
[2.123s] -- Using PYTHON_INCLUDE_DIRS: /usr/include/python3.10
[2.123s] -- Using PYTHON_LIBRARIES: /usr/lib/x86_64-linux-gnu/libpython3.10.so
[2.191s] -- Found ament_lint_auto: 0.12.11 (/opt/ros/humble/share/ament_lint_auto/cmake)
[2.202s] -- Added test 'lint_cmake' to check CMake code style
[2.204s] -- Added test 'xmllint' to check XML markup files
[2.206s] -- Configuring done
[2.269s] -- Generating done
[2.274s] -- Build files have been written to: /home/siddhant/mrt_ws/build/custommsgsrv
[2.317s] [  1%] [34m[1mGenerating C code for ROS interfaces[0m
[2.330s] [  2%] [34m[1mGenerating C++ code for ROS interfaces[0m
[2.361s] [  2%] Built target ament_cmake_python_copy_custommsgsrv
[2.863s] running egg_info
[2.865s] writing custommsgsrv.egg-info/PKG-INFO
[2.866s] writing dependency_links to custommsgsrv.egg-info/dependency_links.txt
[2.866s] writing top-level names to custommsgsrv.egg-info/top_level.txt
[2.870s] reading manifest file 'custommsgsrv.egg-info/SOURCES.txt'
[2.871s] writing manifest file 'custommsgsrv.egg-info/SOURCES.txt'
[2.932s] [  2%] Built target ament_cmake_python_build_custommsgsrv_egg
[3.504s] [  2%] Built target custommsgsrv__cpp
[3.526s] [  4%] [34m[1mGenerating C++ type support dispatch for ROS interfaces[0m
[3.557s] [  5%] [34m[1mGenerating C++ type support for eProsima Fast-RTPS[0m
[3.568s] [  7%] [34m[1mGenerating C++ introspection for ROS interfaces[0m
[3.630s] [35m[1mConsolidate compiler generated dependencies of target custommsgsrv__rosidl_generator_c[0m
[3.651s] [  8%] [32mBuilding C object CMakeFiles/custommsgsrv__rosidl_generator_c.dir/rosidl_generator_c/custommsgsrv/msg/detail/num__functions.c.o[0m
[3.756s] [  9%] [32mBuilding C object CMakeFiles/custommsgsrv__rosidl_generator_c.dir/rosidl_generator_c/custommsgsrv/msg/detail/sphere__functions.c.o[0m
[3.870s] [ 11%] [32mBuilding C object CMakeFiles/custommsgsrv__rosidl_generator_c.dir/rosidl_generator_c/custommsgsrv/msg/detail/list__functions.c.o[0m
[3.972s] [ 12%] [32mBuilding C object CMakeFiles/custommsgsrv__rosidl_generator_c.dir/rosidl_generator_c/custommsgsrv/srv/detail/hypo__functions.c.o[0m
[4.097s] [ 14%] [32mBuilding C object CMakeFiles/custommsgsrv__rosidl_generator_c.dir/rosidl_generator_c/custommsgsrv/srv/detail/dimensions__functions.c.o[0m
[4.228s] [ 15%] [32mBuilding C object CMakeFiles/custommsgsrv__rosidl_generator_c.dir/rosidl_generator_c/custommsgsrv/srv/detail/imgservice__functions.c.o[0m
[4.373s] [ 16%] [32m[1mLinking C shared library libcustommsgsrv__rosidl_generator_c.so[0m
[4.417s] [35m[1mConsolidate compiler generated dependencies of target custommsgsrv__rosidl_typesupport_cpp[0m
[4.452s] [ 18%] [32mBuilding CXX object CMakeFiles/custommsgsrv__rosidl_typesupport_cpp.dir/rosidl_typesupport_cpp/custommsgsrv/msg/num__type_support.cpp.o[0m
[4.489s] [ 18%] Built target custommsgsrv__rosidl_generator_c
[4.528s] [ 19%] [32mBuilding CXX object CMakeFiles/custommsgsrv__rosidl_typesupport_cpp.dir/rosidl_typesupport_cpp/custommsgsrv/msg/sphere__type_support.cpp.o[0m
[4.743s] [35m[1mConsolidate compiler generated dependencies of target custommsgsrv__rosidl_typesupport_introspection_cpp[0m
[4.783s] [ 21%] [32mBuilding CXX object CMakeFiles/custommsgsrv__rosidl_typesupport_introspection_cpp.dir/rosidl_typesupport_introspection_cpp/custommsgsrv/msg/detail/num__type_support.cpp.o[0m
[4.890s] [35m[1mConsolidate compiler generated dependencies of target custommsgsrv__rosidl_typesupport_fastrtps_cpp[0m
[4.936s] [ 22%] [32mBuilding CXX object CMakeFiles/custommsgsrv__rosidl_typesupport_fastrtps_cpp.dir/rosidl_typesupport_fastrtps_cpp/custommsgsrv/msg/detail/dds_fastrtps/num__type_support.cpp.o[0m
[4.978s] [ 23%] [34m[1mGenerating C type support for eProsima Fast-RTPS[0m
[5.077s] [ 25%] [32mBuilding CXX object CMakeFiles/custommsgsrv__rosidl_typesupport_cpp.dir/rosidl_typesupport_cpp/custommsgsrv/msg/list__type_support.cpp.o[0m
[5.595s] [ 26%] [32mBuilding CXX object CMakeFiles/custommsgsrv__rosidl_typesupport_introspection_cpp.dir/rosidl_typesupport_introspection_cpp/custommsgsrv/msg/detail/sphere__type_support.cpp.o[0m
[5.676s] [ 28%] [32mBuilding CXX object CMakeFiles/custommsgsrv__rosidl_typesupport_cpp.dir/rosidl_typesupport_cpp/custommsgsrv/srv/hypo__type_support.cpp.o[0m
[5.720s] [ 29%] [32mBuilding CXX object CMakeFiles/custommsgsrv__rosidl_typesupport_fastrtps_cpp.dir/rosidl_typesupport_fastrtps_cpp/custommsgsrv/msg/detail/dds_fastrtps/sphere__type_support.cpp.o[0m
[6.255s] [ 30%] [32mBuilding CXX object CMakeFiles/custommsgsrv__rosidl_typesupport_cpp.dir/rosidl_typesupport_cpp/custommsgsrv/srv/dimensions__type_support.cpp.o[0m
[6.325s] [35m[1mConsolidate compiler generated dependencies of target custommsgsrv__rosidl_typesupport_fastrtps_c[0m
[6.361s] [ 32%] [32mBuilding CXX object CMakeFiles/custommsgsrv__rosidl_typesupport_fastrtps_c.dir/rosidl_typesupport_fastrtps_c/custommsgsrv/msg/detail/num__type_support_c.cpp.o[0m
[6.361s] [ 33%] [32mBuilding CXX object CMakeFiles/custommsgsrv__rosidl_typesupport_introspection_cpp.dir/rosidl_typesupport_introspection_cpp/custommsgsrv/msg/detail/list__type_support.cpp.o[0m
[6.610s] [ 35%] [32mBuilding CXX object CMakeFiles/custommsgsrv__rosidl_typesupport_fastrtps_cpp.dir/rosidl_typesupport_fastrtps_cpp/custommsgsrv/msg/detail/dds_fastrtps/list__type_support.cpp.o[0m
[6.816s] [ 36%] [32mBuilding CXX object CMakeFiles/custommsgsrv__rosidl_typesupport_cpp.dir/rosidl_typesupport_cpp/custommsgsrv/srv/imgservice__type_support.cpp.o[0m
[7.021s] [ 38%] [32mBuilding CXX object CMakeFiles/custommsgsrv__rosidl_typesupport_fastrtps_c.dir/rosidl_typesupport_fastrtps_c/custommsgsrv/msg/detail/sphere__type_support_c.cpp.o[0m
[7.200s] [ 39%] [32mBuilding CXX object CMakeFiles/custommsgsrv__rosidl_typesupport_introspection_cpp.dir/rosidl_typesupport_introspection_cpp/custommsgsrv/srv/detail/hypo__type_support.cpp.o[0m
[7.421s] [ 40%] [32m[1mLinking CXX shared library libcustommsgsrv__rosidl_typesupport_cpp.so[0m
[7.563s] [ 40%] Built target custommsgsrv__rosidl_typesupport_cpp
[7.593s] [ 42%] [32mBuilding CXX object CMakeFiles/custommsgsrv__rosidl_typesupport_fastrtps_cpp.dir/rosidl_typesupport_fastrtps_cpp/custommsgsrv/srv/detail/dds_fastrtps/hypo__type_support.cpp.o[0m
[7.619s] [ 43%] [32mBuilding CXX object CMakeFiles/custommsgsrv__rosidl_typesupport_introspection_cpp.dir/rosidl_typesupport_introspection_cpp/custommsgsrv/srv/detail/dimensions__type_support.cpp.o[0m
[7.809s] [ 45%] [32mBuilding CXX object CMakeFiles/custommsgsrv__rosidl_typesupport_fastrtps_c.dir/rosidl_typesupport_fastrtps_c/custommsgsrv/msg/detail/list__type_support_c.cpp.o[0m
[8.132s] [ 46%] [32mBuilding CXX object CMakeFiles/custommsgsrv__rosidl_typesupport_fastrtps_cpp.dir/rosidl_typesupport_fastrtps_cpp/custommsgsrv/srv/detail/dds_fastrtps/dimensions__type_support.cpp.o[0m
[8.464s] [ 47%] [32mBuilding CXX object CMakeFiles/custommsgsrv__rosidl_typesupport_introspection_cpp.dir/rosidl_typesupport_introspection_cpp/custommsgsrv/srv/detail/imgservice__type_support.cpp.o[0m
[8.523s] [ 49%] [32mBuilding CXX object CMakeFiles/custommsgsrv__rosidl_typesupport_fastrtps_c.dir/rosidl_typesupport_fastrtps_c/custommsgsrv/srv/detail/hypo__type_support_c.cpp.o[0m
[8.563s] [ 50%] [32mBuilding CXX object CMakeFiles/custommsgsrv__rosidl_typesupport_fastrtps_c.dir/rosidl_typesupport_fastrtps_c/custommsgsrv/srv/detail/dimensions__type_support_c.cpp.o[0m
[9.029s] [ 52%] [32mBuilding CXX object CMakeFiles/custommsgsrv__rosidl_typesupport_fastrtps_cpp.dir/rosidl_typesupport_fastrtps_cpp/custommsgsrv/srv/detail/dds_fastrtps/imgservice__type_support.cpp.o[0m
[9.318s] [ 53%] [34m[1mGenerating C introspection for ROS interfaces[0m
[9.323s] [ 54%] [32mBuilding CXX object CMakeFiles/custommsgsrv__rosidl_typesupport_fastrtps_c.dir/rosidl_typesupport_fastrtps_c/custommsgsrv/srv/detail/imgservice__type_support_c.cpp.o[0m
[9.625s] [ 56%] [32m[1mLinking CXX shared library libcustommsgsrv__rosidl_typesupport_introspection_cpp.so[0m
[9.896s] [ 56%] Built target custommsgsrv__rosidl_typesupport_introspection_cpp
[9.926s] [ 57%] [34m[1mGenerating C type support dispatch for ROS interfaces[0m
[10.164s] [ 59%] [32m[1mLinking CXX shared library libcustommsgsrv__rosidl_typesupport_fastrtps_c.so[0m
[10.175s] [ 60%] [32m[1mLinking CXX shared library libcustommsgsrv__rosidl_typesupport_fastrtps_cpp.so[0m
[10.398s] [ 60%] Built target custommsgsrv__rosidl_typesupport_fastrtps_c
[10.436s] [ 60%] Built target custommsgsrv__rosidl_typesupport_fastrtps_cpp
[10.482s] [35m[1mConsolidate compiler generated dependencies of target custommsgsrv__rosidl_typesupport_introspection_c[0m
[10.509s] [ 63%] [32mBuilding C object CMakeFiles/custommsgsrv__rosidl_typesupport_introspection_c.dir/rosidl_typesupport_introspection_c/custommsgsrv/msg/detail/sphere__type_support.c.o[0m
[10.510s] [ 63%] [32mBuilding C object CMakeFiles/custommsgsrv__rosidl_typesupport_introspection_c.dir/rosidl_typesupport_introspection_c/custommsgsrv/msg/detail/num__type_support.c.o[0m
[10.510s] [ 64%] [32mBuilding C object CMakeFiles/custommsgsrv__rosidl_typesupport_introspection_c.dir/rosidl_typesupport_introspection_c/custommsgsrv/msg/detail/list__type_support.c.o[0m
[10.587s] [ 66%] [32mBuilding C object CMakeFiles/custommsgsrv__rosidl_typesupport_introspection_c.dir/rosidl_typesupport_introspection_c/custommsgsrv/srv/detail/hypo__type_support.c.o[0m
[10.588s] [ 67%] [32mBuilding C object CMakeFiles/custommsgsrv__rosidl_typesupport_introspection_c.dir/rosidl_typesupport_introspection_c/custommsgsrv/srv/detail/dimensions__type_support.c.o[0m
[10.590s] [ 69%] [32mBuilding C object CMakeFiles/custommsgsrv__rosidl_typesupport_introspection_c.dir/rosidl_typesupport_introspection_c/custommsgsrv/srv/detail/imgservice__type_support.c.o[0m
[10.682s] [ 70%] [32m[1mLinking C shared library libcustommsgsrv__rosidl_typesupport_introspection_c.so[0m
[10.735s] [35m[1mConsolidate compiler generated dependencies of target custommsgsrv__rosidl_typesupport_c[0m
[10.758s] [ 73%] [32mBuilding CXX object CMakeFiles/custommsgsrv__rosidl_typesupport_c.dir/rosidl_typesupport_c/custommsgsrv/msg/list__type_support.cpp.o[0m
[10.759s] [ 73%] [32mBuilding CXX object CMakeFiles/custommsgsrv__rosidl_typesupport_c.dir/rosidl_typesupport_c/custommsgsrv/msg/num__type_support.cpp.o[0m
[10.759s] [ 73%] Built target custommsgsrv__rosidl_typesupport_introspection_c
[10.760s] [ 74%] [32mBuilding CXX object CMakeFiles/custommsgsrv__rosidl_typesupport_c.dir/rosidl_typesupport_c/custommsgsrv/msg/sphere__type_support.cpp.o[0m
[10.780s] [ 76%] [32mBuilding CXX object CMakeFiles/custommsgsrv__rosidl_typesupport_c.dir/rosidl_typesupport_c/custommsgsrv/srv/hypo__type_support.cpp.o[0m
[10.822s] [ 77%] [32mBuilding CXX object CMakeFiles/custommsgsrv__rosidl_typesupport_c.dir/rosidl_typesupport_c/custommsgsrv/srv/dimensions__type_support.cpp.o[0m
[10.824s] [ 78%] [32mBuilding CXX object CMakeFiles/custommsgsrv__rosidl_typesupport_c.dir/rosidl_typesupport_c/custommsgsrv/srv/imgservice__type_support.cpp.o[0m
[10.874s] [ 80%] [32m[1mLinking CXX shared library libcustommsgsrv__rosidl_typesupport_c.so[0m
[10.940s] [ 80%] Built target custommsgsrv__rosidl_typesupport_c
[10.974s] [ 80%] Built target custommsgsrv
[11.009s] [ 81%] [34m[1mGenerating Python code for ROS interfaces[0m
[12.139s] [ 81%] Built target custommsgsrv__py
[12.158s] [35m[1mConsolidate compiler generated dependencies of target custommsgsrv__rosidl_generator_py[0m
[12.186s] [ 84%] [32mBuilding C object CMakeFiles/custommsgsrv__rosidl_generator_py.dir/rosidl_generator_py/custommsgsrv/srv/_hypo_s.c.o[0m
[12.187s] [ 84%] [32mBuilding C object CMakeFiles/custommsgsrv__rosidl_generator_py.dir/rosidl_generator_py/custommsgsrv/msg/_sphere_s.c.o[0m
[12.187s] [ 85%] [32mBuilding C object CMakeFiles/custommsgsrv__rosidl_generator_py.dir/rosidl_generator_py/custommsgsrv/msg/_num_s.c.o[0m
[12.187s] [ 87%] [32mBuilding C object CMakeFiles/custommsgsrv__rosidl_generator_py.dir/rosidl_generator_py/custommsgsrv/msg/_list_s.c.o[0m
[12.472s] [ 88%] [32mBuilding C object CMakeFiles/custommsgsrv__rosidl_generator_py.dir/rosidl_generator_py/custommsgsrv/srv/_dimensions_s.c.o[0m
[12.473s] [ 90%] [32mBuilding C object CMakeFiles/custommsgsrv__rosidl_generator_py.dir/rosidl_generator_py/custommsgsrv/srv/_imgservice_s.c.o[0m
[12.713s] [ 91%] [32m[1mLinking C shared library rosidl_generator_py/custommsgsrv/libcustommsgsrv__rosidl_generator_py.so[0m
[12.819s] [ 91%] Built target custommsgsrv__rosidl_generator_py
[12.848s] [35m[1mConsolidate compiler generated dependencies of target custommsgsrv__rosidl_typesupport_fastrtps_c__pyext[0m
[12.857s] [35m[1mConsolidate compiler generated dependencies of target custommsgsrv__rosidl_typesupport_introspection_c__pyext[0m
[12.857s] [35m[1mConsolidate compiler generated dependencies of target custommsgsrv__rosidl_typesupport_c__pyext[0m
[12.882s] [ 94%] [32mBuilding C object CMakeFiles/custommsgsrv__rosidl_typesupport_fastrtps_c__pyext.dir/rosidl_generator_py/custommsgsrv/_custommsgsrv_s.ep.rosidl_typesupport_fastrtps_c.c.o[0m
[12.883s] [ 94%] [32mBuilding C object CMakeFiles/custommsgsrv__rosidl_typesupport_introspection_c__pyext.dir/rosidl_generator_py/custommsgsrv/_custommsgsrv_s.ep.rosidl_typesupport_introspection_c.c.o[0m
[12.903s] [ 95%] [32mBuilding C object CMakeFiles/custommsgsrv__rosidl_typesupport_c__pyext.dir/rosidl_generator_py/custommsgsrv/_custommsgsrv_s.ep.rosidl_typesupport_c.c.o[0m
[13.264s] [ 97%] [32m[1mLinking C shared library rosidl_generator_py/custommsgsrv/custommsgsrv_s__rosidl_typesupport_fastrtps_c.cpython-310-x86_64-linux-gnu.so[0m
[13.298s] [ 98%] [32m[1mLinking C shared library rosidl_generator_py/custommsgsrv/custommsgsrv_s__rosidl_typesupport_introspection_c.cpython-310-x86_64-linux-gnu.so[0m
[13.381s] [100%] [32m[1mLinking C shared library rosidl_generator_py/custommsgsrv/custommsgsrv_s__rosidl_typesupport_c.cpython-310-x86_64-linux-gnu.so[0m
[13.387s] [100%] Built target custommsgsrv__rosidl_typesupport_fastrtps_c__pyext
[13.419s] [100%] Built target custommsgsrv__rosidl_typesupport_introspection_c__pyext
[13.473s] [100%] Built target custommsgsrv__rosidl_typesupport_c__pyext
[13.499s] Invoked command in '/home/siddhant/mrt_ws/build/custommsgsrv' returned '0': CMAKE_PREFIX_PATH=${CMAKE_PREFIX_PATH}:/home/siddhant/mrt_ws/install/sauron:/home/siddhant/mrt_ws/install/arucoasmt:/opt/ros/humble /usr/bin/cmake --build /home/siddhant/mrt_ws/build/custommsgsrv -- -j4 -l4
[13.838s] Invoking command in '/home/siddhant/mrt_ws/build/custommsgsrv': CMAKE_PREFIX_PATH=${CMAKE_PREFIX_PATH}:/home/siddhant/mrt_ws/install/sauron:/home/siddhant/mrt_ws/install/arucoasmt:/opt/ros/humble /usr/bin/cmake --install /home/siddhant/mrt_ws/build/custommsgsrv
[13.855s] -- Install configuration: ""
[13.855s] -- Installing: /home/siddhant/mrt_ws/install/custommsgsrv/share/ament_index/resource_index/rosidl_interfaces/custommsgsrv
[13.855s] -- Up-to-date: /home/siddhant/mrt_ws/install/custommsgsrv/include/custommsgsrv/custommsgsrv
[13.856s] -- Up-to-date: /home/siddhant/mrt_ws/install/custommsgsrv/include/custommsgsrv/custommsgsrv/srv
[13.856s] -- Installing: /home/siddhant/mrt_ws/install/custommsgsrv/include/custommsgsrv/custommsgsrv/srv/imgservice.h
[13.856s] -- Up-to-date: /home/siddhant/mrt_ws/install/custommsgsrv/include/custommsgsrv/custommsgsrv/srv/detail
[13.856s] -- Installing: /home/siddhant/mrt_ws/install/custommsgsrv/include/custommsgsrv/custommsgsrv/srv/detail/dimensions__functions.h
[13.856s] -- Installing: /home/siddhant/mrt_ws/install/custommsgsrv/include/custommsgsrv/custommsgsrv/srv/detail/imgservice__functions.h
[13.857s] -- Installing: /home/siddhant/mrt_ws/install/custommsgsrv/include/custommsgsrv/custommsgsrv/srv/detail/imgservice__struct.h
[13.857s] -- Installing: /home/siddhant/mrt_ws/install/custommsgsrv/include/custommsgsrv/custommsgsrv/srv/detail/dimensions__functions.c
[13.858s] -- Installing: /home/siddhant/mrt_ws/install/custommsgsrv/include/custommsgsrv/custommsgsrv/srv/detail/dimensions__struct.h
[13.858s] -- Installing: /home/siddhant/mrt_ws/install/custommsgsrv/include/custommsgsrv/custommsgsrv/srv/detail/dimensions__type_support.h
[13.859s] -- Installing: /home/siddhant/mrt_ws/install/custommsgsrv/include/custommsgsrv/custommsgsrv/srv/detail/imgservice__type_support.h
[13.859s] -- Installing: /home/siddhant/mrt_ws/install/custommsgsrv/include/custommsgsrv/custommsgsrv/srv/detail/imgservice__functions.c
[13.861s] -- Installing: /home/siddhant/mrt_ws/install/custommsgsrv/include/custommsgsrv/custommsgsrv/srv/detail/hypo__functions.c
[13.861s] -- Installing: /home/siddhant/mrt_ws/install/custommsgsrv/include/custommsgsrv/custommsgsrv/srv/detail/hypo__struct.h
[13.861s] -- Installing: /home/siddhant/mrt_ws/install/custommsgsrv/include/custommsgsrv/custommsgsrv/srv/detail/hypo__type_support.h
[13.861s] -- Installing: /home/siddhant/mrt_ws/install/custommsgsrv/include/custommsgsrv/custommsgsrv/srv/detail/hypo__functions.h
[13.861s] -- Installing: /home/siddhant/mrt_ws/install/custommsgsrv/include/custommsgsrv/custommsgsrv/srv/hypo.h
[13.862s] -- Installing: /home/siddhant/mrt_ws/install/custommsgsrv/include/custommsgsrv/custommsgsrv/srv/dimensions.h
[13.862s] -- Up-to-date: /home/siddhant/mrt_ws/install/custommsgsrv/include/custommsgsrv/custommsgsrv/msg
[13.862s] -- Up-to-date: /home/siddhant/mrt_ws/install/custommsgsrv/include/custommsgsrv/custommsgsrv/msg/rosidl_generator_c__visibility_control.h
[13.864s] -- Installing: /home/siddhant/mrt_ws/install/custommsgsrv/include/custommsgsrv/custommsgsrv/msg/list.h
[13.864s] -- Installing: /home/siddhant/mrt_ws/install/custommsgsrv/include/custommsgsrv/custommsgsrv/msg/num.h
[13.864s] -- Up-to-date: /home/siddhant/mrt_ws/install/custommsgsrv/include/custommsgsrv/custommsgsrv/msg/detail
[13.865s] -- Installing: /home/siddhant/mrt_ws/install/custommsgsrv/include/custommsgsrv/custommsgsrv/msg/detail/list__type_support.h
[13.865s] -- Installing: /home/siddhant/mrt_ws/install/custommsgsrv/include/custommsgsrv/custommsgsrv/msg/detail/sphere__type_support.h
[13.865s] -- Installing: /home/siddhant/mrt_ws/install/custommsgsrv/include/custommsgsrv/custommsgsrv/msg/detail/num__type_support.h
[13.865s] -- Installing: /home/siddhant/mrt_ws/install/custommsgsrv/include/custommsgsrv/custommsgsrv/msg/detail/num__struct.h
[13.865s] -- Installing: /home/siddhant/mrt_ws/install/custommsgsrv/include/custommsgsrv/custommsgsrv/msg/detail/list__functions.h
[13.865s] -- Installing: /home/siddhant/mrt_ws/install/custommsgsrv/include/custommsgsrv/custommsgsrv/msg/detail/list__struct.h
[13.866s] -- Installing: /home/siddhant/mrt_ws/install/custommsgsrv/include/custommsgsrv/custommsgsrv/msg/detail/num__functions.h
[13.866s] -- Installing: /home/siddhant/mrt_ws/install/custommsgsrv/include/custommsgsrv/custommsgsrv/msg/detail/sphere__struct.h
[13.867s] -- Installing: /home/siddhant/mrt_ws/install/custommsgsrv/include/custommsgsrv/custommsgsrv/msg/detail/sphere__functions.h
[13.867s] -- Installing: /home/siddhant/mrt_ws/install/custommsgsrv/include/custommsgsrv/custommsgsrv/msg/detail/num__functions.c
[13.867s] -- Installing: /home/siddhant/mrt_ws/install/custommsgsrv/include/custommsgsrv/custommsgsrv/msg/detail/list__functions.c
[13.867s] -- Installing: /home/siddhant/mrt_ws/install/custommsgsrv/include/custommsgsrv/custommsgsrv/msg/detail/sphere__functions.c
[13.868s] -- Installing: /home/siddhant/mrt_ws/install/custommsgsrv/include/custommsgsrv/custommsgsrv/msg/sphere.h
[13.868s] -- Up-to-date: /home/siddhant/mrt_ws/install/custommsgsrv/share/custommsgsrv/environment/library_path.sh
[13.869s] -- Installing: /home/siddhant/mrt_ws/install/custommsgsrv/share/custommsgsrv/environment/library_path.dsv
[13.869s] -- Installing: /home/siddhant/mrt_ws/install/custommsgsrv/lib/libcustommsgsrv__rosidl_generator_c.so
[13.870s] -- Set runtime path of "/home/siddhant/mrt_ws/install/custommsgsrv/lib/libcustommsgsrv__rosidl_generator_c.so" to ""
[13.870s] -- Up-to-date: /home/siddhant/mrt_ws/install/custommsgsrv/include/custommsgsrv/custommsgsrv
[13.871s] -- Up-to-date: /home/siddhant/mrt_ws/install/custommsgsrv/include/custommsgsrv/custommsgsrv/srv
[13.871s] -- Up-to-date: /home/siddhant/mrt_ws/install/custommsgsrv/include/custommsgsrv/custommsgsrv/srv/detail
[13.871s] -- Installing: /home/siddhant/mrt_ws/install/custommsgsrv/include/custommsgsrv/custommsgsrv/srv/detail/imgservice__rosidl_typesupport_fastrtps_c.h
[13.872s] -- Installing: /home/siddhant/mrt_ws/install/custommsgsrv/include/custommsgsrv/custommsgsrv/srv/detail/hypo__rosidl_typesupport_fastrtps_c.h
[13.872s] -- Installing: /home/siddhant/mrt_ws/install/custommsgsrv/include/custommsgsrv/custommsgsrv/srv/detail/dimensions__rosidl_typesupport_fastrtps_c.h
[13.873s] -- Up-to-date: /home/siddhant/mrt_ws/install/custommsgsrv/include/custommsgsrv/custommsgsrv/msg
[13.874s] -- Up-to-date: /home/siddhant/mrt_ws/install/custommsgsrv/include/custommsgsrv/custommsgsrv/msg/detail
[13.874s] -- Installing: /home/siddhant/mrt_ws/install/custommsgsrv/include/custommsgsrv/custommsgsrv/msg/detail/sphere__rosidl_typesupport_fastrtps_c.h
[13.874s] -- Installing: /home/siddhant/mrt_ws/install/custommsgsrv/include/custommsgsrv/custommsgsrv/msg/detail/num__rosidl_typesupport_fastrtps_c.h
[13.874s] -- Installing: /home/siddhant/mrt_ws/install/custommsgsrv/include/custommsgsrv/custommsgsrv/msg/detail/list__rosidl_typesupport_fastrtps_c.h
[13.874s] -- Up-to-date: /home/siddhant/mrt_ws/install/custommsgsrv/include/custommsgsrv/custommsgsrv/msg/rosidl_typesupport_fastrtps_c__visibility_control.h
[13.875s] -- Installing: /home/siddhant/mrt_ws/install/custommsgsrv/lib/libcustommsgsrv__rosidl_typesupport_fastrtps_c.so
[13.876s] -- Set runtime path of "/home/siddhant/mrt_ws/install/custommsgsrv/lib/libcustommsgsrv__rosidl_typesupport_fastrtps_c.so" to ""
[13.876s] -- Up-to-date: /home/siddhant/mrt_ws/install/custommsgsrv/include/custommsgsrv/custommsgsrv
[13.876s] -- Up-to-date: /home/siddhant/mrt_ws/install/custommsgsrv/include/custommsgsrv/custommsgsrv/srv
[13.877s] -- Installing: /home/siddhant/mrt_ws/install/custommsgsrv/include/custommsgsrv/custommsgsrv/srv/hypo.hpp
[13.877s] -- Installing: /home/siddhant/mrt_ws/install/custommsgsrv/include/custommsgsrv/custommsgsrv/srv/dimensions.hpp
[13.877s] -- Up-to-date: /home/siddhant/mrt_ws/install/custommsgsrv/include/custommsgsrv/custommsgsrv/srv/detail
[13.877s] -- Installing: /home/siddhant/mrt_ws/install/custommsgsrv/include/custommsgsrv/custommsgsrv/srv/detail/hypo__traits.hpp
[13.878s] -- Installing: /home/siddhant/mrt_ws/install/custommsgsrv/include/custommsgsrv/custommsgsrv/srv/detail/hypo__struct.hpp
[13.878s] -- Installing: /home/siddhant/mrt_ws/install/custommsgsrv/include/custommsgsrv/custommsgsrv/srv/detail/dimensions__struct.hpp
[13.878s] -- Installing: /home/siddhant/mrt_ws/install/custommsgsrv/include/custommsgsrv/custommsgsrv/srv/detail/dimensions__traits.hpp
[13.879s] -- Installing: /home/siddhant/mrt_ws/install/custommsgsrv/include/custommsgsrv/custommsgsrv/srv/detail/imgservice__struct.hpp
[13.880s] -- Installing: /home/siddhant/mrt_ws/install/custommsgsrv/include/custommsgsrv/custommsgsrv/srv/detail/imgservice__traits.hpp
[13.880s] -- Installing: /home/siddhant/mrt_ws/install/custommsgsrv/include/custommsgsrv/custommsgsrv/srv/detail/dimensions__builder.hpp
[13.880s] -- Installing: /home/siddhant/mrt_ws/install/custommsgsrv/include/custommsgsrv/custommsgsrv/srv/detail/hypo__builder.hpp
[13.880s] -- Installing: /home/siddhant/mrt_ws/install/custommsgsrv/include/custommsgsrv/custommsgsrv/srv/detail/imgservice__builder.hpp
[13.880s] -- Installing: /home/siddhant/mrt_ws/install/custommsgsrv/include/custommsgsrv/custommsgsrv/srv/imgservice.hpp
[13.880s] -- Up-to-date: /home/siddhant/mrt_ws/install/custommsgsrv/include/custommsgsrv/custommsgsrv/msg
[13.881s] -- Installing: /home/siddhant/mrt_ws/install/custommsgsrv/include/custommsgsrv/custommsgsrv/msg/list.hpp
[13.881s] -- Installing: /home/siddhant/mrt_ws/install/custommsgsrv/include/custommsgsrv/custommsgsrv/msg/sphere.hpp
[13.881s] -- Up-to-date: /home/siddhant/mrt_ws/install/custommsgsrv/include/custommsgsrv/custommsgsrv/msg/detail
[13.881s] -- Installing: /home/siddhant/mrt_ws/install/custommsgsrv/include/custommsgsrv/custommsgsrv/msg/detail/num__struct.hpp
[13.881s] -- Installing: /home/siddhant/mrt_ws/install/custommsgsrv/include/custommsgsrv/custommsgsrv/msg/detail/sphere__builder.hpp
[13.882s] -- Installing: /home/siddhant/mrt_ws/install/custommsgsrv/include/custommsgsrv/custommsgsrv/msg/detail/list__traits.hpp
[13.882s] -- Installing: /home/siddhant/mrt_ws/install/custommsgsrv/include/custommsgsrv/custommsgsrv/msg/detail/num__traits.hpp
[13.882s] -- Installing: /home/siddhant/mrt_ws/install/custommsgsrv/include/custommsgsrv/custommsgsrv/msg/detail/sphere__traits.hpp
[13.882s] -- Installing: /home/siddhant/mrt_ws/install/custommsgsrv/include/custommsgsrv/custommsgsrv/msg/detail/list__struct.hpp
[13.883s] -- Installing: /home/siddhant/mrt_ws/install/custommsgsrv/include/custommsgsrv/custommsgsrv/msg/detail/num__builder.hpp
[13.883s] -- Installing: /home/siddhant/mrt_ws/install/custommsgsrv/include/custommsgsrv/custommsgsrv/msg/detail/list__builder.hpp
[13.883s] -- Installing: /home/siddhant/mrt_ws/install/custommsgsrv/include/custommsgsrv/custommsgsrv/msg/detail/sphere__struct.hpp
[13.884s] -- Installing: /home/siddhant/mrt_ws/install/custommsgsrv/include/custommsgsrv/custommsgsrv/msg/num.hpp
[13.884s] -- Up-to-date: /home/siddhant/mrt_ws/install/custommsgsrv/include/custommsgsrv/custommsgsrv
[13.884s] -- Up-to-date: /home/siddhant/mrt_ws/install/custommsgsrv/include/custommsgsrv/custommsgsrv/srv
[13.885s] -- Up-to-date: /home/siddhant/mrt_ws/install/custommsgsrv/include/custommsgsrv/custommsgsrv/srv/detail
[13.885s] -- Installing: /home/siddhant/mrt_ws/install/custommsgsrv/include/custommsgsrv/custommsgsrv/srv/detail/dimensions__rosidl_typesupport_fastrtps_cpp.hpp
[13.885s] -- Installing: /home/siddhant/mrt_ws/install/custommsgsrv/include/custommsgsrv/custommsgsrv/srv/detail/hypo__rosidl_typesupport_fastrtps_cpp.hpp
[13.885s] -- Up-to-date: /home/siddhant/mrt_ws/install/custommsgsrv/include/custommsgsrv/custommsgsrv/srv/detail/dds_fastrtps
[13.885s] -- Installing: /home/siddhant/mrt_ws/install/custommsgsrv/include/custommsgsrv/custommsgsrv/srv/detail/imgservice__rosidl_typesupport_fastrtps_cpp.hpp
[13.886s] -- Up-to-date: /home/siddhant/mrt_ws/install/custommsgsrv/include/custommsgsrv/custommsgsrv/msg
[13.886s] -- Up-to-date: /home/siddhant/mrt_ws/install/custommsgsrv/include/custommsgsrv/custommsgsrv/msg/detail
[13.886s] -- Installing: /home/siddhant/mrt_ws/install/custommsgsrv/include/custommsgsrv/custommsgsrv/msg/detail/num__rosidl_typesupport_fastrtps_cpp.hpp
[13.886s] -- Up-to-date: /home/siddhant/mrt_ws/install/custommsgsrv/include/custommsgsrv/custommsgsrv/msg/detail/dds_fastrtps
[13.887s] -- Installing: /home/siddhant/mrt_ws/install/custommsgsrv/include/custommsgsrv/custommsgsrv/msg/detail/list__rosidl_typesupport_fastrtps_cpp.hpp
[13.887s] -- Installing: /home/siddhant/mrt_ws/install/custommsgsrv/include/custommsgsrv/custommsgsrv/msg/detail/sphere__rosidl_typesupport_fastrtps_cpp.hpp
[13.887s] -- Up-to-date: /home/siddhant/mrt_ws/install/custommsgsrv/include/custommsgsrv/custommsgsrv/msg/rosidl_typesupport_fastrtps_cpp__visibility_control.h
[13.888s] -- Installing: /home/siddhant/mrt_ws/install/custommsgsrv/lib/libcustommsgsrv__rosidl_typesupport_fastrtps_cpp.so
[13.889s] -- Set runtime path of "/home/siddhant/mrt_ws/install/custommsgsrv/lib/libcustommsgsrv__rosidl_typesupport_fastrtps_cpp.so" to ""
[13.889s] -- Up-to-date: /home/siddhant/mrt_ws/install/custommsgsrv/include/custommsgsrv/custommsgsrv
[13.889s] -- Up-to-date: /home/siddhant/mrt_ws/install/custommsgsrv/include/custommsgsrv/custommsgsrv/srv
[13.890s] -- Up-to-date: /home/siddhant/mrt_ws/install/custommsgsrv/include/custommsgsrv/custommsgsrv/srv/detail
[13.890s] -- Installing: /home/siddhant/mrt_ws/install/custommsgsrv/include/custommsgsrv/custommsgsrv/srv/detail/dimensions__rosidl_typesupport_introspection_c.h
[13.890s] -- Installing: /home/siddhant/mrt_ws/install/custommsgsrv/include/custommsgsrv/custommsgsrv/srv/detail/imgservice__rosidl_typesupport_introspection_c.h
[13.891s] -- Installing: /home/siddhant/mrt_ws/install/custommsgsrv/include/custommsgsrv/custommsgsrv/srv/detail/hypo__rosidl_typesupport_introspection_c.h
[13.891s] -- Installing: /home/siddhant/mrt_ws/install/custommsgsrv/include/custommsgsrv/custommsgsrv/srv/detail/hypo__type_support.c
[13.892s] -- Installing: /home/siddhant/mrt_ws/install/custommsgsrv/include/custommsgsrv/custommsgsrv/srv/detail/dimensions__type_support.c
[13.892s] -- Installing: /home/siddhant/mrt_ws/install/custommsgsrv/include/custommsgsrv/custommsgsrv/srv/detail/imgservice__type_support.c
[13.892s] -- Up-to-date: /home/siddhant/mrt_ws/install/custommsgsrv/include/custommsgsrv/custommsgsrv/msg
[13.893s] -- Up-to-date: /home/siddhant/mrt_ws/install/custommsgsrv/include/custommsgsrv/custommsgsrv/msg/detail
[13.893s] -- Installing: /home/siddhant/mrt_ws/install/custommsgsrv/include/custommsgsrv/custommsgsrv/msg/detail/num__rosidl_typesupport_introspection_c.h
[13.893s] -- Installing: /home/siddhant/mrt_ws/install/custommsgsrv/include/custommsgsrv/custommsgsrv/msg/detail/sphere__rosidl_typesupport_introspection_c.h
[13.893s] -- Installing: /home/siddhant/mrt_ws/install/custommsgsrv/include/custommsgsrv/custommsgsrv/msg/detail/num__type_support.c
[13.894s] -- Installing: /home/siddhant/mrt_ws/install/custommsgsrv/include/custommsgsrv/custommsgsrv/msg/detail/list__rosidl_typesupport_introspection_c.h
[13.894s] -- Installing: /home/siddhant/mrt_ws/install/custommsgsrv/include/custommsgsrv/custommsgsrv/msg/detail/list__type_support.c
[13.894s] -- Installing: /home/siddhant/mrt_ws/install/custommsgsrv/include/custommsgsrv/custommsgsrv/msg/detail/sphere__type_support.c
[13.895s] -- Up-to-date: /home/siddhant/mrt_ws/install/custommsgsrv/include/custommsgsrv/custommsgsrv/msg/rosidl_typesupport_introspection_c__visibility_control.h
[13.895s] -- Installing: /home/siddhant/mrt_ws/install/custommsgsrv/lib/libcustommsgsrv__rosidl_typesupport_introspection_c.so
[13.896s] -- Set runtime path of "/home/siddhant/mrt_ws/install/custommsgsrv/lib/libcustommsgsrv__rosidl_typesupport_introspection_c.so" to ""
[13.897s] -- Installing: /home/siddhant/mrt_ws/install/custommsgsrv/lib/libcustommsgsrv__rosidl_typesupport_c.so
[13.898s] -- Set runtime path of "/home/siddhant/mrt_ws/install/custommsgsrv/lib/libcustommsgsrv__rosidl_typesupport_c.so" to ""
[13.898s] -- Up-to-date: /home/siddhant/mrt_ws/install/custommsgsrv/include/custommsgsrv/custommsgsrv
[13.898s] -- Up-to-date: /home/siddhant/mrt_ws/install/custommsgsrv/include/custommsgsrv/custommsgsrv/srv
[13.900s] -- Up-to-date: /home/siddhant/mrt_ws/install/custommsgsrv/include/custommsgsrv/custommsgsrv/srv/detail
[13.900s] -- Installing: /home/siddhant/mrt_ws/install/custommsgsrv/include/custommsgsrv/custommsgsrv/srv/detail/imgservice__type_support.cpp
[13.901s] -- Installing: /home/siddhant/mrt_ws/install/custommsgsrv/include/custommsgsrv/custommsgsrv/srv/detail/imgservice__rosidl_typesupport_introspection_cpp.hpp
[13.901s] -- Installing: /home/siddhant/mrt_ws/install/custommsgsrv/include/custommsgsrv/custommsgsrv/srv/detail/hypo__rosidl_typesupport_introspection_cpp.hpp
[13.901s] -- Installing: /home/siddhant/mrt_ws/install/custommsgsrv/include/custommsgsrv/custommsgsrv/srv/detail/hypo__type_support.cpp
[13.901s] -- Installing: /home/siddhant/mrt_ws/install/custommsgsrv/include/custommsgsrv/custommsgsrv/srv/detail/dimensions__rosidl_typesupport_introspection_cpp.hpp
[13.901s] -- Installing: /home/siddhant/mrt_ws/install/custommsgsrv/include/custommsgsrv/custommsgsrv/srv/detail/dimensions__type_support.cpp
[13.902s] -- Up-to-date: /home/siddhant/mrt_ws/install/custommsgsrv/include/custommsgsrv/custommsgsrv/msg
[13.902s] -- Up-to-date: /home/siddhant/mrt_ws/install/custommsgsrv/include/custommsgsrv/custommsgsrv/msg/detail
[13.902s] -- Installing: /home/siddhant/mrt_ws/install/custommsgsrv/include/custommsgsrv/custommsgsrv/msg/detail/sphere__rosidl_typesupport_introspection_cpp.hpp
[13.902s] -- Installing: /home/siddhant/mrt_ws/install/custommsgsrv/include/custommsgsrv/custommsgsrv/msg/detail/num__rosidl_typesupport_introspection_cpp.hpp
[13.902s] -- Installing: /home/siddhant/mrt_ws/install/custommsgsrv/include/custommsgsrv/custommsgsrv/msg/detail/num__type_support.cpp
[13.903s] -- Installing: /home/siddhant/mrt_ws/install/custommsgsrv/include/custommsgsrv/custommsgsrv/msg/detail/sphere__type_support.cpp
[13.903s] -- Installing: /home/siddhant/mrt_ws/install/custommsgsrv/include/custommsgsrv/custommsgsrv/msg/detail/list__rosidl_typesupport_introspection_cpp.hpp
[13.903s] -- Installing: /home/siddhant/mrt_ws/install/custommsgsrv/include/custommsgsrv/custommsgsrv/msg/detail/list__type_support.cpp
[13.904s] -- Installing: /home/siddhant/mrt_ws/install/custommsgsrv/lib/libcustommsgsrv__rosidl_typesupport_introspection_cpp.so
[13.905s] -- Set runtime path of "/home/siddhant/mrt_ws/install/custommsgsrv/lib/libcustommsgsrv__rosidl_typesupport_introspection_cpp.so" to ""
[13.905s] -- Installing: /home/siddhant/mrt_ws/install/custommsgsrv/lib/libcustommsgsrv__rosidl_typesupport_cpp.so
[13.907s] -- Set runtime path of "/home/siddhant/mrt_ws/install/custommsgsrv/lib/libcustommsgsrv__rosidl_typesupport_cpp.so" to ""
[13.907s] -- Up-to-date: /home/siddhant/mrt_ws/install/custommsgsrv/share/custommsgsrv/environment/pythonpath.sh
[13.907s] -- Installing: /home/siddhant/mrt_ws/install/custommsgsrv/share/custommsgsrv/environment/pythonpath.dsv
[13.907s] -- Up-to-date: /home/siddhant/mrt_ws/install/custommsgsrv/local/lib/python3.10/dist-packages/custommsgsrv-0.0.0-py3.10.egg-info
[13.907s] -- Installing: /home/siddhant/mrt_ws/install/custommsgsrv/local/lib/python3.10/dist-packages/custommsgsrv-0.0.0-py3.10.egg-info/SOURCES.txt
[13.908s] -- Installing: /home/siddhant/mrt_ws/install/custommsgsrv/local/lib/python3.10/dist-packages/custommsgsrv-0.0.0-py3.10.egg-info/PKG-INFO
[13.908s] -- Installing: /home/siddhant/mrt_ws/install/custommsgsrv/local/lib/python3.10/dist-packages/custommsgsrv-0.0.0-py3.10.egg-info/dependency_links.txt
[13.908s] -- Installing: /home/siddhant/mrt_ws/install/custommsgsrv/local/lib/python3.10/dist-packages/custommsgsrv-0.0.0-py3.10.egg-info/top_level.txt
[13.909s] -- Up-to-date: /home/siddhant/mrt_ws/install/custommsgsrv/local/lib/python3.10/dist-packages/custommsgsrv
[13.910s] -- Up-to-date: /home/siddhant/mrt_ws/install/custommsgsrv/local/lib/python3.10/dist-packages/custommsgsrv/srv
[13.910s] -- Installing: /home/siddhant/mrt_ws/install/custommsgsrv/local/lib/python3.10/dist-packages/custommsgsrv/srv/_hypo.py
[13.910s] -- Installing: /home/siddhant/mrt_ws/install/custommsgsrv/local/lib/python3.10/dist-packages/custommsgsrv/srv/_imgservice.py
[13.910s] -- Installing: /home/siddhant/mrt_ws/install/custommsgsrv/local/lib/python3.10/dist-packages/custommsgsrv/srv/__init__.py
[13.911s] -- Installing: /home/siddhant/mrt_ws/install/custommsgsrv/local/lib/python3.10/dist-packages/custommsgsrv/srv/_dimensions_s.c
[13.939s] -- Installing: /home/siddhant/mrt_ws/install/custommsgsrv/local/lib/python3.10/dist-packages/custommsgsrv/srv/_hypo_s.c
[13.940s] -- Installing: /home/siddhant/mrt_ws/install/custommsgsrv/local/lib/python3.10/dist-packages/custommsgsrv/srv/_dimensions.py
[13.941s] -- Installing: /home/siddhant/mrt_ws/install/custommsgsrv/local/lib/python3.10/dist-packages/custommsgsrv/srv/_imgservice_s.c
[13.941s] -- Installing: /home/siddhant/mrt_ws/install/custommsgsrv/local/lib/python3.10/dist-packages/custommsgsrv/custommsgsrv_s__rosidl_typesupport_fastrtps_c.cpython-310-x86_64-linux-gnu.so
[13.941s] -- Installing: /home/siddhant/mrt_ws/install/custommsgsrv/local/lib/python3.10/dist-packages/custommsgsrv/__init__.py
[13.941s] -- Installing: /home/siddhant/mrt_ws/install/custommsgsrv/local/lib/python3.10/dist-packages/custommsgsrv/custommsgsrv_s__rosidl_typesupport_c.cpython-310-x86_64-linux-gnu.so
[13.944s] -- Installing: /home/siddhant/mrt_ws/install/custommsgsrv/local/lib/python3.10/dist-packages/custommsgsrv/_custommsgsrv_s.ep.rosidl_typesupport_introspection_c.c
[13.945s] -- Installing: /home/siddhant/mrt_ws/install/custommsgsrv/local/lib/python3.10/dist-packages/custommsgsrv/custommsgsrv_s__rosidl_typesupport_introspection_c.cpython-310-x86_64-linux-gnu.so
[13.946s] -- Installing: /home/siddhant/mrt_ws/install/custommsgsrv/local/lib/python3.10/dist-packages/custommsgsrv/_custommsgsrv_s.ep.rosidl_typesupport_c.c
[13.946s] -- Installing: /home/siddhant/mrt_ws/install/custommsgsrv/local/lib/python3.10/dist-packages/custommsgsrv/libcustommsgsrv__rosidl_generator_py.so
[13.946s] -- Installing: /home/siddhant/mrt_ws/install/custommsgsrv/local/lib/python3.10/dist-packages/custommsgsrv/_custommsgsrv_s.ep.rosidl_typesupport_fastrtps_c.c
[13.946s] -- Up-to-date: /home/siddhant/mrt_ws/install/custommsgsrv/local/lib/python3.10/dist-packages/custommsgsrv/msg
[13.947s] -- Installing: /home/siddhant/mrt_ws/install/custommsgsrv/local/lib/python3.10/dist-packages/custommsgsrv/msg/_num.py
[13.947s] -- Installing: /home/siddhant/mrt_ws/install/custommsgsrv/local/lib/python3.10/dist-packages/custommsgsrv/msg/_sphere_s.c
[13.947s] -- Installing: /home/siddhant/mrt_ws/install/custommsgsrv/local/lib/python3.10/dist-packages/custommsgsrv/msg/__init__.py
[13.947s] -- Installing: /home/siddhant/mrt_ws/install/custommsgsrv/local/lib/python3.10/dist-packages/custommsgsrv/msg/_list.py
[13.948s] -- Installing: /home/siddhant/mrt_ws/install/custommsgsrv/local/lib/python3.10/dist-packages/custommsgsrv/msg/_list_s.c
[13.948s] -- Installing: /home/siddhant/mrt_ws/install/custommsgsrv/local/lib/python3.10/dist-packages/custommsgsrv/msg/_num_s.c
[13.948s] -- Installing: /home/siddhant/mrt_ws/install/custommsgsrv/local/lib/python3.10/dist-packages/custommsgsrv/msg/_sphere.py
[14.074s] Listing '/home/siddhant/mrt_ws/install/custommsgsrv/local/lib/python3.10/dist-packages/custommsgsrv'...
[14.074s] Compiling '/home/siddhant/mrt_ws/install/custommsgsrv/local/lib/python3.10/dist-packages/custommsgsrv/__init__.py'...
[14.075s] Listing '/home/siddhant/mrt_ws/install/custommsgsrv/local/lib/python3.10/dist-packages/custommsgsrv/msg'...
[14.075s] Compiling '/home/siddhant/mrt_ws/install/custommsgsrv/local/lib/python3.10/dist-packages/custommsgsrv/msg/__init__.py'...
[14.075s] Compiling '/home/siddhant/mrt_ws/install/custommsgsrv/local/lib/python3.10/dist-packages/custommsgsrv/msg/_list.py'...
[14.075s] Compiling '/home/siddhant/mrt_ws/install/custommsgsrv/local/lib/python3.10/dist-packages/custommsgsrv/msg/_num.py'...
[14.075s] Compiling '/home/siddhant/mrt_ws/install/custommsgsrv/local/lib/python3.10/dist-packages/custommsgsrv/msg/_sphere.py'...
[14.075s] Listing '/home/siddhant/mrt_ws/install/custommsgsrv/local/lib/python3.10/dist-packages/custommsgsrv/srv'...
[14.076s] Compiling '/home/siddhant/mrt_ws/install/custommsgsrv/local/lib/python3.10/dist-packages/custommsgsrv/srv/__init__.py'...
[14.076s] Compiling '/home/siddhant/mrt_ws/install/custommsgsrv/local/lib/python3.10/dist-packages/custommsgsrv/srv/_dimensions.py'...
[14.079s] Compiling '/home/siddhant/mrt_ws/install/custommsgsrv/local/lib/python3.10/dist-packages/custommsgsrv/srv/_hypo.py'...
[14.080s] Compiling '/home/siddhant/mrt_ws/install/custommsgsrv/local/lib/python3.10/dist-packages/custommsgsrv/srv/_imgservice.py'...
[14.092s] -- Installing: /home/siddhant/mrt_ws/install/custommsgsrv/local/lib/python3.10/dist-packages/custommsgsrv/custommsgsrv_s__rosidl_typesupport_fastrtps_c.cpython-310-x86_64-linux-gnu.so
[14.098s] -- Set runtime path of "/home/siddhant/mrt_ws/install/custommsgsrv/local/lib/python3.10/dist-packages/custommsgsrv/custommsgsrv_s__rosidl_typesupport_fastrtps_c.cpython-310-x86_64-linux-gnu.so" to ""
[14.102s] -- Installing: /home/siddhant/mrt_ws/install/custommsgsrv/local/lib/python3.10/dist-packages/custommsgsrv/custommsgsrv_s__rosidl_typesupport_introspection_c.cpython-310-x86_64-linux-gnu.so
[14.102s] -- Set runtime path of "/home/siddhant/mrt_ws/install/custommsgsrv/local/lib/python3.10/dist-packages/custommsgsrv/custommsgsrv_s__rosidl_typesupport_introspection_c.cpython-310-x86_64-linux-gnu.so" to ""
[14.103s] -- Installing: /home/siddhant/mrt_ws/install/custommsgsrv/local/lib/python3.10/dist-packages/custommsgsrv/custommsgsrv_s__rosidl_typesupport_c.cpython-310-x86_64-linux-gnu.so
[14.104s] -- Set runtime path of "/home/siddhant/mrt_ws/install/custommsgsrv/local/lib/python3.10/dist-packages/custommsgsrv/custommsgsrv_s__rosidl_typesupport_c.cpython-310-x86_64-linux-gnu.so" to ""
[14.109s] -- Installing: /home/siddhant/mrt_ws/install/custommsgsrv/lib/libcustommsgsrv__rosidl_generator_py.so
[14.110s] -- Set runtime path of "/home/siddhant/mrt_ws/install/custommsgsrv/lib/libcustommsgsrv__rosidl_generator_py.so" to ""
[14.110s] -- Up-to-date: /home/siddhant/mrt_ws/install/custommsgsrv/share/custommsgsrv/msg/Num.idl
[14.110s] -- Up-to-date: /home/siddhant/mrt_ws/install/custommsgsrv/share/custommsgsrv/msg/Sphere.idl
[14.110s] -- Installing: /home/siddhant/mrt_ws/install/custommsgsrv/share/custommsgsrv/msg/List.idl
[14.112s] -- Up-to-date: /home/siddhant/mrt_ws/install/custommsgsrv/share/custommsgsrv/srv/Hypo.idl
[14.112s] -- Up-to-date: /home/siddhant/mrt_ws/install/custommsgsrv/share/custommsgsrv/srv/Dimensions.idl
[14.112s] -- Installing: /home/siddhant/mrt_ws/install/custommsgsrv/share/custommsgsrv/srv/Imgservice.idl
[14.112s] -- Up-to-date: /home/siddhant/mrt_ws/install/custommsgsrv/share/custommsgsrv/msg/Num.msg
[14.113s] -- Up-to-date: /home/siddhant/mrt_ws/install/custommsgsrv/share/custommsgsrv/msg/Sphere.msg
[14.113s] -- Installing: /home/siddhant/mrt_ws/install/custommsgsrv/share/custommsgsrv/msg/List.msg
[14.114s] -- Up-to-date: /home/siddhant/mrt_ws/install/custommsgsrv/share/custommsgsrv/srv/Hypo.srv
[14.114s] -- Up-to-date: /home/siddhant/mrt_ws/install/custommsgsrv/share/custommsgsrv/srv/Hypo_Request.msg
[14.115s] -- Up-to-date: /home/siddhant/mrt_ws/install/custommsgsrv/share/custommsgsrv/srv/Hypo_Response.msg
[14.115s] -- Up-to-date: /home/siddhant/mrt_ws/install/custommsgsrv/share/custommsgsrv/srv/Dimensions.srv
[14.115s] -- Up-to-date: /home/siddhant/mrt_ws/install/custommsgsrv/share/custommsgsrv/srv/Dimensions_Request.msg
[14.116s] -- Up-to-date: /home/siddhant/mrt_ws/install/custommsgsrv/share/custommsgsrv/srv/Dimensions_Response.msg
[14.116s] -- Installing: /home/siddhant/mrt_ws/install/custommsgsrv/share/custommsgsrv/srv/Imgservice.srv
[14.119s] -- Up-to-date: /home/siddhant/mrt_ws/install/custommsgsrv/share/custommsgsrv/srv/Imgservice_Request.msg
[14.119s] -- Installing: /home/siddhant/mrt_ws/install/custommsgsrv/share/custommsgsrv/srv/Imgservice_Response.msg
[14.120s] -- Up-to-date: /home/siddhant/mrt_ws/install/custommsgsrv/share/ament_index/resource_index/package_run_dependencies/custommsgsrv
[14.120s] -- Up-to-date: /home/siddhant/mrt_ws/install/custommsgsrv/share/ament_index/resource_index/parent_prefix_path/custommsgsrv
[14.120s] -- Up-to-date: /home/siddhant/mrt_ws/install/custommsgsrv/share/custommsgsrv/environment/ament_prefix_path.sh
[14.120s] -- Installing: /home/siddhant/mrt_ws/install/custommsgsrv/share/custommsgsrv/environment/ament_prefix_path.dsv
[14.120s] -- Up-to-date: /home/siddhant/mrt_ws/install/custommsgsrv/share/custommsgsrv/environment/path.sh
[14.121s] -- Installing: /home/siddhant/mrt_ws/install/custommsgsrv/share/custommsgsrv/environment/path.dsv
[14.121s] -- Up-to-date: /home/siddhant/mrt_ws/install/custommsgsrv/share/custommsgsrv/local_setup.bash
[14.121s] -- Up-to-date: /home/siddhant/mrt_ws/install/custommsgsrv/share/custommsgsrv/local_setup.sh
[14.122s] -- Up-to-date: /home/siddhant/mrt_ws/install/custommsgsrv/share/custommsgsrv/local_setup.zsh
[14.122s] -- Installing: /home/siddhant/mrt_ws/install/custommsgsrv/share/custommsgsrv/local_setup.dsv
[14.123s] -- Installing: /home/siddhant/mrt_ws/install/custommsgsrv/share/custommsgsrv/package.dsv
[14.123s] -- Up-to-date: /home/siddhant/mrt_ws/install/custommsgsrv/share/ament_index/resource_index/packages/custommsgsrv
[14.123s] -- Up-to-date: /home/siddhant/mrt_ws/install/custommsgsrv/share/custommsgsrv/cmake/export_custommsgsrv__rosidl_generator_cExport.cmake
[14.123s] -- Up-to-date: /home/siddhant/mrt_ws/install/custommsgsrv/share/custommsgsrv/cmake/export_custommsgsrv__rosidl_generator_cExport-noconfig.cmake
[14.126s] -- Up-to-date: /home/siddhant/mrt_ws/install/custommsgsrv/share/custommsgsrv/cmake/export_custommsgsrv__rosidl_typesupport_fastrtps_cExport.cmake
[14.126s] -- Up-to-date: /home/siddhant/mrt_ws/install/custommsgsrv/share/custommsgsrv/cmake/export_custommsgsrv__rosidl_typesupport_fastrtps_cExport-noconfig.cmake
[14.126s] -- Up-to-date: /home/siddhant/mrt_ws/install/custommsgsrv/share/custommsgsrv/cmake/export_custommsgsrv__rosidl_generator_cppExport.cmake
[14.128s] -- Up-to-date: /home/siddhant/mrt_ws/install/custommsgsrv/share/custommsgsrv/cmake/export_custommsgsrv__rosidl_typesupport_fastrtps_cppExport.cmake
[14.129s] -- Up-to-date: /home/siddhant/mrt_ws/install/custommsgsrv/share/custommsgsrv/cmake/export_custommsgsrv__rosidl_typesupport_fastrtps_cppExport-noconfig.cmake
[14.129s] -- Up-to-date: /home/siddhant/mrt_ws/install/custommsgsrv/share/custommsgsrv/cmake/custommsgsrv__rosidl_typesupport_introspection_cExport.cmake
[14.130s] -- Up-to-date: /home/siddhant/mrt_ws/install/custommsgsrv/share/custommsgsrv/cmake/custommsgsrv__rosidl_typesupport_introspection_cExport-noconfig.cmake
[14.130s] -- Up-to-date: /home/siddhant/mrt_ws/install/custommsgsrv/share/custommsgsrv/cmake/custommsgsrv__rosidl_typesupport_cExport.cmake
[14.130s] -- Up-to-date: /home/siddhant/mrt_ws/install/custommsgsrv/share/custommsgsrv/cmake/custommsgsrv__rosidl_typesupport_cExport-noconfig.cmake
[14.131s] -- Up-to-date: /home/siddhant/mrt_ws/install/custommsgsrv/share/custommsgsrv/cmake/custommsgsrv__rosidl_typesupport_introspection_cppExport.cmake
[14.131s] -- Up-to-date: /home/siddhant/mrt_ws/install/custommsgsrv/share/custommsgsrv/cmake/custommsgsrv__rosidl_typesupport_introspection_cppExport-noconfig.cmake
[14.132s] -- Up-to-date: /home/siddhant/mrt_ws/install/custommsgsrv/share/custommsgsrv/cmake/custommsgsrv__rosidl_typesupport_cppExport.cmake
[14.132s] -- Up-to-date: /home/siddhant/mrt_ws/install/custommsgsrv/share/custommsgsrv/cmake/custommsgsrv__rosidl_typesupport_cppExport-noconfig.cmake
[14.133s] -- Up-to-date: /home/siddhant/mrt_ws/install/custommsgsrv/share/custommsgsrv/cmake/export_custommsgsrv__rosidl_generator_pyExport.cmake
[14.133s] -- Up-to-date: /home/siddhant/mrt_ws/install/custommsgsrv/share/custommsgsrv/cmake/export_custommsgsrv__rosidl_generator_pyExport-noconfig.cmake
[14.133s] -- Installing: /home/siddhant/mrt_ws/install/custommsgsrv/share/custommsgsrv/cmake/rosidl_cmake-extras.cmake
[14.134s] -- Up-to-date: /home/siddhant/mrt_ws/install/custommsgsrv/share/custommsgsrv/cmake/ament_cmake_export_dependencies-extras.cmake
[14.134s] -- Up-to-date: /home/siddhant/mrt_ws/install/custommsgsrv/share/custommsgsrv/cmake/ament_cmake_export_include_directories-extras.cmake
[14.134s] -- Up-to-date: /home/siddhant/mrt_ws/install/custommsgsrv/share/custommsgsrv/cmake/ament_cmake_export_libraries-extras.cmake
[14.134s] -- Up-to-date: /home/siddhant/mrt_ws/install/custommsgsrv/share/custommsgsrv/cmake/ament_cmake_export_targets-extras.cmake
[14.134s] -- Up-to-date: /home/siddhant/mrt_ws/install/custommsgsrv/share/custommsgsrv/cmake/rosidl_cmake_export_typesupport_targets-extras.cmake
[14.135s] -- Up-to-date: /home/siddhant/mrt_ws/install/custommsgsrv/share/custommsgsrv/cmake/rosidl_cmake_export_typesupport_libraries-extras.cmake
[14.135s] -- Up-to-date: /home/siddhant/mrt_ws/install/custommsgsrv/share/custommsgsrv/cmake/custommsgsrvConfig.cmake
[14.136s] -- Up-to-date: /home/siddhant/mrt_ws/install/custommsgsrv/share/custommsgsrv/cmake/custommsgsrvConfig-version.cmake
[14.136s] -- Installing: /home/siddhant/mrt_ws/install/custommsgsrv/share/custommsgsrv/package.xml
[14.142s] Invoked command in '/home/siddhant/mrt_ws/build/custommsgsrv' returned '0': CMAKE_PREFIX_PATH=${CMAKE_PREFIX_PATH}:/home/siddhant/mrt_ws/install/sauron:/home/siddhant/mrt_ws/install/arucoasmt:/opt/ros/humble /usr/bin/cmake --install /home/siddhant/mrt_ws/build/custommsgsrv
