[0.027s] Invoking command in '/home/siddhant/mrt_ws/build/custommsgsrv': CMAKE_PREFIX_PATH=${CMAKE_PREFIX_PATH}:/home/siddhant/mrt_ws/install/sauron:/home/siddhant/mrt_ws/install/arucoasmt:/opt/ros/humble /usr/bin/cmake --build /home/siddhant/mrt_ws/build/custommsgsrv -- -j4 -l4
[0.222s] [  0%] Built target ament_cmake_python_copy_custommsgsrv
[0.234s] [ 11%] Built target custommsgsrv__rosidl_generator_c
[0.271s] [ 12%] Built target custommsgsrv__cpp
[0.402s] [ 23%] Built target custommsgsrv__rosidl_typesupport_introspection_c
[0.410s] [ 35%] Built target custommsgsrv__rosidl_typesupport_fastrtps_c
[0.470s] [ 46%] Built target custommsgsrv__rosidl_typesupport_c
[0.550s] [ 57%] Built target custommsgsrv__rosidl_typesupport_cpp
[0.585s] [ 69%] Built target custommsgsrv__rosidl_typesupport_introspection_cpp
[0.605s] [ 80%] Built target custommsgsrv__rosidl_typesupport_fastrtps_cpp
[0.642s] [ 80%] Built target custommsgsrv
[0.678s] [ 81%] Built target custommsgsrv__py
[0.739s] [ 91%] Built target custommsgsrv__rosidl_generator_py
[0.805s] [ 94%] Built target custommsgsrv__rosidl_typesupport_c__pyext
[0.809s] [ 97%] Built target custommsgsrv__rosidl_typesupport_fastrtps_c__pyext
[0.814s] [100%] Built target custommsgsrv__rosidl_typesupport_introspection_c__pyext
[0.967s] running egg_info
[0.968s] writing custommsgsrv.egg-info/PKG-INFO
[0.968s] writing dependency_links to custommsgsrv.egg-info/dependency_links.txt
[0.969s] writing top-level names to custommsgsrv.egg-info/top_level.txt
[0.973s] reading manifest file 'custommsgsrv.egg-info/SOURCES.txt'
[0.975s] writing manifest file 'custommsgsrv.egg-info/SOURCES.txt'
[1.023s] [100%] Built target ament_cmake_python_build_custommsgsrv_egg
[1.047s] Invoked command in '/home/siddhant/mrt_ws/build/custommsgsrv' returned '0': CMAKE_PREFIX_PATH=${CMAKE_PREFIX_PATH}:/home/siddhant/mrt_ws/install/sauron:/home/siddhant/mrt_ws/install/arucoasmt:/opt/ros/humble /usr/bin/cmake --build /home/siddhant/mrt_ws/build/custommsgsrv -- -j4 -l4
[1.332s] Invoking command in '/home/siddhant/mrt_ws/build/custommsgsrv': CMAKE_PREFIX_PATH=${CMAKE_PREFIX_PATH}:/home/siddhant/mrt_ws/install/sauron:/home/siddhant/mrt_ws/install/arucoasmt:/opt/ros/humble /usr/bin/cmake --install /home/siddhant/mrt_ws/build/custommsgsrv
[1.345s] -- Install configuration: ""
[1.346s] -- Up-to-date: /home/siddhant/mrt_ws/install/custommsgsrv/share/ament_index/resource_index/rosidl_interfaces/custommsgsrv
[1.346s] -- Up-to-date: /home/siddhant/mrt_ws/install/custommsgsrv/include/custommsgsrv/custommsgsrv
[1.346s] -- Up-to-date: /home/siddhant/mrt_ws/install/custommsgsrv/include/custommsgsrv/custommsgsrv/srv
[1.347s] -- Up-to-date: /home/siddhant/mrt_ws/install/custommsgsrv/include/custommsgsrv/custommsgsrv/srv/imgservice.h
[1.347s] -- Up-to-date: /home/siddhant/mrt_ws/install/custommsgsrv/include/custommsgsrv/custommsgsrv/srv/detail
[1.347s] -- Up-to-date: /home/siddhant/mrt_ws/install/custommsgsrv/include/custommsgsrv/custommsgsrv/srv/detail/dimensions__functions.h
[1.347s] -- Up-to-date: /home/siddhant/mrt_ws/install/custommsgsrv/include/custommsgsrv/custommsgsrv/srv/detail/imgservice__functions.h
[1.348s] -- Up-to-date: /home/siddhant/mrt_ws/install/custommsgsrv/include/custommsgsrv/custommsgsrv/srv/detail/imgservice__struct.h
[1.348s] -- Up-to-date: /home/siddhant/mrt_ws/install/custommsgsrv/include/custommsgsrv/custommsgsrv/srv/detail/dimensions__functions.c
[1.348s] -- Up-to-date: /home/siddhant/mrt_ws/install/custommsgsrv/include/custommsgsrv/custommsgsrv/srv/detail/dimensions__struct.h
[1.348s] -- Up-to-date: /home/siddhant/mrt_ws/install/custommsgsrv/include/custommsgsrv/custommsgsrv/srv/detail/dimensions__type_support.h
[1.348s] -- Up-to-date: /home/siddhant/mrt_ws/install/custommsgsrv/include/custommsgsrv/custommsgsrv/srv/detail/imgservice__type_support.h
[1.349s] -- Up-to-date: /home/siddhant/mrt_ws/install/custommsgsrv/include/custommsgsrv/custommsgsrv/srv/detail/imgservice__functions.c
[1.349s] -- Up-to-date: /home/siddhant/mrt_ws/install/custommsgsrv/include/custommsgsrv/custommsgsrv/srv/detail/hypo__functions.c
[1.349s] -- Up-to-date: /home/siddhant/mrt_ws/install/custommsgsrv/include/custommsgsrv/custommsgsrv/srv/detail/hypo__struct.h
[1.349s] -- Up-to-date: /home/siddhant/mrt_ws/install/custommsgsrv/include/custommsgsrv/custommsgsrv/srv/detail/hypo__type_support.h
[1.349s] -- Up-to-date: /home/siddhant/mrt_ws/install/custommsgsrv/include/custommsgsrv/custommsgsrv/srv/detail/hypo__functions.h
[1.350s] -- Up-to-date: /home/siddhant/mrt_ws/install/custommsgsrv/include/custommsgsrv/custommsgsrv/srv/hypo.h
[1.350s] -- Up-to-date: /home/siddhant/mrt_ws/install/custommsgsrv/include/custommsgsrv/custommsgsrv/srv/dimensions.h
[1.350s] -- Up-to-date: /home/siddhant/mrt_ws/install/custommsgsrv/include/custommsgsrv/custommsgsrv/msg
[1.350s] -- Up-to-date: /home/siddhant/mrt_ws/install/custommsgsrv/include/custommsgsrv/custommsgsrv/msg/rosidl_generator_c__visibility_control.h
[1.350s] -- Up-to-date: /home/siddhant/mrt_ws/install/custommsgsrv/include/custommsgsrv/custommsgsrv/msg/list.h
[1.351s] -- Up-to-date: /home/siddhant/mrt_ws/install/custommsgsrv/include/custommsgsrv/custommsgsrv/msg/num.h
[1.351s] -- Up-to-date: /home/siddhant/mrt_ws/install/custommsgsrv/include/custommsgsrv/custommsgsrv/msg/detail
[1.351s] -- Up-to-date: /home/siddhant/mrt_ws/install/custommsgsrv/include/custommsgsrv/custommsgsrv/msg/detail/list__type_support.h
[1.351s] -- Up-to-date: /home/siddhant/mrt_ws/install/custommsgsrv/include/custommsgsrv/custommsgsrv/msg/detail/sphere__type_support.h
[1.351s] -- Up-to-date: /home/siddhant/mrt_ws/install/custommsgsrv/include/custommsgsrv/custommsgsrv/msg/detail/num__type_support.h
[1.351s] -- Up-to-date: /home/siddhant/mrt_ws/install/custommsgsrv/include/custommsgsrv/custommsgsrv/msg/detail/num__struct.h
[1.352s] -- Up-to-date: /home/siddhant/mrt_ws/install/custommsgsrv/include/custommsgsrv/custommsgsrv/msg/detail/list__functions.h
[1.352s] -- Up-to-date: /home/siddhant/mrt_ws/install/custommsgsrv/include/custommsgsrv/custommsgsrv/msg/detail/list__struct.h
[1.352s] -- Up-to-date: /home/siddhant/mrt_ws/install/custommsgsrv/include/custommsgsrv/custommsgsrv/msg/detail/num__functions.h
[1.353s] -- Up-to-date: /home/siddhant/mrt_ws/install/custommsgsrv/include/custommsgsrv/custommsgsrv/msg/detail/sphere__struct.h
[1.353s] -- Up-to-date: /home/siddhant/mrt_ws/install/custommsgsrv/include/custommsgsrv/custommsgsrv/msg/detail/sphere__functions.h
[1.353s] -- Up-to-date: /home/siddhant/mrt_ws/install/custommsgsrv/include/custommsgsrv/custommsgsrv/msg/detail/num__functions.c
[1.353s] -- Up-to-date: /home/siddhant/mrt_ws/install/custommsgsrv/include/custommsgsrv/custommsgsrv/msg/detail/list__functions.c
[1.354s] -- Up-to-date: /home/siddhant/mrt_ws/install/custommsgsrv/include/custommsgsrv/custommsgsrv/msg/detail/sphere__functions.c
[1.354s] -- Up-to-date: /home/siddhant/mrt_ws/install/custommsgsrv/include/custommsgsrv/custommsgsrv/msg/sphere.h
[1.354s] -- Up-to-date: /home/siddhant/mrt_ws/install/custommsgsrv/share/custommsgsrv/environment/library_path.sh
[1.354s] -- Up-to-date: /home/siddhant/mrt_ws/install/custommsgsrv/share/custommsgsrv/environment/library_path.dsv
[1.354s] -- Up-to-date: /home/siddhant/mrt_ws/install/custommsgsrv/lib/libcustommsgsrv__rosidl_generator_c.so
[1.354s] -- Up-to-date: /home/siddhant/mrt_ws/install/custommsgsrv/include/custommsgsrv/custommsgsrv
[1.355s] -- Up-to-date: /home/siddhant/mrt_ws/install/custommsgsrv/include/custommsgsrv/custommsgsrv/srv
[1.355s] -- Up-to-date: /home/siddhant/mrt_ws/install/custommsgsrv/include/custommsgsrv/custommsgsrv/srv/detail
[1.355s] -- Up-to-date: /home/siddhant/mrt_ws/install/custommsgsrv/include/custommsgsrv/custommsgsrv/srv/detail/imgservice__rosidl_typesupport_fastrtps_c.h
[1.355s] -- Up-to-date: /home/siddhant/mrt_ws/install/custommsgsrv/include/custommsgsrv/custommsgsrv/srv/detail/hypo__rosidl_typesupport_fastrtps_c.h
[1.355s] -- Up-to-date: /home/siddhant/mrt_ws/install/custommsgsrv/include/custommsgsrv/custommsgsrv/srv/detail/dimensions__rosidl_typesupport_fastrtps_c.h
[1.355s] -- Up-to-date: /home/siddhant/mrt_ws/install/custommsgsrv/include/custommsgsrv/custommsgsrv/msg
[1.355s] -- Up-to-date: /home/siddhant/mrt_ws/install/custommsgsrv/include/custommsgsrv/custommsgsrv/msg/detail
[1.356s] -- Up-to-date: /home/siddhant/mrt_ws/install/custommsgsrv/include/custommsgsrv/custommsgsrv/msg/detail/sphere__rosidl_typesupport_fastrtps_c.h
[1.356s] -- Up-to-date: /home/siddhant/mrt_ws/install/custommsgsrv/include/custommsgsrv/custommsgsrv/msg/detail/num__rosidl_typesupport_fastrtps_c.h
[1.356s] -- Up-to-date: /home/siddhant/mrt_ws/install/custommsgsrv/include/custommsgsrv/custommsgsrv/msg/detail/list__rosidl_typesupport_fastrtps_c.h
[1.356s] -- Up-to-date: /home/siddhant/mrt_ws/install/custommsgsrv/include/custommsgsrv/custommsgsrv/msg/rosidl_typesupport_fastrtps_c__visibility_control.h
[1.356s] -- Up-to-date: /home/siddhant/mrt_ws/install/custommsgsrv/lib/libcustommsgsrv__rosidl_typesupport_fastrtps_c.so
[1.356s] -- Up-to-date: /home/siddhant/mrt_ws/install/custommsgsrv/include/custommsgsrv/custommsgsrv
[1.357s] -- Up-to-date: /home/siddhant/mrt_ws/install/custommsgsrv/include/custommsgsrv/custommsgsrv/srv
[1.357s] -- Up-to-date: /home/siddhant/mrt_ws/install/custommsgsrv/include/custommsgsrv/custommsgsrv/srv/hypo.hpp
[1.357s] -- Up-to-date: /home/siddhant/mrt_ws/install/custommsgsrv/include/custommsgsrv/custommsgsrv/srv/dimensions.hpp
[1.357s] -- Up-to-date: /home/siddhant/mrt_ws/install/custommsgsrv/include/custommsgsrv/custommsgsrv/srv/detail
[1.357s] -- Up-to-date: /home/siddhant/mrt_ws/install/custommsgsrv/include/custommsgsrv/custommsgsrv/srv/detail/hypo__traits.hpp
[1.358s] -- Up-to-date: /home/siddhant/mrt_ws/install/custommsgsrv/include/custommsgsrv/custommsgsrv/srv/detail/hypo__struct.hpp
[1.358s] -- Up-to-date: /home/siddhant/mrt_ws/install/custommsgsrv/include/custommsgsrv/custommsgsrv/srv/detail/dimensions__struct.hpp
[1.358s] -- Up-to-date: /home/siddhant/mrt_ws/install/custommsgsrv/include/custommsgsrv/custommsgsrv/srv/detail/dimensions__traits.hpp
[1.358s] -- Up-to-date: /home/siddhant/mrt_ws/install/custommsgsrv/include/custommsgsrv/custommsgsrv/srv/detail/imgservice__struct.hpp
[1.358s] -- Up-to-date: /home/siddhant/mrt_ws/install/custommsgsrv/include/custommsgsrv/custommsgsrv/srv/detail/imgservice__traits.hpp
[1.358s] -- Up-to-date: /home/siddhant/mrt_ws/install/custommsgsrv/include/custommsgsrv/custommsgsrv/srv/detail/dimensions__builder.hpp
[1.359s] -- Up-to-date: /home/siddhant/mrt_ws/install/custommsgsrv/include/custommsgsrv/custommsgsrv/srv/detail/hypo__builder.hpp
[1.359s] -- Up-to-date: /home/siddhant/mrt_ws/install/custommsgsrv/include/custommsgsrv/custommsgsrv/srv/detail/imgservice__builder.hpp
[1.359s] -- Up-to-date: /home/siddhant/mrt_ws/install/custommsgsrv/include/custommsgsrv/custommsgsrv/srv/imgservice.hpp
[1.359s] -- Up-to-date: /home/siddhant/mrt_ws/install/custommsgsrv/include/custommsgsrv/custommsgsrv/msg
[1.359s] -- Up-to-date: /home/siddhant/mrt_ws/install/custommsgsrv/include/custommsgsrv/custommsgsrv/msg/list.hpp
[1.359s] -- Up-to-date: /home/siddhant/mrt_ws/install/custommsgsrv/include/custommsgsrv/custommsgsrv/msg/sphere.hpp
[1.359s] -- Up-to-date: /home/siddhant/mrt_ws/install/custommsgsrv/include/custommsgsrv/custommsgsrv/msg/detail
[1.360s] -- Up-to-date: /home/siddhant/mrt_ws/install/custommsgsrv/include/custommsgsrv/custommsgsrv/msg/detail/num__struct.hpp
[1.360s] -- Up-to-date: /home/siddhant/mrt_ws/install/custommsgsrv/include/custommsgsrv/custommsgsrv/msg/detail/sphere__builder.hpp
[1.360s] -- Up-to-date: /home/siddhant/mrt_ws/install/custommsgsrv/include/custommsgsrv/custommsgsrv/msg/detail/list__traits.hpp
[1.360s] -- Up-to-date: /home/siddhant/mrt_ws/install/custommsgsrv/include/custommsgsrv/custommsgsrv/msg/detail/num__traits.hpp
[1.360s] -- Up-to-date: /home/siddhant/mrt_ws/install/custommsgsrv/include/custommsgsrv/custommsgsrv/msg/detail/sphere__traits.hpp
[1.360s] -- Up-to-date: /home/siddhant/mrt_ws/install/custommsgsrv/include/custommsgsrv/custommsgsrv/msg/detail/list__struct.hpp
[1.360s] -- Up-to-date: /home/siddhant/mrt_ws/install/custommsgsrv/include/custommsgsrv/custommsgsrv/msg/detail/num__builder.hpp
[1.360s] -- Up-to-date: /home/siddhant/mrt_ws/install/custommsgsrv/include/custommsgsrv/custommsgsrv/msg/detail/list__builder.hpp
[1.361s] -- Up-to-date: /home/siddhant/mrt_ws/install/custommsgsrv/include/custommsgsrv/custommsgsrv/msg/detail/sphere__struct.hpp
[1.362s] -- Up-to-date: /home/siddhant/mrt_ws/install/custommsgsrv/include/custommsgsrv/custommsgsrv/msg/num.hpp
[1.362s] -- Up-to-date: /home/siddhant/mrt_ws/install/custommsgsrv/include/custommsgsrv/custommsgsrv
[1.363s] -- Up-to-date: /home/siddhant/mrt_ws/install/custommsgsrv/include/custommsgsrv/custommsgsrv/srv
[1.363s] -- Up-to-date: /home/siddhant/mrt_ws/install/custommsgsrv/include/custommsgsrv/custommsgsrv/srv/detail
[1.364s] -- Up-to-date: /home/siddhant/mrt_ws/install/custommsgsrv/include/custommsgsrv/custommsgsrv/srv/detail/dimensions__rosidl_typesupport_fastrtps_cpp.hpp
[1.365s] -- Up-to-date: /home/siddhant/mrt_ws/install/custommsgsrv/include/custommsgsrv/custommsgsrv/srv/detail/hypo__rosidl_typesupport_fastrtps_cpp.hpp
[1.365s] -- Up-to-date: /home/siddhant/mrt_ws/install/custommsgsrv/include/custommsgsrv/custommsgsrv/srv/detail/dds_fastrtps
[1.366s] -- Up-to-date: /home/siddhant/mrt_ws/install/custommsgsrv/include/custommsgsrv/custommsgsrv/srv/detail/imgservice__rosidl_typesupport_fastrtps_cpp.hpp
[1.366s] -- Up-to-date: /home/siddhant/mrt_ws/install/custommsgsrv/include/custommsgsrv/custommsgsrv/msg
[1.366s] -- Up-to-date: /home/siddhant/mrt_ws/install/custommsgsrv/include/custommsgsrv/custommsgsrv/msg/detail
[1.366s] -- Up-to-date: /home/siddhant/mrt_ws/install/custommsgsrv/include/custommsgsrv/custommsgsrv/msg/detail/num__rosidl_typesupport_fastrtps_cpp.hpp
[1.367s] -- Up-to-date: /home/siddhant/mrt_ws/install/custommsgsrv/include/custommsgsrv/custommsgsrv/msg/detail/dds_fastrtps
[1.367s] -- Up-to-date: /home/siddhant/mrt_ws/install/custommsgsrv/include/custommsgsrv/custommsgsrv/msg/detail/list__rosidl_typesupport_fastrtps_cpp.hpp
[1.367s] -- Up-to-date: /home/siddhant/mrt_ws/install/custommsgsrv/include/custommsgsrv/custommsgsrv/msg/detail/sphere__rosidl_typesupport_fastrtps_cpp.hpp
[1.367s] -- Up-to-date: /home/siddhant/mrt_ws/install/custommsgsrv/include/custommsgsrv/custommsgsrv/msg/rosidl_typesupport_fastrtps_cpp__visibility_control.h
[1.367s] -- Up-to-date: /home/siddhant/mrt_ws/install/custommsgsrv/lib/libcustommsgsrv__rosidl_typesupport_fastrtps_cpp.so
[1.368s] -- Up-to-date: /home/siddhant/mrt_ws/install/custommsgsrv/include/custommsgsrv/custommsgsrv
[1.368s] -- Up-to-date: /home/siddhant/mrt_ws/install/custommsgsrv/include/custommsgsrv/custommsgsrv/srv
[1.368s] -- Up-to-date: /home/siddhant/mrt_ws/install/custommsgsrv/include/custommsgsrv/custommsgsrv/srv/detail
[1.368s] -- Up-to-date: /home/siddhant/mrt_ws/install/custommsgsrv/include/custommsgsrv/custommsgsrv/srv/detail/dimensions__rosidl_typesupport_introspection_c.h
[1.368s] -- Up-to-date: /home/siddhant/mrt_ws/install/custommsgsrv/include/custommsgsrv/custommsgsrv/srv/detail/imgservice__rosidl_typesupport_introspection_c.h
[1.368s] -- Up-to-date: /home/siddhant/mrt_ws/install/custommsgsrv/include/custommsgsrv/custommsgsrv/srv/detail/hypo__rosidl_typesupport_introspection_c.h
[1.369s] -- Up-to-date: /home/siddhant/mrt_ws/install/custommsgsrv/include/custommsgsrv/custommsgsrv/srv/detail/hypo__type_support.c
[1.369s] -- Up-to-date: /home/siddhant/mrt_ws/install/custommsgsrv/include/custommsgsrv/custommsgsrv/srv/detail/dimensions__type_support.c
[1.369s] -- Up-to-date: /home/siddhant/mrt_ws/install/custommsgsrv/include/custommsgsrv/custommsgsrv/srv/detail/imgservice__type_support.c
[1.369s] -- Up-to-date: /home/siddhant/mrt_ws/install/custommsgsrv/include/custommsgsrv/custommsgsrv/msg
[1.369s] -- Up-to-date: /home/siddhant/mrt_ws/install/custommsgsrv/include/custommsgsrv/custommsgsrv/msg/detail
[1.369s] -- Up-to-date: /home/siddhant/mrt_ws/install/custommsgsrv/include/custommsgsrv/custommsgsrv/msg/detail/num__rosidl_typesupport_introspection_c.h
[1.369s] -- Up-to-date: /home/siddhant/mrt_ws/install/custommsgsrv/include/custommsgsrv/custommsgsrv/msg/detail/sphere__rosidl_typesupport_introspection_c.h
[1.370s] -- Up-to-date: /home/siddhant/mrt_ws/install/custommsgsrv/include/custommsgsrv/custommsgsrv/msg/detail/num__type_support.c
[1.370s] -- Up-to-date: /home/siddhant/mrt_ws/install/custommsgsrv/include/custommsgsrv/custommsgsrv/msg/detail/list__rosidl_typesupport_introspection_c.h
[1.370s] -- Up-to-date: /home/siddhant/mrt_ws/install/custommsgsrv/include/custommsgsrv/custommsgsrv/msg/detail/list__type_support.c
[1.370s] -- Up-to-date: /home/siddhant/mrt_ws/install/custommsgsrv/include/custommsgsrv/custommsgsrv/msg/detail/sphere__type_support.c
[1.371s] -- Up-to-date: /home/siddhant/mrt_ws/install/custommsgsrv/include/custommsgsrv/custommsgsrv/msg/rosidl_typesupport_introspection_c__visibility_control.h
[1.371s] -- Up-to-date: /home/siddhant/mrt_ws/install/custommsgsrv/lib/libcustommsgsrv__rosidl_typesupport_introspection_c.so
[1.371s] -- Up-to-date: /home/siddhant/mrt_ws/install/custommsgsrv/lib/libcustommsgsrv__rosidl_typesupport_c.so
[1.371s] -- Up-to-date: /home/siddhant/mrt_ws/install/custommsgsrv/include/custommsgsrv/custommsgsrv
[1.371s] -- Up-to-date: /home/siddhant/mrt_ws/install/custommsgsrv/include/custommsgsrv/custommsgsrv/srv
[1.372s] -- Up-to-date: /home/siddhant/mrt_ws/install/custommsgsrv/include/custommsgsrv/custommsgsrv/srv/detail
[1.372s] -- Up-to-date: /home/siddhant/mrt_ws/install/custommsgsrv/include/custommsgsrv/custommsgsrv/srv/detail/imgservice__type_support.cpp
[1.372s] -- Up-to-date: /home/siddhant/mrt_ws/install/custommsgsrv/include/custommsgsrv/custommsgsrv/srv/detail/imgservice__rosidl_typesupport_introspection_cpp.hpp
[1.372s] -- Up-to-date: /home/siddhant/mrt_ws/install/custommsgsrv/include/custommsgsrv/custommsgsrv/srv/detail/hypo__rosidl_typesupport_introspection_cpp.hpp
[1.373s] -- Up-to-date: /home/siddhant/mrt_ws/install/custommsgsrv/include/custommsgsrv/custommsgsrv/srv/detail/hypo__type_support.cpp
[1.373s] -- Up-to-date: /home/siddhant/mrt_ws/install/custommsgsrv/include/custommsgsrv/custommsgsrv/srv/detail/dimensions__rosidl_typesupport_introspection_cpp.hpp
[1.374s] -- Up-to-date: /home/siddhant/mrt_ws/install/custommsgsrv/include/custommsgsrv/custommsgsrv/srv/detail/dimensions__type_support.cpp
[1.374s] -- Up-to-date: /home/siddhant/mrt_ws/install/custommsgsrv/include/custommsgsrv/custommsgsrv/msg
[1.374s] -- Up-to-date: /home/siddhant/mrt_ws/install/custommsgsrv/include/custommsgsrv/custommsgsrv/msg/detail
[1.374s] -- Up-to-date: /home/siddhant/mrt_ws/install/custommsgsrv/include/custommsgsrv/custommsgsrv/msg/detail/sphere__rosidl_typesupport_introspection_cpp.hpp
[1.374s] -- Up-to-date: /home/siddhant/mrt_ws/install/custommsgsrv/include/custommsgsrv/custommsgsrv/msg/detail/num__rosidl_typesupport_introspection_cpp.hpp
[1.374s] -- Up-to-date: /home/siddhant/mrt_ws/install/custommsgsrv/include/custommsgsrv/custommsgsrv/msg/detail/num__type_support.cpp
[1.375s] -- Up-to-date: /home/siddhant/mrt_ws/install/custommsgsrv/include/custommsgsrv/custommsgsrv/msg/detail/sphere__type_support.cpp
[1.375s] -- Up-to-date: /home/siddhant/mrt_ws/install/custommsgsrv/include/custommsgsrv/custommsgsrv/msg/detail/list__rosidl_typesupport_introspection_cpp.hpp
[1.375s] -- Up-to-date: /home/siddhant/mrt_ws/install/custommsgsrv/include/custommsgsrv/custommsgsrv/msg/detail/list__type_support.cpp
[1.375s] -- Up-to-date: /home/siddhant/mrt_ws/install/custommsgsrv/lib/libcustommsgsrv__rosidl_typesupport_introspection_cpp.so
[1.375s] -- Up-to-date: /home/siddhant/mrt_ws/install/custommsgsrv/lib/libcustommsgsrv__rosidl_typesupport_cpp.so
[1.375s] -- Up-to-date: /home/siddhant/mrt_ws/install/custommsgsrv/share/custommsgsrv/environment/pythonpath.sh
[1.376s] -- Up-to-date: /home/siddhant/mrt_ws/install/custommsgsrv/share/custommsgsrv/environment/pythonpath.dsv
[1.376s] -- Up-to-date: /home/siddhant/mrt_ws/install/custommsgsrv/local/lib/python3.10/dist-packages/custommsgsrv-0.0.0-py3.10.egg-info
[1.376s] -- Installing: /home/siddhant/mrt_ws/install/custommsgsrv/local/lib/python3.10/dist-packages/custommsgsrv-0.0.0-py3.10.egg-info/SOURCES.txt
[1.376s] -- Installing: /home/siddhant/mrt_ws/install/custommsgsrv/local/lib/python3.10/dist-packages/custommsgsrv-0.0.0-py3.10.egg-info/PKG-INFO
[1.376s] -- Installing: /home/siddhant/mrt_ws/install/custommsgsrv/local/lib/python3.10/dist-packages/custommsgsrv-0.0.0-py3.10.egg-info/dependency_links.txt
[1.376s] -- Installing: /home/siddhant/mrt_ws/install/custommsgsrv/local/lib/python3.10/dist-packages/custommsgsrv-0.0.0-py3.10.egg-info/top_level.txt
[1.377s] -- Up-to-date: /home/siddhant/mrt_ws/install/custommsgsrv/local/lib/python3.10/dist-packages/custommsgsrv
[1.377s] -- Up-to-date: /home/siddhant/mrt_ws/install/custommsgsrv/local/lib/python3.10/dist-packages/custommsgsrv/srv
[1.377s] -- Up-to-date: /home/siddhant/mrt_ws/install/custommsgsrv/local/lib/python3.10/dist-packages/custommsgsrv/srv/_hypo.py
[1.377s] -- Up-to-date: /home/siddhant/mrt_ws/install/custommsgsrv/local/lib/python3.10/dist-packages/custommsgsrv/srv/_imgservice.py
[1.377s] -- Up-to-date: /home/siddhant/mrt_ws/install/custommsgsrv/local/lib/python3.10/dist-packages/custommsgsrv/srv/__init__.py
[1.377s] -- Up-to-date: /home/siddhant/mrt_ws/install/custommsgsrv/local/lib/python3.10/dist-packages/custommsgsrv/srv/_dimensions_s.c
[1.377s] -- Up-to-date: /home/siddhant/mrt_ws/install/custommsgsrv/local/lib/python3.10/dist-packages/custommsgsrv/srv/_hypo_s.c
[1.378s] -- Up-to-date: /home/siddhant/mrt_ws/install/custommsgsrv/local/lib/python3.10/dist-packages/custommsgsrv/srv/_dimensions.py
[1.378s] -- Up-to-date: /home/siddhant/mrt_ws/install/custommsgsrv/local/lib/python3.10/dist-packages/custommsgsrv/srv/_imgservice_s.c
[1.378s] -- Up-to-date: /home/siddhant/mrt_ws/install/custommsgsrv/local/lib/python3.10/dist-packages/custommsgsrv/custommsgsrv_s__rosidl_typesupport_fastrtps_c.cpython-310-x86_64-linux-gnu.so
[1.380s] -- Up-to-date: /home/siddhant/mrt_ws/install/custommsgsrv/local/lib/python3.10/dist-packages/custommsgsrv/__init__.py
[1.380s] -- Up-to-date: /home/siddhant/mrt_ws/install/custommsgsrv/local/lib/python3.10/dist-packages/custommsgsrv/custommsgsrv_s__rosidl_typesupport_c.cpython-310-x86_64-linux-gnu.so
[1.380s] -- Up-to-date: /home/siddhant/mrt_ws/install/custommsgsrv/local/lib/python3.10/dist-packages/custommsgsrv/_custommsgsrv_s.ep.rosidl_typesupport_introspection_c.c
[1.380s] -- Up-to-date: /home/siddhant/mrt_ws/install/custommsgsrv/local/lib/python3.10/dist-packages/custommsgsrv/custommsgsrv_s__rosidl_typesupport_introspection_c.cpython-310-x86_64-linux-gnu.so
[1.380s] -- Up-to-date: /home/siddhant/mrt_ws/install/custommsgsrv/local/lib/python3.10/dist-packages/custommsgsrv/_custommsgsrv_s.ep.rosidl_typesupport_c.c
[1.381s] -- Up-to-date: /home/siddhant/mrt_ws/install/custommsgsrv/local/lib/python3.10/dist-packages/custommsgsrv/libcustommsgsrv__rosidl_generator_py.so
[1.381s] -- Up-to-date: /home/siddhant/mrt_ws/install/custommsgsrv/local/lib/python3.10/dist-packages/custommsgsrv/_custommsgsrv_s.ep.rosidl_typesupport_fastrtps_c.c
[1.381s] -- Up-to-date: /home/siddhant/mrt_ws/install/custommsgsrv/local/lib/python3.10/dist-packages/custommsgsrv/msg
[1.381s] -- Up-to-date: /home/siddhant/mrt_ws/install/custommsgsrv/local/lib/python3.10/dist-packages/custommsgsrv/msg/_num.py
[1.381s] -- Up-to-date: /home/siddhant/mrt_ws/install/custommsgsrv/local/lib/python3.10/dist-packages/custommsgsrv/msg/_sphere_s.c
[1.381s] -- Up-to-date: /home/siddhant/mrt_ws/install/custommsgsrv/local/lib/python3.10/dist-packages/custommsgsrv/msg/__init__.py
[1.381s] -- Up-to-date: /home/siddhant/mrt_ws/install/custommsgsrv/local/lib/python3.10/dist-packages/custommsgsrv/msg/_list.py
[1.382s] -- Up-to-date: /home/siddhant/mrt_ws/install/custommsgsrv/local/lib/python3.10/dist-packages/custommsgsrv/msg/_list_s.c
[1.382s] -- Up-to-date: /home/siddhant/mrt_ws/install/custommsgsrv/local/lib/python3.10/dist-packages/custommsgsrv/msg/_num_s.c
[1.382s] -- Up-to-date: /home/siddhant/mrt_ws/install/custommsgsrv/local/lib/python3.10/dist-packages/custommsgsrv/msg/_sphere.py
[1.436s] Listing '/home/siddhant/mrt_ws/install/custommsgsrv/local/lib/python3.10/dist-packages/custommsgsrv'...
[1.436s] Listing '/home/siddhant/mrt_ws/install/custommsgsrv/local/lib/python3.10/dist-packages/custommsgsrv/msg'...
[1.437s] Listing '/home/siddhant/mrt_ws/install/custommsgsrv/local/lib/python3.10/dist-packages/custommsgsrv/srv'...
[1.444s] -- Up-to-date: /home/siddhant/mrt_ws/install/custommsgsrv/local/lib/python3.10/dist-packages/custommsgsrv/custommsgsrv_s__rosidl_typesupport_fastrtps_c.cpython-310-x86_64-linux-gnu.so
[1.445s] -- Up-to-date: /home/siddhant/mrt_ws/install/custommsgsrv/local/lib/python3.10/dist-packages/custommsgsrv/custommsgsrv_s__rosidl_typesupport_introspection_c.cpython-310-x86_64-linux-gnu.so
[1.445s] -- Up-to-date: /home/siddhant/mrt_ws/install/custommsgsrv/local/lib/python3.10/dist-packages/custommsgsrv/custommsgsrv_s__rosidl_typesupport_c.cpython-310-x86_64-linux-gnu.so
[1.446s] -- Up-to-date: /home/siddhant/mrt_ws/install/custommsgsrv/lib/libcustommsgsrv__rosidl_generator_py.so
[1.446s] -- Up-to-date: /home/siddhant/mrt_ws/install/custommsgsrv/share/custommsgsrv/msg/Num.idl
[1.446s] -- Up-to-date: /home/siddhant/mrt_ws/install/custommsgsrv/share/custommsgsrv/msg/Sphere.idl
[1.447s] -- Up-to-date: /home/siddhant/mrt_ws/install/custommsgsrv/share/custommsgsrv/msg/List.idl
[1.447s] -- Up-to-date: /home/siddhant/mrt_ws/install/custommsgsrv/share/custommsgsrv/srv/Hypo.idl
[1.448s] -- Up-to-date: /home/siddhant/mrt_ws/install/custommsgsrv/share/custommsgsrv/srv/Dimensions.idl
[1.448s] -- Up-to-date: /home/siddhant/mrt_ws/install/custommsgsrv/share/custommsgsrv/srv/Imgservice.idl
[1.448s] -- Up-to-date: /home/siddhant/mrt_ws/install/custommsgsrv/share/custommsgsrv/msg/Num.msg
[1.448s] -- Up-to-date: /home/siddhant/mrt_ws/install/custommsgsrv/share/custommsgsrv/msg/Sphere.msg
[1.448s] -- Up-to-date: /home/siddhant/mrt_ws/install/custommsgsrv/share/custommsgsrv/msg/List.msg
[1.448s] -- Up-to-date: /home/siddhant/mrt_ws/install/custommsgsrv/share/custommsgsrv/srv/Hypo.srv
[1.448s] -- Up-to-date: /home/siddhant/mrt_ws/install/custommsgsrv/share/custommsgsrv/srv/Hypo_Request.msg
[1.448s] -- Up-to-date: /home/siddhant/mrt_ws/install/custommsgsrv/share/custommsgsrv/srv/Hypo_Response.msg
[1.449s] -- Up-to-date: /home/siddhant/mrt_ws/install/custommsgsrv/share/custommsgsrv/srv/Dimensions.srv
[1.449s] -- Up-to-date: /home/siddhant/mrt_ws/install/custommsgsrv/share/custommsgsrv/srv/Dimensions_Request.msg
[1.449s] -- Up-to-date: /home/siddhant/mrt_ws/install/custommsgsrv/share/custommsgsrv/srv/Dimensions_Response.msg
[1.450s] -- Up-to-date: /home/siddhant/mrt_ws/install/custommsgsrv/share/custommsgsrv/srv/Imgservice.srv
[1.450s] -- Up-to-date: /home/siddhant/mrt_ws/install/custommsgsrv/share/custommsgsrv/srv/Imgservice_Request.msg
[1.450s] -- Up-to-date: /home/siddhant/mrt_ws/install/custommsgsrv/share/custommsgsrv/srv/Imgservice_Response.msg
[1.450s] -- Up-to-date: /home/siddhant/mrt_ws/install/custommsgsrv/share/ament_index/resource_index/package_run_dependencies/custommsgsrv
[1.450s] -- Up-to-date: /home/siddhant/mrt_ws/install/custommsgsrv/share/ament_index/resource_index/parent_prefix_path/custommsgsrv
[1.451s] -- Up-to-date: /home/siddhant/mrt_ws/install/custommsgsrv/share/custommsgsrv/environment/ament_prefix_path.sh
[1.451s] -- Up-to-date: /home/siddhant/mrt_ws/install/custommsgsrv/share/custommsgsrv/environment/ament_prefix_path.dsv
[1.452s] -- Up-to-date: /home/siddhant/mrt_ws/install/custommsgsrv/share/custommsgsrv/environment/path.sh
[1.453s] -- Up-to-date: /home/siddhant/mrt_ws/install/custommsgsrv/share/custommsgsrv/environment/path.dsv
[1.454s] -- Up-to-date: /home/siddhant/mrt_ws/install/custommsgsrv/share/custommsgsrv/local_setup.bash
[1.458s] -- Up-to-date: /home/siddhant/mrt_ws/install/custommsgsrv/share/custommsgsrv/local_setup.sh
[1.458s] -- Up-to-date: /home/siddhant/mrt_ws/install/custommsgsrv/share/custommsgsrv/local_setup.zsh
[1.458s] -- Up-to-date: /home/siddhant/mrt_ws/install/custommsgsrv/share/custommsgsrv/local_setup.dsv
[1.458s] -- Installing: /home/siddhant/mrt_ws/install/custommsgsrv/share/custommsgsrv/package.dsv
[1.459s] -- Up-to-date: /home/siddhant/mrt_ws/install/custommsgsrv/share/ament_index/resource_index/packages/custommsgsrv
[1.459s] -- Up-to-date: /home/siddhant/mrt_ws/install/custommsgsrv/share/custommsgsrv/cmake/export_custommsgsrv__rosidl_generator_cExport.cmake
[1.459s] -- Up-to-date: /home/siddhant/mrt_ws/install/custommsgsrv/share/custommsgsrv/cmake/export_custommsgsrv__rosidl_generator_cExport-noconfig.cmake
[1.459s] -- Up-to-date: /home/siddhant/mrt_ws/install/custommsgsrv/share/custommsgsrv/cmake/export_custommsgsrv__rosidl_typesupport_fastrtps_cExport.cmake
[1.459s] -- Up-to-date: /home/siddhant/mrt_ws/install/custommsgsrv/share/custommsgsrv/cmake/export_custommsgsrv__rosidl_typesupport_fastrtps_cExport-noconfig.cmake
[1.459s] -- Up-to-date: /home/siddhant/mrt_ws/install/custommsgsrv/share/custommsgsrv/cmake/export_custommsgsrv__rosidl_generator_cppExport.cmake
[1.459s] -- Up-to-date: /home/siddhant/mrt_ws/install/custommsgsrv/share/custommsgsrv/cmake/export_custommsgsrv__rosidl_typesupport_fastrtps_cppExport.cmake
[1.460s] -- Up-to-date: /home/siddhant/mrt_ws/install/custommsgsrv/share/custommsgsrv/cmake/export_custommsgsrv__rosidl_typesupport_fastrtps_cppExport-noconfig.cmake
[1.460s] -- Up-to-date: /home/siddhant/mrt_ws/install/custommsgsrv/share/custommsgsrv/cmake/custommsgsrv__rosidl_typesupport_introspection_cExport.cmake
[1.460s] -- Up-to-date: /home/siddhant/mrt_ws/install/custommsgsrv/share/custommsgsrv/cmake/custommsgsrv__rosidl_typesupport_introspection_cExport-noconfig.cmake
[1.460s] -- Up-to-date: /home/siddhant/mrt_ws/install/custommsgsrv/share/custommsgsrv/cmake/custommsgsrv__rosidl_typesupport_cExport.cmake
[1.460s] -- Up-to-date: /home/siddhant/mrt_ws/install/custommsgsrv/share/custommsgsrv/cmake/custommsgsrv__rosidl_typesupport_cExport-noconfig.cmake
[1.460s] -- Up-to-date: /home/siddhant/mrt_ws/install/custommsgsrv/share/custommsgsrv/cmake/custommsgsrv__rosidl_typesupport_introspection_cppExport.cmake
[1.460s] -- Up-to-date: /home/siddhant/mrt_ws/install/custommsgsrv/share/custommsgsrv/cmake/custommsgsrv__rosidl_typesupport_introspection_cppExport-noconfig.cmake
[1.461s] -- Up-to-date: /home/siddhant/mrt_ws/install/custommsgsrv/share/custommsgsrv/cmake/custommsgsrv__rosidl_typesupport_cppExport.cmake
[1.461s] -- Up-to-date: /home/siddhant/mrt_ws/install/custommsgsrv/share/custommsgsrv/cmake/custommsgsrv__rosidl_typesupport_cppExport-noconfig.cmake
[1.462s] -- Up-to-date: /home/siddhant/mrt_ws/install/custommsgsrv/share/custommsgsrv/cmake/export_custommsgsrv__rosidl_generator_pyExport.cmake
[1.462s] -- Up-to-date: /home/siddhant/mrt_ws/install/custommsgsrv/share/custommsgsrv/cmake/export_custommsgsrv__rosidl_generator_pyExport-noconfig.cmake
[1.462s] -- Up-to-date: /home/siddhant/mrt_ws/install/custommsgsrv/share/custommsgsrv/cmake/rosidl_cmake-extras.cmake
[1.463s] -- Up-to-date: /home/siddhant/mrt_ws/install/custommsgsrv/share/custommsgsrv/cmake/ament_cmake_export_dependencies-extras.cmake
[1.463s] -- Up-to-date: /home/siddhant/mrt_ws/install/custommsgsrv/share/custommsgsrv/cmake/ament_cmake_export_include_directories-extras.cmake
[1.463s] -- Up-to-date: /home/siddhant/mrt_ws/install/custommsgsrv/share/custommsgsrv/cmake/ament_cmake_export_libraries-extras.cmake
[1.463s] -- Up-to-date: /home/siddhant/mrt_ws/install/custommsgsrv/share/custommsgsrv/cmake/ament_cmake_export_targets-extras.cmake
[1.463s] -- Up-to-date: /home/siddhant/mrt_ws/install/custommsgsrv/share/custommsgsrv/cmake/rosidl_cmake_export_typesupport_targets-extras.cmake
[1.463s] -- Up-to-date: /home/siddhant/mrt_ws/install/custommsgsrv/share/custommsgsrv/cmake/rosidl_cmake_export_typesupport_libraries-extras.cmake
[1.463s] -- Up-to-date: /home/siddhant/mrt_ws/install/custommsgsrv/share/custommsgsrv/cmake/custommsgsrvConfig.cmake
[1.464s] -- Up-to-date: /home/siddhant/mrt_ws/install/custommsgsrv/share/custommsgsrv/cmake/custommsgsrvConfig-version.cmake
[1.464s] -- Up-to-date: /home/siddhant/mrt_ws/install/custommsgsrv/share/custommsgsrv/package.xml
[1.466s] Invoked command in '/home/siddhant/mrt_ws/build/custommsgsrv' returned '0': CMAKE_PREFIX_PATH=${CMAKE_PREFIX_PATH}:/home/siddhant/mrt_ws/install/sauron:/home/siddhant/mrt_ws/install/arucoasmt:/opt/ros/humble /usr/bin/cmake --install /home/siddhant/mrt_ws/build/custommsgsrv
