[0.586s] Invoking command in '/home/siddhant/mrt_ws/build/custommsgsrv': CMAKE_PREFIX_PATH=${CMAKE_PREFIX_PATH}:/home/siddhant/mrt_ws/install/sauron:/home/siddhant/mrt_ws/install/arucoasmt:/opt/ros/humble /usr/bin/cmake --build /home/siddhant/mrt_ws/build/custommsgsrv -- -j4 -l4
[0.640s] -- Found ament_cmake: 1.3.10 (/opt/ros/humble/share/ament_cmake/cmake)
[0.896s] -- Found geometry_msgs: 4.2.4 (/opt/ros/humble/share/geometry_msgs/cmake)
[0.959s] -- Found rosidl_generator_c: 3.1.5 (/opt/ros/humble/share/rosidl_generator_c/cmake)
[0.964s] -- Found rosidl_adapter: 3.1.5 (/opt/ros/humble/share/rosidl_adapter/cmake)
[0.975s] -- Found rosidl_generator_cpp: 3.1.5 (/opt/ros/humble/share/rosidl_generator_cpp/cmake)
[0.994s] -- Using all available rosidl_typesupport_c: rosidl_typesupport_fastrtps_c;rosidl_typesupport_introspection_c
[1.017s] -- Using all available rosidl_typesupport_cpp: rosidl_typesupport_fastrtps_cpp;rosidl_typesupport_introspection_cpp
[1.089s] -- Found rosidl_default_generators: 1.2.0 (/opt/ros/humble/share/rosidl_default_generators/cmake)
[1.684s] [31mCMake Error at /opt/ros/humble/share/rosidl_adapter/cmake/rosidl_adapt_interfaces.cmake:59 (message):
[1.684s]   execute_process(/usr/bin/python3 -m rosidl_adapter --package-name
[1.684s]   custommsgsrv --arguments-file
[1.684s]   /home/siddhant/mrt_ws/build/custommsgsrv/rosidl_adapter__arguments__custommsgsrv.json
[1.684s]   --output-dir
[1.685s]   /home/siddhant/mrt_ws/build/custommsgsrv/rosidl_adapter/custommsgsrv
[1.685s]   --output-file
[1.685s]   /home/siddhant/mrt_ws/build/custommsgsrv/rosidl_adapter/custommsgsrv.idls)
[1.685s]   returned error code 1:
[1.685s] 
[1.692s]   Traceback (most recent call last):
[1.692s] 
[1.693s]     File "/usr/lib/python3.10/runpy.py", line 196, in _run_module_as_main
[1.693s]       return _run_code(code, main_globals, None,
[1.693s]     File "/usr/lib/python3.10/runpy.py", line 86, in _run_code
[1.693s]       exec(code, run_globals)
[1.693s]     File "/opt/ros/humble/local/lib/python3.10/dist-packages/rosidl_adapter/__main__.py", line 19, in <module>
[1.694s]       sys.exit(main())
[1.694s]     File "/opt/ros/humble/local/lib/python3.10/dist-packages/rosidl_adapter/main.py", line 53, in main
[1.694s]       abs_idl_file = convert_to_idl(
[1.694s]     File "/opt/ros/humble/local/lib/python3.10/dist-packages/rosidl_adapter/__init__.py", line 24, in convert_to_idl
[1.694s]       return convert_srv_to_idl(
[1.699s]     File "/opt/ros/humble/local/lib/python3.10/dist-packages/rosidl_adapter/srv/__init__.py", line 28, in convert_srv_to_idl
[1.700s]       srv = parse_service_string(package_name, input_file.stem, content)
[1.700s]     File "/opt/ros/humble/local/lib/python3.10/dist-packages/rosidl_adapter/parser.py", line 859, in parse_service_string
[1.700s]       request_message = parse_message_string(
[1.700s]     File "/opt/ros/humble/local/lib/python3.10/dist-packages/rosidl_adapter/parser.py", line 544, in parse_message_string
[1.701s]       msg = MessageSpecification(pkg_name, msg_name, fields, constants)
[1.701s]     File "/opt/ros/humble/local/lib/python3.10/dist-packages/rosidl_adapter/parser.py", line 388, in __init__
[1.701s]       self.base_type = BaseType(
[1.702s]     File "/opt/ros/humble/local/lib/python3.10/dist-packages/rosidl_adapter/parser.py", line 205, in __init__
[1.702s]       raise InvalidResourceName(
[1.702s] 
[1.702s]   rosidl_adapter.parser.InvalidResourceName: 'hypo_Request' is an invalid
[1.702s]   message name.  It should have the pattern '^[A-Z][A-Za-z0-9]*$'
[1.702s] 
[1.703s] Call Stack (most recent call first):
[1.703s]   /opt/ros/humble/share/rosidl_cmake/cmake/rosidl_generate_interfaces.cmake:130 (rosidl_adapt_interfaces)
[1.703s]   CMakeLists.txt:13 (rosidl_generate_interfaces)
[1.703s] 
[1.703s] [0m
[1.704s] -- Configuring incomplete, errors occurred!
[1.704s] See also "/home/siddhant/mrt_ws/build/custommsgsrv/CMakeFiles/CMakeOutput.log".
[1.704s] gmake: *** [Makefile:226: cmake_check_build_system] Error 1
[1.714s] Invoked command in '/home/siddhant/mrt_ws/build/custommsgsrv' returned '2': CMAKE_PREFIX_PATH=${CMAKE_PREFIX_PATH}:/home/siddhant/mrt_ws/install/sauron:/home/siddhant/mrt_ws/install/arucoasmt:/opt/ros/humble /usr/bin/cmake --build /home/siddhant/mrt_ws/build/custommsgsrv -- -j4 -l4
