[1.634s] Invoking command in '/home/siddhant/mrt_ws/src/sauron': PYTHONPATH=/home/siddhant/mrt_ws/build/sauron/prefix_override:/usr/lib/python3/dist-packages/colcon_core/task/python/colcon_distutils_commands:/home/siddhant/mrt_ws/install/sauron/lib/python3.10/site-packages:${PYTHONPATH} /usr/bin/python3 -W ignore:setup.py install is deprecated setup.py egg_info --egg-base ../../build/sauron build --build-base /home/siddhant/mrt_ws/build/sauron/build install --record /home/siddhant/mrt_ws/build/sauron/install.log --single-version-externally-managed install_data
[2.216s] running egg_info
[2.218s] writing ../../build/sauron/sauron.egg-info/PKG-INFO
[2.220s] writing dependency_links to ../../build/sauron/sauron.egg-info/dependency_links.txt
[2.221s] writing entry points to ../../build/sauron/sauron.egg-info/entry_points.txt
[2.222s] writing requirements to ../../build/sauron/sauron.egg-info/requires.txt
[2.222s] writing top-level names to ../../build/sauron/sauron.egg-info/top_level.txt
[2.225s] reading manifest file '../../build/sauron/sauron.egg-info/SOURCES.txt'
[2.226s] writing manifest file '../../build/sauron/sauron.egg-info/SOURCES.txt'
[2.227s] running build
[2.228s] running build_py
[2.230s] running install
[2.230s] running install_lib
[2.237s] running install_data
[2.237s] running install_egg_info
[2.247s] removing '/home/siddhant/mrt_ws/install/sauron/lib/python3.10/site-packages/sauron-0.0.0-py3.10.egg-info' (and everything under it)
[2.247s] Copying ../../build/sauron/sauron.egg-info to /home/siddhant/mrt_ws/install/sauron/lib/python3.10/site-packages/sauron-0.0.0-py3.10.egg-info
[2.247s] running install_scripts
[2.308s] Installing listener script to /home/siddhant/mrt_ws/install/sauron/lib/sauron
[2.312s] Installing talker1 script to /home/siddhant/mrt_ws/install/sauron/lib/sauron
[2.312s] Installing talker2 script to /home/siddhant/mrt_ws/install/sauron/lib/sauron
[2.316s] writing list of installed files to '/home/siddhant/mrt_ws/build/sauron/install.log'
[2.488s] Invoked command in '/home/siddhant/mrt_ws/src/sauron' returned '0': PYTHONPATH=/home/siddhant/mrt_ws/build/sauron/prefix_override:/usr/lib/python3/dist-packages/colcon_core/task/python/colcon_distutils_commands:/home/siddhant/mrt_ws/install/sauron/lib/python3.10/site-packages:${PYTHONPATH} /usr/bin/python3 -W ignore:setup.py install is deprecated setup.py egg_info --egg-base ../../build/sauron build --build-base /home/siddhant/mrt_ws/build/sauron/build install --record /home/siddhant/mrt_ws/build/sauron/install.log --single-version-externally-managed install_data
