[0.131s] DEBUG:colcon:Command line arguments: ['/usr/bin/colcon', 'build']
[0.131s] DEBUG:colcon:Parsed command line arguments: Namespace(log_base=None, log_level=None, verb_name='build', build_base='build', install_base='install', merge_install=False, symlink_install=False, test_result_base=None, continue_on_error=False, executor='parallel', parallel_workers=4, event_handlers=None, ignore_user_meta=False, metas=['./colcon.meta'], base_paths=['.'], packages_ignore=None, packages_ignore_regex=None, paths=None, packages_up_to=None, packages_up_to_regex=None, packages_above=None, packages_above_and_dependencies=None, packages_above_depth=None, packages_select_by_dep=None, packages_skip_by_dep=None, packages_skip_up_to=None, packages_select_build_failed=False, packages_skip_build_finished=False, packages_select_test_failures=False, packages_skip_test_passed=False, packages_select=None, packages_skip=None, packages_select_regex=None, packages_skip_regex=None, packages_start=None, packages_end=None, allow_overriding=[], cmake_args=None, cmake_target=None, cmake_target_skip_unavailable=False, cmake_clean_cache=False, cmake_clean_first=False, cmake_force_configure=False, ament_cmake_args=None, catkin_cmake_args=None, catkin_skip_building_tests=False, mixin_files=None, mixin=None, verb_parser=<colcon_mixin.mixin.mixin_argument.MixinArgumentDecorator object at 0x765ab9939c60>, verb_extension=<colcon_core.verb.build.BuildVerb object at 0x765ab9aaf100>, main=<bound method BuildVerb.main of <colcon_core.verb.build.BuildVerb object at 0x765ab9aaf100>>, mixin_verb=('build',))
[0.327s] Level 1:colcon.colcon_core.package_discovery:discover_packages(colcon_meta) check parameters
[0.327s] Level 1:colcon.colcon_core.package_discovery:discover_packages(recursive) check parameters
[0.327s] Level 1:colcon.colcon_core.package_discovery:discover_packages(ignore) check parameters
[0.327s] Level 1:colcon.colcon_core.package_discovery:discover_packages(path) check parameters
[0.327s] Level 1:colcon.colcon_core.package_discovery:discover_packages(colcon_meta) discover
[0.327s] Level 1:colcon.colcon_core.package_discovery:discover_packages(recursive) discover
[0.327s] INFO:colcon.colcon_core.package_discovery:Crawling recursively for packages in '/home/siddhant/mrt_ws'
[0.328s] Level 1:colcon.colcon_core.package_identification:_identify(.) by extensions ['ignore', 'ignore_ament_install']
[0.328s] Level 1:colcon.colcon_core.package_identification:_identify(.) by extension 'ignore'
[0.328s] Level 1:colcon.colcon_core.package_identification:_identify(.) by extension 'ignore_ament_install'
[0.328s] Level 1:colcon.colcon_core.package_identification:_identify(.) by extensions ['colcon_pkg']
[0.328s] Level 1:colcon.colcon_core.package_identification:_identify(.) by extension 'colcon_pkg'
[0.328s] Level 1:colcon.colcon_core.package_identification:_identify(.) by extensions ['colcon_meta']
[0.328s] Level 1:colcon.colcon_core.package_identification:_identify(.) by extension 'colcon_meta'
[0.328s] Level 1:colcon.colcon_core.package_identification:_identify(.) by extensions ['ros']
[0.328s] Level 1:colcon.colcon_core.package_identification:_identify(.) by extension 'ros'
[0.341s] Level 1:colcon.colcon_core.package_identification:_identify(.) by extensions ['cmake', 'python']
[0.341s] Level 1:colcon.colcon_core.package_identification:_identify(.) by extension 'cmake'
[0.341s] Level 1:colcon.colcon_core.package_identification:_identify(.) by extension 'python'
[0.341s] Level 1:colcon.colcon_core.package_identification:_identify(.) by extensions ['python_setup_py']
[0.341s] Level 1:colcon.colcon_core.package_identification:_identify(.) by extension 'python_setup_py'
[0.341s] Level 1:colcon.colcon_core.package_identification:_identify(Templates) by extensions ['ignore', 'ignore_ament_install']
[0.341s] Level 1:colcon.colcon_core.package_identification:_identify(Templates) by extension 'ignore'
[0.342s] Level 1:colcon.colcon_core.package_identification:_identify(Templates) by extension 'ignore_ament_install'
[0.342s] Level 1:colcon.colcon_core.package_identification:_identify(Templates) by extensions ['colcon_pkg']
[0.342s] Level 1:colcon.colcon_core.package_identification:_identify(Templates) by extension 'colcon_pkg'
[0.342s] Level 1:colcon.colcon_core.package_identification:_identify(Templates) by extensions ['colcon_meta']
[0.342s] Level 1:colcon.colcon_core.package_identification:_identify(Templates) by extension 'colcon_meta'
[0.342s] Level 1:colcon.colcon_core.package_identification:_identify(Templates) by extensions ['ros']
[0.342s] Level 1:colcon.colcon_core.package_identification:_identify(Templates) by extension 'ros'
[0.342s] Level 1:colcon.colcon_core.package_identification:_identify(Templates) by extensions ['cmake', 'python']
[0.342s] Level 1:colcon.colcon_core.package_identification:_identify(Templates) by extension 'cmake'
[0.342s] Level 1:colcon.colcon_core.package_identification:_identify(Templates) by extension 'python'
[0.342s] Level 1:colcon.colcon_core.package_identification:_identify(Templates) by extensions ['python_setup_py']
[0.342s] Level 1:colcon.colcon_core.package_identification:_identify(Templates) by extension 'python_setup_py'
[0.342s] Level 1:colcon.colcon_core.package_identification:_identify(build) by extensions ['ignore', 'ignore_ament_install']
[0.342s] Level 1:colcon.colcon_core.package_identification:_identify(build) by extension 'ignore'
[0.342s] Level 1:colcon.colcon_core.package_identification:_identify(build) ignored
[0.343s] Level 1:colcon.colcon_core.package_identification:_identify(install) by extensions ['ignore', 'ignore_ament_install']
[0.343s] Level 1:colcon.colcon_core.package_identification:_identify(install) by extension 'ignore'
[0.343s] Level 1:colcon.colcon_core.package_identification:_identify(install) ignored
[0.343s] Level 1:colcon.colcon_core.package_identification:_identify(log) by extensions ['ignore', 'ignore_ament_install']
[0.343s] Level 1:colcon.colcon_core.package_identification:_identify(log) by extension 'ignore'
[0.343s] Level 1:colcon.colcon_core.package_identification:_identify(log) ignored
[0.343s] Level 1:colcon.colcon_core.package_identification:_identify(src) by extensions ['ignore', 'ignore_ament_install']
[0.343s] Level 1:colcon.colcon_core.package_identification:_identify(src) by extension 'ignore'
[0.343s] Level 1:colcon.colcon_core.package_identification:_identify(src) by extension 'ignore_ament_install'
[0.343s] Level 1:colcon.colcon_core.package_identification:_identify(src) by extensions ['colcon_pkg']
[0.343s] Level 1:colcon.colcon_core.package_identification:_identify(src) by extension 'colcon_pkg'
[0.343s] Level 1:colcon.colcon_core.package_identification:_identify(src) by extensions ['colcon_meta']
[0.343s] Level 1:colcon.colcon_core.package_identification:_identify(src) by extension 'colcon_meta'
[0.344s] Level 1:colcon.colcon_core.package_identification:_identify(src) by extensions ['ros']
[0.344s] Level 1:colcon.colcon_core.package_identification:_identify(src) by extension 'ros'
[0.344s] Level 1:colcon.colcon_core.package_identification:_identify(src) by extensions ['cmake', 'python']
[0.344s] Level 1:colcon.colcon_core.package_identification:_identify(src) by extension 'cmake'
[0.344s] Level 1:colcon.colcon_core.package_identification:_identify(src) by extension 'python'
[0.344s] Level 1:colcon.colcon_core.package_identification:_identify(src) by extensions ['python_setup_py']
[0.344s] Level 1:colcon.colcon_core.package_identification:_identify(src) by extension 'python_setup_py'
[0.344s] Level 1:colcon.colcon_core.package_identification:_identify(src/arucoasmt) by extensions ['ignore', 'ignore_ament_install']
[0.344s] Level 1:colcon.colcon_core.package_identification:_identify(src/arucoasmt) by extension 'ignore'
[0.344s] Level 1:colcon.colcon_core.package_identification:_identify(src/arucoasmt) by extension 'ignore_ament_install'
[0.344s] Level 1:colcon.colcon_core.package_identification:_identify(src/arucoasmt) by extensions ['colcon_pkg']
[0.344s] Level 1:colcon.colcon_core.package_identification:_identify(src/arucoasmt) by extension 'colcon_pkg'
[0.344s] Level 1:colcon.colcon_core.package_identification:_identify(src/arucoasmt) by extensions ['colcon_meta']
[0.344s] Level 1:colcon.colcon_core.package_identification:_identify(src/arucoasmt) by extension 'colcon_meta'
[0.344s] Level 1:colcon.colcon_core.package_identification:_identify(src/arucoasmt) by extensions ['ros']
[0.344s] Level 1:colcon.colcon_core.package_identification:_identify(src/arucoasmt) by extension 'ros'
[0.347s] DEBUG:colcon.colcon_core.package_identification:Package 'src/arucoasmt' with type 'ros.ament_python' and name 'arucoasmt'
[0.347s] Level 1:colcon.colcon_core.package_identification:_identify(src/custommsgsrv) by extensions ['ignore', 'ignore_ament_install']
[0.348s] Level 1:colcon.colcon_core.package_identification:_identify(src/custommsgsrv) by extension 'ignore'
[0.348s] Level 1:colcon.colcon_core.package_identification:_identify(src/custommsgsrv) by extension 'ignore_ament_install'
[0.348s] Level 1:colcon.colcon_core.package_identification:_identify(src/custommsgsrv) by extensions ['colcon_pkg']
[0.348s] Level 1:colcon.colcon_core.package_identification:_identify(src/custommsgsrv) by extension 'colcon_pkg'
[0.348s] Level 1:colcon.colcon_core.package_identification:_identify(src/custommsgsrv) by extensions ['colcon_meta']
[0.348s] Level 1:colcon.colcon_core.package_identification:_identify(src/custommsgsrv) by extension 'colcon_meta'
[0.348s] Level 1:colcon.colcon_core.package_identification:_identify(src/custommsgsrv) by extensions ['ros']
[0.348s] Level 1:colcon.colcon_core.package_identification:_identify(src/custommsgsrv) by extension 'ros'
[0.349s] DEBUG:colcon.colcon_core.package_identification:Package 'src/custommsgsrv' with type 'ros.ament_cmake' and name 'custommsgsrv'
[0.349s] Level 1:colcon.colcon_core.package_identification:_identify(src/sauron) by extensions ['ignore', 'ignore_ament_install']
[0.349s] Level 1:colcon.colcon_core.package_identification:_identify(src/sauron) by extension 'ignore'
[0.349s] Level 1:colcon.colcon_core.package_identification:_identify(src/sauron) by extension 'ignore_ament_install'
[0.349s] Level 1:colcon.colcon_core.package_identification:_identify(src/sauron) by extensions ['colcon_pkg']
[0.349s] Level 1:colcon.colcon_core.package_identification:_identify(src/sauron) by extension 'colcon_pkg'
[0.349s] Level 1:colcon.colcon_core.package_identification:_identify(src/sauron) by extensions ['colcon_meta']
[0.349s] Level 1:colcon.colcon_core.package_identification:_identify(src/sauron) by extension 'colcon_meta'
[0.349s] Level 1:colcon.colcon_core.package_identification:_identify(src/sauron) by extensions ['ros']
[0.349s] Level 1:colcon.colcon_core.package_identification:_identify(src/sauron) by extension 'ros'
[0.350s] DEBUG:colcon.colcon_core.package_identification:Package 'src/sauron' with type 'ros.ament_python' and name 'sauron'
[0.350s] Level 1:colcon.colcon_core.package_discovery:discover_packages(recursive) using defaults
[0.350s] Level 1:colcon.colcon_core.package_discovery:discover_packages(ignore) discover
[0.350s] Level 1:colcon.colcon_core.package_discovery:discover_packages(ignore) using defaults
[0.350s] Level 1:colcon.colcon_core.package_discovery:discover_packages(path) discover
[0.350s] Level 1:colcon.colcon_core.package_discovery:discover_packages(path) using defaults
[0.389s] Level 1:colcon.colcon_core.package_discovery:discover_packages(prefix_path) check parameters
[0.389s] Level 1:colcon.colcon_core.package_discovery:discover_packages(prefix_path) discover
[0.391s] DEBUG:colcon.colcon_installed_package_information.package_discovery:Found 3 installed packages in /home/siddhant/mrt_ws/install
[0.393s] DEBUG:colcon.colcon_installed_package_information.package_discovery:Found 270 installed packages in /opt/ros/humble
[0.394s] Level 1:colcon.colcon_core.package_discovery:discover_packages(prefix_path) using defaults
[0.436s] Level 5:colcon.colcon_core.verb:set package 'custommsgsrv' build argument 'cmake_args' from command line to 'None'
[0.436s] Level 5:colcon.colcon_core.verb:set package 'custommsgsrv' build argument 'cmake_target' from command line to 'None'
[0.436s] Level 5:colcon.colcon_core.verb:set package 'custommsgsrv' build argument 'cmake_target_skip_unavailable' from command line to 'False'
[0.436s] Level 5:colcon.colcon_core.verb:set package 'custommsgsrv' build argument 'cmake_clean_cache' from command line to 'False'
[0.436s] Level 5:colcon.colcon_core.verb:set package 'custommsgsrv' build argument 'cmake_clean_first' from command line to 'False'
[0.436s] Level 5:colcon.colcon_core.verb:set package 'custommsgsrv' build argument 'cmake_force_configure' from command line to 'False'
[0.436s] Level 5:colcon.colcon_core.verb:set package 'custommsgsrv' build argument 'ament_cmake_args' from command line to 'None'
[0.436s] Level 5:colcon.colcon_core.verb:set package 'custommsgsrv' build argument 'catkin_cmake_args' from command line to 'None'
[0.436s] Level 5:colcon.colcon_core.verb:set package 'custommsgsrv' build argument 'catkin_skip_building_tests' from command line to 'False'
[0.436s] DEBUG:colcon.colcon_core.verb:Building package 'custommsgsrv' with the following arguments: {'ament_cmake_args': None, 'build_base': '/home/siddhant/mrt_ws/build/custommsgsrv', 'catkin_cmake_args': None, 'catkin_skip_building_tests': False, 'cmake_args': None, 'cmake_clean_cache': False, 'cmake_clean_first': False, 'cmake_force_configure': False, 'cmake_target': None, 'cmake_target_skip_unavailable': False, 'install_base': '/home/siddhant/mrt_ws/install/custommsgsrv', 'merge_install': False, 'path': '/home/siddhant/mrt_ws/src/custommsgsrv', 'symlink_install': False, 'test_result_base': None}
[0.437s] Level 5:colcon.colcon_core.verb:set package 'sauron' build argument 'cmake_args' from command line to 'None'
[0.437s] Level 5:colcon.colcon_core.verb:set package 'sauron' build argument 'cmake_target' from command line to 'None'
[0.437s] Level 5:colcon.colcon_core.verb:set package 'sauron' build argument 'cmake_target_skip_unavailable' from command line to 'False'
[0.437s] Level 5:colcon.colcon_core.verb:set package 'sauron' build argument 'cmake_clean_cache' from command line to 'False'
[0.437s] Level 5:colcon.colcon_core.verb:set package 'sauron' build argument 'cmake_clean_first' from command line to 'False'
[0.437s] Level 5:colcon.colcon_core.verb:set package 'sauron' build argument 'cmake_force_configure' from command line to 'False'
[0.437s] Level 5:colcon.colcon_core.verb:set package 'sauron' build argument 'ament_cmake_args' from command line to 'None'
[0.437s] Level 5:colcon.colcon_core.verb:set package 'sauron' build argument 'catkin_cmake_args' from command line to 'None'
[0.437s] Level 5:colcon.colcon_core.verb:set package 'sauron' build argument 'catkin_skip_building_tests' from command line to 'False'
[0.437s] DEBUG:colcon.colcon_core.verb:Building package 'sauron' with the following arguments: {'ament_cmake_args': None, 'build_base': '/home/siddhant/mrt_ws/build/sauron', 'catkin_cmake_args': None, 'catkin_skip_building_tests': False, 'cmake_args': None, 'cmake_clean_cache': False, 'cmake_clean_first': False, 'cmake_force_configure': False, 'cmake_target': None, 'cmake_target_skip_unavailable': False, 'install_base': '/home/siddhant/mrt_ws/install/sauron', 'merge_install': False, 'path': '/home/siddhant/mrt_ws/src/sauron', 'symlink_install': False, 'test_result_base': None}
[0.438s] Level 5:colcon.colcon_core.verb:set package 'arucoasmt' build argument 'cmake_args' from command line to 'None'
[0.438s] Level 5:colcon.colcon_core.verb:set package 'arucoasmt' build argument 'cmake_target' from command line to 'None'
[0.438s] Level 5:colcon.colcon_core.verb:set package 'arucoasmt' build argument 'cmake_target_skip_unavailable' from command line to 'False'
[0.438s] Level 5:colcon.colcon_core.verb:set package 'arucoasmt' build argument 'cmake_clean_cache' from command line to 'False'
[0.438s] Level 5:colcon.colcon_core.verb:set package 'arucoasmt' build argument 'cmake_clean_first' from command line to 'False'
[0.438s] Level 5:colcon.colcon_core.verb:set package 'arucoasmt' build argument 'cmake_force_configure' from command line to 'False'
[0.438s] Level 5:colcon.colcon_core.verb:set package 'arucoasmt' build argument 'ament_cmake_args' from command line to 'None'
[0.438s] Level 5:colcon.colcon_core.verb:set package 'arucoasmt' build argument 'catkin_cmake_args' from command line to 'None'
[0.438s] Level 5:colcon.colcon_core.verb:set package 'arucoasmt' build argument 'catkin_skip_building_tests' from command line to 'False'
[0.438s] DEBUG:colcon.colcon_core.verb:Building package 'arucoasmt' with the following arguments: {'ament_cmake_args': None, 'build_base': '/home/siddhant/mrt_ws/build/arucoasmt', 'catkin_cmake_args': None, 'catkin_skip_building_tests': False, 'cmake_args': None, 'cmake_clean_cache': False, 'cmake_clean_first': False, 'cmake_force_configure': False, 'cmake_target': None, 'cmake_target_skip_unavailable': False, 'install_base': '/home/siddhant/mrt_ws/install/arucoasmt', 'merge_install': False, 'path': '/home/siddhant/mrt_ws/src/arucoasmt', 'symlink_install': False, 'test_result_base': None}
[0.438s] INFO:colcon.colcon_core.executor:Executing jobs using 'parallel' executor
[0.439s] DEBUG:colcon.colcon_parallel_executor.executor.parallel:run_until_complete
[0.440s] INFO:colcon.colcon_ros.task.ament_cmake.build:Building ROS package in '/home/siddhant/mrt_ws/src/custommsgsrv' with build type 'ament_cmake'
[0.440s] INFO:colcon.colcon_cmake.task.cmake.build:Building CMake package in '/home/siddhant/mrt_ws/src/custommsgsrv'
[0.443s] INFO:colcon.colcon_core.plugin_system:Skipping extension 'colcon_core.shell.bat': Not used on non-Windows systems
[0.443s] INFO:colcon.colcon_core.shell:Skip shell extension 'powershell' for command environment: Not usable outside of PowerShell
[0.443s] DEBUG:colcon.colcon_core.shell:Skip shell extension 'dsv' for command environment
[0.448s] INFO:colcon.colcon_ros.task.ament_python.build:Building ROS package in '/home/siddhant/mrt_ws/src/sauron' with build type 'ament_python'
[0.448s] Level 1:colcon.colcon_core.shell:create_environment_hook('sauron', 'ament_prefix_path')
[0.448s] INFO:colcon.colcon_core.shell:Creating environment hook '/home/siddhant/mrt_ws/install/sauron/share/sauron/hook/ament_prefix_path.ps1'
[0.449s] INFO:colcon.colcon_core.shell:Creating environment descriptor '/home/siddhant/mrt_ws/install/sauron/share/sauron/hook/ament_prefix_path.dsv'
[0.450s] INFO:colcon.colcon_core.shell:Creating environment hook '/home/siddhant/mrt_ws/install/sauron/share/sauron/hook/ament_prefix_path.sh'
[0.451s] INFO:colcon.colcon_core.shell:Skip shell extension 'powershell' for command environment: Not usable outside of PowerShell
[0.451s] DEBUG:colcon.colcon_core.shell:Skip shell extension 'dsv' for command environment
[0.463s] DEBUG:colcon.colcon_core.event_handler.log_command:Invoking command in '/home/siddhant/mrt_ws/build/custommsgsrv': CMAKE_PREFIX_PATH=${CMAKE_PREFIX_PATH}:/home/siddhant/mrt_ws/install/sauron:/home/siddhant/mrt_ws/install/arucoasmt:/opt/ros/humble /usr/bin/cmake --build /home/siddhant/mrt_ws/build/custommsgsrv -- -j4 -l4
[0.860s] INFO:colcon.colcon_core.task.python.build:Building Python package in '/home/siddhant/mrt_ws/src/sauron'
[0.861s] INFO:colcon.colcon_core.shell:Skip shell extension 'powershell' for command environment: Not usable outside of PowerShell
[0.861s] DEBUG:colcon.colcon_core.shell:Skip shell extension 'dsv' for command environment
[1.114s] DEBUG:colcon.colcon_core.event_handler.log_command:Invoked command in '/home/siddhant/mrt_ws/build/custommsgsrv' returned '2': CMAKE_PREFIX_PATH=${CMAKE_PREFIX_PATH}:/home/siddhant/mrt_ws/install/sauron:/home/siddhant/mrt_ws/install/arucoasmt:/opt/ros/humble /usr/bin/cmake --build /home/siddhant/mrt_ws/build/custommsgsrv -- -j4 -l4
[1.312s] Level 1:colcon.colcon_core.environment:create_environment_scripts_only(custommsgsrv)
[1.317s] Level 1:colcon.colcon_core.environment:checking '/home/siddhant/mrt_ws/install/custommsgsrv' for CMake module files
[1.318s] Level 1:colcon.colcon_core.environment:checking '/home/siddhant/mrt_ws/install/custommsgsrv' for CMake config files
[1.319s] Level 1:colcon.colcon_core.shell:create_environment_hook('custommsgsrv', 'cmake_prefix_path')
[1.320s] INFO:colcon.colcon_core.shell:Creating environment hook '/home/siddhant/mrt_ws/install/custommsgsrv/share/custommsgsrv/hook/cmake_prefix_path.ps1'
[1.321s] INFO:colcon.colcon_core.shell:Creating environment descriptor '/home/siddhant/mrt_ws/install/custommsgsrv/share/custommsgsrv/hook/cmake_prefix_path.dsv'
[1.321s] INFO:colcon.colcon_core.shell:Creating environment hook '/home/siddhant/mrt_ws/install/custommsgsrv/share/custommsgsrv/hook/cmake_prefix_path.sh'
[1.323s] Level 1:colcon.colcon_core.environment:checking '/home/siddhant/mrt_ws/install/custommsgsrv/lib'
[1.323s] Level 1:colcon.colcon_core.shell:create_environment_hook('custommsgsrv', 'ld_library_path_lib')
[1.324s] INFO:colcon.colcon_core.shell:Creating environment hook '/home/siddhant/mrt_ws/install/custommsgsrv/share/custommsgsrv/hook/ld_library_path_lib.ps1'
[1.324s] INFO:colcon.colcon_core.shell:Creating environment descriptor '/home/siddhant/mrt_ws/install/custommsgsrv/share/custommsgsrv/hook/ld_library_path_lib.dsv'
[1.325s] INFO:colcon.colcon_core.shell:Creating environment hook '/home/siddhant/mrt_ws/install/custommsgsrv/share/custommsgsrv/hook/ld_library_path_lib.sh'
[1.326s] Level 1:colcon.colcon_core.environment:checking '/home/siddhant/mrt_ws/install/custommsgsrv/bin'
[1.326s] Level 1:colcon.colcon_core.environment:checking '/home/siddhant/mrt_ws/install/custommsgsrv/lib/pkgconfig/custommsgsrv.pc'
[1.326s] Level 1:colcon.colcon_core.environment:checking '/home/siddhant/mrt_ws/install/custommsgsrv/lib/python3.10/site-packages'
[1.327s] Level 1:colcon.colcon_core.environment:checking '/home/siddhant/mrt_ws/install/custommsgsrv/bin'
[1.327s] INFO:colcon.colcon_core.shell:Creating package script '/home/siddhant/mrt_ws/install/custommsgsrv/share/custommsgsrv/package.ps1'
[1.329s] INFO:colcon.colcon_core.shell:Creating package descriptor '/home/siddhant/mrt_ws/install/custommsgsrv/share/custommsgsrv/package.dsv'
[1.331s] INFO:colcon.colcon_core.shell:Creating package script '/home/siddhant/mrt_ws/install/custommsgsrv/share/custommsgsrv/package.sh'
[1.332s] INFO:colcon.colcon_core.shell:Creating package script '/home/siddhant/mrt_ws/install/custommsgsrv/share/custommsgsrv/package.bash'
[1.334s] INFO:colcon.colcon_core.shell:Creating package script '/home/siddhant/mrt_ws/install/custommsgsrv/share/custommsgsrv/package.zsh'
[1.336s] Level 1:colcon.colcon_core.environment:create_file_with_runtime_dependencies(/home/siddhant/mrt_ws/install/custommsgsrv/share/colcon-core/packages/custommsgsrv)
[1.435s] DEBUG:colcon.colcon_parallel_executor.executor.parallel:closing loop
[1.435s] DEBUG:colcon.colcon_parallel_executor.executor.parallel:loop closed
[1.435s] DEBUG:colcon.colcon_parallel_executor.executor.parallel:run_until_complete finished with '2'
[1.436s] DEBUG:colcon.colcon_core.event_reactor:joining thread
[1.448s] INFO:colcon.colcon_core.plugin_system:Skipping extension 'colcon_notification.desktop_notification.terminal_notifier': Not used on non-Darwin systems
[1.448s] INFO:colcon.colcon_core.plugin_system:Skipping extension 'colcon_notification.desktop_notification.win32': Not used on non-Windows systems
[1.449s] INFO:colcon.colcon_notification.desktop_notification:Sending desktop notification using 'notify2'
[1.469s] DEBUG:colcon.colcon_core.event_reactor:joined thread
[1.471s] INFO:colcon.colcon_core.shell:Creating prefix script '/home/siddhant/mrt_ws/install/local_setup.ps1'
[1.475s] INFO:colcon.colcon_core.shell:Creating prefix util module '/home/siddhant/mrt_ws/install/_local_setup_util_ps1.py'
[1.481s] INFO:colcon.colcon_core.shell:Creating prefix chain script '/home/siddhant/mrt_ws/install/setup.ps1'
[1.486s] INFO:colcon.colcon_core.shell:Creating prefix script '/home/siddhant/mrt_ws/install/local_setup.sh'
[1.488s] INFO:colcon.colcon_core.shell:Creating prefix util module '/home/siddhant/mrt_ws/install/_local_setup_util_sh.py'
[1.490s] INFO:colcon.colcon_core.shell:Creating prefix chain script '/home/siddhant/mrt_ws/install/setup.sh'
[1.493s] INFO:colcon.colcon_core.shell:Creating prefix script '/home/siddhant/mrt_ws/install/local_setup.bash'
[1.495s] INFO:colcon.colcon_core.shell:Creating prefix chain script '/home/siddhant/mrt_ws/install/setup.bash'
[1.497s] INFO:colcon.colcon_core.shell:Creating prefix script '/home/siddhant/mrt_ws/install/local_setup.zsh'
[1.498s] INFO:colcon.colcon_core.shell:Creating prefix chain script '/home/siddhant/mrt_ws/install/setup.zsh'
