[0.209s] DEBUG:colcon:Command line arguments: ['/usr/bin/colcon', 'build']
[0.210s] DEBUG:colcon:Parsed command line arguments: Namespace(log_base=None, log_level=None, verb_name='build', build_base='build', install_base='install', merge_install=False, symlink_install=False, test_result_base=None, continue_on_error=False, executor='parallel', parallel_workers=4, event_handlers=None, ignore_user_meta=False, metas=['./colcon.meta'], base_paths=['.'], packages_ignore=None, packages_ignore_regex=None, paths=None, packages_up_to=None, packages_up_to_regex=None, packages_above=None, packages_above_and_dependencies=None, packages_above_depth=None, packages_select_by_dep=None, packages_skip_by_dep=None, packages_skip_up_to=None, packages_select_build_failed=False, packages_skip_build_finished=False, packages_select_test_failures=False, packages_skip_test_passed=False, packages_select=None, packages_skip=None, packages_select_regex=None, packages_skip_regex=None, packages_start=None, packages_end=None, allow_overriding=[], cmake_args=None, cmake_target=None, cmake_target_skip_unavailable=False, cmake_clean_cache=False, cmake_clean_first=False, cmake_force_configure=False, ament_cmake_args=None, catkin_cmake_args=None, catkin_skip_building_tests=False, mixin_files=None, mixin=None, verb_parser=<colcon_mixin.mixin.mixin_argument.MixinArgumentDecorator object at 0x711927431c60>, verb_extension=<colcon_core.verb.build.BuildVerb object at 0x7119275a7100>, main=<bound method BuildVerb.main of <colcon_core.verb.build.BuildVerb object at 0x7119275a7100>>, mixin_verb=('build',))
[0.507s] Level 1:colcon.colcon_core.package_discovery:discover_packages(colcon_meta) check parameters
[0.507s] Level 1:colcon.colcon_core.package_discovery:discover_packages(recursive) check parameters
[0.507s] Level 1:colcon.colcon_core.package_discovery:discover_packages(ignore) check parameters
[0.508s] Level 1:colcon.colcon_core.package_discovery:discover_packages(path) check parameters
[0.508s] Level 1:colcon.colcon_core.package_discovery:discover_packages(colcon_meta) discover
[0.508s] Level 1:colcon.colcon_core.package_discovery:discover_packages(recursive) discover
[0.508s] INFO:colcon.colcon_core.package_discovery:Crawling recursively for packages in '/home/siddhant/mrt_ws'
[0.508s] Level 1:colcon.colcon_core.package_identification:_identify(.) by extensions ['ignore', 'ignore_ament_install']
[0.508s] Level 1:colcon.colcon_core.package_identification:_identify(.) by extension 'ignore'
[0.508s] Level 1:colcon.colcon_core.package_identification:_identify(.) by extension 'ignore_ament_install'
[0.508s] Level 1:colcon.colcon_core.package_identification:_identify(.) by extensions ['colcon_pkg']
[0.509s] Level 1:colcon.colcon_core.package_identification:_identify(.) by extension 'colcon_pkg'
[0.509s] Level 1:colcon.colcon_core.package_identification:_identify(.) by extensions ['colcon_meta']
[0.509s] Level 1:colcon.colcon_core.package_identification:_identify(.) by extension 'colcon_meta'
[0.509s] Level 1:colcon.colcon_core.package_identification:_identify(.) by extensions ['ros']
[0.509s] Level 1:colcon.colcon_core.package_identification:_identify(.) by extension 'ros'
[0.529s] Level 1:colcon.colcon_core.package_identification:_identify(.) by extensions ['cmake', 'python']
[0.529s] Level 1:colcon.colcon_core.package_identification:_identify(.) by extension 'cmake'
[0.529s] Level 1:colcon.colcon_core.package_identification:_identify(.) by extension 'python'
[0.529s] Level 1:colcon.colcon_core.package_identification:_identify(.) by extensions ['python_setup_py']
[0.529s] Level 1:colcon.colcon_core.package_identification:_identify(.) by extension 'python_setup_py'
[0.529s] Level 1:colcon.colcon_core.package_identification:_identify(Templates) by extensions ['ignore', 'ignore_ament_install']
[0.530s] Level 1:colcon.colcon_core.package_identification:_identify(Templates) by extension 'ignore'
[0.530s] Level 1:colcon.colcon_core.package_identification:_identify(Templates) by extension 'ignore_ament_install'
[0.530s] Level 1:colcon.colcon_core.package_identification:_identify(Templates) by extensions ['colcon_pkg']
[0.530s] Level 1:colcon.colcon_core.package_identification:_identify(Templates) by extension 'colcon_pkg'
[0.530s] Level 1:colcon.colcon_core.package_identification:_identify(Templates) by extensions ['colcon_meta']
[0.530s] Level 1:colcon.colcon_core.package_identification:_identify(Templates) by extension 'colcon_meta'
[0.530s] Level 1:colcon.colcon_core.package_identification:_identify(Templates) by extensions ['ros']
[0.530s] Level 1:colcon.colcon_core.package_identification:_identify(Templates) by extension 'ros'
[0.530s] Level 1:colcon.colcon_core.package_identification:_identify(Templates) by extensions ['cmake', 'python']
[0.531s] Level 1:colcon.colcon_core.package_identification:_identify(Templates) by extension 'cmake'
[0.531s] Level 1:colcon.colcon_core.package_identification:_identify(Templates) by extension 'python'
[0.531s] Level 1:colcon.colcon_core.package_identification:_identify(Templates) by extensions ['python_setup_py']
[0.531s] Level 1:colcon.colcon_core.package_identification:_identify(Templates) by extension 'python_setup_py'
[0.531s] Level 1:colcon.colcon_core.package_identification:_identify(build) by extensions ['ignore', 'ignore_ament_install']
[0.531s] Level 1:colcon.colcon_core.package_identification:_identify(build) by extension 'ignore'
[0.531s] Level 1:colcon.colcon_core.package_identification:_identify(build) ignored
[0.531s] Level 1:colcon.colcon_core.package_identification:_identify(install) by extensions ['ignore', 'ignore_ament_install']
[0.532s] Level 1:colcon.colcon_core.package_identification:_identify(install) by extension 'ignore'
[0.532s] Level 1:colcon.colcon_core.package_identification:_identify(install) ignored
[0.532s] Level 1:colcon.colcon_core.package_identification:_identify(log) by extensions ['ignore', 'ignore_ament_install']
[0.532s] Level 1:colcon.colcon_core.package_identification:_identify(log) by extension 'ignore'
[0.532s] Level 1:colcon.colcon_core.package_identification:_identify(log) ignored
[0.532s] Level 1:colcon.colcon_core.package_identification:_identify(src) by extensions ['ignore', 'ignore_ament_install']
[0.533s] Level 1:colcon.colcon_core.package_identification:_identify(src) by extension 'ignore'
[0.533s] Level 1:colcon.colcon_core.package_identification:_identify(src) by extension 'ignore_ament_install'
[0.533s] Level 1:colcon.colcon_core.package_identification:_identify(src) by extensions ['colcon_pkg']
[0.533s] Level 1:colcon.colcon_core.package_identification:_identify(src) by extension 'colcon_pkg'
[0.533s] Level 1:colcon.colcon_core.package_identification:_identify(src) by extensions ['colcon_meta']
[0.533s] Level 1:colcon.colcon_core.package_identification:_identify(src) by extension 'colcon_meta'
[0.533s] Level 1:colcon.colcon_core.package_identification:_identify(src) by extensions ['ros']
[0.533s] Level 1:colcon.colcon_core.package_identification:_identify(src) by extension 'ros'
[0.533s] Level 1:colcon.colcon_core.package_identification:_identify(src) by extensions ['cmake', 'python']
[0.533s] Level 1:colcon.colcon_core.package_identification:_identify(src) by extension 'cmake'
[0.533s] Level 1:colcon.colcon_core.package_identification:_identify(src) by extension 'python'
[0.533s] Level 1:colcon.colcon_core.package_identification:_identify(src) by extensions ['python_setup_py']
[0.533s] Level 1:colcon.colcon_core.package_identification:_identify(src) by extension 'python_setup_py'
[0.534s] Level 1:colcon.colcon_core.package_identification:_identify(src/arucoasmt) by extensions ['ignore', 'ignore_ament_install']
[0.534s] Level 1:colcon.colcon_core.package_identification:_identify(src/arucoasmt) by extension 'ignore'
[0.534s] Level 1:colcon.colcon_core.package_identification:_identify(src/arucoasmt) by extension 'ignore_ament_install'
[0.534s] Level 1:colcon.colcon_core.package_identification:_identify(src/arucoasmt) by extensions ['colcon_pkg']
[0.534s] Level 1:colcon.colcon_core.package_identification:_identify(src/arucoasmt) by extension 'colcon_pkg'
[0.534s] Level 1:colcon.colcon_core.package_identification:_identify(src/arucoasmt) by extensions ['colcon_meta']
[0.534s] Level 1:colcon.colcon_core.package_identification:_identify(src/arucoasmt) by extension 'colcon_meta'
[0.534s] Level 1:colcon.colcon_core.package_identification:_identify(src/arucoasmt) by extensions ['ros']
[0.534s] Level 1:colcon.colcon_core.package_identification:_identify(src/arucoasmt) by extension 'ros'
[0.540s] DEBUG:colcon.colcon_core.package_identification:Package 'src/arucoasmt' with type 'ros.ament_python' and name 'arucoasmt'
[0.540s] Level 1:colcon.colcon_core.package_identification:_identify(src/custommsgsrv) by extensions ['ignore', 'ignore_ament_install']
[0.540s] Level 1:colcon.colcon_core.package_identification:_identify(src/custommsgsrv) by extension 'ignore'
[0.540s] Level 1:colcon.colcon_core.package_identification:_identify(src/custommsgsrv) by extension 'ignore_ament_install'
[0.541s] Level 1:colcon.colcon_core.package_identification:_identify(src/custommsgsrv) by extensions ['colcon_pkg']
[0.541s] Level 1:colcon.colcon_core.package_identification:_identify(src/custommsgsrv) by extension 'colcon_pkg'
[0.541s] Level 1:colcon.colcon_core.package_identification:_identify(src/custommsgsrv) by extensions ['colcon_meta']
[0.541s] Level 1:colcon.colcon_core.package_identification:_identify(src/custommsgsrv) by extension 'colcon_meta'
[0.541s] Level 1:colcon.colcon_core.package_identification:_identify(src/custommsgsrv) by extensions ['ros']
[0.541s] Level 1:colcon.colcon_core.package_identification:_identify(src/custommsgsrv) by extension 'ros'
[0.543s] DEBUG:colcon.colcon_core.package_identification:Package 'src/custommsgsrv' with type 'ros.ament_cmake' and name 'custommsgsrv'
[0.543s] Level 1:colcon.colcon_core.package_identification:_identify(src/sauron) by extensions ['ignore', 'ignore_ament_install']
[0.543s] Level 1:colcon.colcon_core.package_identification:_identify(src/sauron) by extension 'ignore'
[0.543s] Level 1:colcon.colcon_core.package_identification:_identify(src/sauron) by extension 'ignore_ament_install'
[0.543s] Level 1:colcon.colcon_core.package_identification:_identify(src/sauron) by extensions ['colcon_pkg']
[0.543s] Level 1:colcon.colcon_core.package_identification:_identify(src/sauron) by extension 'colcon_pkg'
[0.543s] Level 1:colcon.colcon_core.package_identification:_identify(src/sauron) by extensions ['colcon_meta']
[0.543s] Level 1:colcon.colcon_core.package_identification:_identify(src/sauron) by extension 'colcon_meta'
[0.544s] Level 1:colcon.colcon_core.package_identification:_identify(src/sauron) by extensions ['ros']
[0.544s] Level 1:colcon.colcon_core.package_identification:_identify(src/sauron) by extension 'ros'
[0.545s] DEBUG:colcon.colcon_core.package_identification:Package 'src/sauron' with type 'ros.ament_python' and name 'sauron'
[0.545s] Level 1:colcon.colcon_core.package_discovery:discover_packages(recursive) using defaults
[0.545s] Level 1:colcon.colcon_core.package_discovery:discover_packages(ignore) discover
[0.545s] Level 1:colcon.colcon_core.package_discovery:discover_packages(ignore) using defaults
[0.545s] Level 1:colcon.colcon_core.package_discovery:discover_packages(path) discover
[0.545s] Level 1:colcon.colcon_core.package_discovery:discover_packages(path) using defaults
[0.610s] Level 1:colcon.colcon_core.package_discovery:discover_packages(prefix_path) check parameters
[0.610s] Level 1:colcon.colcon_core.package_discovery:discover_packages(prefix_path) discover
[0.613s] DEBUG:colcon.colcon_installed_package_information.package_discovery:Found 3 installed packages in /home/siddhant/mrt_ws/install
[0.616s] DEBUG:colcon.colcon_installed_package_information.package_discovery:Found 270 installed packages in /opt/ros/humble
[0.618s] Level 1:colcon.colcon_core.package_discovery:discover_packages(prefix_path) using defaults
[0.681s] Level 5:colcon.colcon_core.verb:set package 'custommsgsrv' build argument 'cmake_args' from command line to 'None'
[0.681s] Level 5:colcon.colcon_core.verb:set package 'custommsgsrv' build argument 'cmake_target' from command line to 'None'
[0.681s] Level 5:colcon.colcon_core.verb:set package 'custommsgsrv' build argument 'cmake_target_skip_unavailable' from command line to 'False'
[0.682s] Level 5:colcon.colcon_core.verb:set package 'custommsgsrv' build argument 'cmake_clean_cache' from command line to 'False'
[0.682s] Level 5:colcon.colcon_core.verb:set package 'custommsgsrv' build argument 'cmake_clean_first' from command line to 'False'
[0.682s] Level 5:colcon.colcon_core.verb:set package 'custommsgsrv' build argument 'cmake_force_configure' from command line to 'False'
[0.682s] Level 5:colcon.colcon_core.verb:set package 'custommsgsrv' build argument 'ament_cmake_args' from command line to 'None'
[0.682s] Level 5:colcon.colcon_core.verb:set package 'custommsgsrv' build argument 'catkin_cmake_args' from command line to 'None'
[0.682s] Level 5:colcon.colcon_core.verb:set package 'custommsgsrv' build argument 'catkin_skip_building_tests' from command line to 'False'
[0.682s] DEBUG:colcon.colcon_core.verb:Building package 'custommsgsrv' with the following arguments: {'ament_cmake_args': None, 'build_base': '/home/siddhant/mrt_ws/build/custommsgsrv', 'catkin_cmake_args': None, 'catkin_skip_building_tests': False, 'cmake_args': None, 'cmake_clean_cache': False, 'cmake_clean_first': False, 'cmake_force_configure': False, 'cmake_target': None, 'cmake_target_skip_unavailable': False, 'install_base': '/home/siddhant/mrt_ws/install/custommsgsrv', 'merge_install': False, 'path': '/home/siddhant/mrt_ws/src/custommsgsrv', 'symlink_install': False, 'test_result_base': None}
[0.683s] Level 5:colcon.colcon_core.verb:set package 'sauron' build argument 'cmake_args' from command line to 'None'
[0.683s] Level 5:colcon.colcon_core.verb:set package 'sauron' build argument 'cmake_target' from command line to 'None'
[0.683s] Level 5:colcon.colcon_core.verb:set package 'sauron' build argument 'cmake_target_skip_unavailable' from command line to 'False'
[0.683s] Level 5:colcon.colcon_core.verb:set package 'sauron' build argument 'cmake_clean_cache' from command line to 'False'
[0.683s] Level 5:colcon.colcon_core.verb:set package 'sauron' build argument 'cmake_clean_first' from command line to 'False'
[0.683s] Level 5:colcon.colcon_core.verb:set package 'sauron' build argument 'cmake_force_configure' from command line to 'False'
[0.683s] Level 5:colcon.colcon_core.verb:set package 'sauron' build argument 'ament_cmake_args' from command line to 'None'
[0.683s] Level 5:colcon.colcon_core.verb:set package 'sauron' build argument 'catkin_cmake_args' from command line to 'None'
[0.683s] Level 5:colcon.colcon_core.verb:set package 'sauron' build argument 'catkin_skip_building_tests' from command line to 'False'
[0.683s] DEBUG:colcon.colcon_core.verb:Building package 'sauron' with the following arguments: {'ament_cmake_args': None, 'build_base': '/home/siddhant/mrt_ws/build/sauron', 'catkin_cmake_args': None, 'catkin_skip_building_tests': False, 'cmake_args': None, 'cmake_clean_cache': False, 'cmake_clean_first': False, 'cmake_force_configure': False, 'cmake_target': None, 'cmake_target_skip_unavailable': False, 'install_base': '/home/siddhant/mrt_ws/install/sauron', 'merge_install': False, 'path': '/home/siddhant/mrt_ws/src/sauron', 'symlink_install': False, 'test_result_base': None}
[0.684s] Level 5:colcon.colcon_core.verb:set package 'arucoasmt' build argument 'cmake_args' from command line to 'None'
[0.684s] Level 5:colcon.colcon_core.verb:set package 'arucoasmt' build argument 'cmake_target' from command line to 'None'
[0.684s] Level 5:colcon.colcon_core.verb:set package 'arucoasmt' build argument 'cmake_target_skip_unavailable' from command line to 'False'
[0.684s] Level 5:colcon.colcon_core.verb:set package 'arucoasmt' build argument 'cmake_clean_cache' from command line to 'False'
[0.684s] Level 5:colcon.colcon_core.verb:set package 'arucoasmt' build argument 'cmake_clean_first' from command line to 'False'
[0.684s] Level 5:colcon.colcon_core.verb:set package 'arucoasmt' build argument 'cmake_force_configure' from command line to 'False'
[0.684s] Level 5:colcon.colcon_core.verb:set package 'arucoasmt' build argument 'ament_cmake_args' from command line to 'None'
[0.684s] Level 5:colcon.colcon_core.verb:set package 'arucoasmt' build argument 'catkin_cmake_args' from command line to 'None'
[0.684s] Level 5:colcon.colcon_core.verb:set package 'arucoasmt' build argument 'catkin_skip_building_tests' from command line to 'False'
[0.684s] DEBUG:colcon.colcon_core.verb:Building package 'arucoasmt' with the following arguments: {'ament_cmake_args': None, 'build_base': '/home/siddhant/mrt_ws/build/arucoasmt', 'catkin_cmake_args': None, 'catkin_skip_building_tests': False, 'cmake_args': None, 'cmake_clean_cache': False, 'cmake_clean_first': False, 'cmake_force_configure': False, 'cmake_target': None, 'cmake_target_skip_unavailable': False, 'install_base': '/home/siddhant/mrt_ws/install/arucoasmt', 'merge_install': False, 'path': '/home/siddhant/mrt_ws/src/arucoasmt', 'symlink_install': False, 'test_result_base': None}
[0.684s] INFO:colcon.colcon_core.executor:Executing jobs using 'parallel' executor
[0.687s] DEBUG:colcon.colcon_parallel_executor.executor.parallel:run_until_complete
[0.687s] INFO:colcon.colcon_ros.task.ament_cmake.build:Building ROS package in '/home/siddhant/mrt_ws/src/custommsgsrv' with build type 'ament_cmake'
[0.687s] INFO:colcon.colcon_cmake.task.cmake.build:Building CMake package in '/home/siddhant/mrt_ws/src/custommsgsrv'
[0.691s] INFO:colcon.colcon_core.plugin_system:Skipping extension 'colcon_core.shell.bat': Not used on non-Windows systems
[0.692s] INFO:colcon.colcon_core.shell:Skip shell extension 'powershell' for command environment: Not usable outside of PowerShell
[0.692s] DEBUG:colcon.colcon_core.shell:Skip shell extension 'dsv' for command environment
[0.699s] INFO:colcon.colcon_ros.task.ament_python.build:Building ROS package in '/home/siddhant/mrt_ws/src/sauron' with build type 'ament_python'
[0.700s] Level 1:colcon.colcon_core.shell:create_environment_hook('sauron', 'ament_prefix_path')
[0.700s] INFO:colcon.colcon_core.shell:Creating environment hook '/home/siddhant/mrt_ws/install/sauron/share/sauron/hook/ament_prefix_path.ps1'
[0.702s] INFO:colcon.colcon_core.shell:Creating environment descriptor '/home/siddhant/mrt_ws/install/sauron/share/sauron/hook/ament_prefix_path.dsv'
[0.703s] INFO:colcon.colcon_core.shell:Creating environment hook '/home/siddhant/mrt_ws/install/sauron/share/sauron/hook/ament_prefix_path.sh'
[0.705s] INFO:colcon.colcon_core.shell:Skip shell extension 'powershell' for command environment: Not usable outside of PowerShell
[0.705s] DEBUG:colcon.colcon_core.shell:Skip shell extension 'dsv' for command environment
[0.732s] DEBUG:colcon.colcon_core.event_handler.log_command:Invoking command in '/home/siddhant/mrt_ws/build/custommsgsrv': CMAKE_PREFIX_PATH=${CMAKE_PREFIX_PATH}:/home/siddhant/mrt_ws/install/sauron:/home/siddhant/mrt_ws/install/arucoasmt:/opt/ros/humble /usr/bin/cmake --build /home/siddhant/mrt_ws/build/custommsgsrv -- -j4 -l4
[1.883s] INFO:colcon.colcon_core.task.python.build:Building Python package in '/home/siddhant/mrt_ws/src/sauron'
[1.884s] INFO:colcon.colcon_core.shell:Skip shell extension 'powershell' for command environment: Not usable outside of PowerShell
[1.884s] DEBUG:colcon.colcon_core.shell:Skip shell extension 'dsv' for command environment
[2.142s] DEBUG:colcon.colcon_core.event_handler.log_command:Invoked command in '/home/siddhant/mrt_ws/build/custommsgsrv' returned '0': CMAKE_PREFIX_PATH=${CMAKE_PREFIX_PATH}:/home/siddhant/mrt_ws/install/sauron:/home/siddhant/mrt_ws/install/arucoasmt:/opt/ros/humble /usr/bin/cmake --build /home/siddhant/mrt_ws/build/custommsgsrv -- -j4 -l4
[2.504s] DEBUG:colcon.colcon_core.event_handler.log_command:Invoking command in '/home/siddhant/mrt_ws/build/custommsgsrv': CMAKE_PREFIX_PATH=${CMAKE_PREFIX_PATH}:/home/siddhant/mrt_ws/install/sauron:/home/siddhant/mrt_ws/install/arucoasmt:/opt/ros/humble /usr/bin/cmake --install /home/siddhant/mrt_ws/build/custommsgsrv
[2.669s] Level 1:colcon.colcon_core.environment:create_environment_scripts_only(custommsgsrv)
[2.680s] DEBUG:colcon.colcon_core.event_handler.log_command:Invoked command in '/home/siddhant/mrt_ws/build/custommsgsrv' returned '0': CMAKE_PREFIX_PATH=${CMAKE_PREFIX_PATH}:/home/siddhant/mrt_ws/install/sauron:/home/siddhant/mrt_ws/install/arucoasmt:/opt/ros/humble /usr/bin/cmake --install /home/siddhant/mrt_ws/build/custommsgsrv
[2.683s] Level 1:colcon.colcon_core.environment:checking '/home/siddhant/mrt_ws/install/custommsgsrv' for CMake module files
[2.684s] Level 1:colcon.colcon_core.environment:checking '/home/siddhant/mrt_ws/install/custommsgsrv' for CMake config files
[2.685s] Level 1:colcon.colcon_core.shell:create_environment_hook('custommsgsrv', 'cmake_prefix_path')
[2.686s] INFO:colcon.colcon_core.shell:Creating environment hook '/home/siddhant/mrt_ws/install/custommsgsrv/share/custommsgsrv/hook/cmake_prefix_path.ps1'
[2.687s] INFO:colcon.colcon_core.shell:Creating environment descriptor '/home/siddhant/mrt_ws/install/custommsgsrv/share/custommsgsrv/hook/cmake_prefix_path.dsv'
[2.688s] INFO:colcon.colcon_core.shell:Creating environment hook '/home/siddhant/mrt_ws/install/custommsgsrv/share/custommsgsrv/hook/cmake_prefix_path.sh'
[2.689s] Level 1:colcon.colcon_core.environment:checking '/home/siddhant/mrt_ws/install/custommsgsrv/lib'
[2.689s] Level 1:colcon.colcon_core.shell:create_environment_hook('custommsgsrv', 'ld_library_path_lib')
[2.690s] INFO:colcon.colcon_core.shell:Creating environment hook '/home/siddhant/mrt_ws/install/custommsgsrv/share/custommsgsrv/hook/ld_library_path_lib.ps1'
[2.691s] INFO:colcon.colcon_core.shell:Creating environment descriptor '/home/siddhant/mrt_ws/install/custommsgsrv/share/custommsgsrv/hook/ld_library_path_lib.dsv'
[2.691s] INFO:colcon.colcon_core.shell:Creating environment hook '/home/siddhant/mrt_ws/install/custommsgsrv/share/custommsgsrv/hook/ld_library_path_lib.sh'
[2.692s] Level 1:colcon.colcon_core.environment:checking '/home/siddhant/mrt_ws/install/custommsgsrv/bin'
[2.692s] Level 1:colcon.colcon_core.environment:checking '/home/siddhant/mrt_ws/install/custommsgsrv/lib/pkgconfig/custommsgsrv.pc'
[2.693s] Level 1:colcon.colcon_core.environment:checking '/home/siddhant/mrt_ws/install/custommsgsrv/lib/python3.10/site-packages'
[2.693s] Level 1:colcon.colcon_core.environment:checking '/home/siddhant/mrt_ws/install/custommsgsrv/bin'
[2.694s] INFO:colcon.colcon_core.shell:Creating package script '/home/siddhant/mrt_ws/install/custommsgsrv/share/custommsgsrv/package.ps1'
[2.695s] INFO:colcon.colcon_core.shell:Creating package descriptor '/home/siddhant/mrt_ws/install/custommsgsrv/share/custommsgsrv/package.dsv'
[2.696s] INFO:colcon.colcon_core.shell:Creating package script '/home/siddhant/mrt_ws/install/custommsgsrv/share/custommsgsrv/package.sh'
[2.698s] INFO:colcon.colcon_core.shell:Creating package script '/home/siddhant/mrt_ws/install/custommsgsrv/share/custommsgsrv/package.bash'
[2.699s] INFO:colcon.colcon_core.shell:Creating package script '/home/siddhant/mrt_ws/install/custommsgsrv/share/custommsgsrv/package.zsh'
[2.700s] Level 1:colcon.colcon_core.environment:create_file_with_runtime_dependencies(/home/siddhant/mrt_ws/install/custommsgsrv/share/colcon-core/packages/custommsgsrv)
[2.708s] DEBUG:colcon.colcon_core.event_handler.log_command:Invoking command in '/home/siddhant/mrt_ws/src/sauron': PYTHONPATH=/home/siddhant/mrt_ws/build/sauron/prefix_override:/usr/lib/python3/dist-packages/colcon_core/task/python/colcon_distutils_commands:/home/siddhant/mrt_ws/install/sauron/lib/python3.10/site-packages:${PYTHONPATH} /usr/bin/python3 -W ignore:setup.py install is deprecated setup.py egg_info --egg-base ../../build/sauron build --build-base /home/siddhant/mrt_ws/build/sauron/build install --record /home/siddhant/mrt_ws/build/sauron/install.log --single-version-externally-managed install_data
[3.042s] Level 1:colcon.colcon_core.environment:create_environment_scripts_only(custommsgsrv)
[3.043s] Level 1:colcon.colcon_core.environment:checking '/home/siddhant/mrt_ws/install/custommsgsrv' for CMake module files
[3.044s] Level 1:colcon.colcon_core.environment:checking '/home/siddhant/mrt_ws/install/custommsgsrv' for CMake config files
[3.046s] Level 1:colcon.colcon_core.shell:create_environment_hook('custommsgsrv', 'cmake_prefix_path')
[3.046s] INFO:colcon.colcon_core.shell:Creating environment hook '/home/siddhant/mrt_ws/install/custommsgsrv/share/custommsgsrv/hook/cmake_prefix_path.ps1'
[3.047s] INFO:colcon.colcon_core.shell:Creating environment descriptor '/home/siddhant/mrt_ws/install/custommsgsrv/share/custommsgsrv/hook/cmake_prefix_path.dsv'
[3.048s] INFO:colcon.colcon_core.shell:Creating environment hook '/home/siddhant/mrt_ws/install/custommsgsrv/share/custommsgsrv/hook/cmake_prefix_path.sh'
[3.049s] Level 1:colcon.colcon_core.environment:checking '/home/siddhant/mrt_ws/install/custommsgsrv/lib'
[3.050s] Level 1:colcon.colcon_core.shell:create_environment_hook('custommsgsrv', 'ld_library_path_lib')
[3.051s] INFO:colcon.colcon_core.shell:Creating environment hook '/home/siddhant/mrt_ws/install/custommsgsrv/share/custommsgsrv/hook/ld_library_path_lib.ps1'
[3.052s] INFO:colcon.colcon_core.shell:Creating environment descriptor '/home/siddhant/mrt_ws/install/custommsgsrv/share/custommsgsrv/hook/ld_library_path_lib.dsv'
[3.053s] INFO:colcon.colcon_core.shell:Creating environment hook '/home/siddhant/mrt_ws/install/custommsgsrv/share/custommsgsrv/hook/ld_library_path_lib.sh'
[3.054s] Level 1:colcon.colcon_core.environment:checking '/home/siddhant/mrt_ws/install/custommsgsrv/bin'
[3.054s] Level 1:colcon.colcon_core.environment:checking '/home/siddhant/mrt_ws/install/custommsgsrv/lib/pkgconfig/custommsgsrv.pc'
[3.055s] Level 1:colcon.colcon_core.environment:checking '/home/siddhant/mrt_ws/install/custommsgsrv/lib/python3.10/site-packages'
[3.055s] Level 1:colcon.colcon_core.environment:checking '/home/siddhant/mrt_ws/install/custommsgsrv/bin'
[3.056s] INFO:colcon.colcon_core.shell:Creating package script '/home/siddhant/mrt_ws/install/custommsgsrv/share/custommsgsrv/package.ps1'
[3.057s] INFO:colcon.colcon_core.shell:Creating package descriptor '/home/siddhant/mrt_ws/install/custommsgsrv/share/custommsgsrv/package.dsv'
[3.058s] INFO:colcon.colcon_core.shell:Creating package script '/home/siddhant/mrt_ws/install/custommsgsrv/share/custommsgsrv/package.sh'
[3.060s] INFO:colcon.colcon_core.shell:Creating package script '/home/siddhant/mrt_ws/install/custommsgsrv/share/custommsgsrv/package.bash'
[3.061s] INFO:colcon.colcon_core.shell:Creating package script '/home/siddhant/mrt_ws/install/custommsgsrv/share/custommsgsrv/package.zsh'
[3.062s] Level 1:colcon.colcon_core.environment:create_file_with_runtime_dependencies(/home/siddhant/mrt_ws/install/custommsgsrv/share/colcon-core/packages/custommsgsrv)
[3.063s] INFO:colcon.colcon_ros.task.ament_python.build:Building ROS package in '/home/siddhant/mrt_ws/src/arucoasmt' with build type 'ament_python'
[3.064s] Level 1:colcon.colcon_core.shell:create_environment_hook('arucoasmt', 'ament_prefix_path')
[3.064s] INFO:colcon.colcon_core.shell:Creating environment hook '/home/siddhant/mrt_ws/install/arucoasmt/share/arucoasmt/hook/ament_prefix_path.ps1'
[3.065s] INFO:colcon.colcon_core.shell:Creating environment descriptor '/home/siddhant/mrt_ws/install/arucoasmt/share/arucoasmt/hook/ament_prefix_path.dsv'
[3.067s] INFO:colcon.colcon_core.shell:Creating environment hook '/home/siddhant/mrt_ws/install/arucoasmt/share/arucoasmt/hook/ament_prefix_path.sh'
[3.068s] INFO:colcon.colcon_core.shell:Skip shell extension 'powershell' for command environment: Not usable outside of PowerShell
[3.068s] DEBUG:colcon.colcon_core.shell:Skip shell extension 'dsv' for command environment
[3.578s] INFO:colcon.colcon_core.task.python.build:Building Python package in '/home/siddhant/mrt_ws/src/arucoasmt'
[3.579s] INFO:colcon.colcon_core.shell:Skip shell extension 'powershell' for command environment: Not usable outside of PowerShell
[3.579s] DEBUG:colcon.colcon_core.shell:Skip shell extension 'dsv' for command environment
[3.592s] Level 1:colcon.colcon_core.environment:checking '/home/siddhant/mrt_ws/install/sauron' for CMake module files
[3.594s] DEBUG:colcon.colcon_core.event_handler.log_command:Invoked command in '/home/siddhant/mrt_ws/src/sauron' returned '0': PYTHONPATH=/home/siddhant/mrt_ws/build/sauron/prefix_override:/usr/lib/python3/dist-packages/colcon_core/task/python/colcon_distutils_commands:/home/siddhant/mrt_ws/install/sauron/lib/python3.10/site-packages:${PYTHONPATH} /usr/bin/python3 -W ignore:setup.py install is deprecated setup.py egg_info --egg-base ../../build/sauron build --build-base /home/siddhant/mrt_ws/build/sauron/build install --record /home/siddhant/mrt_ws/build/sauron/install.log --single-version-externally-managed install_data
[3.595s] Level 1:colcon.colcon_core.environment:checking '/home/siddhant/mrt_ws/install/sauron' for CMake config files
[3.597s] Level 1:colcon.colcon_core.environment:checking '/home/siddhant/mrt_ws/install/sauron/lib'
[3.597s] Level 1:colcon.colcon_core.environment:checking '/home/siddhant/mrt_ws/install/sauron/bin'
[3.597s] Level 1:colcon.colcon_core.environment:checking '/home/siddhant/mrt_ws/install/sauron/lib/pkgconfig/sauron.pc'
[3.598s] Level 1:colcon.colcon_core.environment:checking '/home/siddhant/mrt_ws/install/sauron/lib/python3.10/site-packages'
[3.598s] Level 1:colcon.colcon_core.shell:create_environment_hook('sauron', 'pythonpath')
[3.599s] INFO:colcon.colcon_core.shell:Creating environment hook '/home/siddhant/mrt_ws/install/sauron/share/sauron/hook/pythonpath.ps1'
[3.600s] INFO:colcon.colcon_core.shell:Creating environment descriptor '/home/siddhant/mrt_ws/install/sauron/share/sauron/hook/pythonpath.dsv'
[3.601s] INFO:colcon.colcon_core.shell:Creating environment hook '/home/siddhant/mrt_ws/install/sauron/share/sauron/hook/pythonpath.sh'
[3.602s] Level 1:colcon.colcon_core.environment:checking '/home/siddhant/mrt_ws/install/sauron/bin'
[3.603s] Level 1:colcon.colcon_core.environment:create_environment_scripts_only(sauron)
[3.604s] INFO:colcon.colcon_core.shell:Creating package script '/home/siddhant/mrt_ws/install/sauron/share/sauron/package.ps1'
[3.605s] INFO:colcon.colcon_core.shell:Creating package descriptor '/home/siddhant/mrt_ws/install/sauron/share/sauron/package.dsv'
[3.606s] INFO:colcon.colcon_core.shell:Creating package script '/home/siddhant/mrt_ws/install/sauron/share/sauron/package.sh'
[3.608s] INFO:colcon.colcon_core.shell:Creating package script '/home/siddhant/mrt_ws/install/sauron/share/sauron/package.bash'
[3.609s] INFO:colcon.colcon_core.shell:Creating package script '/home/siddhant/mrt_ws/install/sauron/share/sauron/package.zsh'
[3.610s] Level 1:colcon.colcon_core.environment:create_file_with_runtime_dependencies(/home/siddhant/mrt_ws/install/sauron/share/colcon-core/packages/sauron)
[4.226s] DEBUG:colcon.colcon_core.event_handler.log_command:Invoking command in '/home/siddhant/mrt_ws/src/arucoasmt': PYTHONPATH=/home/siddhant/mrt_ws/build/arucoasmt/prefix_override:/usr/lib/python3/dist-packages/colcon_core/task/python/colcon_distutils_commands:/home/siddhant/mrt_ws/install/arucoasmt/lib/python3.10/site-packages:${PYTHONPATH} /usr/bin/python3 -W ignore:setup.py install is deprecated setup.py egg_info --egg-base ../../build/arucoasmt build --build-base /home/siddhant/mrt_ws/build/arucoasmt/build install --record /home/siddhant/mrt_ws/build/arucoasmt/install.log --single-version-externally-managed install_data
[4.781s] Level 1:colcon.colcon_core.environment:checking '/home/siddhant/mrt_ws/install/arucoasmt' for CMake module files
[4.782s] DEBUG:colcon.colcon_core.event_handler.log_command:Invoked command in '/home/siddhant/mrt_ws/src/arucoasmt' returned '0': PYTHONPATH=/home/siddhant/mrt_ws/build/arucoasmt/prefix_override:/usr/lib/python3/dist-packages/colcon_core/task/python/colcon_distutils_commands:/home/siddhant/mrt_ws/install/arucoasmt/lib/python3.10/site-packages:${PYTHONPATH} /usr/bin/python3 -W ignore:setup.py install is deprecated setup.py egg_info --egg-base ../../build/arucoasmt build --build-base /home/siddhant/mrt_ws/build/arucoasmt/build install --record /home/siddhant/mrt_ws/build/arucoasmt/install.log --single-version-externally-managed install_data
[4.783s] Level 1:colcon.colcon_core.environment:checking '/home/siddhant/mrt_ws/install/arucoasmt' for CMake config files
[4.784s] Level 1:colcon.colcon_core.environment:checking '/home/siddhant/mrt_ws/install/arucoasmt/lib'
[4.784s] Level 1:colcon.colcon_core.environment:checking '/home/siddhant/mrt_ws/install/arucoasmt/bin'
[4.784s] Level 1:colcon.colcon_core.environment:checking '/home/siddhant/mrt_ws/install/arucoasmt/lib/pkgconfig/arucoasmt.pc'
[4.785s] Level 1:colcon.colcon_core.environment:checking '/home/siddhant/mrt_ws/install/arucoasmt/lib/python3.10/site-packages'
[4.785s] Level 1:colcon.colcon_core.shell:create_environment_hook('arucoasmt', 'pythonpath')
[4.785s] INFO:colcon.colcon_core.shell:Creating environment hook '/home/siddhant/mrt_ws/install/arucoasmt/share/arucoasmt/hook/pythonpath.ps1'
[4.786s] INFO:colcon.colcon_core.shell:Creating environment descriptor '/home/siddhant/mrt_ws/install/arucoasmt/share/arucoasmt/hook/pythonpath.dsv'
[4.787s] INFO:colcon.colcon_core.shell:Creating environment hook '/home/siddhant/mrt_ws/install/arucoasmt/share/arucoasmt/hook/pythonpath.sh'
[4.788s] Level 1:colcon.colcon_core.environment:checking '/home/siddhant/mrt_ws/install/arucoasmt/bin'
[4.788s] Level 1:colcon.colcon_core.environment:create_environment_scripts_only(arucoasmt)
[4.789s] INFO:colcon.colcon_core.shell:Creating package script '/home/siddhant/mrt_ws/install/arucoasmt/share/arucoasmt/package.ps1'
[4.790s] INFO:colcon.colcon_core.shell:Creating package descriptor '/home/siddhant/mrt_ws/install/arucoasmt/share/arucoasmt/package.dsv'
[4.790s] INFO:colcon.colcon_core.shell:Creating package script '/home/siddhant/mrt_ws/install/arucoasmt/share/arucoasmt/package.sh'
[4.791s] INFO:colcon.colcon_core.shell:Creating package script '/home/siddhant/mrt_ws/install/arucoasmt/share/arucoasmt/package.bash'
[4.792s] INFO:colcon.colcon_core.shell:Creating package script '/home/siddhant/mrt_ws/install/arucoasmt/share/arucoasmt/package.zsh'
[4.793s] Level 1:colcon.colcon_core.environment:create_file_with_runtime_dependencies(/home/siddhant/mrt_ws/install/arucoasmt/share/colcon-core/packages/arucoasmt)
[4.793s] DEBUG:colcon.colcon_parallel_executor.executor.parallel:closing loop
[4.794s] DEBUG:colcon.colcon_parallel_executor.executor.parallel:loop closed
[4.794s] DEBUG:colcon.colcon_parallel_executor.executor.parallel:run_until_complete finished with '0'
[4.794s] DEBUG:colcon.colcon_core.event_reactor:joining thread
[4.805s] INFO:colcon.colcon_core.plugin_system:Skipping extension 'colcon_notification.desktop_notification.terminal_notifier': Not used on non-Darwin systems
[4.805s] INFO:colcon.colcon_core.plugin_system:Skipping extension 'colcon_notification.desktop_notification.win32': Not used on non-Windows systems
[4.805s] INFO:colcon.colcon_notification.desktop_notification:Sending desktop notification using 'notify2'
[4.835s] DEBUG:colcon.colcon_core.event_reactor:joined thread
[4.837s] INFO:colcon.colcon_core.shell:Creating prefix script '/home/siddhant/mrt_ws/install/local_setup.ps1'
[4.841s] INFO:colcon.colcon_core.shell:Creating prefix util module '/home/siddhant/mrt_ws/install/_local_setup_util_ps1.py'
[4.848s] INFO:colcon.colcon_core.shell:Creating prefix chain script '/home/siddhant/mrt_ws/install/setup.ps1'
[4.853s] INFO:colcon.colcon_core.shell:Creating prefix script '/home/siddhant/mrt_ws/install/local_setup.sh'
[4.856s] INFO:colcon.colcon_core.shell:Creating prefix util module '/home/siddhant/mrt_ws/install/_local_setup_util_sh.py'
[4.858s] INFO:colcon.colcon_core.shell:Creating prefix chain script '/home/siddhant/mrt_ws/install/setup.sh'
[4.863s] INFO:colcon.colcon_core.shell:Creating prefix script '/home/siddhant/mrt_ws/install/local_setup.bash'
[4.865s] INFO:colcon.colcon_core.shell:Creating prefix chain script '/home/siddhant/mrt_ws/install/setup.bash'
[4.869s] INFO:colcon.colcon_core.shell:Creating prefix script '/home/siddhant/mrt_ws/install/local_setup.zsh'
[4.871s] INFO:colcon.colcon_core.shell:Creating prefix chain script '/home/siddhant/mrt_ws/install/setup.zsh'
