/home/siddhant/mrt_ws/install/arucoasmt/lib/python3.10/site-packages/arucoasmt/subtest.py
/home/siddhant/mrt_ws/install/arucoasmt/lib/python3.10/site-packages/arucoasmt/srvtest.py
/home/siddhant/mrt_ws/install/arucoasmt/lib/python3.10/site-packages/arucoasmt/pubtest.py
/home/siddhant/mrt_ws/install/arucoasmt/lib/python3.10/site-packages/arucoasmt/imgclienttest.py
/home/siddhant/mrt_ws/install/arucoasmt/lib/python3.10/site-packages/arucoasmt/clitest.py
/home/siddhant/mrt_ws/install/arucoasmt/lib/python3.10/site-packages/arucoasmt/__init__.py
/home/siddhant/mrt_ws/install/arucoasmt/lib/python3.10/site-packages/arucoasmt/processortest.py
/home/siddhant/mrt_ws/install/arucoasmt/lib/python3.10/site-packages/arucoasmt/arucotest.py
/home/siddhant/mrt_ws/install/arucoasmt/lib/python3.10/site-packages/arucoasmt/__pycache__/subtest.cpython-310.pyc
/home/siddhant/mrt_ws/install/arucoasmt/lib/python3.10/site-packages/arucoasmt/__pycache__/srvtest.cpython-310.pyc
/home/siddhant/mrt_ws/install/arucoasmt/lib/python3.10/site-packages/arucoasmt/__pycache__/pubtest.cpython-310.pyc
/home/siddhant/mrt_ws/install/arucoasmt/lib/python3.10/site-packages/arucoasmt/__pycache__/imgclienttest.cpython-310.pyc
/home/siddhant/mrt_ws/install/arucoasmt/lib/python3.10/site-packages/arucoasmt/__pycache__/clitest.cpython-310.pyc
/home/siddhant/mrt_ws/install/arucoasmt/lib/python3.10/site-packages/arucoasmt/__pycache__/__init__.cpython-310.pyc
/home/siddhant/mrt_ws/install/arucoasmt/lib/python3.10/site-packages/arucoasmt/__pycache__/processortest.cpython-310.pyc
/home/siddhant/mrt_ws/install/arucoasmt/lib/python3.10/site-packages/arucoasmt/__pycache__/arucotest.cpython-310.pyc
/home/siddhant/mrt_ws/install/arucoasmt/share/ament_index/resource_index/packages/arucoasmt
/home/siddhant/mrt_ws/install/arucoasmt/share/arucoasmt/package.xml
/home/siddhant/mrt_ws/install/arucoasmt/lib/python3.10/site-packages/arucoasmt-0.0.0-py3.10.egg-info/SOURCES.txt
/home/siddhant/mrt_ws/install/arucoasmt/lib/python3.10/site-packages/arucoasmt-0.0.0-py3.10.egg-info/PKG-INFO
/home/siddhant/mrt_ws/install/arucoasmt/lib/python3.10/site-packages/arucoasmt-0.0.0-py3.10.egg-info/requires.txt
/home/siddhant/mrt_ws/install/arucoasmt/lib/python3.10/site-packages/arucoasmt-0.0.0-py3.10.egg-info/dependency_links.txt
/home/siddhant/mrt_ws/install/arucoasmt/lib/python3.10/site-packages/arucoasmt-0.0.0-py3.10.egg-info/entry_points.txt
/home/siddhant/mrt_ws/install/arucoasmt/lib/python3.10/site-packages/arucoasmt-0.0.0-py3.10.egg-info/zip-safe
/home/siddhant/mrt_ws/install/arucoasmt/lib/python3.10/site-packages/arucoasmt-0.0.0-py3.10.egg-info/top_level.txt
/home/siddhant/mrt_ws/install/arucoasmt/lib/arucoasmt/clitest
/home/siddhant/mrt_ws/install/arucoasmt/lib/arucoasmt/imgclienttest
/home/siddhant/mrt_ws/install/arucoasmt/lib/arucoasmt/processortest
/home/siddhant/mrt_ws/install/arucoasmt/lib/arucoasmt/pubtest
/home/siddhant/mrt_ws/install/arucoasmt/lib/arucoasmt/srvtest
/home/siddhant/mrt_ws/install/arucoasmt/lib/arucoasmt/subtest
