[0.823s] Invoking command in '/home/siddhant/mrt_ws/src/arucoasmt': PYTHONPATH=/home/siddhant/mrt_ws/build/arucoasmt/prefix_override:/usr/lib/python3/dist-packages/colcon_core/task/python/colcon_distutils_commands:/home/siddhant/mrt_ws/install/arucoasmt/lib/python3.10/site-packages:${PYTHONPATH} /usr/bin/python3 -W ignore:setup.py install is deprecated setup.py egg_info --egg-base ../../build/arucoasmt build --build-base /home/siddhant/mrt_ws/build/arucoasmt/build install --record /home/siddhant/mrt_ws/build/arucoasmt/install.log --single-version-externally-managed install_data
[1.110s] running egg_info
[1.110s] writing ../../build/arucoasmt/arucoasmt.egg-info/PKG-INFO
[1.111s] writing dependency_links to ../../build/arucoasmt/arucoasmt.egg-info/dependency_links.txt
[1.111s] writing entry points to ../../build/arucoasmt/arucoasmt.egg-info/entry_points.txt
[1.111s] writing requirements to ../../build/arucoasmt/arucoasmt.egg-info/requires.txt
[1.112s] writing top-level names to ../../build/arucoasmt/arucoasmt.egg-info/top_level.txt
[1.114s] reading manifest file '../../build/arucoasmt/arucoasmt.egg-info/SOURCES.txt'
[1.115s] writing manifest file '../../build/arucoasmt/arucoasmt.egg-info/SOURCES.txt'
[1.115s] running build
[1.115s] running build_py
[1.116s] running install
[1.117s] running install_lib
[1.118s] running install_data
[1.119s] running install_egg_info
[1.121s] removing '/home/siddhant/mrt_ws/install/arucoasmt/lib/python3.10/site-packages/arucoasmt-0.0.0-py3.10.egg-info' (and everything under it)
[1.121s] Copying ../../build/arucoasmt/arucoasmt.egg-info to /home/siddhant/mrt_ws/install/arucoasmt/lib/python3.10/site-packages/arucoasmt-0.0.0-py3.10.egg-info
[1.122s] running install_scripts
[1.149s] Installing clitest script to /home/siddhant/mrt_ws/install/arucoasmt/lib/arucoasmt
[1.149s] Installing imgclienttest script to /home/siddhant/mrt_ws/install/arucoasmt/lib/arucoasmt
[1.149s] Installing processortest script to /home/siddhant/mrt_ws/install/arucoasmt/lib/arucoasmt
[1.150s] Installing pubtest script to /home/siddhant/mrt_ws/install/arucoasmt/lib/arucoasmt
[1.150s] Installing srvtest script to /home/siddhant/mrt_ws/install/arucoasmt/lib/arucoasmt
[1.150s] Installing subtest script to /home/siddhant/mrt_ws/install/arucoasmt/lib/arucoasmt
[1.151s] writing list of installed files to '/home/siddhant/mrt_ws/build/arucoasmt/install.log'
[1.194s] Invoked command in '/home/siddhant/mrt_ws/src/arucoasmt' returned '0': PYTHONPATH=/home/siddhant/mrt_ws/build/arucoasmt/prefix_override:/usr/lib/python3/dist-packages/colcon_core/task/python/colcon_distutils_commands:/home/siddhant/mrt_ws/install/arucoasmt/lib/python3.10/site-packages:${PYTHONPATH} /usr/bin/python3 -W ignore:setup.py install is deprecated setup.py egg_info --egg-base ../../build/arucoasmt build --build-base /home/siddhant/mrt_ws/build/arucoasmt/build install --record /home/siddhant/mrt_ws/build/arucoasmt/install.log --single-version-externally-managed install_data
