[1.242s] Invoking command in '/home/siddhant/mrt_ws/src/arucoasmt': PYTHONPATH=/home/siddhant/mrt_ws/build/arucoasmt/prefix_override:/usr/lib/python3/dist-packages/colcon_core/task/python/colcon_distutils_commands:/home/siddhant/mrt_ws/install/arucoasmt/lib/python3.10/site-packages:${PYTHONPATH} /usr/bin/python3 -W ignore:setup.py install is deprecated setup.py egg_info --egg-base ../../build/arucoasmt build --build-base /home/siddhant/mrt_ws/build/arucoasmt/build install --record /home/siddhant/mrt_ws/build/arucoasmt/install.log --single-version-externally-managed install_data
[1.682s] running egg_info
[1.684s] writing ../../build/arucoasmt/arucoasmt.egg-info/PKG-INFO
[1.684s] writing dependency_links to ../../build/arucoasmt/arucoasmt.egg-info/dependency_links.txt
[1.685s] writing entry points to ../../build/arucoasmt/arucoasmt.egg-info/entry_points.txt
[1.685s] writing requirements to ../../build/arucoasmt/arucoasmt.egg-info/requires.txt
[1.685s] writing top-level names to ../../build/arucoasmt/arucoasmt.egg-info/top_level.txt
[1.691s] reading manifest file '../../build/arucoasmt/arucoasmt.egg-info/SOURCES.txt'
[1.693s] writing manifest file '../../build/arucoasmt/arucoasmt.egg-info/SOURCES.txt'
[1.694s] running build
[1.695s] running build_py
[1.695s] copying arucoasmt/imgclient.py -> /home/siddhant/mrt_ws/build/arucoasmt/build/lib/arucoasmt
[1.696s] running install
[1.696s] running install_lib
[1.698s] copying /home/siddhant/mrt_ws/build/arucoasmt/build/lib/arucoasmt/imgclient.py -> /home/siddhant/mrt_ws/install/arucoasmt/lib/python3.10/site-packages/arucoasmt
[1.700s] byte-compiling /home/siddhant/mrt_ws/install/arucoasmt/lib/python3.10/site-packages/arucoasmt/imgclient.py to imgclient.cpython-310.pyc
[1.702s] running install_data
[1.702s] running install_egg_info
[1.706s] removing '/home/siddhant/mrt_ws/install/arucoasmt/lib/python3.10/site-packages/arucoasmt-0.0.0-py3.10.egg-info' (and everything under it)
[1.707s] Copying ../../build/arucoasmt/arucoasmt.egg-info to /home/siddhant/mrt_ws/install/arucoasmt/lib/python3.10/site-packages/arucoasmt-0.0.0-py3.10.egg-info
[1.708s] running install_scripts
[1.747s] Installing clitest script to /home/siddhant/mrt_ws/install/arucoasmt/lib/arucoasmt
[1.747s] Installing imgclient script to /home/siddhant/mrt_ws/install/arucoasmt/lib/arucoasmt
[1.747s] Installing processor script to /home/siddhant/mrt_ws/install/arucoasmt/lib/arucoasmt
[1.748s] Installing pubtest script to /home/siddhant/mrt_ws/install/arucoasmt/lib/arucoasmt
[1.748s] Installing srvtest script to /home/siddhant/mrt_ws/install/arucoasmt/lib/arucoasmt
[1.748s] Installing subtest script to /home/siddhant/mrt_ws/install/arucoasmt/lib/arucoasmt
[1.749s] writing list of installed files to '/home/siddhant/mrt_ws/build/arucoasmt/install.log'
[1.823s] Invoked command in '/home/siddhant/mrt_ws/src/arucoasmt' returned '0': PYTHONPATH=/home/siddhant/mrt_ws/build/arucoasmt/prefix_override:/usr/lib/python3/dist-packages/colcon_core/task/python/colcon_distutils_commands:/home/siddhant/mrt_ws/install/arucoasmt/lib/python3.10/site-packages:${PYTHONPATH} /usr/bin/python3 -W ignore:setup.py install is deprecated setup.py egg_info --egg-base ../../build/arucoasmt build --build-base /home/siddhant/mrt_ws/build/arucoasmt/build install --record /home/siddhant/mrt_ws/build/arucoasmt/install.log --single-version-externally-managed install_data
