[2.065s] Invoking command in '/home/siddhant/mrt_ws/src/arucoasmt': PYTHONPATH=/home/siddhant/mrt_ws/build/arucoasmt/prefix_override:/usr/lib/python3/dist-packages/colcon_core/task/python/colcon_distutils_commands:/home/siddhant/mrt_ws/install/arucoasmt/lib/python3.10/site-packages:${PYTHONPATH} /usr/bin/python3 -W ignore:setup.py install is deprecated setup.py egg_info --egg-base ../../build/arucoasmt build --build-base /home/siddhant/mrt_ws/build/arucoasmt/build install --record /home/siddhant/mrt_ws/build/arucoasmt/install.log --single-version-externally-managed install_data
[2.590s] running egg_info
[2.594s] writing ../../build/arucoasmt/arucoasmt.egg-info/PKG-INFO
[2.595s] writing dependency_links to ../../build/arucoasmt/arucoasmt.egg-info/dependency_links.txt
[2.595s] writing entry points to ../../build/arucoasmt/arucoasmt.egg-info/entry_points.txt
[2.595s] writing requirements to ../../build/arucoasmt/arucoasmt.egg-info/requires.txt
[2.595s] writing top-level names to ../../build/arucoasmt/arucoasmt.egg-info/top_level.txt
[2.601s] reading manifest file '../../build/arucoasmt/arucoasmt.egg-info/SOURCES.txt'
[2.602s] writing manifest file '../../build/arucoasmt/arucoasmt.egg-info/SOURCES.txt'
[2.603s] running build
[2.605s] running build_py
[2.606s] running install
[2.606s] running install_lib
[2.609s] running install_data
[2.611s] running install_egg_info
[2.617s] removing '/home/siddhant/mrt_ws/install/arucoasmt/lib/python3.10/site-packages/arucoasmt-0.0.0-py3.10.egg-info' (and everything under it)
[2.618s] Copying ../../build/arucoasmt/arucoasmt.egg-info to /home/siddhant/mrt_ws/install/arucoasmt/lib/python3.10/site-packages/arucoasmt-0.0.0-py3.10.egg-info
[2.618s] running install_scripts
[2.684s] writing list of installed files to '/home/siddhant/mrt_ws/build/arucoasmt/install.log'
[2.807s] Invoked command in '/home/siddhant/mrt_ws/src/arucoasmt' returned '0': PYTHONPATH=/home/siddhant/mrt_ws/build/arucoasmt/prefix_override:/usr/lib/python3/dist-packages/colcon_core/task/python/colcon_distutils_commands:/home/siddhant/mrt_ws/install/arucoasmt/lib/python3.10/site-packages:${PYTHONPATH} /usr/bin/python3 -W ignore:setup.py install is deprecated setup.py egg_info --egg-base ../../build/arucoasmt build --build-base /home/siddhant/mrt_ws/build/arucoasmt/build install --record /home/siddhant/mrt_ws/build/arucoasmt/install.log --single-version-externally-managed install_data
