[0.537s] Invoking command in '/home/siddhant/mrt_ws/build/custommsgsrv': CMAKE_PREFIX_PATH=/opt/ros/humble /usr/bin/cmake --build /home/siddhant/mrt_ws/build/custommsgsrv -- -j4 -l4
[0.584s] -- Found ament_cmake: 1.3.10 (/opt/ros/humble/share/ament_cmake/cmake)
[0.832s] -- Found geometry_msgs: 4.2.4 (/opt/ros/humble/share/geometry_msgs/cmake)
[0.888s] -- Found rosidl_generator_c: 3.1.5 (/opt/ros/humble/share/rosidl_generator_c/cmake)
[0.894s] -- Found rosidl_adapter: 3.1.5 (/opt/ros/humble/share/rosidl_adapter/cmake)
[0.906s] -- Found rosidl_generator_cpp: 3.1.5 (/opt/ros/humble/share/rosidl_generator_cpp/cmake)
[0.925s] -- Using all available rosidl_typesupport_c: rosidl_typesupport_fastrtps_c;rosidl_typesupport_introspection_c
[0.950s] -- Using all available rosidl_typesupport_cpp: rosidl_typesupport_fastrtps_cpp;rosidl_typesupport_introspection_cpp
[1.022s] -- Found rosidl_default_generators: 1.2.0 (/opt/ros/humble/share/rosidl_default_generators/cmake)
[1.434s] [31mCMake Error at /opt/ros/humble/share/rosidl_adapter/cmake/rosidl_adapt_interfaces.cmake:59 (message):
[1.434s]   execute_process(/usr/bin/python3 -m rosidl_adapter --package-name
[1.434s]   custommsgsrv --arguments-file
[1.435s]   /home/siddhant/mrt_ws/build/custommsgsrv/rosidl_adapter__arguments__custommsgsrv.json
[1.435s]   --output-dir
[1.435s]   /home/siddhant/mrt_ws/build/custommsgsrv/rosidl_adapter/custommsgsrv
[1.435s]   --output-file
[1.435s]   /home/siddhant/mrt_ws/build/custommsgsrv/rosidl_adapter/custommsgsrv.idls)
[1.435s]   returned error code 1:
[1.436s] 
[1.436s]   Traceback (most recent call last):
[1.436s] 
[1.436s]     File "/usr/lib/python3.10/runpy.py", line 196, in _run_module_as_main
[1.436s]       return _run_code(code, main_globals, None,
[1.436s]     File "/usr/lib/python3.10/runpy.py", line 86, in _run_code
[1.437s]       exec(code, run_globals)
[1.437s]     File "/opt/ros/humble/local/lib/python3.10/dist-packages/rosidl_adapter/__main__.py", line 19, in <module>
[1.437s]       sys.exit(main())
[1.437s]     File "/opt/ros/humble/local/lib/python3.10/dist-packages/rosidl_adapter/main.py", line 53, in main
[1.437s]       abs_idl_file = convert_to_idl(
[1.438s]     File "/opt/ros/humble/local/lib/python3.10/dist-packages/rosidl_adapter/__init__.py", line 24, in convert_to_idl
[1.438s]       return convert_srv_to_idl(
[1.438s]     File "/opt/ros/humble/local/lib/python3.10/dist-packages/rosidl_adapter/srv/__init__.py", line 28, in convert_srv_to_idl
[1.438s]       srv = parse_service_string(package_name, input_file.stem, content)
[1.438s]     File "/opt/ros/humble/local/lib/python3.10/dist-packages/rosidl_adapter/parser.py", line 859, in parse_service_string
[1.438s]       request_message = parse_message_string(
[1.439s]     File "/opt/ros/humble/local/lib/python3.10/dist-packages/rosidl_adapter/parser.py", line 544, in parse_message_string
[1.439s]       msg = MessageSpecification(pkg_name, msg_name, fields, constants)
[1.439s]     File "/opt/ros/humble/local/lib/python3.10/dist-packages/rosidl_adapter/parser.py", line 388, in __init__
[1.439s]       self.base_type = BaseType(
[1.439s]     File "/opt/ros/humble/local/lib/python3.10/dist-packages/rosidl_adapter/parser.py", line 205, in __init__
[1.439s]       raise InvalidResourceName(
[1.440s] 
[1.440s]   rosidl_adapter.parser.InvalidResourceName: 'hypo_Request' is an invalid
[1.440s]   message name.  It should have the pattern '^[A-Z][A-Za-z0-9]*$'
[1.440s] 
[1.440s] Call Stack (most recent call first):
[1.441s]   /opt/ros/humble/share/rosidl_cmake/cmake/rosidl_generate_interfaces.cmake:130 (rosidl_adapt_interfaces)
[1.442s]   CMakeLists.txt:13 (rosidl_generate_interfaces)
[1.442s] 
[1.442s] [0m
[1.442s] -- Configuring incomplete, errors occurred!
[1.442s] See also "/home/siddhant/mrt_ws/build/custommsgsrv/CMakeFiles/CMakeOutput.log".
[1.457s] gmake: *** [Makefile:226: cmake_check_build_system] Error 1
[1.466s] Invoked command in '/home/siddhant/mrt_ws/build/custommsgsrv' returned '2': CMAKE_PREFIX_PATH=/opt/ros/humble /usr/bin/cmake --build /home/siddhant/mrt_ws/build/custommsgsrv -- -j4 -l4
