[1.246s] Invoking command in '/home/siddhant/mrt_ws/src/arucoasmt': PYTHONPATH=/home/siddhant/mrt_ws/build/arucoasmt/prefix_override:/usr/lib/python3/dist-packages/colcon_core/task/python/colcon_distutils_commands:/home/siddhant/mrt_ws/install/arucoasmt/lib/python3.10/site-packages:${PYTHONPATH} /usr/bin/python3 -W ignore:setup.py install is deprecated setup.py egg_info --egg-base ../../build/arucoasmt build --build-base /home/siddhant/mrt_ws/build/arucoasmt/build install --record /home/siddhant/mrt_ws/build/arucoasmt/install.log --single-version-externally-managed install_data
[1.680s] running egg_info
[1.682s] writing ../../build/arucoasmt/arucoasmt.egg-info/PKG-INFO
[1.682s] writing dependency_links to ../../build/arucoasmt/arucoasmt.egg-info/dependency_links.txt
[1.683s] writing entry points to ../../build/arucoasmt/arucoasmt.egg-info/entry_points.txt
[1.683s] writing requirements to ../../build/arucoasmt/arucoasmt.egg-info/requires.txt
[1.684s] writing top-level names to ../../build/arucoasmt/arucoasmt.egg-info/top_level.txt
[1.688s] reading manifest file '../../build/arucoasmt/arucoasmt.egg-info/SOURCES.txt'
[1.691s] writing manifest file '../../build/arucoasmt/arucoasmt.egg-info/SOURCES.txt'
[1.692s] running build
[1.692s] running build_py
[1.693s] copying arucoasmt/subtest.py -> /home/siddhant/mrt_ws/build/arucoasmt/build/lib/arucoasmt
[1.693s] copying arucoasmt/srvtest.py -> /home/siddhant/mrt_ws/build/arucoasmt/build/lib/arucoasmt
[1.694s] copying arucoasmt/clitest.py -> /home/siddhant/mrt_ws/build/arucoasmt/build/lib/arucoasmt
[1.695s] running install
[1.697s] running install_lib
[1.698s] copying /home/siddhant/mrt_ws/build/arucoasmt/build/lib/arucoasmt/subtest.py -> /home/siddhant/mrt_ws/install/arucoasmt/lib/python3.10/site-packages/arucoasmt
[1.699s] copying /home/siddhant/mrt_ws/build/arucoasmt/build/lib/arucoasmt/srvtest.py -> /home/siddhant/mrt_ws/install/arucoasmt/lib/python3.10/site-packages/arucoasmt
[1.699s] copying /home/siddhant/mrt_ws/build/arucoasmt/build/lib/arucoasmt/clitest.py -> /home/siddhant/mrt_ws/install/arucoasmt/lib/python3.10/site-packages/arucoasmt
[1.701s] byte-compiling /home/siddhant/mrt_ws/install/arucoasmt/lib/python3.10/site-packages/arucoasmt/subtest.py to subtest.cpython-310.pyc
[1.702s] byte-compiling /home/siddhant/mrt_ws/install/arucoasmt/lib/python3.10/site-packages/arucoasmt/srvtest.py to srvtest.cpython-310.pyc
[1.705s] byte-compiling /home/siddhant/mrt_ws/install/arucoasmt/lib/python3.10/site-packages/arucoasmt/clitest.py to clitest.cpython-310.pyc
[1.706s] running install_data
[1.706s] running install_egg_info
[1.709s] removing '/home/siddhant/mrt_ws/install/arucoasmt/lib/python3.10/site-packages/arucoasmt-0.0.0-py3.10.egg-info' (and everything under it)
[1.710s] Copying ../../build/arucoasmt/arucoasmt.egg-info to /home/siddhant/mrt_ws/install/arucoasmt/lib/python3.10/site-packages/arucoasmt-0.0.0-py3.10.egg-info
[1.712s] running install_scripts
[1.754s] Installing pubtest script to /home/siddhant/mrt_ws/install/arucoasmt/lib/arucoasmt
[1.754s] Installing subtest script to /home/siddhant/mrt_ws/install/arucoasmt/lib/arucoasmt
[1.755s] writing list of installed files to '/home/siddhant/mrt_ws/build/arucoasmt/install.log'
[1.827s] Invoked command in '/home/siddhant/mrt_ws/src/arucoasmt' returned '0': PYTHONPATH=/home/siddhant/mrt_ws/build/arucoasmt/prefix_override:/usr/lib/python3/dist-packages/colcon_core/task/python/colcon_distutils_commands:/home/siddhant/mrt_ws/install/arucoasmt/lib/python3.10/site-packages:${PYTHONPATH} /usr/bin/python3 -W ignore:setup.py install is deprecated setup.py egg_info --egg-base ../../build/arucoasmt build --build-base /home/siddhant/mrt_ws/build/arucoasmt/build install --record /home/siddhant/mrt_ws/build/arucoasmt/install.log --single-version-externally-managed install_data
