[0.788s] Invoking command in '/home/siddhant/mrt_ws/src/arucoasmt': PYTHONPATH=/home/siddhant/mrt_ws/build/arucoasmt/prefix_override:/usr/lib/python3/dist-packages/colcon_core/task/python/colcon_distutils_commands:/home/siddhant/mrt_ws/install/arucoasmt/lib/python3.10/site-packages:${PYTHONPATH} /usr/bin/python3 -W ignore:setup.py install is deprecated setup.py egg_info --egg-base ../../build/arucoasmt build --build-base /home/siddhant/mrt_ws/build/arucoasmt/build install --record /home/siddhant/mrt_ws/build/arucoasmt/install.log --single-version-externally-managed install_data
[1.072s] running egg_info
[1.073s] writing ../../build/arucoasmt/arucoasmt.egg-info/PKG-INFO
[1.073s] writing dependency_links to ../../build/arucoasmt/arucoasmt.egg-info/dependency_links.txt
[1.074s] writing entry points to ../../build/arucoasmt/arucoasmt.egg-info/entry_points.txt
[1.074s] writing requirements to ../../build/arucoasmt/arucoasmt.egg-info/requires.txt
[1.074s] writing top-level names to ../../build/arucoasmt/arucoasmt.egg-info/top_level.txt
[1.077s] reading manifest file '../../build/arucoasmt/arucoasmt.egg-info/SOURCES.txt'
[1.078s] writing manifest file '../../build/arucoasmt/arucoasmt.egg-info/SOURCES.txt'
[1.078s] running build
[1.078s] running build_py
[1.078s] copying arucoasmt/processortest.py -> /home/siddhant/mrt_ws/build/arucoasmt/build/lib/arucoasmt
[1.079s] running install
[1.079s] running install_lib
[1.080s] copying /home/siddhant/mrt_ws/build/arucoasmt/build/lib/arucoasmt/processortest.py -> /home/siddhant/mrt_ws/install/arucoasmt/lib/python3.10/site-packages/arucoasmt
[1.082s] byte-compiling /home/siddhant/mrt_ws/install/arucoasmt/lib/python3.10/site-packages/arucoasmt/processortest.py to processortest.cpython-310.pyc
[1.083s] running install_data
[1.083s] running install_egg_info
[1.085s] removing '/home/siddhant/mrt_ws/install/arucoasmt/lib/python3.10/site-packages/arucoasmt-0.0.0-py3.10.egg-info' (and everything under it)
[1.085s] Copying ../../build/arucoasmt/arucoasmt.egg-info to /home/siddhant/mrt_ws/install/arucoasmt/lib/python3.10/site-packages/arucoasmt-0.0.0-py3.10.egg-info
[1.087s] running install_scripts
[1.112s] Installing clitest script to /home/siddhant/mrt_ws/install/arucoasmt/lib/arucoasmt
[1.112s] Installing imgclienttest script to /home/siddhant/mrt_ws/install/arucoasmt/lib/arucoasmt
[1.112s] Installing processortest script to /home/siddhant/mrt_ws/install/arucoasmt/lib/arucoasmt
[1.113s] Installing pubtest script to /home/siddhant/mrt_ws/install/arucoasmt/lib/arucoasmt
[1.113s] Installing srvtest script to /home/siddhant/mrt_ws/install/arucoasmt/lib/arucoasmt
[1.113s] Installing subtest script to /home/siddhant/mrt_ws/install/arucoasmt/lib/arucoasmt
[1.114s] writing list of installed files to '/home/siddhant/mrt_ws/build/arucoasmt/install.log'
[1.155s] Invoked command in '/home/siddhant/mrt_ws/src/arucoasmt' returned '0': PYTHONPATH=/home/siddhant/mrt_ws/build/arucoasmt/prefix_override:/usr/lib/python3/dist-packages/colcon_core/task/python/colcon_distutils_commands:/home/siddhant/mrt_ws/install/arucoasmt/lib/python3.10/site-packages:${PYTHONPATH} /usr/bin/python3 -W ignore:setup.py install is deprecated setup.py egg_info --egg-base ../../build/arucoasmt build --build-base /home/siddhant/mrt_ws/build/arucoasmt/build install --record /home/siddhant/mrt_ws/build/arucoasmt/install.log --single-version-externally-managed install_data
